{"name": "test_registration_new_user_awdev_t506[{'name': '\\u0414\\u0435\\u043c\\u0435\\u043d\\u0442\\u044c\\u0435\\u0432 \\u041c\\u0438\\u043b\\u0438\\u0439 \\u0413\\u0435\\u0440\\u0430\\u0441\\u0438\\u043c\\u043e\\u0432\\u0438\\u0447', 'email': 'panfilovamargarita@example.com', 'phone': '+380637449955'}-1111]", "status": "broken", "statusDetails": {"message": "selenium.common.exceptions.TimeoutException: Message: \nStacktrace:\n#0 0x61026c46b02a <unknown>\n#1 0x61026c1515e0 <unknown>\n#2 0x61026c1a0be8 <unknown>\n#3 0x61026c1a0e81 <unknown>\n#4 0x61026c1e78c4 <unknown>\n#5 0x61026c1c5b4d <unknown>\n#6 0x61026c1e4d7d <unknown>\n#7 0x61026c1c58c3 <unknown>\n#8 0x61026c1936b3 <unknown>\n#9 0x61026c19468e <unknown>\n#10 0x61026c435a2b <unknown>\n#11 0x61026c4399b1 <unknown>\n#12 0x61026c422225 <unknown>\n#13 0x61026c43a532 <unknown>\n#14 0x61026c40738f <unknown>\n#15 0x61026c459f28 <unknown>\n#16 0x61026c45a0f3 <unknown>\n#17 0x61026c469e7c <unknown>\n#18 0x7ac789894ac3 <unknown>", "trace": "self = <tests.ui.test_registration_new_user.TestRegistrationUser object at 0x7c61fe73aef0>, user = {'email': 'panfilovamargarita@example.com', 'name': 'Дементьев Милий Герасимович', 'phone': '+380637449955'}\ncode = 1111\n\n    @allure.step(\"Registration new user AWDEV-T506\")\n    @pytest.mark.parametrize(\"user, code\", [\n        (RegistrationUserUi.user_name_phone_email, DEFAULT_CODE_REGISTRATION)], ids=str)\n    def test_registration_new_user_awdev_t506(self, user, code):\n        self.registration_page.open_registration_form()\n        self.registration_page.fill_registration_form(user=user)\n>       self.registration_page.confirm_registration_form(code=code)\n\ntests/ui/test_registration_new_user.py:16: \n_ _ _ _ _ _ _ _ _ _ _ _ _ _ _ _ _ _ _ _ _ _ _ _ _ _ _ _ _ _ _ _ _ _ _ _ _ _ _ _ _ _ _ _ _ _ _ _ _ _ _ _ _ _ _ _ _ _ _ _ _ _ _ _ _ _ _ _ _ _ _ _ _ _ _ _ _ _ _ _ _ _ _ _ _ _ _ _ _ _ _ _ _ _ _ _ _ _ _ _ _ _ _ _ _ _ _ _ _ _\nsrc/pages/registration_page.py:44: in confirm_registration_form\n    self.fill_field_with_click(self.CODE_FIELD, code)\nsrc/base_classes/base_page.py:46: in fill_field_with_click\n    self.wait.until(EC.element_to_be_clickable(field_name)).click()\n_ _ _ _ _ _ _ _ _ _ _ _ _ _ _ _ _ _ _ _ _ _ _ _ _ _ _ _ _ _ _ _ _ _ _ _ _ _ _ _ _ _ _ _ _ _ _ _ _ _ _ _ _ _ _ _ _ _ _ _ _ _ _ _ _ _ _ _ _ _ _ _ _ _ _ _ _ _ _ _ _ _ _ _ _ _ _ _ _ _ _ _ _ _ _ _ _ _ _ _ _ _ _ _ _ _ _ _ _ _\n\nself = <selenium.webdriver.support.wait.WebDriverWait (session=\"9fc0f1d23db9972e9be344926b748446\")>, method = <function element_to_be_clickable.<locals>._predicate at 0x7c61fea99000>, message = ''\n\n    def until(self, method: Callable[[D], Union[Literal[False], T]], message: str = \"\") -> T:\n        \"\"\"Calls the method provided with the driver as an argument until the \\\n        return value does not evaluate to ``False``.\n    \n        :param method: callable(WebDriver)\n        :param message: optional message for :exc:`TimeoutException`\n        :returns: the result of the last call to `method`\n        :raises: :exc:`selenium.common.exceptions.TimeoutException` if timeout occurs\n        \"\"\"\n        screen = None\n        stacktrace = None\n    \n        end_time = time.monotonic() + self._timeout\n        while True:\n            try:\n                value = method(self._driver)\n                if value:\n                    return value\n            except self._ignored_exceptions as exc:\n                screen = getattr(exc, \"screen\", None)\n                stacktrace = getattr(exc, \"stacktrace\", None)\n            time.sleep(self._poll)\n            if time.monotonic() > end_time:\n                break\n>       raise TimeoutException(message, screen, stacktrace)\nE       selenium.common.exceptions.TimeoutException: Message: \nE       Stacktrace:\nE       #0 0x61026c46b02a <unknown>\nE       #1 0x61026c1515e0 <unknown>\nE       #2 0x61026c1a0be8 <unknown>\nE       #3 0x61026c1a0e81 <unknown>\nE       #4 0x61026c1e78c4 <unknown>\nE       #5 0x61026c1c5b4d <unknown>\nE       #6 0x61026c1e4d7d <unknown>\nE       #7 0x61026c1c58c3 <unknown>\nE       #8 0x61026c1936b3 <unknown>\nE       #9 0x61026c19468e <unknown>\nE       #10 0x61026c435a2b <unknown>\nE       #11 0x61026c4399b1 <unknown>\nE       #12 0x61026c422225 <unknown>\nE       #13 0x61026c43a532 <unknown>\nE       #14 0x61026c40738f <unknown>\nE       #15 0x61026c459f28 <unknown>\nE       #16 0x61026c45a0f3 <unknown>\nE       #17 0x61026c469e7c <unknown>\nE       #18 0x7ac789894ac3 <unknown>\n\n.venv/lib/python3.10/site-packages/selenium/webdriver/support/wait.py:105: TimeoutException"}, "steps": [{"name": "Registration new user AWDEV-T506", "status": "broken", "statusDetails": {"message": "selenium.common.exceptions.TimeoutException: Message: \nStacktrace:\n#0 0x61026c46b02a <unknown>\n#1 0x61026c1515e0 <unknown>\n#2 0x61026c1a0be8 <unknown>\n#3 0x61026c1a0e81 <unknown>\n#4 0x61026c1e78c4 <unknown>\n#5 0x61026c1c5b4d <unknown>\n#6 0x61026c1e4d7d <unknown>\n#7 0x61026c1c58c3 <unknown>\n#8 0x61026c1936b3 <unknown>\n#9 0x61026c19468e <unknown>\n#10 0x61026c435a2b <unknown>\n#11 0x61026c4399b1 <unknown>\n#12 0x61026c422225 <unknown>\n#13 0x61026c43a532 <unknown>\n#14 0x61026c40738f <unknown>\n#15 0x61026c459f28 <unknown>\n#16 0x61026c45a0f3 <unknown>\n#17 0x61026c469e7c <unknown>\n#18 0x7ac789894ac3 <unknown>\n\n", "trace": "  File \"/home/oleg/PycharmProjects/my_test_gitnub_actions/.venv/lib/python3.10/site-packages/allure_commons/_allure.py\", line 192, in impl\n    return func(*a, **kw)\n  File \"/home/oleg/PycharmProjects/my_test_gitnub_actions/tests/ui/test_registration_new_user.py\", line 16, in test_registration_new_user_awdev_t506\n    self.registration_page.confirm_registration_form(code=code)\n  File \"/home/oleg/PycharmProjects/my_test_gitnub_actions/src/pages/registration_page.py\", line 44, in confirm_registration_form\n    self.fill_field_with_click(self.CODE_FIELD, code)\n  File \"/home/oleg/PycharmProjects/my_test_gitnub_actions/src/base_classes/base_page.py\", line 46, in fill_field_with_click\n    self.wait.until(EC.element_to_be_clickable(field_name)).click()\n  File \"/home/oleg/PycharmProjects/my_test_gitnub_actions/.venv/lib/python3.10/site-packages/selenium/webdriver/support/wait.py\", line 105, in until\n    raise TimeoutException(message, screen, stacktrace)\n"}, "steps": [{"name": "Open 'https://m2-live-dev-001.antoshka.ua/uk/' page", "status": "passed", "start": 1729875937844, "stop": 1729875939415}, {"name": "Page 'https://m2-live-dev-001.antoshka.ua/uk/' is opened", "status": "passed", "start": 1729875939416, "stop": 1729875939423}, {"name": "Click ('xpath', \"//*[@id='login-enter']\")", "status": "passed", "start": 1729875939423, "stop": 1729875939520}, {"name": "Click ('xpath', '//form[1]//a')", "status": "passed", "start": 1729875939520, "stop": 1729875940623}, {"name": "Fill '('xpath', \"//input[@data-validation='name']\")' with data 'Д'", "status": "passed", "start": 1729875940623, "stop": 1729875940718}, {"name": "Fill '('xpath', \"//*[@id='telephone']\")' with data '637449955'", "status": "passed", "start": 1729875940718, "stop": 1729875940813}, {"name": "Fill '('xpath', \"//input[@data-validation='email']\")' with data 'panfilovamargarita@example.com'", "status": "passed", "start": 1729875940813, "stop": 1729875940909}, {"name": "Click ('xpath', \"//button[@class='auth_next']\")", "status": "passed", "start": 1729875940909, "stop": 1729875940952}, {"name": "Fill '('xpath', \"//input[@id='code-auth']\")' with data '1111'", "status": "broken", "statusDetails": {"message": "selenium.common.exceptions.TimeoutException: Message: \nStacktrace:\n#0 0x61026c46b02a <unknown>\n#1 0x61026c1515e0 <unknown>\n#2 0x61026c1a0be8 <unknown>\n#3 0x61026c1a0e81 <unknown>\n#4 0x61026c1e78c4 <unknown>\n#5 0x61026c1c5b4d <unknown>\n#6 0x61026c1e4d7d <unknown>\n#7 0x61026c1c58c3 <unknown>\n#8 0x61026c1936b3 <unknown>\n#9 0x61026c19468e <unknown>\n#10 0x61026c435a2b <unknown>\n#11 0x61026c4399b1 <unknown>\n#12 0x61026c422225 <unknown>\n#13 0x61026c43a532 <unknown>\n#14 0x61026c40738f <unknown>\n#15 0x61026c459f28 <unknown>\n#16 0x61026c45a0f3 <unknown>\n#17 0x61026c469e7c <unknown>\n#18 0x7ac789894ac3 <unknown>\n\n", "trace": "  File \"/home/oleg/PycharmProjects/my_test_gitnub_actions/src/base_classes/base_page.py\", line 46, in fill_field_with_click\n    self.wait.until(EC.element_to_be_clickable(field_name)).click()\n  File \"/home/oleg/PycharmProjects/my_test_gitnub_actions/.venv/lib/python3.10/site-packages/selenium/webdriver/support/wait.py\", line 105, in until\n    raise TimeoutException(message, screen, stacktrace)\n"}, "start": 1729875940953, "stop": 1729875961390}], "parameters": [{"name": "user", "value": "{'name': 'Дементьев Милий Герасимович', 'email': 'panfilovamargarita@example.com', 'phone': '+380637449955'}"}, {"name": "code", "value": "1111"}], "start": 1729875937844, "stop": 1729875961395}], "parameters": [{"name": "user", "value": "{'name': 'Дементьев Милий Герасимович', 'email': 'panfilovamargarita@example.com', 'phone': '+380637449955'}"}, {"name": "code", "value": "1111"}], "start": 1729875937844, "stop": 1729875961399, "uuid": "39e0e772-754f-4d8a-883f-a99bb310cb88", "historyId": "fa7612603286f6b8d755a40a9e83483d", "testCaseId": "67be7698108c67e1bad5c519b392f830", "fullName": "tests.ui.test_registration_new_user.TestRegistrationUser#test_registration_new_user_awdev_t506", "labels": [{"name": "parentSuite", "value": "tests.ui"}, {"name": "suite", "value": "test_registration_new_user"}, {"name": "subSuite", "value": "TestRegistrationUser"}, {"name": "host", "value": "acernb001"}, {"name": "thread", "value": "280718-MainThread"}, {"name": "framework", "value": "pytest"}, {"name": "language", "value": "cpython3"}, {"name": "package", "value": "tests.ui.test_registration_new_user"}]}