{
  "uid" : "17258b7a73879a5d",
  "name" : "test_registration_user_with_wrong_code_awdev_t506[{'name': '\\u0411\\u0443\\u0440\\u043e\\u0432 \\u0421\\u043e\\u0444\\u043e\\u043d \\u0418\\u043b\\u0430\\u0440\\u0438\\u043e\\u043d\\u043e\\u0432\\u0438\\u0447', 'email': 'kapiton2016@example.net', 'phone': '+380632562635'}-8889]",
  "fullName" : "tests.ui.test_registration_new_user.TestRegistrationUser#test_registration_user_with_wrong_code_awdev_t506",
  "historyId" : "d4d24119544a1d0d5746bd5444f96d27",
  "time" : {
    "start" : 1729926218652,
    "stop" : 1729926243770,
    "duration" : 25118
  },
  "status" : "broken",
  "statusMessage" : "selenium.common.exceptions.TimeoutException: Message: \nStacktrace:\n#0 0x5647f24e78ae <unknown>\n#1 0x5647f201cc40 <unknown>\n#2 0x5647f2068e12 <unknown>\n#3 0x5647f2069011 <unknown>\n#4 0x5647f20b2bc4 <unknown>\n#5 0x5647f2090efd <unknown>\n#6 0x5647f20b06d2 <unknown>\n#7 0x5647f2090c73 <unknown>\n#8 0x5647f205c6e8 <unknown>\n#9 0x5647f205d69e <unknown>\n#10 0x5647f24bac66 <unknown>\n#11 0x5647f24bdf97 <unknown>\n#12 0x5647f24bda58 <unknown>\n#13 0x5647f24be425 <unknown>\n#14 0x5647f24abb6e <unknown>\n#15 0x5647f24be76f <unknown>\n#16 0x5647f2495625 <unknown>\n#17 0x5647f24d6d55 <unknown>\n#18 0x5647f24d6f36 <unknown>\n#19 0x5647f24e66e5 <unknown>\n#20 0x7f8c05184144 <unknown>",
  "statusTrace" : "self = <tests.ui.test_registration_new_user.TestRegistrationUser object at 0x7f825bbc35e0>\nuser = {'email': 'kapiton2016@example.net', 'name': 'Буров Софон Иларионович', 'phone': '+380632562635'}\ncode = 8889\n\n    @allure.step(\"Registration new user with wrong code AWDEV-T506\")\n    @pytest.mark.parametrize(\"user, code\",\n                             [(RegistrationUserUi.new_user_name_phone_email, DEFAULT_CODE_AUTHORIZATION)], ids=str)\n    def test_registration_user_with_wrong_code_awdev_t506(self, user, code):\n        self.registration_page.open_registration_form()\n        self.registration_page.fill_registration_form(user=user)\n>       self.registration_page.confirm_registration_form(code=code, correct=False)\n\ntests/ui/test_registration_new_user.py:41: \n_ _ _ _ _ _ _ _ _ _ _ _ _ _ _ _ _ _ _ _ _ _ _ _ _ _ _ _ _ _ _ _ _ _ _ _ _ _ _ _ \nsrc/pages/registration_page.py:44: in confirm_registration_form\n    self.fill_field_with_click(self.CODE_FIELD, code)\nsrc/base_classes/base_page.py:46: in fill_field_with_click\n    self.wait.until(EC.element_to_be_clickable(field_name)).click()\n_ _ _ _ _ _ _ _ _ _ _ _ _ _ _ _ _ _ _ _ _ _ _ _ _ _ _ _ _ _ _ _ _ _ _ _ _ _ _ _ \n\nself = <selenium.webdriver.support.wait.WebDriverWait (session=\"19e64d96db2739960a28bb3a716c0c83\")>\nmethod = <function element_to_be_clickable.<locals>._predicate at 0x7f825c135120>\nmessage = ''\n\n    def until(self, method: Callable[[D], Union[Literal[False], T]], message: str = \"\") -> T:\n        \"\"\"Calls the method provided with the driver as an argument until the \\\n        return value does not evaluate to ``False``.\n    \n        :param method: callable(WebDriver)\n        :param message: optional message for :exc:`TimeoutException`\n        :returns: the result of the last call to `method`\n        :raises: :exc:`selenium.common.exceptions.TimeoutException` if timeout occurs\n        \"\"\"\n        screen = None\n        stacktrace = None\n    \n        end_time = time.monotonic() + self._timeout\n        while True:\n            try:\n                value = method(self._driver)\n                if value:\n                    return value\n            except self._ignored_exceptions as exc:\n                screen = getattr(exc, \"screen\", None)\n                stacktrace = getattr(exc, \"stacktrace\", None)\n            time.sleep(self._poll)\n            if time.monotonic() > end_time:\n                break\n>       raise TimeoutException(message, screen, stacktrace)\nE       selenium.common.exceptions.TimeoutException: Message: \nE       Stacktrace:\nE       #0 0x5647f24e78ae <unknown>\nE       #1 0x5647f201cc40 <unknown>\nE       #2 0x5647f2068e12 <unknown>\nE       #3 0x5647f2069011 <unknown>\nE       #4 0x5647f20b2bc4 <unknown>\nE       #5 0x5647f2090efd <unknown>\nE       #6 0x5647f20b06d2 <unknown>\nE       #7 0x5647f2090c73 <unknown>\nE       #8 0x5647f205c6e8 <unknown>\nE       #9 0x5647f205d69e <unknown>\nE       #10 0x5647f24bac66 <unknown>\nE       #11 0x5647f24bdf97 <unknown>\nE       #12 0x5647f24bda58 <unknown>\nE       #13 0x5647f24be425 <unknown>\nE       #14 0x5647f24abb6e <unknown>\nE       #15 0x5647f24be76f <unknown>\nE       #16 0x5647f2495625 <unknown>\nE       #17 0x5647f24d6d55 <unknown>\nE       #18 0x5647f24d6f36 <unknown>\nE       #19 0x5647f24e66e5 <unknown>\nE       #20 0x7f8c05184144 <unknown>\n\n../local/lib/python3.10/site-packages/selenium/webdriver/support/wait.py:105: TimeoutException",
  "flaky" : false,
  "newFailed" : false,
  "beforeStages" : [ {
    "name" : "setup",
    "time" : {
      "start" : 1729926218650,
      "stop" : 1729926218651,
      "duration" : 1
    },
    "status" : "passed",
    "steps" : [ ],
    "attachments" : [ ],
    "parameters" : [ ],
    "stepsCount" : 0,
    "attachmentsCount" : 0,
    "shouldDisplayMessage" : false,
    "hasContent" : false
  }, {
    "name" : "pytestconfig",
    "time" : {
      "start" : 1729926181703,
      "stop" : 1729926181703,
      "duration" : 0
    },
    "status" : "passed",
    "steps" : [ ],
    "attachments" : [ ],
    "parameters" : [ ],
    "stepsCount" : 0,
    "attachmentsCount" : 0,
    "shouldDisplayMessage" : false,
    "hasContent" : false
  }, {
    "name" : "_session_faker",
    "time" : {
      "start" : 1729926181630,
      "stop" : 1729926181703,
      "duration" : 73
    },
    "status" : "passed",
    "steps" : [ ],
    "attachments" : [ ],
    "parameters" : [ ],
    "stepsCount" : 0,
    "attachmentsCount" : 0,
    "shouldDisplayMessage" : false,
    "hasContent" : false
  }, {
    "name" : "set_env_settings",
    "time" : {
      "start" : 1729926181703,
      "stop" : 1729926181704,
      "duration" : 1
    },
    "status" : "passed",
    "steps" : [ ],
    "attachments" : [ ],
    "parameters" : [ ],
    "stepsCount" : 0,
    "attachmentsCount" : 0,
    "shouldDisplayMessage" : false,
    "hasContent" : false
  }, {
    "name" : "set_driver",
    "time" : {
      "start" : 1729926218196,
      "stop" : 1729926218650,
      "duration" : 454
    },
    "status" : "passed",
    "steps" : [ ],
    "attachments" : [ ],
    "parameters" : [ ],
    "stepsCount" : 0,
    "attachmentsCount" : 0,
    "shouldDisplayMessage" : false,
    "hasContent" : false
  } ],
  "testStage" : {
    "status" : "broken",
    "statusMessage" : "selenium.common.exceptions.TimeoutException: Message: \nStacktrace:\n#0 0x5647f24e78ae <unknown>\n#1 0x5647f201cc40 <unknown>\n#2 0x5647f2068e12 <unknown>\n#3 0x5647f2069011 <unknown>\n#4 0x5647f20b2bc4 <unknown>\n#5 0x5647f2090efd <unknown>\n#6 0x5647f20b06d2 <unknown>\n#7 0x5647f2090c73 <unknown>\n#8 0x5647f205c6e8 <unknown>\n#9 0x5647f205d69e <unknown>\n#10 0x5647f24bac66 <unknown>\n#11 0x5647f24bdf97 <unknown>\n#12 0x5647f24bda58 <unknown>\n#13 0x5647f24be425 <unknown>\n#14 0x5647f24abb6e <unknown>\n#15 0x5647f24be76f <unknown>\n#16 0x5647f2495625 <unknown>\n#17 0x5647f24d6d55 <unknown>\n#18 0x5647f24d6f36 <unknown>\n#19 0x5647f24e66e5 <unknown>\n#20 0x7f8c05184144 <unknown>",
    "statusTrace" : "self = <tests.ui.test_registration_new_user.TestRegistrationUser object at 0x7f825bbc35e0>\nuser = {'email': 'kapiton2016@example.net', 'name': 'Буров Софон Иларионович', 'phone': '+380632562635'}\ncode = 8889\n\n    @allure.step(\"Registration new user with wrong code AWDEV-T506\")\n    @pytest.mark.parametrize(\"user, code\",\n                             [(RegistrationUserUi.new_user_name_phone_email, DEFAULT_CODE_AUTHORIZATION)], ids=str)\n    def test_registration_user_with_wrong_code_awdev_t506(self, user, code):\n        self.registration_page.open_registration_form()\n        self.registration_page.fill_registration_form(user=user)\n>       self.registration_page.confirm_registration_form(code=code, correct=False)\n\ntests/ui/test_registration_new_user.py:41: \n_ _ _ _ _ _ _ _ _ _ _ _ _ _ _ _ _ _ _ _ _ _ _ _ _ _ _ _ _ _ _ _ _ _ _ _ _ _ _ _ \nsrc/pages/registration_page.py:44: in confirm_registration_form\n    self.fill_field_with_click(self.CODE_FIELD, code)\nsrc/base_classes/base_page.py:46: in fill_field_with_click\n    self.wait.until(EC.element_to_be_clickable(field_name)).click()\n_ _ _ _ _ _ _ _ _ _ _ _ _ _ _ _ _ _ _ _ _ _ _ _ _ _ _ _ _ _ _ _ _ _ _ _ _ _ _ _ \n\nself = <selenium.webdriver.support.wait.WebDriverWait (session=\"19e64d96db2739960a28bb3a716c0c83\")>\nmethod = <function element_to_be_clickable.<locals>._predicate at 0x7f825c135120>\nmessage = ''\n\n    def until(self, method: Callable[[D], Union[Literal[False], T]], message: str = \"\") -> T:\n        \"\"\"Calls the method provided with the driver as an argument until the \\\n        return value does not evaluate to ``False``.\n    \n        :param method: callable(WebDriver)\n        :param message: optional message for :exc:`TimeoutException`\n        :returns: the result of the last call to `method`\n        :raises: :exc:`selenium.common.exceptions.TimeoutException` if timeout occurs\n        \"\"\"\n        screen = None\n        stacktrace = None\n    \n        end_time = time.monotonic() + self._timeout\n        while True:\n            try:\n                value = method(self._driver)\n                if value:\n                    return value\n            except self._ignored_exceptions as exc:\n                screen = getattr(exc, \"screen\", None)\n                stacktrace = getattr(exc, \"stacktrace\", None)\n            time.sleep(self._poll)\n            if time.monotonic() > end_time:\n                break\n>       raise TimeoutException(message, screen, stacktrace)\nE       selenium.common.exceptions.TimeoutException: Message: \nE       Stacktrace:\nE       #0 0x5647f24e78ae <unknown>\nE       #1 0x5647f201cc40 <unknown>\nE       #2 0x5647f2068e12 <unknown>\nE       #3 0x5647f2069011 <unknown>\nE       #4 0x5647f20b2bc4 <unknown>\nE       #5 0x5647f2090efd <unknown>\nE       #6 0x5647f20b06d2 <unknown>\nE       #7 0x5647f2090c73 <unknown>\nE       #8 0x5647f205c6e8 <unknown>\nE       #9 0x5647f205d69e <unknown>\nE       #10 0x5647f24bac66 <unknown>\nE       #11 0x5647f24bdf97 <unknown>\nE       #12 0x5647f24bda58 <unknown>\nE       #13 0x5647f24be425 <unknown>\nE       #14 0x5647f24abb6e <unknown>\nE       #15 0x5647f24be76f <unknown>\nE       #16 0x5647f2495625 <unknown>\nE       #17 0x5647f24d6d55 <unknown>\nE       #18 0x5647f24d6f36 <unknown>\nE       #19 0x5647f24e66e5 <unknown>\nE       #20 0x7f8c05184144 <unknown>\n\n../local/lib/python3.10/site-packages/selenium/webdriver/support/wait.py:105: TimeoutException",
    "steps" : [ {
      "name" : "Registration new user with wrong code AWDEV-T506",
      "time" : {
        "start" : 1729926218652,
        "stop" : 1729926243770,
        "duration" : 25118
      },
      "status" : "broken",
      "statusMessage" : "selenium.common.exceptions.TimeoutException: Message: \nStacktrace:\n#0 0x5647f24e78ae <unknown>\n#1 0x5647f201cc40 <unknown>\n#2 0x5647f2068e12 <unknown>\n#3 0x5647f2069011 <unknown>\n#4 0x5647f20b2bc4 <unknown>\n#5 0x5647f2090efd <unknown>\n#6 0x5647f20b06d2 <unknown>\n#7 0x5647f2090c73 <unknown>\n#8 0x5647f205c6e8 <unknown>\n#9 0x5647f205d69e <unknown>\n#10 0x5647f24bac66 <unknown>\n#11 0x5647f24bdf97 <unknown>\n#12 0x5647f24bda58 <unknown>\n#13 0x5647f24be425 <unknown>\n#14 0x5647f24abb6e <unknown>\n#15 0x5647f24be76f <unknown>\n#16 0x5647f2495625 <unknown>\n#17 0x5647f24d6d55 <unknown>\n#18 0x5647f24d6f36 <unknown>\n#19 0x5647f24e66e5 <unknown>\n#20 0x7f8c05184144 <unknown>\n\n",
      "statusTrace" : "  File \"/usr/local/lib/python3.10/site-packages/allure_commons/_allure.py\", line 192, in impl\n    return func(*a, **kw)\n  File \"/usr/workspace/tests/ui/test_registration_new_user.py\", line 41, in test_registration_user_with_wrong_code_awdev_t506\n    self.registration_page.confirm_registration_form(code=code, correct=False)\n  File \"/usr/workspace/src/pages/registration_page.py\", line 44, in confirm_registration_form\n    self.fill_field_with_click(self.CODE_FIELD, code)\n  File \"/usr/workspace/src/base_classes/base_page.py\", line 46, in fill_field_with_click\n    self.wait.until(EC.element_to_be_clickable(field_name)).click()\n  File \"/usr/local/lib/python3.10/site-packages/selenium/webdriver/support/wait.py\", line 105, in until\n    raise TimeoutException(message, screen, stacktrace)\n",
      "steps" : [ {
        "name" : "Open 'https://m2-live-qa-001.antoshka.ua/uk/' page",
        "time" : {
          "start" : 1729926218652,
          "stop" : 1729926221884,
          "duration" : 3232
        },
        "status" : "passed",
        "steps" : [ ],
        "attachments" : [ ],
        "parameters" : [ ],
        "stepsCount" : 0,
        "attachmentsCount" : 0,
        "shouldDisplayMessage" : false,
        "hasContent" : false
      }, {
        "name" : "Page 'https://m2-live-qa-001.antoshka.ua/uk/' is opened",
        "time" : {
          "start" : 1729926221884,
          "stop" : 1729926221888,
          "duration" : 4
        },
        "status" : "passed",
        "steps" : [ ],
        "attachments" : [ ],
        "parameters" : [ ],
        "stepsCount" : 0,
        "attachmentsCount" : 0,
        "shouldDisplayMessage" : false,
        "hasContent" : false
      }, {
        "name" : "Click ('xpath', \"//*[@id='login-enter']\")",
        "time" : {
          "start" : 1729926221888,
          "stop" : 1729926221953,
          "duration" : 65
        },
        "status" : "passed",
        "steps" : [ ],
        "attachments" : [ ],
        "parameters" : [ ],
        "stepsCount" : 0,
        "attachmentsCount" : 0,
        "shouldDisplayMessage" : false,
        "hasContent" : false
      }, {
        "name" : "Click ('xpath', '//form[1]//a')",
        "time" : {
          "start" : 1729926221953,
          "stop" : 1729926223041,
          "duration" : 1088
        },
        "status" : "passed",
        "steps" : [ ],
        "attachments" : [ ],
        "parameters" : [ ],
        "stepsCount" : 0,
        "attachmentsCount" : 0,
        "shouldDisplayMessage" : false,
        "hasContent" : false
      }, {
        "name" : "Fill '('xpath', \"//input[@data-validation='name']\")' with data 'Б'",
        "time" : {
          "start" : 1729926223041,
          "stop" : 1729926223164,
          "duration" : 123
        },
        "status" : "passed",
        "steps" : [ ],
        "attachments" : [ ],
        "parameters" : [ ],
        "stepsCount" : 0,
        "attachmentsCount" : 0,
        "shouldDisplayMessage" : false,
        "hasContent" : false
      }, {
        "name" : "Fill '('xpath', \"//*[@id='telephone']\")' with data '632562635'",
        "time" : {
          "start" : 1729926223164,
          "stop" : 1729926223315,
          "duration" : 151
        },
        "status" : "passed",
        "steps" : [ ],
        "attachments" : [ ],
        "parameters" : [ ],
        "stepsCount" : 0,
        "attachmentsCount" : 0,
        "shouldDisplayMessage" : false,
        "hasContent" : false
      }, {
        "name" : "Fill '('xpath', \"//input[@data-validation='email']\")' with data 'kapiton2016@example.net'",
        "time" : {
          "start" : 1729926223315,
          "stop" : 1729926223454,
          "duration" : 139
        },
        "status" : "passed",
        "steps" : [ ],
        "attachments" : [ ],
        "parameters" : [ ],
        "stepsCount" : 0,
        "attachmentsCount" : 0,
        "shouldDisplayMessage" : false,
        "hasContent" : false
      }, {
        "name" : "Click ('xpath', \"//button[@class='auth_next']\")",
        "time" : {
          "start" : 1729926223455,
          "stop" : 1729926223509,
          "duration" : 54
        },
        "status" : "passed",
        "steps" : [ ],
        "attachments" : [ ],
        "parameters" : [ ],
        "stepsCount" : 0,
        "attachmentsCount" : 0,
        "shouldDisplayMessage" : false,
        "hasContent" : false
      }, {
        "name" : "Fill '('xpath', \"//input[@id='code-auth']\")' with data '8889'",
        "time" : {
          "start" : 1729926223509,
          "stop" : 1729926243770,
          "duration" : 20261
        },
        "status" : "broken",
        "statusMessage" : "selenium.common.exceptions.TimeoutException: Message: \nStacktrace:\n#0 0x5647f24e78ae <unknown>\n#1 0x5647f201cc40 <unknown>\n#2 0x5647f2068e12 <unknown>\n#3 0x5647f2069011 <unknown>\n#4 0x5647f20b2bc4 <unknown>\n#5 0x5647f2090efd <unknown>\n#6 0x5647f20b06d2 <unknown>\n#7 0x5647f2090c73 <unknown>\n#8 0x5647f205c6e8 <unknown>\n#9 0x5647f205d69e <unknown>\n#10 0x5647f24bac66 <unknown>\n#11 0x5647f24bdf97 <unknown>\n#12 0x5647f24bda58 <unknown>\n#13 0x5647f24be425 <unknown>\n#14 0x5647f24abb6e <unknown>\n#15 0x5647f24be76f <unknown>\n#16 0x5647f2495625 <unknown>\n#17 0x5647f24d6d55 <unknown>\n#18 0x5647f24d6f36 <unknown>\n#19 0x5647f24e66e5 <unknown>\n#20 0x7f8c05184144 <unknown>\n\n",
        "statusTrace" : "  File \"/usr/workspace/src/base_classes/base_page.py\", line 46, in fill_field_with_click\n    self.wait.until(EC.element_to_be_clickable(field_name)).click()\n  File \"/usr/local/lib/python3.10/site-packages/selenium/webdriver/support/wait.py\", line 105, in until\n    raise TimeoutException(message, screen, stacktrace)\n",
        "steps" : [ ],
        "attachments" : [ ],
        "parameters" : [ ],
        "stepsCount" : 0,
        "attachmentsCount" : 0,
        "shouldDisplayMessage" : true,
        "hasContent" : true
      } ],
      "attachments" : [ ],
      "parameters" : [ {
        "name" : "user",
        "value" : "{'name': 'Буров Софон Иларионович', 'email': 'kapiton2016@example.net', 'phone': '+380632562635'}"
      }, {
        "name" : "code",
        "value" : "8889"
      } ],
      "stepsCount" : 9,
      "attachmentsCount" : 0,
      "shouldDisplayMessage" : false,
      "hasContent" : true
    } ],
    "attachments" : [ {
      "uid" : "2e2a37ce5ceeedc5",
      "name" : "log",
      "source" : "2e2a37ce5ceeedc5.txt",
      "type" : "text/plain",
      "size" : 92
    } ],
    "parameters" : [ ],
    "stepsCount" : 10,
    "attachmentsCount" : 1,
    "shouldDisplayMessage" : true,
    "hasContent" : true
  },
  "afterStages" : [ {
    "name" : "set_driver::0",
    "time" : {
      "start" : 1729926243777,
      "stop" : 1729926243846,
      "duration" : 69
    },
    "status" : "passed",
    "steps" : [ ],
    "attachments" : [ ],
    "parameters" : [ ],
    "stepsCount" : 0,
    "attachmentsCount" : 0,
    "shouldDisplayMessage" : false,
    "hasContent" : false
  } ],
  "labels" : [ {
    "name" : "parentSuite",
    "value" : "tests.ui"
  }, {
    "name" : "suite",
    "value" : "test_registration_new_user"
  }, {
    "name" : "subSuite",
    "value" : "TestRegistrationUser"
  }, {
    "name" : "host",
    "value" : "7c2316dd7883"
  }, {
    "name" : "thread",
    "value" : "7-MainThread"
  }, {
    "name" : "framework",
    "value" : "pytest"
  }, {
    "name" : "language",
    "value" : "cpython3"
  }, {
    "name" : "package",
    "value" : "tests.ui.test_registration_new_user"
  }, {
    "name" : "resultFormat",
    "value" : "allure2"
  } ],
  "parameters" : [ {
    "name" : "code",
    "value" : "8889"
  }, {
    "name" : "user",
    "value" : "{'name': 'Буров Софон Иларионович', 'email': 'kapiton2016@example.net', 'phone': '+380632562635'}"
  } ],
  "links" : [ ],
  "hidden" : false,
  "retry" : false,
  "extra" : {
    "severity" : "normal",
    "retries" : [ ],
    "categories" : [ {
      "name" : "Test defects",
      "matchedStatuses" : [ ],
      "flaky" : false
    } ],
    "tags" : [ ]
  },
  "source" : "17258b7a73879a5d.json",
  "parameterValues" : [ "8889", "{'name': 'Буров Софон Иларионович', 'email': 'kapiton2016@example.net', 'phone': '+380632562635'}" ]
}