{
  "uid" : "29cfb75dd37da61b",
  "name" : "test_registration_new_user_awdev_t506[{'name': '\\u041f\\u043e\\u043b\\u0438\\u043d\\u0430 \\u041d\\u0438\\u043b\\u043e\\u0432\\u043d\\u0430 \\u041c\\u043e\\u0438\\u0441\\u0435\\u0435\\u0432\\u0430', 'email': 'idavidov@example.com', 'phone': '+380634614074'}-1111]",
  "fullName" : "tests.ui.test_registration_new_user.TestRegistrationUser#test_registration_new_user_awdev_t506",
  "historyId" : "4040fb27f56706ed7404ff5b602fa584",
  "time" : {
    "start" : 1729929767209,
    "stop" : 1729929792229,
    "duration" : 25020
  },
  "status" : "broken",
  "statusMessage" : "selenium.common.exceptions.TimeoutException: Message: \nStacktrace:\n#0 0x55ef19be08ae <unknown>\n#1 0x55ef19715c40 <unknown>\n#2 0x55ef19761e12 <unknown>\n#3 0x55ef19762011 <unknown>\n#4 0x55ef197abbc4 <unknown>\n#5 0x55ef19789efd <unknown>\n#6 0x55ef197a96d2 <unknown>\n#7 0x55ef19789c73 <unknown>\n#8 0x55ef197556e8 <unknown>\n#9 0x55ef1975669e <unknown>\n#10 0x55ef19bb3c66 <unknown>\n#11 0x55ef19bb6f97 <unknown>\n#12 0x55ef19bb6a58 <unknown>\n#13 0x55ef19bb7425 <unknown>\n#14 0x55ef19ba4b6e <unknown>\n#15 0x55ef19bb776f <unknown>\n#16 0x55ef19b8e625 <unknown>\n#17 0x55ef19bcfd55 <unknown>\n#18 0x55ef19bcff36 <unknown>\n#19 0x55ef19bdf6e5 <unknown>\n#20 0x7f3ddd952144 <unknown>",
  "statusTrace" : "self = <tests.ui.test_registration_new_user.TestRegistrationUser object at 0x7f8d0189b700>\nuser = {'email': 'idavidov@example.com', 'name': 'Полина Ниловна Моисеева', 'phone': '+380634614074'}\ncode = 1111\n\n    @allure.step(\"Registration new user AWDEV-T506\")\n    @pytest.mark.parametrize(\"user, code\", [\n        (RegistrationUserUi.user_name_phone_email, DEFAULT_CODE_REGISTRATION)], ids=str)\n    def test_registration_new_user_awdev_t506(self, user, code):\n        self.registration_page.open_registration_form()\n        self.registration_page.fill_registration_form(user=user)\n>       self.registration_page.confirm_registration_form(code=code)\n\ntests/ui/test_registration_new_user.py:16: \n_ _ _ _ _ _ _ _ _ _ _ _ _ _ _ _ _ _ _ _ _ _ _ _ _ _ _ _ _ _ _ _ _ _ _ _ _ _ _ _ \nsrc/pages/registration_page.py:44: in confirm_registration_form\n    self.fill_field_with_click(self.CODE_FIELD, code)\nsrc/base_classes/base_page.py:46: in fill_field_with_click\n    self.wait.until(EC.element_to_be_clickable(field_name)).click()\n_ _ _ _ _ _ _ _ _ _ _ _ _ _ _ _ _ _ _ _ _ _ _ _ _ _ _ _ _ _ _ _ _ _ _ _ _ _ _ _ \n\nself = <selenium.webdriver.support.wait.WebDriverWait (session=\"e46225b58b1127222601f47403856cde\")>\nmethod = <function element_to_be_clickable.<locals>._predicate at 0x7f8d01573be0>\nmessage = ''\n\n    def until(self, method: Callable[[D], Union[Literal[False], T]], message: str = \"\") -> T:\n        \"\"\"Calls the method provided with the driver as an argument until the \\\n        return value does not evaluate to ``False``.\n    \n        :param method: callable(WebDriver)\n        :param message: optional message for :exc:`TimeoutException`\n        :returns: the result of the last call to `method`\n        :raises: :exc:`selenium.common.exceptions.TimeoutException` if timeout occurs\n        \"\"\"\n        screen = None\n        stacktrace = None\n    \n        end_time = time.monotonic() + self._timeout\n        while True:\n            try:\n                value = method(self._driver)\n                if value:\n                    return value\n            except self._ignored_exceptions as exc:\n                screen = getattr(exc, \"screen\", None)\n                stacktrace = getattr(exc, \"stacktrace\", None)\n            time.sleep(self._poll)\n            if time.monotonic() > end_time:\n                break\n>       raise TimeoutException(message, screen, stacktrace)\nE       selenium.common.exceptions.TimeoutException: Message: \nE       Stacktrace:\nE       #0 0x55ef19be08ae <unknown>\nE       #1 0x55ef19715c40 <unknown>\nE       #2 0x55ef19761e12 <unknown>\nE       #3 0x55ef19762011 <unknown>\nE       #4 0x55ef197abbc4 <unknown>\nE       #5 0x55ef19789efd <unknown>\nE       #6 0x55ef197a96d2 <unknown>\nE       #7 0x55ef19789c73 <unknown>\nE       #8 0x55ef197556e8 <unknown>\nE       #9 0x55ef1975669e <unknown>\nE       #10 0x55ef19bb3c66 <unknown>\nE       #11 0x55ef19bb6f97 <unknown>\nE       #12 0x55ef19bb6a58 <unknown>\nE       #13 0x55ef19bb7425 <unknown>\nE       #14 0x55ef19ba4b6e <unknown>\nE       #15 0x55ef19bb776f <unknown>\nE       #16 0x55ef19b8e625 <unknown>\nE       #17 0x55ef19bcfd55 <unknown>\nE       #18 0x55ef19bcff36 <unknown>\nE       #19 0x55ef19bdf6e5 <unknown>\nE       #20 0x7f3ddd952144 <unknown>\n\n../local/lib/python3.10/site-packages/selenium/webdriver/support/wait.py:105: TimeoutException",
  "flaky" : false,
  "newFailed" : false,
  "beforeStages" : [ {
    "name" : "set_driver",
    "time" : {
      "start" : 1729929766650,
      "stop" : 1729929767208,
      "duration" : 558
    },
    "status" : "passed",
    "steps" : [ ],
    "attachments" : [ ],
    "parameters" : [ ],
    "stepsCount" : 0,
    "attachmentsCount" : 0,
    "shouldDisplayMessage" : false,
    "hasContent" : false
  }, {
    "name" : "set_env_settings",
    "time" : {
      "start" : 1729929766649,
      "stop" : 1729929766650,
      "duration" : 1
    },
    "status" : "passed",
    "steps" : [ ],
    "attachments" : [ ],
    "parameters" : [ ],
    "stepsCount" : 0,
    "attachmentsCount" : 0,
    "shouldDisplayMessage" : false,
    "hasContent" : false
  }, {
    "name" : "setup",
    "time" : {
      "start" : 1729929767208,
      "stop" : 1729929767208,
      "duration" : 0
    },
    "status" : "passed",
    "steps" : [ ],
    "attachments" : [ ],
    "parameters" : [ ],
    "stepsCount" : 0,
    "attachmentsCount" : 0,
    "shouldDisplayMessage" : false,
    "hasContent" : false
  }, {
    "name" : "pytestconfig",
    "time" : {
      "start" : 1729929766649,
      "stop" : 1729929766649,
      "duration" : 0
    },
    "status" : "passed",
    "steps" : [ ],
    "attachments" : [ ],
    "parameters" : [ ],
    "stepsCount" : 0,
    "attachmentsCount" : 0,
    "shouldDisplayMessage" : false,
    "hasContent" : false
  }, {
    "name" : "_session_faker",
    "time" : {
      "start" : 1729929766576,
      "stop" : 1729929766649,
      "duration" : 73
    },
    "status" : "passed",
    "steps" : [ ],
    "attachments" : [ ],
    "parameters" : [ ],
    "stepsCount" : 0,
    "attachmentsCount" : 0,
    "shouldDisplayMessage" : false,
    "hasContent" : false
  } ],
  "testStage" : {
    "status" : "broken",
    "statusMessage" : "selenium.common.exceptions.TimeoutException: Message: \nStacktrace:\n#0 0x55ef19be08ae <unknown>\n#1 0x55ef19715c40 <unknown>\n#2 0x55ef19761e12 <unknown>\n#3 0x55ef19762011 <unknown>\n#4 0x55ef197abbc4 <unknown>\n#5 0x55ef19789efd <unknown>\n#6 0x55ef197a96d2 <unknown>\n#7 0x55ef19789c73 <unknown>\n#8 0x55ef197556e8 <unknown>\n#9 0x55ef1975669e <unknown>\n#10 0x55ef19bb3c66 <unknown>\n#11 0x55ef19bb6f97 <unknown>\n#12 0x55ef19bb6a58 <unknown>\n#13 0x55ef19bb7425 <unknown>\n#14 0x55ef19ba4b6e <unknown>\n#15 0x55ef19bb776f <unknown>\n#16 0x55ef19b8e625 <unknown>\n#17 0x55ef19bcfd55 <unknown>\n#18 0x55ef19bcff36 <unknown>\n#19 0x55ef19bdf6e5 <unknown>\n#20 0x7f3ddd952144 <unknown>",
    "statusTrace" : "self = <tests.ui.test_registration_new_user.TestRegistrationUser object at 0x7f8d0189b700>\nuser = {'email': 'idavidov@example.com', 'name': 'Полина Ниловна Моисеева', 'phone': '+380634614074'}\ncode = 1111\n\n    @allure.step(\"Registration new user AWDEV-T506\")\n    @pytest.mark.parametrize(\"user, code\", [\n        (RegistrationUserUi.user_name_phone_email, DEFAULT_CODE_REGISTRATION)], ids=str)\n    def test_registration_new_user_awdev_t506(self, user, code):\n        self.registration_page.open_registration_form()\n        self.registration_page.fill_registration_form(user=user)\n>       self.registration_page.confirm_registration_form(code=code)\n\ntests/ui/test_registration_new_user.py:16: \n_ _ _ _ _ _ _ _ _ _ _ _ _ _ _ _ _ _ _ _ _ _ _ _ _ _ _ _ _ _ _ _ _ _ _ _ _ _ _ _ \nsrc/pages/registration_page.py:44: in confirm_registration_form\n    self.fill_field_with_click(self.CODE_FIELD, code)\nsrc/base_classes/base_page.py:46: in fill_field_with_click\n    self.wait.until(EC.element_to_be_clickable(field_name)).click()\n_ _ _ _ _ _ _ _ _ _ _ _ _ _ _ _ _ _ _ _ _ _ _ _ _ _ _ _ _ _ _ _ _ _ _ _ _ _ _ _ \n\nself = <selenium.webdriver.support.wait.WebDriverWait (session=\"e46225b58b1127222601f47403856cde\")>\nmethod = <function element_to_be_clickable.<locals>._predicate at 0x7f8d01573be0>\nmessage = ''\n\n    def until(self, method: Callable[[D], Union[Literal[False], T]], message: str = \"\") -> T:\n        \"\"\"Calls the method provided with the driver as an argument until the \\\n        return value does not evaluate to ``False``.\n    \n        :param method: callable(WebDriver)\n        :param message: optional message for :exc:`TimeoutException`\n        :returns: the result of the last call to `method`\n        :raises: :exc:`selenium.common.exceptions.TimeoutException` if timeout occurs\n        \"\"\"\n        screen = None\n        stacktrace = None\n    \n        end_time = time.monotonic() + self._timeout\n        while True:\n            try:\n                value = method(self._driver)\n                if value:\n                    return value\n            except self._ignored_exceptions as exc:\n                screen = getattr(exc, \"screen\", None)\n                stacktrace = getattr(exc, \"stacktrace\", None)\n            time.sleep(self._poll)\n            if time.monotonic() > end_time:\n                break\n>       raise TimeoutException(message, screen, stacktrace)\nE       selenium.common.exceptions.TimeoutException: Message: \nE       Stacktrace:\nE       #0 0x55ef19be08ae <unknown>\nE       #1 0x55ef19715c40 <unknown>\nE       #2 0x55ef19761e12 <unknown>\nE       #3 0x55ef19762011 <unknown>\nE       #4 0x55ef197abbc4 <unknown>\nE       #5 0x55ef19789efd <unknown>\nE       #6 0x55ef197a96d2 <unknown>\nE       #7 0x55ef19789c73 <unknown>\nE       #8 0x55ef197556e8 <unknown>\nE       #9 0x55ef1975669e <unknown>\nE       #10 0x55ef19bb3c66 <unknown>\nE       #11 0x55ef19bb6f97 <unknown>\nE       #12 0x55ef19bb6a58 <unknown>\nE       #13 0x55ef19bb7425 <unknown>\nE       #14 0x55ef19ba4b6e <unknown>\nE       #15 0x55ef19bb776f <unknown>\nE       #16 0x55ef19b8e625 <unknown>\nE       #17 0x55ef19bcfd55 <unknown>\nE       #18 0x55ef19bcff36 <unknown>\nE       #19 0x55ef19bdf6e5 <unknown>\nE       #20 0x7f3ddd952144 <unknown>\n\n../local/lib/python3.10/site-packages/selenium/webdriver/support/wait.py:105: TimeoutException",
    "steps" : [ {
      "name" : "Registration new user AWDEV-T506",
      "time" : {
        "start" : 1729929767209,
        "stop" : 1729929792228,
        "duration" : 25019
      },
      "status" : "broken",
      "statusMessage" : "selenium.common.exceptions.TimeoutException: Message: \nStacktrace:\n#0 0x55ef19be08ae <unknown>\n#1 0x55ef19715c40 <unknown>\n#2 0x55ef19761e12 <unknown>\n#3 0x55ef19762011 <unknown>\n#4 0x55ef197abbc4 <unknown>\n#5 0x55ef19789efd <unknown>\n#6 0x55ef197a96d2 <unknown>\n#7 0x55ef19789c73 <unknown>\n#8 0x55ef197556e8 <unknown>\n#9 0x55ef1975669e <unknown>\n#10 0x55ef19bb3c66 <unknown>\n#11 0x55ef19bb6f97 <unknown>\n#12 0x55ef19bb6a58 <unknown>\n#13 0x55ef19bb7425 <unknown>\n#14 0x55ef19ba4b6e <unknown>\n#15 0x55ef19bb776f <unknown>\n#16 0x55ef19b8e625 <unknown>\n#17 0x55ef19bcfd55 <unknown>\n#18 0x55ef19bcff36 <unknown>\n#19 0x55ef19bdf6e5 <unknown>\n#20 0x7f3ddd952144 <unknown>\n\n",
      "statusTrace" : "  File \"/usr/local/lib/python3.10/site-packages/allure_commons/_allure.py\", line 192, in impl\n    return func(*a, **kw)\n  File \"/usr/workspace/tests/ui/test_registration_new_user.py\", line 16, in test_registration_new_user_awdev_t506\n    self.registration_page.confirm_registration_form(code=code)\n  File \"/usr/workspace/src/pages/registration_page.py\", line 44, in confirm_registration_form\n    self.fill_field_with_click(self.CODE_FIELD, code)\n  File \"/usr/workspace/src/base_classes/base_page.py\", line 46, in fill_field_with_click\n    self.wait.until(EC.element_to_be_clickable(field_name)).click()\n  File \"/usr/local/lib/python3.10/site-packages/selenium/webdriver/support/wait.py\", line 105, in until\n    raise TimeoutException(message, screen, stacktrace)\n",
      "steps" : [ {
        "name" : "Open 'https://m2-live-qa-001.antoshka.ua/uk/' page",
        "time" : {
          "start" : 1729929767209,
          "stop" : 1729929770369,
          "duration" : 3160
        },
        "status" : "passed",
        "steps" : [ ],
        "attachments" : [ ],
        "parameters" : [ ],
        "stepsCount" : 0,
        "attachmentsCount" : 0,
        "shouldDisplayMessage" : false,
        "hasContent" : false
      }, {
        "name" : "Page 'https://m2-live-qa-001.antoshka.ua/uk/' is opened",
        "time" : {
          "start" : 1729929770369,
          "stop" : 1729929770374,
          "duration" : 5
        },
        "status" : "passed",
        "steps" : [ ],
        "attachments" : [ ],
        "parameters" : [ ],
        "stepsCount" : 0,
        "attachmentsCount" : 0,
        "shouldDisplayMessage" : false,
        "hasContent" : false
      }, {
        "name" : "Click ('xpath', \"//*[@id='login-enter']\")",
        "time" : {
          "start" : 1729929770374,
          "stop" : 1729929770434,
          "duration" : 60
        },
        "status" : "passed",
        "steps" : [ ],
        "attachments" : [ ],
        "parameters" : [ ],
        "stepsCount" : 0,
        "attachmentsCount" : 0,
        "shouldDisplayMessage" : false,
        "hasContent" : false
      }, {
        "name" : "Click ('xpath', '//form[1]//a')",
        "time" : {
          "start" : 1729929770434,
          "stop" : 1729929771518,
          "duration" : 1084
        },
        "status" : "passed",
        "steps" : [ ],
        "attachments" : [ ],
        "parameters" : [ ],
        "stepsCount" : 0,
        "attachmentsCount" : 0,
        "shouldDisplayMessage" : false,
        "hasContent" : false
      }, {
        "name" : "Fill '('xpath', \"//input[@data-validation='name']\")' with data 'П'",
        "time" : {
          "start" : 1729929771518,
          "stop" : 1729929771638,
          "duration" : 120
        },
        "status" : "passed",
        "steps" : [ ],
        "attachments" : [ ],
        "parameters" : [ ],
        "stepsCount" : 0,
        "attachmentsCount" : 0,
        "shouldDisplayMessage" : false,
        "hasContent" : false
      }, {
        "name" : "Fill '('xpath', \"//*[@id='telephone']\")' with data '634614074'",
        "time" : {
          "start" : 1729929771638,
          "stop" : 1729929771778,
          "duration" : 140
        },
        "status" : "passed",
        "steps" : [ ],
        "attachments" : [ ],
        "parameters" : [ ],
        "stepsCount" : 0,
        "attachmentsCount" : 0,
        "shouldDisplayMessage" : false,
        "hasContent" : false
      }, {
        "name" : "Fill '('xpath', \"//input[@data-validation='email']\")' with data 'idavidov@example.com'",
        "time" : {
          "start" : 1729929771778,
          "stop" : 1729929771918,
          "duration" : 140
        },
        "status" : "passed",
        "steps" : [ ],
        "attachments" : [ ],
        "parameters" : [ ],
        "stepsCount" : 0,
        "attachmentsCount" : 0,
        "shouldDisplayMessage" : false,
        "hasContent" : false
      }, {
        "name" : "Click ('xpath', \"//button[@class='auth_next']\")",
        "time" : {
          "start" : 1729929771918,
          "stop" : 1729929771970,
          "duration" : 52
        },
        "status" : "passed",
        "steps" : [ ],
        "attachments" : [ ],
        "parameters" : [ ],
        "stepsCount" : 0,
        "attachmentsCount" : 0,
        "shouldDisplayMessage" : false,
        "hasContent" : false
      }, {
        "name" : "Fill '('xpath', \"//input[@id='code-auth']\")' with data '1111'",
        "time" : {
          "start" : 1729929771970,
          "stop" : 1729929792228,
          "duration" : 20258
        },
        "status" : "broken",
        "statusMessage" : "selenium.common.exceptions.TimeoutException: Message: \nStacktrace:\n#0 0x55ef19be08ae <unknown>\n#1 0x55ef19715c40 <unknown>\n#2 0x55ef19761e12 <unknown>\n#3 0x55ef19762011 <unknown>\n#4 0x55ef197abbc4 <unknown>\n#5 0x55ef19789efd <unknown>\n#6 0x55ef197a96d2 <unknown>\n#7 0x55ef19789c73 <unknown>\n#8 0x55ef197556e8 <unknown>\n#9 0x55ef1975669e <unknown>\n#10 0x55ef19bb3c66 <unknown>\n#11 0x55ef19bb6f97 <unknown>\n#12 0x55ef19bb6a58 <unknown>\n#13 0x55ef19bb7425 <unknown>\n#14 0x55ef19ba4b6e <unknown>\n#15 0x55ef19bb776f <unknown>\n#16 0x55ef19b8e625 <unknown>\n#17 0x55ef19bcfd55 <unknown>\n#18 0x55ef19bcff36 <unknown>\n#19 0x55ef19bdf6e5 <unknown>\n#20 0x7f3ddd952144 <unknown>\n\n",
        "statusTrace" : "  File \"/usr/workspace/src/base_classes/base_page.py\", line 46, in fill_field_with_click\n    self.wait.until(EC.element_to_be_clickable(field_name)).click()\n  File \"/usr/local/lib/python3.10/site-packages/selenium/webdriver/support/wait.py\", line 105, in until\n    raise TimeoutException(message, screen, stacktrace)\n",
        "steps" : [ ],
        "attachments" : [ ],
        "parameters" : [ ],
        "stepsCount" : 0,
        "attachmentsCount" : 0,
        "shouldDisplayMessage" : true,
        "hasContent" : true
      } ],
      "attachments" : [ ],
      "parameters" : [ {
        "name" : "user",
        "value" : "{'name': 'Полина Ниловна Моисеева', 'email': 'idavidov@example.com', 'phone': '+380634614074'}"
      }, {
        "name" : "code",
        "value" : "1111"
      } ],
      "stepsCount" : 9,
      "attachmentsCount" : 0,
      "shouldDisplayMessage" : false,
      "hasContent" : true
    } ],
    "attachments" : [ {
      "uid" : "d78c36a473a59123",
      "name" : "log",
      "source" : "d78c36a473a59123.txt",
      "type" : "text/plain",
      "size" : 92
    } ],
    "parameters" : [ ],
    "stepsCount" : 10,
    "attachmentsCount" : 1,
    "shouldDisplayMessage" : true,
    "hasContent" : true
  },
  "afterStages" : [ {
    "name" : "set_driver::0",
    "time" : {
      "start" : 1729929792271,
      "stop" : 1729929792340,
      "duration" : 69
    },
    "status" : "passed",
    "steps" : [ ],
    "attachments" : [ ],
    "parameters" : [ ],
    "stepsCount" : 0,
    "attachmentsCount" : 0,
    "shouldDisplayMessage" : false,
    "hasContent" : false
  } ],
  "labels" : [ {
    "name" : "parentSuite",
    "value" : "tests.ui"
  }, {
    "name" : "suite",
    "value" : "test_registration_new_user"
  }, {
    "name" : "subSuite",
    "value" : "TestRegistrationUser"
  }, {
    "name" : "host",
    "value" : "f17f5793b8e2"
  }, {
    "name" : "thread",
    "value" : "7-MainThread"
  }, {
    "name" : "framework",
    "value" : "pytest"
  }, {
    "name" : "language",
    "value" : "cpython3"
  }, {
    "name" : "package",
    "value" : "tests.ui.test_registration_new_user"
  }, {
    "name" : "resultFormat",
    "value" : "allure2"
  } ],
  "parameters" : [ {
    "name" : "code",
    "value" : "1111"
  }, {
    "name" : "user",
    "value" : "{'name': 'Полина Ниловна Моисеева', 'email': 'idavidov@example.com', 'phone': '+380634614074'}"
  } ],
  "links" : [ ],
  "hidden" : false,
  "retry" : false,
  "extra" : {
    "severity" : "normal",
    "retries" : [ ],
    "categories" : [ {
      "name" : "Test defects",
      "matchedStatuses" : [ ],
      "flaky" : false
    } ],
    "tags" : [ ]
  },
  "source" : "29cfb75dd37da61b.json",
  "parameterValues" : [ "1111", "{'name': 'Полина Ниловна Моисеева', 'email': 'idavidov@example.com', 'phone': '+380634614074'}" ]
}