{
  "uid" : "2e759fb7c41774e1",
  "name" : "test_registration_new_user_awdev_t506[{'name': '\\u041c\\u043e\\u0440\\u043e\\u0437\\u043e\\u0432 \\u041c\\u0430\\u043a\\u0430\\u0440 \\u0412\\u043b\\u0430\\u0434\\u0438\\u0441\\u043b\\u0430\\u0432\\u043e\\u0432\\u0438\\u0447', 'email': 'saveli_2019@example.org', 'phone': '+380636424945'}-1111]",
  "fullName" : "tests.ui.test_registration_new_user.TestRegistrationUser#test_registration_new_user_awdev_t506",
  "historyId" : "04fd2c345c2ca48a0ca350c68bb4b604",
  "time" : {
    "start" : 1729940608031,
    "stop" : 1729940633150,
    "duration" : 25119
  },
  "status" : "broken",
  "statusMessage" : "selenium.common.exceptions.TimeoutException: Message: \nStacktrace:\n#0 0x5617094f08ae <unknown>\n#1 0x561709025c40 <unknown>\n#2 0x561709071e12 <unknown>\n#3 0x561709072011 <unknown>\n#4 0x5617090bbbc4 <unknown>\n#5 0x561709099efd <unknown>\n#6 0x5617090b96d2 <unknown>\n#7 0x561709099c73 <unknown>\n#8 0x5617090656e8 <unknown>\n#9 0x56170906669e <unknown>\n#10 0x5617094c3c66 <unknown>\n#11 0x5617094c6f97 <unknown>\n#12 0x5617094c6a58 <unknown>\n#13 0x5617094c7425 <unknown>\n#14 0x5617094b4b6e <unknown>\n#15 0x5617094c776f <unknown>\n#16 0x56170949e625 <unknown>\n#17 0x5617094dfd55 <unknown>\n#18 0x5617094dff36 <unknown>\n#19 0x5617094ef6e5 <unknown>\n#20 0x7ff3975d7144 <unknown>",
  "statusTrace" : "self = <tests.ui.test_registration_new_user.TestRegistrationUser object at 0x7f40f38b3700>\nuser = {'email': 'saveli_2019@example.org', 'name': 'Морозов Макар Владиславович', 'phone': '+380636424945'}\ncode = 1111\n\n    @allure.step(\"Registration new user AWDEV-T506\")\n    @pytest.mark.parametrize(\"user, code\", [\n        (RegistrationUserUi.user_name_phone_email, DEFAULT_CODE_REGISTRATION)], ids=str)\n    def test_registration_new_user_awdev_t506(self, user, code):\n        self.registration_page.open_registration_form()\n        self.registration_page.fill_registration_form(user=user)\n>       self.registration_page.confirm_registration_form(code=code)\n\ntests/ui/test_registration_new_user.py:16: \n_ _ _ _ _ _ _ _ _ _ _ _ _ _ _ _ _ _ _ _ _ _ _ _ _ _ _ _ _ _ _ _ _ _ _ _ _ _ _ _ \nsrc/pages/registration_page.py:44: in confirm_registration_form\n    self.fill_field_with_click(self.CODE_FIELD, code)\nsrc/base_classes/base_page.py:46: in fill_field_with_click\n    self.wait.until(EC.element_to_be_clickable(field_name)).click()\n_ _ _ _ _ _ _ _ _ _ _ _ _ _ _ _ _ _ _ _ _ _ _ _ _ _ _ _ _ _ _ _ _ _ _ _ _ _ _ _ \n\nself = <selenium.webdriver.support.wait.WebDriverWait (session=\"7122ffb63925860d40e390229b40d229\")>\nmethod = <function element_to_be_clickable.<locals>._predicate at 0x7f40f3e5bbe0>\nmessage = ''\n\n    def until(self, method: Callable[[D], Union[Literal[False], T]], message: str = \"\") -> T:\n        \"\"\"Calls the method provided with the driver as an argument until the \\\n        return value does not evaluate to ``False``.\n    \n        :param method: callable(WebDriver)\n        :param message: optional message for :exc:`TimeoutException`\n        :returns: the result of the last call to `method`\n        :raises: :exc:`selenium.common.exceptions.TimeoutException` if timeout occurs\n        \"\"\"\n        screen = None\n        stacktrace = None\n    \n        end_time = time.monotonic() + self._timeout\n        while True:\n            try:\n                value = method(self._driver)\n                if value:\n                    return value\n            except self._ignored_exceptions as exc:\n                screen = getattr(exc, \"screen\", None)\n                stacktrace = getattr(exc, \"stacktrace\", None)\n            time.sleep(self._poll)\n            if time.monotonic() > end_time:\n                break\n>       raise TimeoutException(message, screen, stacktrace)\nE       selenium.common.exceptions.TimeoutException: Message: \nE       Stacktrace:\nE       #0 0x5617094f08ae <unknown>\nE       #1 0x561709025c40 <unknown>\nE       #2 0x561709071e12 <unknown>\nE       #3 0x561709072011 <unknown>\nE       #4 0x5617090bbbc4 <unknown>\nE       #5 0x561709099efd <unknown>\nE       #6 0x5617090b96d2 <unknown>\nE       #7 0x561709099c73 <unknown>\nE       #8 0x5617090656e8 <unknown>\nE       #9 0x56170906669e <unknown>\nE       #10 0x5617094c3c66 <unknown>\nE       #11 0x5617094c6f97 <unknown>\nE       #12 0x5617094c6a58 <unknown>\nE       #13 0x5617094c7425 <unknown>\nE       #14 0x5617094b4b6e <unknown>\nE       #15 0x5617094c776f <unknown>\nE       #16 0x56170949e625 <unknown>\nE       #17 0x5617094dfd55 <unknown>\nE       #18 0x5617094dff36 <unknown>\nE       #19 0x5617094ef6e5 <unknown>\nE       #20 0x7ff3975d7144 <unknown>\n\n../local/lib/python3.10/site-packages/selenium/webdriver/support/wait.py:105: TimeoutException",
  "flaky" : false,
  "newFailed" : false,
  "beforeStages" : [ {
    "name" : "pytestconfig",
    "time" : {
      "start" : 1729940607498,
      "stop" : 1729940607498,
      "duration" : 0
    },
    "status" : "passed",
    "steps" : [ ],
    "attachments" : [ ],
    "parameters" : [ ],
    "stepsCount" : 0,
    "attachmentsCount" : 0,
    "shouldDisplayMessage" : false,
    "hasContent" : false
  }, {
    "name" : "_session_faker",
    "time" : {
      "start" : 1729940607426,
      "stop" : 1729940607498,
      "duration" : 72
    },
    "status" : "passed",
    "steps" : [ ],
    "attachments" : [ ],
    "parameters" : [ ],
    "stepsCount" : 0,
    "attachmentsCount" : 0,
    "shouldDisplayMessage" : false,
    "hasContent" : false
  }, {
    "name" : "setup",
    "time" : {
      "start" : 1729940608030,
      "stop" : 1729940608030,
      "duration" : 0
    },
    "status" : "passed",
    "steps" : [ ],
    "attachments" : [ ],
    "parameters" : [ ],
    "stepsCount" : 0,
    "attachmentsCount" : 0,
    "shouldDisplayMessage" : false,
    "hasContent" : false
  }, {
    "name" : "set_env_settings",
    "time" : {
      "start" : 1729940607498,
      "stop" : 1729940607499,
      "duration" : 1
    },
    "status" : "passed",
    "steps" : [ ],
    "attachments" : [ ],
    "parameters" : [ ],
    "stepsCount" : 0,
    "attachmentsCount" : 0,
    "shouldDisplayMessage" : false,
    "hasContent" : false
  }, {
    "name" : "set_driver",
    "time" : {
      "start" : 1729940607499,
      "stop" : 1729940608030,
      "duration" : 531
    },
    "status" : "passed",
    "steps" : [ ],
    "attachments" : [ ],
    "parameters" : [ ],
    "stepsCount" : 0,
    "attachmentsCount" : 0,
    "shouldDisplayMessage" : false,
    "hasContent" : false
  } ],
  "testStage" : {
    "status" : "broken",
    "statusMessage" : "selenium.common.exceptions.TimeoutException: Message: \nStacktrace:\n#0 0x5617094f08ae <unknown>\n#1 0x561709025c40 <unknown>\n#2 0x561709071e12 <unknown>\n#3 0x561709072011 <unknown>\n#4 0x5617090bbbc4 <unknown>\n#5 0x561709099efd <unknown>\n#6 0x5617090b96d2 <unknown>\n#7 0x561709099c73 <unknown>\n#8 0x5617090656e8 <unknown>\n#9 0x56170906669e <unknown>\n#10 0x5617094c3c66 <unknown>\n#11 0x5617094c6f97 <unknown>\n#12 0x5617094c6a58 <unknown>\n#13 0x5617094c7425 <unknown>\n#14 0x5617094b4b6e <unknown>\n#15 0x5617094c776f <unknown>\n#16 0x56170949e625 <unknown>\n#17 0x5617094dfd55 <unknown>\n#18 0x5617094dff36 <unknown>\n#19 0x5617094ef6e5 <unknown>\n#20 0x7ff3975d7144 <unknown>",
    "statusTrace" : "self = <tests.ui.test_registration_new_user.TestRegistrationUser object at 0x7f40f38b3700>\nuser = {'email': 'saveli_2019@example.org', 'name': 'Морозов Макар Владиславович', 'phone': '+380636424945'}\ncode = 1111\n\n    @allure.step(\"Registration new user AWDEV-T506\")\n    @pytest.mark.parametrize(\"user, code\", [\n        (RegistrationUserUi.user_name_phone_email, DEFAULT_CODE_REGISTRATION)], ids=str)\n    def test_registration_new_user_awdev_t506(self, user, code):\n        self.registration_page.open_registration_form()\n        self.registration_page.fill_registration_form(user=user)\n>       self.registration_page.confirm_registration_form(code=code)\n\ntests/ui/test_registration_new_user.py:16: \n_ _ _ _ _ _ _ _ _ _ _ _ _ _ _ _ _ _ _ _ _ _ _ _ _ _ _ _ _ _ _ _ _ _ _ _ _ _ _ _ \nsrc/pages/registration_page.py:44: in confirm_registration_form\n    self.fill_field_with_click(self.CODE_FIELD, code)\nsrc/base_classes/base_page.py:46: in fill_field_with_click\n    self.wait.until(EC.element_to_be_clickable(field_name)).click()\n_ _ _ _ _ _ _ _ _ _ _ _ _ _ _ _ _ _ _ _ _ _ _ _ _ _ _ _ _ _ _ _ _ _ _ _ _ _ _ _ \n\nself = <selenium.webdriver.support.wait.WebDriverWait (session=\"7122ffb63925860d40e390229b40d229\")>\nmethod = <function element_to_be_clickable.<locals>._predicate at 0x7f40f3e5bbe0>\nmessage = ''\n\n    def until(self, method: Callable[[D], Union[Literal[False], T]], message: str = \"\") -> T:\n        \"\"\"Calls the method provided with the driver as an argument until the \\\n        return value does not evaluate to ``False``.\n    \n        :param method: callable(WebDriver)\n        :param message: optional message for :exc:`TimeoutException`\n        :returns: the result of the last call to `method`\n        :raises: :exc:`selenium.common.exceptions.TimeoutException` if timeout occurs\n        \"\"\"\n        screen = None\n        stacktrace = None\n    \n        end_time = time.monotonic() + self._timeout\n        while True:\n            try:\n                value = method(self._driver)\n                if value:\n                    return value\n            except self._ignored_exceptions as exc:\n                screen = getattr(exc, \"screen\", None)\n                stacktrace = getattr(exc, \"stacktrace\", None)\n            time.sleep(self._poll)\n            if time.monotonic() > end_time:\n                break\n>       raise TimeoutException(message, screen, stacktrace)\nE       selenium.common.exceptions.TimeoutException: Message: \nE       Stacktrace:\nE       #0 0x5617094f08ae <unknown>\nE       #1 0x561709025c40 <unknown>\nE       #2 0x561709071e12 <unknown>\nE       #3 0x561709072011 <unknown>\nE       #4 0x5617090bbbc4 <unknown>\nE       #5 0x561709099efd <unknown>\nE       #6 0x5617090b96d2 <unknown>\nE       #7 0x561709099c73 <unknown>\nE       #8 0x5617090656e8 <unknown>\nE       #9 0x56170906669e <unknown>\nE       #10 0x5617094c3c66 <unknown>\nE       #11 0x5617094c6f97 <unknown>\nE       #12 0x5617094c6a58 <unknown>\nE       #13 0x5617094c7425 <unknown>\nE       #14 0x5617094b4b6e <unknown>\nE       #15 0x5617094c776f <unknown>\nE       #16 0x56170949e625 <unknown>\nE       #17 0x5617094dfd55 <unknown>\nE       #18 0x5617094dff36 <unknown>\nE       #19 0x5617094ef6e5 <unknown>\nE       #20 0x7ff3975d7144 <unknown>\n\n../local/lib/python3.10/site-packages/selenium/webdriver/support/wait.py:105: TimeoutException",
    "steps" : [ {
      "name" : "Registration new user AWDEV-T506",
      "time" : {
        "start" : 1729940608031,
        "stop" : 1729940633150,
        "duration" : 25119
      },
      "status" : "broken",
      "statusMessage" : "selenium.common.exceptions.TimeoutException: Message: \nStacktrace:\n#0 0x5617094f08ae <unknown>\n#1 0x561709025c40 <unknown>\n#2 0x561709071e12 <unknown>\n#3 0x561709072011 <unknown>\n#4 0x5617090bbbc4 <unknown>\n#5 0x561709099efd <unknown>\n#6 0x5617090b96d2 <unknown>\n#7 0x561709099c73 <unknown>\n#8 0x5617090656e8 <unknown>\n#9 0x56170906669e <unknown>\n#10 0x5617094c3c66 <unknown>\n#11 0x5617094c6f97 <unknown>\n#12 0x5617094c6a58 <unknown>\n#13 0x5617094c7425 <unknown>\n#14 0x5617094b4b6e <unknown>\n#15 0x5617094c776f <unknown>\n#16 0x56170949e625 <unknown>\n#17 0x5617094dfd55 <unknown>\n#18 0x5617094dff36 <unknown>\n#19 0x5617094ef6e5 <unknown>\n#20 0x7ff3975d7144 <unknown>\n\n",
      "statusTrace" : "  File \"/usr/local/lib/python3.10/site-packages/allure_commons/_allure.py\", line 192, in impl\n    return func(*a, **kw)\n  File \"/usr/workspace/tests/ui/test_registration_new_user.py\", line 16, in test_registration_new_user_awdev_t506\n    self.registration_page.confirm_registration_form(code=code)\n  File \"/usr/workspace/src/pages/registration_page.py\", line 44, in confirm_registration_form\n    self.fill_field_with_click(self.CODE_FIELD, code)\n  File \"/usr/workspace/src/base_classes/base_page.py\", line 46, in fill_field_with_click\n    self.wait.until(EC.element_to_be_clickable(field_name)).click()\n  File \"/usr/local/lib/python3.10/site-packages/selenium/webdriver/support/wait.py\", line 105, in until\n    raise TimeoutException(message, screen, stacktrace)\n",
      "steps" : [ {
        "name" : "Open 'https://m2-live-qa-001.antoshka.ua/uk/' page",
        "time" : {
          "start" : 1729940608031,
          "stop" : 1729940611267,
          "duration" : 3236
        },
        "status" : "passed",
        "steps" : [ ],
        "attachments" : [ ],
        "parameters" : [ ],
        "stepsCount" : 0,
        "attachmentsCount" : 0,
        "shouldDisplayMessage" : false,
        "hasContent" : false
      }, {
        "name" : "Page 'https://m2-live-qa-001.antoshka.ua/uk/' is opened",
        "time" : {
          "start" : 1729940611267,
          "stop" : 1729940611284,
          "duration" : 17
        },
        "status" : "passed",
        "steps" : [ ],
        "attachments" : [ ],
        "parameters" : [ ],
        "stepsCount" : 0,
        "attachmentsCount" : 0,
        "shouldDisplayMessage" : false,
        "hasContent" : false
      }, {
        "name" : "Click ('xpath', \"//*[@id='login-enter']\")",
        "time" : {
          "start" : 1729940611284,
          "stop" : 1729940611344,
          "duration" : 60
        },
        "status" : "passed",
        "steps" : [ ],
        "attachments" : [ ],
        "parameters" : [ ],
        "stepsCount" : 0,
        "attachmentsCount" : 0,
        "shouldDisplayMessage" : false,
        "hasContent" : false
      }, {
        "name" : "Click ('xpath', '//form[1]//a')",
        "time" : {
          "start" : 1729940611344,
          "stop" : 1729940612413,
          "duration" : 1069
        },
        "status" : "passed",
        "steps" : [ ],
        "attachments" : [ ],
        "parameters" : [ ],
        "stepsCount" : 0,
        "attachmentsCount" : 0,
        "shouldDisplayMessage" : false,
        "hasContent" : false
      }, {
        "name" : "Fill '('xpath', \"//input[@data-validation='name']\")' with data 'М'",
        "time" : {
          "start" : 1729940612413,
          "stop" : 1729940612532,
          "duration" : 119
        },
        "status" : "passed",
        "steps" : [ ],
        "attachments" : [ ],
        "parameters" : [ ],
        "stepsCount" : 0,
        "attachmentsCount" : 0,
        "shouldDisplayMessage" : false,
        "hasContent" : false
      }, {
        "name" : "Fill '('xpath', \"//*[@id='telephone']\")' with data '636424945'",
        "time" : {
          "start" : 1729940612532,
          "stop" : 1729940612684,
          "duration" : 152
        },
        "status" : "passed",
        "steps" : [ ],
        "attachments" : [ ],
        "parameters" : [ ],
        "stepsCount" : 0,
        "attachmentsCount" : 0,
        "shouldDisplayMessage" : false,
        "hasContent" : false
      }, {
        "name" : "Fill '('xpath', \"//input[@data-validation='email']\")' with data 'saveli_2019@example.org'",
        "time" : {
          "start" : 1729940612684,
          "stop" : 1729940612826,
          "duration" : 142
        },
        "status" : "passed",
        "steps" : [ ],
        "attachments" : [ ],
        "parameters" : [ ],
        "stepsCount" : 0,
        "attachmentsCount" : 0,
        "shouldDisplayMessage" : false,
        "hasContent" : false
      }, {
        "name" : "Click ('xpath', \"//button[@class='auth_next']\")",
        "time" : {
          "start" : 1729940612826,
          "stop" : 1729940612878,
          "duration" : 52
        },
        "status" : "passed",
        "steps" : [ ],
        "attachments" : [ ],
        "parameters" : [ ],
        "stepsCount" : 0,
        "attachmentsCount" : 0,
        "shouldDisplayMessage" : false,
        "hasContent" : false
      }, {
        "name" : "Fill '('xpath', \"//input[@id='code-auth']\")' with data '1111'",
        "time" : {
          "start" : 1729940612878,
          "stop" : 1729940633150,
          "duration" : 20272
        },
        "status" : "broken",
        "statusMessage" : "selenium.common.exceptions.TimeoutException: Message: \nStacktrace:\n#0 0x5617094f08ae <unknown>\n#1 0x561709025c40 <unknown>\n#2 0x561709071e12 <unknown>\n#3 0x561709072011 <unknown>\n#4 0x5617090bbbc4 <unknown>\n#5 0x561709099efd <unknown>\n#6 0x5617090b96d2 <unknown>\n#7 0x561709099c73 <unknown>\n#8 0x5617090656e8 <unknown>\n#9 0x56170906669e <unknown>\n#10 0x5617094c3c66 <unknown>\n#11 0x5617094c6f97 <unknown>\n#12 0x5617094c6a58 <unknown>\n#13 0x5617094c7425 <unknown>\n#14 0x5617094b4b6e <unknown>\n#15 0x5617094c776f <unknown>\n#16 0x56170949e625 <unknown>\n#17 0x5617094dfd55 <unknown>\n#18 0x5617094dff36 <unknown>\n#19 0x5617094ef6e5 <unknown>\n#20 0x7ff3975d7144 <unknown>\n\n",
        "statusTrace" : "  File \"/usr/workspace/src/base_classes/base_page.py\", line 46, in fill_field_with_click\n    self.wait.until(EC.element_to_be_clickable(field_name)).click()\n  File \"/usr/local/lib/python3.10/site-packages/selenium/webdriver/support/wait.py\", line 105, in until\n    raise TimeoutException(message, screen, stacktrace)\n",
        "steps" : [ ],
        "attachments" : [ ],
        "parameters" : [ ],
        "stepsCount" : 0,
        "attachmentsCount" : 0,
        "shouldDisplayMessage" : true,
        "hasContent" : true
      } ],
      "attachments" : [ ],
      "parameters" : [ {
        "name" : "user",
        "value" : "{'name': 'Морозов Макар Владиславович', 'email': 'saveli_2019@example.org', 'phone': '+380636424945'}"
      }, {
        "name" : "code",
        "value" : "1111"
      } ],
      "stepsCount" : 9,
      "attachmentsCount" : 0,
      "shouldDisplayMessage" : false,
      "hasContent" : true
    } ],
    "attachments" : [ {
      "uid" : "fd4a239f73911d51",
      "name" : "log",
      "source" : "fd4a239f73911d51.txt",
      "type" : "text/plain",
      "size" : 92
    } ],
    "parameters" : [ ],
    "stepsCount" : 10,
    "attachmentsCount" : 1,
    "shouldDisplayMessage" : true,
    "hasContent" : true
  },
  "afterStages" : [ {
    "name" : "set_driver::0",
    "time" : {
      "start" : 1729940633193,
      "stop" : 1729940633261,
      "duration" : 68
    },
    "status" : "passed",
    "steps" : [ ],
    "attachments" : [ ],
    "parameters" : [ ],
    "stepsCount" : 0,
    "attachmentsCount" : 0,
    "shouldDisplayMessage" : false,
    "hasContent" : false
  } ],
  "labels" : [ {
    "name" : "parentSuite",
    "value" : "tests.ui"
  }, {
    "name" : "suite",
    "value" : "test_registration_new_user"
  }, {
    "name" : "subSuite",
    "value" : "TestRegistrationUser"
  }, {
    "name" : "host",
    "value" : "d7b0dc4f4e2d"
  }, {
    "name" : "thread",
    "value" : "7-MainThread"
  }, {
    "name" : "framework",
    "value" : "pytest"
  }, {
    "name" : "language",
    "value" : "cpython3"
  }, {
    "name" : "package",
    "value" : "tests.ui.test_registration_new_user"
  }, {
    "name" : "resultFormat",
    "value" : "allure2"
  } ],
  "parameters" : [ {
    "name" : "code",
    "value" : "1111"
  }, {
    "name" : "user",
    "value" : "{'name': 'Морозов Макар Владиславович', 'email': 'saveli_2019@example.org', 'phone': '+380636424945'}"
  } ],
  "links" : [ ],
  "hidden" : false,
  "retry" : false,
  "extra" : {
    "severity" : "normal",
    "retries" : [ ],
    "categories" : [ {
      "name" : "Test defects",
      "matchedStatuses" : [ ],
      "flaky" : false
    } ],
    "tags" : [ ]
  },
  "source" : "2e759fb7c41774e1.json",
  "parameterValues" : [ "1111", "{'name': 'Морозов Макар Владиславович', 'email': 'saveli_2019@example.org', 'phone': '+380636424945'}" ]
}