{
  "uid" : "32864489b21751db",
  "name" : "test_registration_user_with_wrong_code_awdev_t506[{'name': '\\u0416\\u0443\\u043a\\u043e\\u0432\\u0430 \\u0415\\u0432\\u0444\\u0440\\u043e\\u0441\\u0438\\u043d\\u0438\\u044f \\u0410\\u043d\\u0430\\u0442\\u043e\\u043b\\u044c\\u0435\\u0432\\u043d\\u0430', 'email': 'ostapgrigorev@example.org', 'phone': '+380636169081'}-8889]",
  "fullName" : "tests.ui.test_registration_new_user.TestRegistrationUser#test_registration_user_with_wrong_code_awdev_t506",
  "historyId" : "459e72e014808f1cbbe41384ecb5008c",
  "time" : {
    "start" : 1729878838150,
    "stop" : 1729878864042,
    "duration" : 25892
  },
  "status" : "broken",
  "statusMessage" : "selenium.common.exceptions.TimeoutException: Message: \nStacktrace:\n#0 0x56148a1918ae <unknown>\n#1 0x561489cc6c40 <unknown>\n#2 0x561489d12e12 <unknown>\n#3 0x561489d13011 <unknown>\n#4 0x561489d5cbc4 <unknown>\n#5 0x561489d3aefd <unknown>\n#6 0x561489d5a6d2 <unknown>\n#7 0x561489d3ac73 <unknown>\n#8 0x561489d066e8 <unknown>\n#9 0x561489d0769e <unknown>\n#10 0x56148a164c66 <unknown>\n#11 0x56148a167f97 <unknown>\n#12 0x56148a167a58 <unknown>\n#13 0x56148a168425 <unknown>\n#14 0x56148a155b6e <unknown>\n#15 0x56148a16876f <unknown>\n#16 0x56148a13f625 <unknown>\n#17 0x56148a180d55 <unknown>\n#18 0x56148a180f36 <unknown>\n#19 0x56148a1906e5 <unknown>\n#20 0x7f08e252b144 <unknown>",
  "statusTrace" : "self = <tests.ui.test_registration_new_user.TestRegistrationUser object at 0x7f8f28b9b310>\nuser = {'email': 'ostapgrigorev@example.org', 'name': 'Жукова Евфросиния Анатольевна', 'phone': '+380636169081'}\ncode = 8889\n\n    @allure.step(\"Registration new user with wrong code AWDEV-T506\")\n    @pytest.mark.parametrize(\"user, code\",\n                             [(RegistrationUserUi.new_user_name_phone_email, DEFAULT_CODE_AUTHORIZATION)], ids=str)\n    def test_registration_user_with_wrong_code_awdev_t506(self, user, code):\n        self.registration_page.open_registration_form()\n        self.registration_page.fill_registration_form(user=user)\n>       self.registration_page.confirm_registration_form(code=code, correct=False)\n\ntests/ui/test_registration_new_user.py:41: \n_ _ _ _ _ _ _ _ _ _ _ _ _ _ _ _ _ _ _ _ _ _ _ _ _ _ _ _ _ _ _ _ _ _ _ _ _ _ _ _ \nsrc/pages/registration_page.py:44: in confirm_registration_form\n    self.fill_field_with_click(self.CODE_FIELD, code)\nsrc/base_classes/base_page.py:46: in fill_field_with_click\n    self.wait.until(EC.element_to_be_clickable(field_name)).click()\n_ _ _ _ _ _ _ _ _ _ _ _ _ _ _ _ _ _ _ _ _ _ _ _ _ _ _ _ _ _ _ _ _ _ _ _ _ _ _ _ \n\nself = <selenium.webdriver.support.wait.WebDriverWait (session=\"cde499f58b9097611211c2c8e4e7f061\")>\nmethod = <function element_to_be_clickable.<locals>._predicate at 0x7f8f281f51b0>\nmessage = ''\n\n    def until(self, method: Callable[[D], Union[Literal[False], T]], message: str = \"\") -> T:\n        \"\"\"Calls the method provided with the driver as an argument until the \\\n        return value does not evaluate to ``False``.\n    \n        :param method: callable(WebDriver)\n        :param message: optional message for :exc:`TimeoutException`\n        :returns: the result of the last call to `method`\n        :raises: :exc:`selenium.common.exceptions.TimeoutException` if timeout occurs\n        \"\"\"\n        screen = None\n        stacktrace = None\n    \n        end_time = time.monotonic() + self._timeout\n        while True:\n            try:\n                value = method(self._driver)\n                if value:\n                    return value\n            except self._ignored_exceptions as exc:\n                screen = getattr(exc, \"screen\", None)\n                stacktrace = getattr(exc, \"stacktrace\", None)\n            time.sleep(self._poll)\n            if time.monotonic() > end_time:\n                break\n>       raise TimeoutException(message, screen, stacktrace)\nE       selenium.common.exceptions.TimeoutException: Message: \nE       Stacktrace:\nE       #0 0x56148a1918ae <unknown>\nE       #1 0x561489cc6c40 <unknown>\nE       #2 0x561489d12e12 <unknown>\nE       #3 0x561489d13011 <unknown>\nE       #4 0x561489d5cbc4 <unknown>\nE       #5 0x561489d3aefd <unknown>\nE       #6 0x561489d5a6d2 <unknown>\nE       #7 0x561489d3ac73 <unknown>\nE       #8 0x561489d066e8 <unknown>\nE       #9 0x561489d0769e <unknown>\nE       #10 0x56148a164c66 <unknown>\nE       #11 0x56148a167f97 <unknown>\nE       #12 0x56148a167a58 <unknown>\nE       #13 0x56148a168425 <unknown>\nE       #14 0x56148a155b6e <unknown>\nE       #15 0x56148a16876f <unknown>\nE       #16 0x56148a13f625 <unknown>\nE       #17 0x56148a180d55 <unknown>\nE       #18 0x56148a180f36 <unknown>\nE       #19 0x56148a1906e5 <unknown>\nE       #20 0x7f08e252b144 <unknown>\n\n../local/lib/python3.10/site-packages/selenium/webdriver/support/wait.py:105: TimeoutException",
  "flaky" : false,
  "newFailed" : false,
  "beforeStages" : [ {
    "name" : "_session_faker",
    "time" : {
      "start" : 1729878798274,
      "stop" : 1729878798351,
      "duration" : 77
    },
    "status" : "passed",
    "steps" : [ ],
    "attachments" : [ ],
    "parameters" : [ ],
    "stepsCount" : 0,
    "attachmentsCount" : 0,
    "shouldDisplayMessage" : false,
    "hasContent" : false
  }, {
    "name" : "set_driver",
    "time" : {
      "start" : 1729878837661,
      "stop" : 1729878838148,
      "duration" : 487
    },
    "status" : "passed",
    "steps" : [ ],
    "attachments" : [ ],
    "parameters" : [ ],
    "stepsCount" : 0,
    "attachmentsCount" : 0,
    "shouldDisplayMessage" : false,
    "hasContent" : false
  }, {
    "name" : "set_env_settings",
    "time" : {
      "start" : 1729878798352,
      "stop" : 1729878798353,
      "duration" : 1
    },
    "status" : "passed",
    "steps" : [ ],
    "attachments" : [ ],
    "parameters" : [ ],
    "stepsCount" : 0,
    "attachmentsCount" : 0,
    "shouldDisplayMessage" : false,
    "hasContent" : false
  }, {
    "name" : "pytestconfig",
    "time" : {
      "start" : 1729878798352,
      "stop" : 1729878798352,
      "duration" : 0
    },
    "status" : "passed",
    "steps" : [ ],
    "attachments" : [ ],
    "parameters" : [ ],
    "stepsCount" : 0,
    "attachmentsCount" : 0,
    "shouldDisplayMessage" : false,
    "hasContent" : false
  }, {
    "name" : "setup",
    "time" : {
      "start" : 1729878838148,
      "stop" : 1729878838149,
      "duration" : 1
    },
    "status" : "passed",
    "steps" : [ ],
    "attachments" : [ ],
    "parameters" : [ ],
    "stepsCount" : 0,
    "attachmentsCount" : 0,
    "shouldDisplayMessage" : false,
    "hasContent" : false
  } ],
  "testStage" : {
    "status" : "broken",
    "statusMessage" : "selenium.common.exceptions.TimeoutException: Message: \nStacktrace:\n#0 0x56148a1918ae <unknown>\n#1 0x561489cc6c40 <unknown>\n#2 0x561489d12e12 <unknown>\n#3 0x561489d13011 <unknown>\n#4 0x561489d5cbc4 <unknown>\n#5 0x561489d3aefd <unknown>\n#6 0x561489d5a6d2 <unknown>\n#7 0x561489d3ac73 <unknown>\n#8 0x561489d066e8 <unknown>\n#9 0x561489d0769e <unknown>\n#10 0x56148a164c66 <unknown>\n#11 0x56148a167f97 <unknown>\n#12 0x56148a167a58 <unknown>\n#13 0x56148a168425 <unknown>\n#14 0x56148a155b6e <unknown>\n#15 0x56148a16876f <unknown>\n#16 0x56148a13f625 <unknown>\n#17 0x56148a180d55 <unknown>\n#18 0x56148a180f36 <unknown>\n#19 0x56148a1906e5 <unknown>\n#20 0x7f08e252b144 <unknown>",
    "statusTrace" : "self = <tests.ui.test_registration_new_user.TestRegistrationUser object at 0x7f8f28b9b310>\nuser = {'email': 'ostapgrigorev@example.org', 'name': 'Жукова Евфросиния Анатольевна', 'phone': '+380636169081'}\ncode = 8889\n\n    @allure.step(\"Registration new user with wrong code AWDEV-T506\")\n    @pytest.mark.parametrize(\"user, code\",\n                             [(RegistrationUserUi.new_user_name_phone_email, DEFAULT_CODE_AUTHORIZATION)], ids=str)\n    def test_registration_user_with_wrong_code_awdev_t506(self, user, code):\n        self.registration_page.open_registration_form()\n        self.registration_page.fill_registration_form(user=user)\n>       self.registration_page.confirm_registration_form(code=code, correct=False)\n\ntests/ui/test_registration_new_user.py:41: \n_ _ _ _ _ _ _ _ _ _ _ _ _ _ _ _ _ _ _ _ _ _ _ _ _ _ _ _ _ _ _ _ _ _ _ _ _ _ _ _ \nsrc/pages/registration_page.py:44: in confirm_registration_form\n    self.fill_field_with_click(self.CODE_FIELD, code)\nsrc/base_classes/base_page.py:46: in fill_field_with_click\n    self.wait.until(EC.element_to_be_clickable(field_name)).click()\n_ _ _ _ _ _ _ _ _ _ _ _ _ _ _ _ _ _ _ _ _ _ _ _ _ _ _ _ _ _ _ _ _ _ _ _ _ _ _ _ \n\nself = <selenium.webdriver.support.wait.WebDriverWait (session=\"cde499f58b9097611211c2c8e4e7f061\")>\nmethod = <function element_to_be_clickable.<locals>._predicate at 0x7f8f281f51b0>\nmessage = ''\n\n    def until(self, method: Callable[[D], Union[Literal[False], T]], message: str = \"\") -> T:\n        \"\"\"Calls the method provided with the driver as an argument until the \\\n        return value does not evaluate to ``False``.\n    \n        :param method: callable(WebDriver)\n        :param message: optional message for :exc:`TimeoutException`\n        :returns: the result of the last call to `method`\n        :raises: :exc:`selenium.common.exceptions.TimeoutException` if timeout occurs\n        \"\"\"\n        screen = None\n        stacktrace = None\n    \n        end_time = time.monotonic() + self._timeout\n        while True:\n            try:\n                value = method(self._driver)\n                if value:\n                    return value\n            except self._ignored_exceptions as exc:\n                screen = getattr(exc, \"screen\", None)\n                stacktrace = getattr(exc, \"stacktrace\", None)\n            time.sleep(self._poll)\n            if time.monotonic() > end_time:\n                break\n>       raise TimeoutException(message, screen, stacktrace)\nE       selenium.common.exceptions.TimeoutException: Message: \nE       Stacktrace:\nE       #0 0x56148a1918ae <unknown>\nE       #1 0x561489cc6c40 <unknown>\nE       #2 0x561489d12e12 <unknown>\nE       #3 0x561489d13011 <unknown>\nE       #4 0x561489d5cbc4 <unknown>\nE       #5 0x561489d3aefd <unknown>\nE       #6 0x561489d5a6d2 <unknown>\nE       #7 0x561489d3ac73 <unknown>\nE       #8 0x561489d066e8 <unknown>\nE       #9 0x561489d0769e <unknown>\nE       #10 0x56148a164c66 <unknown>\nE       #11 0x56148a167f97 <unknown>\nE       #12 0x56148a167a58 <unknown>\nE       #13 0x56148a168425 <unknown>\nE       #14 0x56148a155b6e <unknown>\nE       #15 0x56148a16876f <unknown>\nE       #16 0x56148a13f625 <unknown>\nE       #17 0x56148a180d55 <unknown>\nE       #18 0x56148a180f36 <unknown>\nE       #19 0x56148a1906e5 <unknown>\nE       #20 0x7f08e252b144 <unknown>\n\n../local/lib/python3.10/site-packages/selenium/webdriver/support/wait.py:105: TimeoutException",
    "steps" : [ {
      "name" : "Registration new user with wrong code AWDEV-T506",
      "time" : {
        "start" : 1729878838150,
        "stop" : 1729878864042,
        "duration" : 25892
      },
      "status" : "broken",
      "statusMessage" : "selenium.common.exceptions.TimeoutException: Message: \nStacktrace:\n#0 0x56148a1918ae <unknown>\n#1 0x561489cc6c40 <unknown>\n#2 0x561489d12e12 <unknown>\n#3 0x561489d13011 <unknown>\n#4 0x561489d5cbc4 <unknown>\n#5 0x561489d3aefd <unknown>\n#6 0x561489d5a6d2 <unknown>\n#7 0x561489d3ac73 <unknown>\n#8 0x561489d066e8 <unknown>\n#9 0x561489d0769e <unknown>\n#10 0x56148a164c66 <unknown>\n#11 0x56148a167f97 <unknown>\n#12 0x56148a167a58 <unknown>\n#13 0x56148a168425 <unknown>\n#14 0x56148a155b6e <unknown>\n#15 0x56148a16876f <unknown>\n#16 0x56148a13f625 <unknown>\n#17 0x56148a180d55 <unknown>\n#18 0x56148a180f36 <unknown>\n#19 0x56148a1906e5 <unknown>\n#20 0x7f08e252b144 <unknown>\n\n",
      "statusTrace" : "  File \"/usr/local/lib/python3.10/site-packages/allure_commons/_allure.py\", line 192, in impl\n    return func(*a, **kw)\n  File \"/usr/workspace/tests/ui/test_registration_new_user.py\", line 41, in test_registration_user_with_wrong_code_awdev_t506\n    self.registration_page.confirm_registration_form(code=code, correct=False)\n  File \"/usr/workspace/src/pages/registration_page.py\", line 44, in confirm_registration_form\n    self.fill_field_with_click(self.CODE_FIELD, code)\n  File \"/usr/workspace/src/base_classes/base_page.py\", line 46, in fill_field_with_click\n    self.wait.until(EC.element_to_be_clickable(field_name)).click()\n  File \"/usr/local/lib/python3.10/site-packages/selenium/webdriver/support/wait.py\", line 105, in until\n    raise TimeoutException(message, screen, stacktrace)\n",
      "steps" : [ {
        "name" : "Open 'https://m2-live-qa-001.antoshka.ua/uk/' page",
        "time" : {
          "start" : 1729878838150,
          "stop" : 1729878842126,
          "duration" : 3976
        },
        "status" : "passed",
        "steps" : [ ],
        "attachments" : [ ],
        "parameters" : [ ],
        "stepsCount" : 0,
        "attachmentsCount" : 0,
        "shouldDisplayMessage" : false,
        "hasContent" : false
      }, {
        "name" : "Page 'https://m2-live-qa-001.antoshka.ua/uk/' is opened",
        "time" : {
          "start" : 1729878842126,
          "stop" : 1729878842131,
          "duration" : 5
        },
        "status" : "passed",
        "steps" : [ ],
        "attachments" : [ ],
        "parameters" : [ ],
        "stepsCount" : 0,
        "attachmentsCount" : 0,
        "shouldDisplayMessage" : false,
        "hasContent" : false
      }, {
        "name" : "Click ('xpath', \"//*[@id='login-enter']\")",
        "time" : {
          "start" : 1729878842131,
          "stop" : 1729878842196,
          "duration" : 65
        },
        "status" : "passed",
        "steps" : [ ],
        "attachments" : [ ],
        "parameters" : [ ],
        "stepsCount" : 0,
        "attachmentsCount" : 0,
        "shouldDisplayMessage" : false,
        "hasContent" : false
      }, {
        "name" : "Click ('xpath', '//form[1]//a')",
        "time" : {
          "start" : 1729878842197,
          "stop" : 1729878843283,
          "duration" : 1086
        },
        "status" : "passed",
        "steps" : [ ],
        "attachments" : [ ],
        "parameters" : [ ],
        "stepsCount" : 0,
        "attachmentsCount" : 0,
        "shouldDisplayMessage" : false,
        "hasContent" : false
      }, {
        "name" : "Fill '('xpath', \"//input[@data-validation='name']\")' with data 'Ж'",
        "time" : {
          "start" : 1729878843283,
          "stop" : 1729878843411,
          "duration" : 128
        },
        "status" : "passed",
        "steps" : [ ],
        "attachments" : [ ],
        "parameters" : [ ],
        "stepsCount" : 0,
        "attachmentsCount" : 0,
        "shouldDisplayMessage" : false,
        "hasContent" : false
      }, {
        "name" : "Fill '('xpath', \"//*[@id='telephone']\")' with data '636169081'",
        "time" : {
          "start" : 1729878843411,
          "stop" : 1729878843559,
          "duration" : 148
        },
        "status" : "passed",
        "steps" : [ ],
        "attachments" : [ ],
        "parameters" : [ ],
        "stepsCount" : 0,
        "attachmentsCount" : 0,
        "shouldDisplayMessage" : false,
        "hasContent" : false
      }, {
        "name" : "Fill '('xpath', \"//input[@data-validation='email']\")' with data 'ostapgrigorev@example.org'",
        "time" : {
          "start" : 1729878843559,
          "stop" : 1729878843715,
          "duration" : 156
        },
        "status" : "passed",
        "steps" : [ ],
        "attachments" : [ ],
        "parameters" : [ ],
        "stepsCount" : 0,
        "attachmentsCount" : 0,
        "shouldDisplayMessage" : false,
        "hasContent" : false
      }, {
        "name" : "Click ('xpath', \"//button[@class='auth_next']\")",
        "time" : {
          "start" : 1729878843715,
          "stop" : 1729878843771,
          "duration" : 56
        },
        "status" : "passed",
        "steps" : [ ],
        "attachments" : [ ],
        "parameters" : [ ],
        "stepsCount" : 0,
        "attachmentsCount" : 0,
        "shouldDisplayMessage" : false,
        "hasContent" : false
      }, {
        "name" : "Fill '('xpath', \"//input[@id='code-auth']\")' with data '8889'",
        "time" : {
          "start" : 1729878843771,
          "stop" : 1729878864042,
          "duration" : 20271
        },
        "status" : "broken",
        "statusMessage" : "selenium.common.exceptions.TimeoutException: Message: \nStacktrace:\n#0 0x56148a1918ae <unknown>\n#1 0x561489cc6c40 <unknown>\n#2 0x561489d12e12 <unknown>\n#3 0x561489d13011 <unknown>\n#4 0x561489d5cbc4 <unknown>\n#5 0x561489d3aefd <unknown>\n#6 0x561489d5a6d2 <unknown>\n#7 0x561489d3ac73 <unknown>\n#8 0x561489d066e8 <unknown>\n#9 0x561489d0769e <unknown>\n#10 0x56148a164c66 <unknown>\n#11 0x56148a167f97 <unknown>\n#12 0x56148a167a58 <unknown>\n#13 0x56148a168425 <unknown>\n#14 0x56148a155b6e <unknown>\n#15 0x56148a16876f <unknown>\n#16 0x56148a13f625 <unknown>\n#17 0x56148a180d55 <unknown>\n#18 0x56148a180f36 <unknown>\n#19 0x56148a1906e5 <unknown>\n#20 0x7f08e252b144 <unknown>\n\n",
        "statusTrace" : "  File \"/usr/workspace/src/base_classes/base_page.py\", line 46, in fill_field_with_click\n    self.wait.until(EC.element_to_be_clickable(field_name)).click()\n  File \"/usr/local/lib/python3.10/site-packages/selenium/webdriver/support/wait.py\", line 105, in until\n    raise TimeoutException(message, screen, stacktrace)\n",
        "steps" : [ ],
        "attachments" : [ ],
        "parameters" : [ ],
        "stepsCount" : 0,
        "attachmentsCount" : 0,
        "shouldDisplayMessage" : true,
        "hasContent" : true
      } ],
      "attachments" : [ ],
      "parameters" : [ {
        "name" : "user",
        "value" : "{'name': 'Жукова Евфросиния Анатольевна', 'email': 'ostapgrigorev@example.org', 'phone': '+380636169081'}"
      }, {
        "name" : "code",
        "value" : "8889"
      } ],
      "stepsCount" : 9,
      "attachmentsCount" : 0,
      "shouldDisplayMessage" : false,
      "hasContent" : true
    } ],
    "attachments" : [ {
      "uid" : "832c428ac4616a39",
      "name" : "log",
      "source" : "832c428ac4616a39.txt",
      "type" : "text/plain",
      "size" : 92
    } ],
    "parameters" : [ ],
    "stepsCount" : 10,
    "attachmentsCount" : 1,
    "shouldDisplayMessage" : true,
    "hasContent" : true
  },
  "afterStages" : [ {
    "name" : "set_driver::0",
    "time" : {
      "start" : 1729878864050,
      "stop" : 1729878864118,
      "duration" : 68
    },
    "status" : "passed",
    "steps" : [ ],
    "attachments" : [ ],
    "parameters" : [ ],
    "stepsCount" : 0,
    "attachmentsCount" : 0,
    "shouldDisplayMessage" : false,
    "hasContent" : false
  } ],
  "labels" : [ {
    "name" : "parentSuite",
    "value" : "tests.ui"
  }, {
    "name" : "suite",
    "value" : "test_registration_new_user"
  }, {
    "name" : "subSuite",
    "value" : "TestRegistrationUser"
  }, {
    "name" : "host",
    "value" : "e47562093b22"
  }, {
    "name" : "thread",
    "value" : "7-MainThread"
  }, {
    "name" : "framework",
    "value" : "pytest"
  }, {
    "name" : "language",
    "value" : "cpython3"
  }, {
    "name" : "package",
    "value" : "tests.ui.test_registration_new_user"
  }, {
    "name" : "resultFormat",
    "value" : "allure2"
  } ],
  "parameters" : [ {
    "name" : "code",
    "value" : "8889"
  }, {
    "name" : "user",
    "value" : "{'name': 'Жукова Евфросиния Анатольевна', 'email': 'ostapgrigorev@example.org', 'phone': '+380636169081'}"
  } ],
  "links" : [ ],
  "hidden" : false,
  "retry" : false,
  "extra" : {
    "severity" : "normal",
    "retries" : [ ],
    "categories" : [ {
      "name" : "Test defects",
      "matchedStatuses" : [ ],
      "flaky" : false
    } ],
    "tags" : [ ]
  },
  "source" : "32864489b21751db.json",
  "parameterValues" : [ "8889", "{'name': 'Жукова Евфросиния Анатольевна', 'email': 'ostapgrigorev@example.org', 'phone': '+380636169081'}" ]
}