{
  "uid" : "3491ee1d87fca72c",
  "name" : "test_registration_new_user_awdev_t506[{'name': '\\u041b\\u0443\\u043a\\u0430 \\u0410\\u0430\\u0440\\u043e\\u043d\\u043e\\u0432\\u0438\\u0447 \\u041d\\u0438\\u043a\\u043e\\u043b\\u0430\\u0435\\u0432', 'email': 'askold1970@example.com', 'phone': '+380635784160'}-1111]",
  "fullName" : "tests.ui.test_registration_new_user.TestRegistrationUser#test_registration_new_user_awdev_t506",
  "historyId" : "68533b121f108301128cd9f5441c0047",
  "time" : {
    "start" : 1729890992593,
    "stop" : 1729891018521,
    "duration" : 25928
  },
  "status" : "broken",
  "statusMessage" : "selenium.common.exceptions.TimeoutException: Message: \nStacktrace:\n#0 0x5607bf50d8ae <unknown>\n#1 0x5607bf042c40 <unknown>\n#2 0x5607bf08ee12 <unknown>\n#3 0x5607bf08f011 <unknown>\n#4 0x5607bf0d8bc4 <unknown>\n#5 0x5607bf0b6efd <unknown>\n#6 0x5607bf0d66d2 <unknown>\n#7 0x5607bf0b6c73 <unknown>\n#8 0x5607bf0826e8 <unknown>\n#9 0x5607bf08369e <unknown>\n#10 0x5607bf4e0c66 <unknown>\n#11 0x5607bf4e3f97 <unknown>\n#12 0x5607bf4e3a58 <unknown>\n#13 0x5607bf4e4425 <unknown>\n#14 0x5607bf4d1b6e <unknown>\n#15 0x5607bf4e476f <unknown>\n#16 0x5607bf4bb625 <unknown>\n#17 0x5607bf4fcd55 <unknown>\n#18 0x5607bf4fcf36 <unknown>\n#19 0x5607bf50c6e5 <unknown>\n#20 0x7fc4e945d144 <unknown>",
  "statusTrace" : "self = <tests.ui.test_registration_new_user.TestRegistrationUser object at 0x7f79b4a475e0>\nuser = {'email': 'askold1970@example.com', 'name': 'Лука Ааронович Николаев', 'phone': '+380635784160'}\ncode = 1111\n\n    @allure.step(\"Registration new user AWDEV-T506\")\n    @pytest.mark.parametrize(\"user, code\", [\n        (RegistrationUserUi.user_name_phone_email, DEFAULT_CODE_REGISTRATION)], ids=str)\n    def test_registration_new_user_awdev_t506(self, user, code):\n        self.registration_page.open_registration_form()\n        self.registration_page.fill_registration_form(user=user)\n>       self.registration_page.confirm_registration_form(code=code)\n\ntests/ui/test_registration_new_user.py:16: \n_ _ _ _ _ _ _ _ _ _ _ _ _ _ _ _ _ _ _ _ _ _ _ _ _ _ _ _ _ _ _ _ _ _ _ _ _ _ _ _ \nsrc/pages/registration_page.py:44: in confirm_registration_form\n    self.fill_field_with_click(self.CODE_FIELD, code)\nsrc/base_classes/base_page.py:46: in fill_field_with_click\n    self.wait.until(EC.element_to_be_clickable(field_name)).click()\n_ _ _ _ _ _ _ _ _ _ _ _ _ _ _ _ _ _ _ _ _ _ _ _ _ _ _ _ _ _ _ _ _ _ _ _ _ _ _ _ \n\nself = <selenium.webdriver.support.wait.WebDriverWait (session=\"56c1bf87ae61ad9caa519d9d85cec051\")>\nmethod = <function element_to_be_clickable.<locals>._predicate at 0x7f79b4ae7be0>\nmessage = ''\n\n    def until(self, method: Callable[[D], Union[Literal[False], T]], message: str = \"\") -> T:\n        \"\"\"Calls the method provided with the driver as an argument until the \\\n        return value does not evaluate to ``False``.\n    \n        :param method: callable(WebDriver)\n        :param message: optional message for :exc:`TimeoutException`\n        :returns: the result of the last call to `method`\n        :raises: :exc:`selenium.common.exceptions.TimeoutException` if timeout occurs\n        \"\"\"\n        screen = None\n        stacktrace = None\n    \n        end_time = time.monotonic() + self._timeout\n        while True:\n            try:\n                value = method(self._driver)\n                if value:\n                    return value\n            except self._ignored_exceptions as exc:\n                screen = getattr(exc, \"screen\", None)\n                stacktrace = getattr(exc, \"stacktrace\", None)\n            time.sleep(self._poll)\n            if time.monotonic() > end_time:\n                break\n>       raise TimeoutException(message, screen, stacktrace)\nE       selenium.common.exceptions.TimeoutException: Message: \nE       Stacktrace:\nE       #0 0x5607bf50d8ae <unknown>\nE       #1 0x5607bf042c40 <unknown>\nE       #2 0x5607bf08ee12 <unknown>\nE       #3 0x5607bf08f011 <unknown>\nE       #4 0x5607bf0d8bc4 <unknown>\nE       #5 0x5607bf0b6efd <unknown>\nE       #6 0x5607bf0d66d2 <unknown>\nE       #7 0x5607bf0b6c73 <unknown>\nE       #8 0x5607bf0826e8 <unknown>\nE       #9 0x5607bf08369e <unknown>\nE       #10 0x5607bf4e0c66 <unknown>\nE       #11 0x5607bf4e3f97 <unknown>\nE       #12 0x5607bf4e3a58 <unknown>\nE       #13 0x5607bf4e4425 <unknown>\nE       #14 0x5607bf4d1b6e <unknown>\nE       #15 0x5607bf4e476f <unknown>\nE       #16 0x5607bf4bb625 <unknown>\nE       #17 0x5607bf4fcd55 <unknown>\nE       #18 0x5607bf4fcf36 <unknown>\nE       #19 0x5607bf50c6e5 <unknown>\nE       #20 0x7fc4e945d144 <unknown>\n\n../local/lib/python3.10/site-packages/selenium/webdriver/support/wait.py:105: TimeoutException",
  "flaky" : false,
  "newFailed" : false,
  "beforeStages" : [ {
    "name" : "setup",
    "time" : {
      "start" : 1729890992592,
      "stop" : 1729890992592,
      "duration" : 0
    },
    "status" : "passed",
    "steps" : [ ],
    "attachments" : [ ],
    "parameters" : [ ],
    "stepsCount" : 0,
    "attachmentsCount" : 0,
    "shouldDisplayMessage" : false,
    "hasContent" : false
  }, {
    "name" : "set_env_settings",
    "time" : {
      "start" : 1729890991901,
      "stop" : 1729890991902,
      "duration" : 1
    },
    "status" : "passed",
    "steps" : [ ],
    "attachments" : [ ],
    "parameters" : [ ],
    "stepsCount" : 0,
    "attachmentsCount" : 0,
    "shouldDisplayMessage" : false,
    "hasContent" : false
  }, {
    "name" : "pytestconfig",
    "time" : {
      "start" : 1729890991901,
      "stop" : 1729890991901,
      "duration" : 0
    },
    "status" : "passed",
    "steps" : [ ],
    "attachments" : [ ],
    "parameters" : [ ],
    "stepsCount" : 0,
    "attachmentsCount" : 0,
    "shouldDisplayMessage" : false,
    "hasContent" : false
  }, {
    "name" : "_session_faker",
    "time" : {
      "start" : 1729890991827,
      "stop" : 1729890991901,
      "duration" : 74
    },
    "status" : "passed",
    "steps" : [ ],
    "attachments" : [ ],
    "parameters" : [ ],
    "stepsCount" : 0,
    "attachmentsCount" : 0,
    "shouldDisplayMessage" : false,
    "hasContent" : false
  }, {
    "name" : "set_driver",
    "time" : {
      "start" : 1729890991902,
      "stop" : 1729890992592,
      "duration" : 690
    },
    "status" : "passed",
    "steps" : [ ],
    "attachments" : [ ],
    "parameters" : [ ],
    "stepsCount" : 0,
    "attachmentsCount" : 0,
    "shouldDisplayMessage" : false,
    "hasContent" : false
  } ],
  "testStage" : {
    "status" : "broken",
    "statusMessage" : "selenium.common.exceptions.TimeoutException: Message: \nStacktrace:\n#0 0x5607bf50d8ae <unknown>\n#1 0x5607bf042c40 <unknown>\n#2 0x5607bf08ee12 <unknown>\n#3 0x5607bf08f011 <unknown>\n#4 0x5607bf0d8bc4 <unknown>\n#5 0x5607bf0b6efd <unknown>\n#6 0x5607bf0d66d2 <unknown>\n#7 0x5607bf0b6c73 <unknown>\n#8 0x5607bf0826e8 <unknown>\n#9 0x5607bf08369e <unknown>\n#10 0x5607bf4e0c66 <unknown>\n#11 0x5607bf4e3f97 <unknown>\n#12 0x5607bf4e3a58 <unknown>\n#13 0x5607bf4e4425 <unknown>\n#14 0x5607bf4d1b6e <unknown>\n#15 0x5607bf4e476f <unknown>\n#16 0x5607bf4bb625 <unknown>\n#17 0x5607bf4fcd55 <unknown>\n#18 0x5607bf4fcf36 <unknown>\n#19 0x5607bf50c6e5 <unknown>\n#20 0x7fc4e945d144 <unknown>",
    "statusTrace" : "self = <tests.ui.test_registration_new_user.TestRegistrationUser object at 0x7f79b4a475e0>\nuser = {'email': 'askold1970@example.com', 'name': 'Лука Ааронович Николаев', 'phone': '+380635784160'}\ncode = 1111\n\n    @allure.step(\"Registration new user AWDEV-T506\")\n    @pytest.mark.parametrize(\"user, code\", [\n        (RegistrationUserUi.user_name_phone_email, DEFAULT_CODE_REGISTRATION)], ids=str)\n    def test_registration_new_user_awdev_t506(self, user, code):\n        self.registration_page.open_registration_form()\n        self.registration_page.fill_registration_form(user=user)\n>       self.registration_page.confirm_registration_form(code=code)\n\ntests/ui/test_registration_new_user.py:16: \n_ _ _ _ _ _ _ _ _ _ _ _ _ _ _ _ _ _ _ _ _ _ _ _ _ _ _ _ _ _ _ _ _ _ _ _ _ _ _ _ \nsrc/pages/registration_page.py:44: in confirm_registration_form\n    self.fill_field_with_click(self.CODE_FIELD, code)\nsrc/base_classes/base_page.py:46: in fill_field_with_click\n    self.wait.until(EC.element_to_be_clickable(field_name)).click()\n_ _ _ _ _ _ _ _ _ _ _ _ _ _ _ _ _ _ _ _ _ _ _ _ _ _ _ _ _ _ _ _ _ _ _ _ _ _ _ _ \n\nself = <selenium.webdriver.support.wait.WebDriverWait (session=\"56c1bf87ae61ad9caa519d9d85cec051\")>\nmethod = <function element_to_be_clickable.<locals>._predicate at 0x7f79b4ae7be0>\nmessage = ''\n\n    def until(self, method: Callable[[D], Union[Literal[False], T]], message: str = \"\") -> T:\n        \"\"\"Calls the method provided with the driver as an argument until the \\\n        return value does not evaluate to ``False``.\n    \n        :param method: callable(WebDriver)\n        :param message: optional message for :exc:`TimeoutException`\n        :returns: the result of the last call to `method`\n        :raises: :exc:`selenium.common.exceptions.TimeoutException` if timeout occurs\n        \"\"\"\n        screen = None\n        stacktrace = None\n    \n        end_time = time.monotonic() + self._timeout\n        while True:\n            try:\n                value = method(self._driver)\n                if value:\n                    return value\n            except self._ignored_exceptions as exc:\n                screen = getattr(exc, \"screen\", None)\n                stacktrace = getattr(exc, \"stacktrace\", None)\n            time.sleep(self._poll)\n            if time.monotonic() > end_time:\n                break\n>       raise TimeoutException(message, screen, stacktrace)\nE       selenium.common.exceptions.TimeoutException: Message: \nE       Stacktrace:\nE       #0 0x5607bf50d8ae <unknown>\nE       #1 0x5607bf042c40 <unknown>\nE       #2 0x5607bf08ee12 <unknown>\nE       #3 0x5607bf08f011 <unknown>\nE       #4 0x5607bf0d8bc4 <unknown>\nE       #5 0x5607bf0b6efd <unknown>\nE       #6 0x5607bf0d66d2 <unknown>\nE       #7 0x5607bf0b6c73 <unknown>\nE       #8 0x5607bf0826e8 <unknown>\nE       #9 0x5607bf08369e <unknown>\nE       #10 0x5607bf4e0c66 <unknown>\nE       #11 0x5607bf4e3f97 <unknown>\nE       #12 0x5607bf4e3a58 <unknown>\nE       #13 0x5607bf4e4425 <unknown>\nE       #14 0x5607bf4d1b6e <unknown>\nE       #15 0x5607bf4e476f <unknown>\nE       #16 0x5607bf4bb625 <unknown>\nE       #17 0x5607bf4fcd55 <unknown>\nE       #18 0x5607bf4fcf36 <unknown>\nE       #19 0x5607bf50c6e5 <unknown>\nE       #20 0x7fc4e945d144 <unknown>\n\n../local/lib/python3.10/site-packages/selenium/webdriver/support/wait.py:105: TimeoutException",
    "steps" : [ {
      "name" : "Registration new user AWDEV-T506",
      "time" : {
        "start" : 1729890992593,
        "stop" : 1729891018521,
        "duration" : 25928
      },
      "status" : "broken",
      "statusMessage" : "selenium.common.exceptions.TimeoutException: Message: \nStacktrace:\n#0 0x5607bf50d8ae <unknown>\n#1 0x5607bf042c40 <unknown>\n#2 0x5607bf08ee12 <unknown>\n#3 0x5607bf08f011 <unknown>\n#4 0x5607bf0d8bc4 <unknown>\n#5 0x5607bf0b6efd <unknown>\n#6 0x5607bf0d66d2 <unknown>\n#7 0x5607bf0b6c73 <unknown>\n#8 0x5607bf0826e8 <unknown>\n#9 0x5607bf08369e <unknown>\n#10 0x5607bf4e0c66 <unknown>\n#11 0x5607bf4e3f97 <unknown>\n#12 0x5607bf4e3a58 <unknown>\n#13 0x5607bf4e4425 <unknown>\n#14 0x5607bf4d1b6e <unknown>\n#15 0x5607bf4e476f <unknown>\n#16 0x5607bf4bb625 <unknown>\n#17 0x5607bf4fcd55 <unknown>\n#18 0x5607bf4fcf36 <unknown>\n#19 0x5607bf50c6e5 <unknown>\n#20 0x7fc4e945d144 <unknown>\n\n",
      "statusTrace" : "  File \"/usr/local/lib/python3.10/site-packages/allure_commons/_allure.py\", line 192, in impl\n    return func(*a, **kw)\n  File \"/usr/workspace/tests/ui/test_registration_new_user.py\", line 16, in test_registration_new_user_awdev_t506\n    self.registration_page.confirm_registration_form(code=code)\n  File \"/usr/workspace/src/pages/registration_page.py\", line 44, in confirm_registration_form\n    self.fill_field_with_click(self.CODE_FIELD, code)\n  File \"/usr/workspace/src/base_classes/base_page.py\", line 46, in fill_field_with_click\n    self.wait.until(EC.element_to_be_clickable(field_name)).click()\n  File \"/usr/local/lib/python3.10/site-packages/selenium/webdriver/support/wait.py\", line 105, in until\n    raise TimeoutException(message, screen, stacktrace)\n",
      "steps" : [ {
        "name" : "Open 'https://m2-live-qa-001.antoshka.ua/uk/' page",
        "time" : {
          "start" : 1729890992593,
          "stop" : 1729890996694,
          "duration" : 4101
        },
        "status" : "passed",
        "steps" : [ ],
        "attachments" : [ ],
        "parameters" : [ ],
        "stepsCount" : 0,
        "attachmentsCount" : 0,
        "shouldDisplayMessage" : false,
        "hasContent" : false
      }, {
        "name" : "Page 'https://m2-live-qa-001.antoshka.ua/uk/' is opened",
        "time" : {
          "start" : 1729890996695,
          "stop" : 1729890996700,
          "duration" : 5
        },
        "status" : "passed",
        "steps" : [ ],
        "attachments" : [ ],
        "parameters" : [ ],
        "stepsCount" : 0,
        "attachmentsCount" : 0,
        "shouldDisplayMessage" : false,
        "hasContent" : false
      }, {
        "name" : "Click ('xpath', \"//*[@id='login-enter']\")",
        "time" : {
          "start" : 1729890996701,
          "stop" : 1729890996764,
          "duration" : 63
        },
        "status" : "passed",
        "steps" : [ ],
        "attachments" : [ ],
        "parameters" : [ ],
        "stepsCount" : 0,
        "attachmentsCount" : 0,
        "shouldDisplayMessage" : false,
        "hasContent" : false
      }, {
        "name" : "Click ('xpath', '//form[1]//a')",
        "time" : {
          "start" : 1729890996764,
          "stop" : 1729890997836,
          "duration" : 1072
        },
        "status" : "passed",
        "steps" : [ ],
        "attachments" : [ ],
        "parameters" : [ ],
        "stepsCount" : 0,
        "attachmentsCount" : 0,
        "shouldDisplayMessage" : false,
        "hasContent" : false
      }, {
        "name" : "Fill '('xpath', \"//input[@data-validation='name']\")' with data 'Л'",
        "time" : {
          "start" : 1729890997836,
          "stop" : 1729890997949,
          "duration" : 113
        },
        "status" : "passed",
        "steps" : [ ],
        "attachments" : [ ],
        "parameters" : [ ],
        "stepsCount" : 0,
        "attachmentsCount" : 0,
        "shouldDisplayMessage" : false,
        "hasContent" : false
      }, {
        "name" : "Fill '('xpath', \"//*[@id='telephone']\")' with data '635784160'",
        "time" : {
          "start" : 1729890997949,
          "stop" : 1729890998086,
          "duration" : 137
        },
        "status" : "passed",
        "steps" : [ ],
        "attachments" : [ ],
        "parameters" : [ ],
        "stepsCount" : 0,
        "attachmentsCount" : 0,
        "shouldDisplayMessage" : false,
        "hasContent" : false
      }, {
        "name" : "Fill '('xpath', \"//input[@data-validation='email']\")' with data 'askold1970@example.com'",
        "time" : {
          "start" : 1729890998086,
          "stop" : 1729890998223,
          "duration" : 137
        },
        "status" : "passed",
        "steps" : [ ],
        "attachments" : [ ],
        "parameters" : [ ],
        "stepsCount" : 0,
        "attachmentsCount" : 0,
        "shouldDisplayMessage" : false,
        "hasContent" : false
      }, {
        "name" : "Click ('xpath', \"//button[@class='auth_next']\")",
        "time" : {
          "start" : 1729890998223,
          "stop" : 1729890998278,
          "duration" : 55
        },
        "status" : "passed",
        "steps" : [ ],
        "attachments" : [ ],
        "parameters" : [ ],
        "stepsCount" : 0,
        "attachmentsCount" : 0,
        "shouldDisplayMessage" : false,
        "hasContent" : false
      }, {
        "name" : "Fill '('xpath', \"//input[@id='code-auth']\")' with data '1111'",
        "time" : {
          "start" : 1729890998278,
          "stop" : 1729891018520,
          "duration" : 20242
        },
        "status" : "broken",
        "statusMessage" : "selenium.common.exceptions.TimeoutException: Message: \nStacktrace:\n#0 0x5607bf50d8ae <unknown>\n#1 0x5607bf042c40 <unknown>\n#2 0x5607bf08ee12 <unknown>\n#3 0x5607bf08f011 <unknown>\n#4 0x5607bf0d8bc4 <unknown>\n#5 0x5607bf0b6efd <unknown>\n#6 0x5607bf0d66d2 <unknown>\n#7 0x5607bf0b6c73 <unknown>\n#8 0x5607bf0826e8 <unknown>\n#9 0x5607bf08369e <unknown>\n#10 0x5607bf4e0c66 <unknown>\n#11 0x5607bf4e3f97 <unknown>\n#12 0x5607bf4e3a58 <unknown>\n#13 0x5607bf4e4425 <unknown>\n#14 0x5607bf4d1b6e <unknown>\n#15 0x5607bf4e476f <unknown>\n#16 0x5607bf4bb625 <unknown>\n#17 0x5607bf4fcd55 <unknown>\n#18 0x5607bf4fcf36 <unknown>\n#19 0x5607bf50c6e5 <unknown>\n#20 0x7fc4e945d144 <unknown>\n\n",
        "statusTrace" : "  File \"/usr/workspace/src/base_classes/base_page.py\", line 46, in fill_field_with_click\n    self.wait.until(EC.element_to_be_clickable(field_name)).click()\n  File \"/usr/local/lib/python3.10/site-packages/selenium/webdriver/support/wait.py\", line 105, in until\n    raise TimeoutException(message, screen, stacktrace)\n",
        "steps" : [ ],
        "attachments" : [ ],
        "parameters" : [ ],
        "stepsCount" : 0,
        "attachmentsCount" : 0,
        "shouldDisplayMessage" : true,
        "hasContent" : true
      } ],
      "attachments" : [ ],
      "parameters" : [ {
        "name" : "user",
        "value" : "{'name': 'Лука Ааронович Николаев', 'email': 'askold1970@example.com', 'phone': '+380635784160'}"
      }, {
        "name" : "code",
        "value" : "1111"
      } ],
      "stepsCount" : 9,
      "attachmentsCount" : 0,
      "shouldDisplayMessage" : false,
      "hasContent" : true
    } ],
    "attachments" : [ {
      "uid" : "4feca1dcefd7dbd1",
      "name" : "log",
      "source" : "4feca1dcefd7dbd1.txt",
      "type" : "text/plain",
      "size" : 92
    } ],
    "parameters" : [ ],
    "stepsCount" : 10,
    "attachmentsCount" : 1,
    "shouldDisplayMessage" : true,
    "hasContent" : true
  },
  "afterStages" : [ {
    "name" : "set_driver::0",
    "time" : {
      "start" : 1729891018563,
      "stop" : 1729891018632,
      "duration" : 69
    },
    "status" : "passed",
    "steps" : [ ],
    "attachments" : [ ],
    "parameters" : [ ],
    "stepsCount" : 0,
    "attachmentsCount" : 0,
    "shouldDisplayMessage" : false,
    "hasContent" : false
  } ],
  "labels" : [ {
    "name" : "parentSuite",
    "value" : "tests.ui"
  }, {
    "name" : "suite",
    "value" : "test_registration_new_user"
  }, {
    "name" : "subSuite",
    "value" : "TestRegistrationUser"
  }, {
    "name" : "host",
    "value" : "5b4c1c4ebc27"
  }, {
    "name" : "thread",
    "value" : "7-MainThread"
  }, {
    "name" : "framework",
    "value" : "pytest"
  }, {
    "name" : "language",
    "value" : "cpython3"
  }, {
    "name" : "package",
    "value" : "tests.ui.test_registration_new_user"
  }, {
    "name" : "resultFormat",
    "value" : "allure2"
  } ],
  "parameters" : [ {
    "name" : "code",
    "value" : "1111"
  }, {
    "name" : "user",
    "value" : "{'name': 'Лука Ааронович Николаев', 'email': 'askold1970@example.com', 'phone': '+380635784160'}"
  } ],
  "links" : [ ],
  "hidden" : false,
  "retry" : false,
  "extra" : {
    "severity" : "normal",
    "retries" : [ ],
    "categories" : [ {
      "name" : "Test defects",
      "matchedStatuses" : [ ],
      "flaky" : false
    } ],
    "tags" : [ ]
  },
  "source" : "3491ee1d87fca72c.json",
  "parameterValues" : [ "1111", "{'name': 'Лука Ааронович Николаев', 'email': 'askold1970@example.com', 'phone': '+380635784160'}" ]
}