{
  "uid" : "3c5b3d3612263aef",
  "name" : "Test Authorization authorized user AWDEV-T491",
  "fullName" : "tests.ui.test_authorization_user.TestRegistrationUser#test_authorization_user_awdew_t491",
  "historyId" : "ad0fa193154ae62618381a87ad8c3e13",
  "time" : {
    "start" : 1718551114738,
    "stop" : 1718551140156,
    "duration" : 25418
  },
  "status" : "broken",
  "statusMessage" : "selenium.common.exceptions.TimeoutException: Message: \nStacktrace:\n#0 0x7fe11fa23e3a <unknown>\n#1 0x7fe11f70d45c <unknown>\n#2 0x7fe11f7595b5 <unknown>\n#3 0x7fe11f759671 <unknown>\n#4 0x7fe11f79df14 <unknown>\n#5 0x7fe11f77c4dd <unknown>\n#6 0x7fe11f79b2cc <unknown>\n#7 0x7fe11f77c253 <unknown>\n#8 0x7fe11f74c1c7 <unknown>\n#9 0x7fe11f74cb3e <unknown>\n#10 0x7fe11f9ea27b <unknown>\n#11 0x7fe11f9ee327 <unknown>\n#12 0x7fe11f9d6dae <unknown>\n#13 0x7fe11f9eedf2 <unknown>\n#14 0x7fe11f9bb74f <unknown>\n#15 0x7fe11fa13128 <unknown>\n#16 0x7fe11fa132fb <unknown>\n#17 0x7fe11fa22f6c <unknown>\n#18 0x7fe120291349 <unknown>",
  "statusTrace" : "self = <tests.ui.test_authorization_user.TestRegistrationUser object at 0x7fb2a454b400>\nuser = {'name': 'Дима', 'phone': '+380637203664'}, code = 8889\n\n    @allure.title(\"Test Authorization authorized user AWDEV-T491\")\n    @pytest.mark.parametrize(\"user, code\", [(AuthorizationUserUi.authorized_user, DEFAULT_CODE_AUTHORIZATION)], ids=str)\n    def test_authorization_user_awdew_t491(self, user, code):\n        self.authorization_page.open_authorization_form()\n        self.authorization_page.fill_authorization_form(user=user)\n>       self.authorization_page.confirm_authorization_form(code=code)\n\ntests/ui/test_authorization_user.py:15: \n_ _ _ _ _ _ _ _ _ _ _ _ _ _ _ _ _ _ _ _ _ _ _ _ _ _ _ _ _ _ _ _ _ _ _ _ _ _ _ _ \nsrc/pages/authorization_page.py:35: in confirm_authorization_form\n    self.fill_field_with_click(self.CODE_FIELD, code)\nsrc/base_classes/base_page.py:46: in fill_field_with_click\n    self.wait.until(EC.element_to_be_clickable(field_name)).click()\n_ _ _ _ _ _ _ _ _ _ _ _ _ _ _ _ _ _ _ _ _ _ _ _ _ _ _ _ _ _ _ _ _ _ _ _ _ _ _ _ \n\nself = <selenium.webdriver.support.wait.WebDriverWait (session=\"0dcd3a7b28b30be1d4a624f83725ebd0\")>\nmethod = <function element_to_be_clickable.<locals>._predicate at 0x7fb2a937fac0>\nmessage = ''\n\n    def until(self, method: Callable[[D], Union[Literal[False], T]], message: str = \"\") -> T:\n        \"\"\"Calls the method provided with the driver as an argument until the \\\n        return value does not evaluate to ``False``.\n    \n        :param method: callable(WebDriver)\n        :param message: optional message for :exc:`TimeoutException`\n        :returns: the result of the last call to `method`\n        :raises: :exc:`selenium.common.exceptions.TimeoutException` if timeout occurs\n        \"\"\"\n        screen = None\n        stacktrace = None\n    \n        end_time = time.monotonic() + self._timeout\n        while True:\n            try:\n                value = method(self._driver)\n                if value:\n                    return value\n            except self._ignored_exceptions as exc:\n                screen = getattr(exc, \"screen\", None)\n                stacktrace = getattr(exc, \"stacktrace\", None)\n            time.sleep(self._poll)\n            if time.monotonic() > end_time:\n                break\n>       raise TimeoutException(message, screen, stacktrace)\nE       selenium.common.exceptions.TimeoutException: Message: \nE       Stacktrace:\nE       #0 0x7fe11fa23e3a <unknown>\nE       #1 0x7fe11f70d45c <unknown>\nE       #2 0x7fe11f7595b5 <unknown>\nE       #3 0x7fe11f759671 <unknown>\nE       #4 0x7fe11f79df14 <unknown>\nE       #5 0x7fe11f77c4dd <unknown>\nE       #6 0x7fe11f79b2cc <unknown>\nE       #7 0x7fe11f77c253 <unknown>\nE       #8 0x7fe11f74c1c7 <unknown>\nE       #9 0x7fe11f74cb3e <unknown>\nE       #10 0x7fe11f9ea27b <unknown>\nE       #11 0x7fe11f9ee327 <unknown>\nE       #12 0x7fe11f9d6dae <unknown>\nE       #13 0x7fe11f9eedf2 <unknown>\nE       #14 0x7fe11f9bb74f <unknown>\nE       #15 0x7fe11fa13128 <unknown>\nE       #16 0x7fe11fa132fb <unknown>\nE       #17 0x7fe11fa22f6c <unknown>\nE       #18 0x7fe120291349 <unknown>\n\n../local/lib/python3.10/site-packages/selenium/webdriver/support/wait.py:105: TimeoutException",
  "flaky" : false,
  "newFailed" : false,
  "beforeStages" : [ {
    "name" : "_session_faker",
    "time" : {
      "start" : 1718551103906,
      "stop" : 1718551103981,
      "duration" : 75
    },
    "status" : "passed",
    "steps" : [ ],
    "attachments" : [ ],
    "parameters" : [ ],
    "attachmentsCount" : 0,
    "shouldDisplayMessage" : false,
    "stepsCount" : 0,
    "hasContent" : false
  }, {
    "name" : "pytestconfig",
    "time" : {
      "start" : 1718551103981,
      "stop" : 1718551103981,
      "duration" : 0
    },
    "status" : "passed",
    "steps" : [ ],
    "attachments" : [ ],
    "parameters" : [ ],
    "attachmentsCount" : 0,
    "shouldDisplayMessage" : false,
    "stepsCount" : 0,
    "hasContent" : false
  }, {
    "name" : "setup",
    "time" : {
      "start" : 1718551114738,
      "stop" : 1718551114738,
      "duration" : 0
    },
    "status" : "passed",
    "steps" : [ ],
    "attachments" : [ ],
    "parameters" : [ ],
    "attachmentsCount" : 0,
    "shouldDisplayMessage" : false,
    "stepsCount" : 0,
    "hasContent" : false
  }, {
    "name" : "set_env_settings",
    "time" : {
      "start" : 1718551103981,
      "stop" : 1718551103982,
      "duration" : 1
    },
    "status" : "passed",
    "steps" : [ ],
    "attachments" : [ ],
    "parameters" : [ ],
    "attachmentsCount" : 0,
    "shouldDisplayMessage" : false,
    "stepsCount" : 0,
    "hasContent" : false
  }, {
    "name" : "set_driver",
    "time" : {
      "start" : 1718551114022,
      "stop" : 1718551114737,
      "duration" : 715
    },
    "status" : "passed",
    "steps" : [ ],
    "attachments" : [ ],
    "parameters" : [ ],
    "attachmentsCount" : 0,
    "shouldDisplayMessage" : false,
    "stepsCount" : 0,
    "hasContent" : false
  } ],
  "testStage" : {
    "status" : "broken",
    "statusMessage" : "selenium.common.exceptions.TimeoutException: Message: \nStacktrace:\n#0 0x7fe11fa23e3a <unknown>\n#1 0x7fe11f70d45c <unknown>\n#2 0x7fe11f7595b5 <unknown>\n#3 0x7fe11f759671 <unknown>\n#4 0x7fe11f79df14 <unknown>\n#5 0x7fe11f77c4dd <unknown>\n#6 0x7fe11f79b2cc <unknown>\n#7 0x7fe11f77c253 <unknown>\n#8 0x7fe11f74c1c7 <unknown>\n#9 0x7fe11f74cb3e <unknown>\n#10 0x7fe11f9ea27b <unknown>\n#11 0x7fe11f9ee327 <unknown>\n#12 0x7fe11f9d6dae <unknown>\n#13 0x7fe11f9eedf2 <unknown>\n#14 0x7fe11f9bb74f <unknown>\n#15 0x7fe11fa13128 <unknown>\n#16 0x7fe11fa132fb <unknown>\n#17 0x7fe11fa22f6c <unknown>\n#18 0x7fe120291349 <unknown>",
    "statusTrace" : "self = <tests.ui.test_authorization_user.TestRegistrationUser object at 0x7fb2a454b400>\nuser = {'name': 'Дима', 'phone': '+380637203664'}, code = 8889\n\n    @allure.title(\"Test Authorization authorized user AWDEV-T491\")\n    @pytest.mark.parametrize(\"user, code\", [(AuthorizationUserUi.authorized_user, DEFAULT_CODE_AUTHORIZATION)], ids=str)\n    def test_authorization_user_awdew_t491(self, user, code):\n        self.authorization_page.open_authorization_form()\n        self.authorization_page.fill_authorization_form(user=user)\n>       self.authorization_page.confirm_authorization_form(code=code)\n\ntests/ui/test_authorization_user.py:15: \n_ _ _ _ _ _ _ _ _ _ _ _ _ _ _ _ _ _ _ _ _ _ _ _ _ _ _ _ _ _ _ _ _ _ _ _ _ _ _ _ \nsrc/pages/authorization_page.py:35: in confirm_authorization_form\n    self.fill_field_with_click(self.CODE_FIELD, code)\nsrc/base_classes/base_page.py:46: in fill_field_with_click\n    self.wait.until(EC.element_to_be_clickable(field_name)).click()\n_ _ _ _ _ _ _ _ _ _ _ _ _ _ _ _ _ _ _ _ _ _ _ _ _ _ _ _ _ _ _ _ _ _ _ _ _ _ _ _ \n\nself = <selenium.webdriver.support.wait.WebDriverWait (session=\"0dcd3a7b28b30be1d4a624f83725ebd0\")>\nmethod = <function element_to_be_clickable.<locals>._predicate at 0x7fb2a937fac0>\nmessage = ''\n\n    def until(self, method: Callable[[D], Union[Literal[False], T]], message: str = \"\") -> T:\n        \"\"\"Calls the method provided with the driver as an argument until the \\\n        return value does not evaluate to ``False``.\n    \n        :param method: callable(WebDriver)\n        :param message: optional message for :exc:`TimeoutException`\n        :returns: the result of the last call to `method`\n        :raises: :exc:`selenium.common.exceptions.TimeoutException` if timeout occurs\n        \"\"\"\n        screen = None\n        stacktrace = None\n    \n        end_time = time.monotonic() + self._timeout\n        while True:\n            try:\n                value = method(self._driver)\n                if value:\n                    return value\n            except self._ignored_exceptions as exc:\n                screen = getattr(exc, \"screen\", None)\n                stacktrace = getattr(exc, \"stacktrace\", None)\n            time.sleep(self._poll)\n            if time.monotonic() > end_time:\n                break\n>       raise TimeoutException(message, screen, stacktrace)\nE       selenium.common.exceptions.TimeoutException: Message: \nE       Stacktrace:\nE       #0 0x7fe11fa23e3a <unknown>\nE       #1 0x7fe11f70d45c <unknown>\nE       #2 0x7fe11f7595b5 <unknown>\nE       #3 0x7fe11f759671 <unknown>\nE       #4 0x7fe11f79df14 <unknown>\nE       #5 0x7fe11f77c4dd <unknown>\nE       #6 0x7fe11f79b2cc <unknown>\nE       #7 0x7fe11f77c253 <unknown>\nE       #8 0x7fe11f74c1c7 <unknown>\nE       #9 0x7fe11f74cb3e <unknown>\nE       #10 0x7fe11f9ea27b <unknown>\nE       #11 0x7fe11f9ee327 <unknown>\nE       #12 0x7fe11f9d6dae <unknown>\nE       #13 0x7fe11f9eedf2 <unknown>\nE       #14 0x7fe11f9bb74f <unknown>\nE       #15 0x7fe11fa13128 <unknown>\nE       #16 0x7fe11fa132fb <unknown>\nE       #17 0x7fe11fa22f6c <unknown>\nE       #18 0x7fe120291349 <unknown>\n\n../local/lib/python3.10/site-packages/selenium/webdriver/support/wait.py:105: TimeoutException",
    "steps" : [ {
      "name" : "Open 'https://m2-live-qa-001.antoshka.ua/uk/' page",
      "time" : {
        "start" : 1718551114738,
        "stop" : 1718551118383,
        "duration" : 3645
      },
      "status" : "passed",
      "steps" : [ ],
      "attachments" : [ ],
      "parameters" : [ ],
      "attachmentsCount" : 0,
      "shouldDisplayMessage" : false,
      "stepsCount" : 0,
      "hasContent" : false
    }, {
      "name" : "Page 'https://m2-live-qa-001.antoshka.ua/uk/' is opened",
      "time" : {
        "start" : 1718551118383,
        "stop" : 1718551118387,
        "duration" : 4
      },
      "status" : "passed",
      "steps" : [ ],
      "attachments" : [ ],
      "parameters" : [ ],
      "attachmentsCount" : 0,
      "shouldDisplayMessage" : false,
      "stepsCount" : 0,
      "hasContent" : false
    }, {
      "name" : "Click ('xpath', \"//*[@id='login-enter']\")",
      "time" : {
        "start" : 1718551118387,
        "stop" : 1718551118446,
        "duration" : 59
      },
      "status" : "passed",
      "steps" : [ ],
      "attachments" : [ ],
      "parameters" : [ ],
      "attachmentsCount" : 0,
      "shouldDisplayMessage" : false,
      "stepsCount" : 0,
      "hasContent" : false
    }, {
      "name" : "Fill '('xpath', \"//*[@id='telephone']\")' with data '637203664'",
      "time" : {
        "start" : 1718551118446,
        "stop" : 1718551119605,
        "duration" : 1159
      },
      "status" : "passed",
      "steps" : [ ],
      "attachments" : [ ],
      "parameters" : [ ],
      "attachmentsCount" : 0,
      "shouldDisplayMessage" : false,
      "stepsCount" : 0,
      "hasContent" : false
    }, {
      "name" : "Click ('xpath', \"//button[@class='auth_next']\")",
      "time" : {
        "start" : 1718551119605,
        "stop" : 1718551119655,
        "duration" : 50
      },
      "status" : "passed",
      "steps" : [ ],
      "attachments" : [ ],
      "parameters" : [ ],
      "attachmentsCount" : 0,
      "shouldDisplayMessage" : false,
      "stepsCount" : 0,
      "hasContent" : false
    }, {
      "name" : "Fill '('xpath', \"//input[@id='code-auth']\")' with data '8889'",
      "time" : {
        "start" : 1718551119655,
        "stop" : 1718551140155,
        "duration" : 20500
      },
      "status" : "broken",
      "statusMessage" : "selenium.common.exceptions.TimeoutException: Message: \nStacktrace:\n#0 0x7fe11fa23e3a <unknown>\n#1 0x7fe11f70d45c <unknown>\n#2 0x7fe11f7595b5 <unknown>\n#3 0x7fe11f759671 <unknown>\n#4 0x7fe11f79df14 <unknown>\n#5 0x7fe11f77c4dd <unknown>\n#6 0x7fe11f79b2cc <unknown>\n#7 0x7fe11f77c253 <unknown>\n#8 0x7fe11f74c1c7 <unknown>\n#9 0x7fe11f74cb3e <unknown>\n#10 0x7fe11f9ea27b <unknown>\n#11 0x7fe11f9ee327 <unknown>\n#12 0x7fe11f9d6dae <unknown>\n#13 0x7fe11f9eedf2 <unknown>\n#14 0x7fe11f9bb74f <unknown>\n#15 0x7fe11fa13128 <unknown>\n#16 0x7fe11fa132fb <unknown>\n#17 0x7fe11fa22f6c <unknown>\n#18 0x7fe120291349 <unknown>\n\n",
      "statusTrace" : "  File \"/usr/workspace/src/base_classes/base_page.py\", line 46, in fill_field_with_click\n    self.wait.until(EC.element_to_be_clickable(field_name)).click()\n  File \"/usr/local/lib/python3.10/site-packages/selenium/webdriver/support/wait.py\", line 105, in until\n    raise TimeoutException(message, screen, stacktrace)\n",
      "steps" : [ ],
      "attachments" : [ ],
      "parameters" : [ ],
      "attachmentsCount" : 0,
      "shouldDisplayMessage" : true,
      "stepsCount" : 0,
      "hasContent" : true
    } ],
    "attachments" : [ ],
    "parameters" : [ ],
    "attachmentsCount" : 0,
    "shouldDisplayMessage" : true,
    "stepsCount" : 6,
    "hasContent" : true
  },
  "afterStages" : [ {
    "name" : "set_driver::0",
    "time" : {
      "start" : 1718551140201,
      "stop" : 1718551140271,
      "duration" : 70
    },
    "status" : "passed",
    "steps" : [ ],
    "attachments" : [ ],
    "parameters" : [ ],
    "attachmentsCount" : 0,
    "shouldDisplayMessage" : false,
    "stepsCount" : 0,
    "hasContent" : false
  } ],
  "labels" : [ {
    "name" : "parentSuite",
    "value" : "tests.ui"
  }, {
    "name" : "suite",
    "value" : "test_authorization_user"
  }, {
    "name" : "subSuite",
    "value" : "TestRegistrationUser"
  }, {
    "name" : "host",
    "value" : "eb83c0f22d57"
  }, {
    "name" : "thread",
    "value" : "1-MainThread"
  }, {
    "name" : "framework",
    "value" : "pytest"
  }, {
    "name" : "language",
    "value" : "cpython3"
  }, {
    "name" : "package",
    "value" : "tests.ui.test_authorization_user"
  }, {
    "name" : "resultFormat",
    "value" : "allure2"
  } ],
  "parameters" : [ {
    "name" : "code",
    "value" : "8889"
  }, {
    "name" : "user",
    "value" : "{'name': 'Дима', 'phone': '+380637203664'}"
  } ],
  "links" : [ ],
  "hidden" : false,
  "retry" : false,
  "extra" : {
    "severity" : "normal",
    "retries" : [ ],
    "categories" : [ {
      "name" : "Test defects",
      "matchedStatuses" : [ ],
      "flaky" : false
    } ],
    "history" : {
      "statistic" : {
        "failed" : 0,
        "broken" : 1,
        "skipped" : 0,
        "passed" : 2,
        "unknown" : 0,
        "total" : 3
      },
      "items" : [ {
        "uid" : "84db97be996b1647",
        "status" : "passed",
        "time" : {
          "start" : 1718549916502,
          "stop" : 1718549926240,
          "duration" : 9738
        }
      }, {
        "uid" : "3ac1f03b93b7bc80",
        "status" : "passed",
        "time" : {
          "start" : 1718549490818,
          "stop" : 1718549500809,
          "duration" : 9991
        }
      } ]
    },
    "tags" : [ ]
  },
  "source" : "3c5b3d3612263aef.json",
  "parameterValues" : [ "8889", "{'name': 'Дима', 'phone': '+380637203664'}" ]
}