{
  "uid" : "4212c933f7bf158f",
  "name" : "Test try authorization with invalid code AWDEV-T491",
  "fullName" : "tests.ui.test_authorization_user.TestRegistrationUser#test_authorization_user_with_invalid_code_awdew_t491",
  "historyId" : "3cd9ebb5b840af328be660377b00b42d",
  "time" : {
    "start" : 1718559057575,
    "stop" : 1718559084266,
    "duration" : 26691
  },
  "status" : "broken",
  "statusMessage" : "selenium.common.exceptions.TimeoutException: Message: \nStacktrace:\n#0 0x7f8832371e3a <unknown>\n#1 0x7f883205b45c <unknown>\n#2 0x7f88320a75b5 <unknown>\n#3 0x7f88320a7671 <unknown>\n#4 0x7f88320ebf14 <unknown>\n#5 0x7f88320ca4dd <unknown>\n#6 0x7f88320e92cc <unknown>\n#7 0x7f88320ca253 <unknown>\n#8 0x7f883209a1c7 <unknown>\n#9 0x7f883209ab3e <unknown>\n#10 0x7f883233827b <unknown>\n#11 0x7f883233c327 <unknown>\n#12 0x7f8832324dae <unknown>\n#13 0x7f883233cdf2 <unknown>\n#14 0x7f883230974f <unknown>\n#15 0x7f8832361128 <unknown>\n#16 0x7f88323612fb <unknown>\n#17 0x7f8832370f6c <unknown>\n#18 0x7f8832bdf349 <unknown>",
  "statusTrace" : "self = <tests.ui.test_authorization_user.TestRegistrationUser object at 0x7f0b37bef190>\nuser = {'name': 'Дима', 'phone': '+380637203664'}, code = 1111\n\n    @allure.title(\"Test try authorization with invalid code AWDEV-T491\")\n    @pytest.mark.parametrize(\"user, code\", [(AuthorizationUserUi.authorized_user, DEFAULT_CODE_REGISTRATION)], ids=str)\n    def test_authorization_user_with_invalid_code_awdew_t491(self, user, code):\n        self.authorization_page.open_authorization_form()\n        self.authorization_page.fill_authorization_form(user=user)\n>       self.authorization_page.confirm_authorization_form(code=code)\n\ntests/ui/test_authorization_user.py:37: \n_ _ _ _ _ _ _ _ _ _ _ _ _ _ _ _ _ _ _ _ _ _ _ _ _ _ _ _ _ _ _ _ _ _ _ _ _ _ _ _ \nsrc/pages/authorization_page.py:35: in confirm_authorization_form\n    self.fill_field_with_click(self.CODE_FIELD, code)\nsrc/base_classes/base_page.py:46: in fill_field_with_click\n    self.wait.until(EC.element_to_be_clickable(field_name)).click()\n_ _ _ _ _ _ _ _ _ _ _ _ _ _ _ _ _ _ _ _ _ _ _ _ _ _ _ _ _ _ _ _ _ _ _ _ _ _ _ _ \n\nself = <selenium.webdriver.support.wait.WebDriverWait (session=\"4f67b4739b88354447e9df4d8b83e9c8\")>\nmethod = <function element_to_be_clickable.<locals>._predicate at 0x7f0b3c12beb0>\nmessage = ''\n\n    def until(self, method: Callable[[D], Union[Literal[False], T]], message: str = \"\") -> T:\n        \"\"\"Calls the method provided with the driver as an argument until the \\\n        return value does not evaluate to ``False``.\n    \n        :param method: callable(WebDriver)\n        :param message: optional message for :exc:`TimeoutException`\n        :returns: the result of the last call to `method`\n        :raises: :exc:`selenium.common.exceptions.TimeoutException` if timeout occurs\n        \"\"\"\n        screen = None\n        stacktrace = None\n    \n        end_time = time.monotonic() + self._timeout\n        while True:\n            try:\n                value = method(self._driver)\n                if value:\n                    return value\n            except self._ignored_exceptions as exc:\n                screen = getattr(exc, \"screen\", None)\n                stacktrace = getattr(exc, \"stacktrace\", None)\n            time.sleep(self._poll)\n            if time.monotonic() > end_time:\n                break\n>       raise TimeoutException(message, screen, stacktrace)\nE       selenium.common.exceptions.TimeoutException: Message: \nE       Stacktrace:\nE       #0 0x7f8832371e3a <unknown>\nE       #1 0x7f883205b45c <unknown>\nE       #2 0x7f88320a75b5 <unknown>\nE       #3 0x7f88320a7671 <unknown>\nE       #4 0x7f88320ebf14 <unknown>\nE       #5 0x7f88320ca4dd <unknown>\nE       #6 0x7f88320e92cc <unknown>\nE       #7 0x7f88320ca253 <unknown>\nE       #8 0x7f883209a1c7 <unknown>\nE       #9 0x7f883209ab3e <unknown>\nE       #10 0x7f883233827b <unknown>\nE       #11 0x7f883233c327 <unknown>\nE       #12 0x7f8832324dae <unknown>\nE       #13 0x7f883233cdf2 <unknown>\nE       #14 0x7f883230974f <unknown>\nE       #15 0x7f8832361128 <unknown>\nE       #16 0x7f88323612fb <unknown>\nE       #17 0x7f8832370f6c <unknown>\nE       #18 0x7f8832bdf349 <unknown>\n\n../local/lib/python3.10/site-packages/selenium/webdriver/support/wait.py:105: TimeoutException",
  "flaky" : false,
  "newFailed" : false,
  "beforeStages" : [ {
    "name" : "set_env_settings",
    "time" : {
      "start" : 1718559007512,
      "stop" : 1718559007513,
      "duration" : 1
    },
    "status" : "passed",
    "steps" : [ ],
    "attachments" : [ ],
    "parameters" : [ ],
    "attachmentsCount" : 0,
    "shouldDisplayMessage" : false,
    "stepsCount" : 0,
    "hasContent" : false
  }, {
    "name" : "set_driver",
    "time" : {
      "start" : 1718559057169,
      "stop" : 1718559057573,
      "duration" : 404
    },
    "status" : "passed",
    "steps" : [ ],
    "attachments" : [ ],
    "parameters" : [ ],
    "attachmentsCount" : 0,
    "shouldDisplayMessage" : false,
    "stepsCount" : 0,
    "hasContent" : false
  }, {
    "name" : "setup",
    "time" : {
      "start" : 1718559057574,
      "stop" : 1718559057574,
      "duration" : 0
    },
    "status" : "passed",
    "steps" : [ ],
    "attachments" : [ ],
    "parameters" : [ ],
    "attachmentsCount" : 0,
    "shouldDisplayMessage" : false,
    "stepsCount" : 0,
    "hasContent" : false
  }, {
    "name" : "_session_faker",
    "time" : {
      "start" : 1718559007430,
      "stop" : 1718559007512,
      "duration" : 82
    },
    "status" : "passed",
    "steps" : [ ],
    "attachments" : [ ],
    "parameters" : [ ],
    "attachmentsCount" : 0,
    "shouldDisplayMessage" : false,
    "stepsCount" : 0,
    "hasContent" : false
  }, {
    "name" : "pytestconfig",
    "time" : {
      "start" : 1718559007512,
      "stop" : 1718559007512,
      "duration" : 0
    },
    "status" : "passed",
    "steps" : [ ],
    "attachments" : [ ],
    "parameters" : [ ],
    "attachmentsCount" : 0,
    "shouldDisplayMessage" : false,
    "stepsCount" : 0,
    "hasContent" : false
  } ],
  "testStage" : {
    "status" : "broken",
    "statusMessage" : "selenium.common.exceptions.TimeoutException: Message: \nStacktrace:\n#0 0x7f8832371e3a <unknown>\n#1 0x7f883205b45c <unknown>\n#2 0x7f88320a75b5 <unknown>\n#3 0x7f88320a7671 <unknown>\n#4 0x7f88320ebf14 <unknown>\n#5 0x7f88320ca4dd <unknown>\n#6 0x7f88320e92cc <unknown>\n#7 0x7f88320ca253 <unknown>\n#8 0x7f883209a1c7 <unknown>\n#9 0x7f883209ab3e <unknown>\n#10 0x7f883233827b <unknown>\n#11 0x7f883233c327 <unknown>\n#12 0x7f8832324dae <unknown>\n#13 0x7f883233cdf2 <unknown>\n#14 0x7f883230974f <unknown>\n#15 0x7f8832361128 <unknown>\n#16 0x7f88323612fb <unknown>\n#17 0x7f8832370f6c <unknown>\n#18 0x7f8832bdf349 <unknown>",
    "statusTrace" : "self = <tests.ui.test_authorization_user.TestRegistrationUser object at 0x7f0b37bef190>\nuser = {'name': 'Дима', 'phone': '+380637203664'}, code = 1111\n\n    @allure.title(\"Test try authorization with invalid code AWDEV-T491\")\n    @pytest.mark.parametrize(\"user, code\", [(AuthorizationUserUi.authorized_user, DEFAULT_CODE_REGISTRATION)], ids=str)\n    def test_authorization_user_with_invalid_code_awdew_t491(self, user, code):\n        self.authorization_page.open_authorization_form()\n        self.authorization_page.fill_authorization_form(user=user)\n>       self.authorization_page.confirm_authorization_form(code=code)\n\ntests/ui/test_authorization_user.py:37: \n_ _ _ _ _ _ _ _ _ _ _ _ _ _ _ _ _ _ _ _ _ _ _ _ _ _ _ _ _ _ _ _ _ _ _ _ _ _ _ _ \nsrc/pages/authorization_page.py:35: in confirm_authorization_form\n    self.fill_field_with_click(self.CODE_FIELD, code)\nsrc/base_classes/base_page.py:46: in fill_field_with_click\n    self.wait.until(EC.element_to_be_clickable(field_name)).click()\n_ _ _ _ _ _ _ _ _ _ _ _ _ _ _ _ _ _ _ _ _ _ _ _ _ _ _ _ _ _ _ _ _ _ _ _ _ _ _ _ \n\nself = <selenium.webdriver.support.wait.WebDriverWait (session=\"4f67b4739b88354447e9df4d8b83e9c8\")>\nmethod = <function element_to_be_clickable.<locals>._predicate at 0x7f0b3c12beb0>\nmessage = ''\n\n    def until(self, method: Callable[[D], Union[Literal[False], T]], message: str = \"\") -> T:\n        \"\"\"Calls the method provided with the driver as an argument until the \\\n        return value does not evaluate to ``False``.\n    \n        :param method: callable(WebDriver)\n        :param message: optional message for :exc:`TimeoutException`\n        :returns: the result of the last call to `method`\n        :raises: :exc:`selenium.common.exceptions.TimeoutException` if timeout occurs\n        \"\"\"\n        screen = None\n        stacktrace = None\n    \n        end_time = time.monotonic() + self._timeout\n        while True:\n            try:\n                value = method(self._driver)\n                if value:\n                    return value\n            except self._ignored_exceptions as exc:\n                screen = getattr(exc, \"screen\", None)\n                stacktrace = getattr(exc, \"stacktrace\", None)\n            time.sleep(self._poll)\n            if time.monotonic() > end_time:\n                break\n>       raise TimeoutException(message, screen, stacktrace)\nE       selenium.common.exceptions.TimeoutException: Message: \nE       Stacktrace:\nE       #0 0x7f8832371e3a <unknown>\nE       #1 0x7f883205b45c <unknown>\nE       #2 0x7f88320a75b5 <unknown>\nE       #3 0x7f88320a7671 <unknown>\nE       #4 0x7f88320ebf14 <unknown>\nE       #5 0x7f88320ca4dd <unknown>\nE       #6 0x7f88320e92cc <unknown>\nE       #7 0x7f88320ca253 <unknown>\nE       #8 0x7f883209a1c7 <unknown>\nE       #9 0x7f883209ab3e <unknown>\nE       #10 0x7f883233827b <unknown>\nE       #11 0x7f883233c327 <unknown>\nE       #12 0x7f8832324dae <unknown>\nE       #13 0x7f883233cdf2 <unknown>\nE       #14 0x7f883230974f <unknown>\nE       #15 0x7f8832361128 <unknown>\nE       #16 0x7f88323612fb <unknown>\nE       #17 0x7f8832370f6c <unknown>\nE       #18 0x7f8832bdf349 <unknown>\n\n../local/lib/python3.10/site-packages/selenium/webdriver/support/wait.py:105: TimeoutException",
    "steps" : [ {
      "name" : "Open 'https://m2-live-qa-001.antoshka.ua/uk/' page",
      "time" : {
        "start" : 1718559057575,
        "stop" : 1718559062491,
        "duration" : 4916
      },
      "status" : "passed",
      "steps" : [ ],
      "attachments" : [ ],
      "parameters" : [ ],
      "attachmentsCount" : 0,
      "shouldDisplayMessage" : false,
      "stepsCount" : 0,
      "hasContent" : false
    }, {
      "name" : "Page 'https://m2-live-qa-001.antoshka.ua/uk/' is opened",
      "time" : {
        "start" : 1718559062491,
        "stop" : 1718559062495,
        "duration" : 4
      },
      "status" : "passed",
      "steps" : [ ],
      "attachments" : [ ],
      "parameters" : [ ],
      "attachmentsCount" : 0,
      "shouldDisplayMessage" : false,
      "stepsCount" : 0,
      "hasContent" : false
    }, {
      "name" : "Click ('xpath', \"//*[@id='login-enter']\")",
      "time" : {
        "start" : 1718559062495,
        "stop" : 1718559062554,
        "duration" : 59
      },
      "status" : "passed",
      "steps" : [ ],
      "attachments" : [ ],
      "parameters" : [ ],
      "attachmentsCount" : 0,
      "shouldDisplayMessage" : false,
      "stepsCount" : 0,
      "hasContent" : false
    }, {
      "name" : "Fill '('xpath', \"//*[@id='telephone']\")' with data '637203664'",
      "time" : {
        "start" : 1718559062554,
        "stop" : 1718559063715,
        "duration" : 1161
      },
      "status" : "passed",
      "steps" : [ ],
      "attachments" : [ ],
      "parameters" : [ ],
      "attachmentsCount" : 0,
      "shouldDisplayMessage" : false,
      "stepsCount" : 0,
      "hasContent" : false
    }, {
      "name" : "Click ('xpath', \"//button[@class='auth_next']\")",
      "time" : {
        "start" : 1718559063715,
        "stop" : 1718559063766,
        "duration" : 51
      },
      "status" : "passed",
      "steps" : [ ],
      "attachments" : [ ],
      "parameters" : [ ],
      "attachmentsCount" : 0,
      "shouldDisplayMessage" : false,
      "stepsCount" : 0,
      "hasContent" : false
    }, {
      "name" : "Fill '('xpath', \"//input[@id='code-auth']\")' with data '1111'",
      "time" : {
        "start" : 1718559063766,
        "stop" : 1718559084266,
        "duration" : 20500
      },
      "status" : "broken",
      "statusMessage" : "selenium.common.exceptions.TimeoutException: Message: \nStacktrace:\n#0 0x7f8832371e3a <unknown>\n#1 0x7f883205b45c <unknown>\n#2 0x7f88320a75b5 <unknown>\n#3 0x7f88320a7671 <unknown>\n#4 0x7f88320ebf14 <unknown>\n#5 0x7f88320ca4dd <unknown>\n#6 0x7f88320e92cc <unknown>\n#7 0x7f88320ca253 <unknown>\n#8 0x7f883209a1c7 <unknown>\n#9 0x7f883209ab3e <unknown>\n#10 0x7f883233827b <unknown>\n#11 0x7f883233c327 <unknown>\n#12 0x7f8832324dae <unknown>\n#13 0x7f883233cdf2 <unknown>\n#14 0x7f883230974f <unknown>\n#15 0x7f8832361128 <unknown>\n#16 0x7f88323612fb <unknown>\n#17 0x7f8832370f6c <unknown>\n#18 0x7f8832bdf349 <unknown>\n\n",
      "statusTrace" : "  File \"/usr/workspace/src/base_classes/base_page.py\", line 46, in fill_field_with_click\n    self.wait.until(EC.element_to_be_clickable(field_name)).click()\n  File \"/usr/local/lib/python3.10/site-packages/selenium/webdriver/support/wait.py\", line 105, in until\n    raise TimeoutException(message, screen, stacktrace)\n",
      "steps" : [ ],
      "attachments" : [ ],
      "parameters" : [ ],
      "attachmentsCount" : 0,
      "shouldDisplayMessage" : true,
      "stepsCount" : 0,
      "hasContent" : true
    } ],
    "attachments" : [ ],
    "parameters" : [ ],
    "attachmentsCount" : 0,
    "shouldDisplayMessage" : true,
    "stepsCount" : 6,
    "hasContent" : true
  },
  "afterStages" : [ {
    "name" : "set_driver::0",
    "time" : {
      "start" : 1718559084273,
      "stop" : 1718559084345,
      "duration" : 72
    },
    "status" : "passed",
    "steps" : [ ],
    "attachments" : [ ],
    "parameters" : [ ],
    "attachmentsCount" : 0,
    "shouldDisplayMessage" : false,
    "stepsCount" : 0,
    "hasContent" : false
  } ],
  "labels" : [ {
    "name" : "parentSuite",
    "value" : "tests.ui"
  }, {
    "name" : "suite",
    "value" : "test_authorization_user"
  }, {
    "name" : "subSuite",
    "value" : "TestRegistrationUser"
  }, {
    "name" : "host",
    "value" : "4dd7426a66c7"
  }, {
    "name" : "thread",
    "value" : "1-MainThread"
  }, {
    "name" : "framework",
    "value" : "pytest"
  }, {
    "name" : "language",
    "value" : "cpython3"
  }, {
    "name" : "package",
    "value" : "tests.ui.test_authorization_user"
  }, {
    "name" : "resultFormat",
    "value" : "allure2"
  } ],
  "parameters" : [ {
    "name" : "code",
    "value" : "1111"
  }, {
    "name" : "user",
    "value" : "{'name': 'Дима', 'phone': '+380637203664'}"
  } ],
  "links" : [ ],
  "hidden" : false,
  "retry" : false,
  "extra" : {
    "severity" : "normal",
    "retries" : [ ],
    "categories" : [ {
      "name" : "Test defects",
      "matchedStatuses" : [ ],
      "flaky" : false
    } ],
    "history" : {
      "statistic" : {
        "failed" : 0,
        "broken" : 2,
        "skipped" : 0,
        "passed" : 3,
        "unknown" : 0,
        "total" : 5
      },
      "items" : [ {
        "uid" : "6cd0c0cacdfed1d3",
        "status" : "passed",
        "time" : {
          "start" : 1718551873328,
          "stop" : 1718551880917,
          "duration" : 7589
        }
      }, {
        "uid" : "4b29b197b7df6819",
        "status" : "broken",
        "statusDetails" : "selenium.common.exceptions.TimeoutException: Message: \nStacktrace:\n#0 0x7f139c2aee3a <unknown>\n#1 0x7f139bf9845c <unknown>\n#2 0x7f139bfe45b5 <unknown>\n#3 0x7f139bfe4671 <unknown>\n#4 0x7f139c028f14 <unknown>\n#5 0x7f139c0074dd <unknown>\n#6 0x7f139c0262cc <unknown>\n#7 0x7f139c007253 <unknown>\n#8 0x7f139bfd71c7 <unknown>\n#9 0x7f139bfd7b3e <unknown>\n#10 0x7f139c27527b <unknown>\n#11 0x7f139c279327 <unknown>\n#12 0x7f139c261dae <unknown>\n#13 0x7f139c279df2 <unknown>\n#14 0x7f139c24674f <unknown>\n#15 0x7f139c29e128 <unknown>\n#16 0x7f139c29e2fb <unknown>\n#17 0x7f139c2adf6c <unknown>\n#18 0x7f139cb1c349 <unknown>",
        "time" : {
          "start" : 1718551166821,
          "stop" : 1718551193004,
          "duration" : 26183
        }
      }, {
        "uid" : "75de523fa21969ed",
        "status" : "passed",
        "time" : {
          "start" : 1718549940607,
          "stop" : 1718549948982,
          "duration" : 8375
        }
      }, {
        "uid" : "fb942f64e8332291",
        "status" : "passed",
        "time" : {
          "start" : 1718549515552,
          "stop" : 1718549523827,
          "duration" : 8275
        }
      } ]
    },
    "tags" : [ ]
  },
  "source" : "4212c933f7bf158f.json",
  "parameterValues" : [ "1111", "{'name': 'Дима', 'phone': '+380637203664'}" ]
}