{
  "uid" : "43a22ab011209d1f",
  "name" : "test_registration_new_user_awdev_t506[{'name': '\\u0428\\u0430\\u0448\\u043a\\u043e\\u0432\\u0430 \\u0415\\u0432\\u043f\\u0440\\u0430\\u043a\\u0441\\u0438\\u044f \\u0415\\u0432\\u0433\\u0435\\u043d\\u044c\\u0435\\u0432\\u043d\\u0430', 'email': 'evdokimhohlov@example.com', 'phone': '+380639919396'}-1111]",
  "fullName" : "tests.ui.test_registration_new_user.TestRegistrationUser#test_registration_new_user_awdev_t506",
  "historyId" : "c26b0fbb5e9ea7915a202a3f952375c3",
  "time" : {
    "start" : 1729942178047,
    "stop" : 1729942203163,
    "duration" : 25116
  },
  "status" : "broken",
  "statusMessage" : "selenium.common.exceptions.TimeoutException: Message: \nStacktrace:\n#0 0x55ec7caf18ae <unknown>\n#1 0x55ec7c626c40 <unknown>\n#2 0x55ec7c672e12 <unknown>\n#3 0x55ec7c673011 <unknown>\n#4 0x55ec7c6bcbc4 <unknown>\n#5 0x55ec7c69aefd <unknown>\n#6 0x55ec7c6ba6d2 <unknown>\n#7 0x55ec7c69ac73 <unknown>\n#8 0x55ec7c6666e8 <unknown>\n#9 0x55ec7c66769e <unknown>\n#10 0x55ec7cac4c66 <unknown>\n#11 0x55ec7cac7f97 <unknown>\n#12 0x55ec7cac7a58 <unknown>\n#13 0x55ec7cac8425 <unknown>\n#14 0x55ec7cab5b6e <unknown>\n#15 0x55ec7cac876f <unknown>\n#16 0x55ec7ca9f625 <unknown>\n#17 0x55ec7cae0d55 <unknown>\n#18 0x55ec7cae0f36 <unknown>\n#19 0x55ec7caf06e5 <unknown>\n#20 0x7fd808383144 <unknown>",
  "statusTrace" : "self = <tests.ui.test_registration_new_user.TestRegistrationUser object at 0x7fa0661e75b0>\nuser = {'email': 'evdokimhohlov@example.com', 'name': 'Шашкова Евпраксия Евгеньевна', 'phone': '+380639919396'}\ncode = 1111\n\n    @allure.step(\"Registration new user AWDEV-T506\")\n    @pytest.mark.parametrize(\"user, code\", [\n        (RegistrationUserUi.user_name_phone_email, DEFAULT_CODE_REGISTRATION)], ids=str)\n    def test_registration_new_user_awdev_t506(self, user, code):\n        self.registration_page.open_registration_form()\n        self.registration_page.fill_registration_form(user=user)\n>       self.registration_page.confirm_registration_form(code=code)\n\ntests/ui/test_registration_new_user.py:16: \n_ _ _ _ _ _ _ _ _ _ _ _ _ _ _ _ _ _ _ _ _ _ _ _ _ _ _ _ _ _ _ _ _ _ _ _ _ _ _ _ \nsrc/pages/registration_page.py:44: in confirm_registration_form\n    self.fill_field_with_click(self.CODE_FIELD, code)\nsrc/base_classes/base_page.py:46: in fill_field_with_click\n    self.wait.until(EC.element_to_be_clickable(field_name)).click()\n_ _ _ _ _ _ _ _ _ _ _ _ _ _ _ _ _ _ _ _ _ _ _ _ _ _ _ _ _ _ _ _ _ _ _ _ _ _ _ _ \n\nself = <selenium.webdriver.support.wait.WebDriverWait (session=\"c891d4672c61534762348f4520471b3d\")>\nmethod = <function element_to_be_clickable.<locals>._predicate at 0x7fa06631fbe0>\nmessage = ''\n\n    def until(self, method: Callable[[D], Union[Literal[False], T]], message: str = \"\") -> T:\n        \"\"\"Calls the method provided with the driver as an argument until the \\\n        return value does not evaluate to ``False``.\n    \n        :param method: callable(WebDriver)\n        :param message: optional message for :exc:`TimeoutException`\n        :returns: the result of the last call to `method`\n        :raises: :exc:`selenium.common.exceptions.TimeoutException` if timeout occurs\n        \"\"\"\n        screen = None\n        stacktrace = None\n    \n        end_time = time.monotonic() + self._timeout\n        while True:\n            try:\n                value = method(self._driver)\n                if value:\n                    return value\n            except self._ignored_exceptions as exc:\n                screen = getattr(exc, \"screen\", None)\n                stacktrace = getattr(exc, \"stacktrace\", None)\n            time.sleep(self._poll)\n            if time.monotonic() > end_time:\n                break\n>       raise TimeoutException(message, screen, stacktrace)\nE       selenium.common.exceptions.TimeoutException: Message: \nE       Stacktrace:\nE       #0 0x55ec7caf18ae <unknown>\nE       #1 0x55ec7c626c40 <unknown>\nE       #2 0x55ec7c672e12 <unknown>\nE       #3 0x55ec7c673011 <unknown>\nE       #4 0x55ec7c6bcbc4 <unknown>\nE       #5 0x55ec7c69aefd <unknown>\nE       #6 0x55ec7c6ba6d2 <unknown>\nE       #7 0x55ec7c69ac73 <unknown>\nE       #8 0x55ec7c6666e8 <unknown>\nE       #9 0x55ec7c66769e <unknown>\nE       #10 0x55ec7cac4c66 <unknown>\nE       #11 0x55ec7cac7f97 <unknown>\nE       #12 0x55ec7cac7a58 <unknown>\nE       #13 0x55ec7cac8425 <unknown>\nE       #14 0x55ec7cab5b6e <unknown>\nE       #15 0x55ec7cac876f <unknown>\nE       #16 0x55ec7ca9f625 <unknown>\nE       #17 0x55ec7cae0d55 <unknown>\nE       #18 0x55ec7cae0f36 <unknown>\nE       #19 0x55ec7caf06e5 <unknown>\nE       #20 0x7fd808383144 <unknown>\n\n../local/lib/python3.10/site-packages/selenium/webdriver/support/wait.py:105: TimeoutException",
  "flaky" : false,
  "newFailed" : false,
  "beforeStages" : [ {
    "name" : "set_driver",
    "time" : {
      "start" : 1729942177496,
      "stop" : 1729942178046,
      "duration" : 550
    },
    "status" : "passed",
    "steps" : [ ],
    "attachments" : [ ],
    "parameters" : [ ],
    "stepsCount" : 0,
    "attachmentsCount" : 0,
    "shouldDisplayMessage" : false,
    "hasContent" : false
  }, {
    "name" : "set_env_settings",
    "time" : {
      "start" : 1729942177495,
      "stop" : 1729942177496,
      "duration" : 1
    },
    "status" : "passed",
    "steps" : [ ],
    "attachments" : [ ],
    "parameters" : [ ],
    "stepsCount" : 0,
    "attachmentsCount" : 0,
    "shouldDisplayMessage" : false,
    "hasContent" : false
  }, {
    "name" : "setup",
    "time" : {
      "start" : 1729942178046,
      "stop" : 1729942178046,
      "duration" : 0
    },
    "status" : "passed",
    "steps" : [ ],
    "attachments" : [ ],
    "parameters" : [ ],
    "stepsCount" : 0,
    "attachmentsCount" : 0,
    "shouldDisplayMessage" : false,
    "hasContent" : false
  }, {
    "name" : "_session_faker",
    "time" : {
      "start" : 1729942177423,
      "stop" : 1729942177495,
      "duration" : 72
    },
    "status" : "passed",
    "steps" : [ ],
    "attachments" : [ ],
    "parameters" : [ ],
    "stepsCount" : 0,
    "attachmentsCount" : 0,
    "shouldDisplayMessage" : false,
    "hasContent" : false
  }, {
    "name" : "pytestconfig",
    "time" : {
      "start" : 1729942177495,
      "stop" : 1729942177495,
      "duration" : 0
    },
    "status" : "passed",
    "steps" : [ ],
    "attachments" : [ ],
    "parameters" : [ ],
    "stepsCount" : 0,
    "attachmentsCount" : 0,
    "shouldDisplayMessage" : false,
    "hasContent" : false
  } ],
  "testStage" : {
    "status" : "broken",
    "statusMessage" : "selenium.common.exceptions.TimeoutException: Message: \nStacktrace:\n#0 0x55ec7caf18ae <unknown>\n#1 0x55ec7c626c40 <unknown>\n#2 0x55ec7c672e12 <unknown>\n#3 0x55ec7c673011 <unknown>\n#4 0x55ec7c6bcbc4 <unknown>\n#5 0x55ec7c69aefd <unknown>\n#6 0x55ec7c6ba6d2 <unknown>\n#7 0x55ec7c69ac73 <unknown>\n#8 0x55ec7c6666e8 <unknown>\n#9 0x55ec7c66769e <unknown>\n#10 0x55ec7cac4c66 <unknown>\n#11 0x55ec7cac7f97 <unknown>\n#12 0x55ec7cac7a58 <unknown>\n#13 0x55ec7cac8425 <unknown>\n#14 0x55ec7cab5b6e <unknown>\n#15 0x55ec7cac876f <unknown>\n#16 0x55ec7ca9f625 <unknown>\n#17 0x55ec7cae0d55 <unknown>\n#18 0x55ec7cae0f36 <unknown>\n#19 0x55ec7caf06e5 <unknown>\n#20 0x7fd808383144 <unknown>",
    "statusTrace" : "self = <tests.ui.test_registration_new_user.TestRegistrationUser object at 0x7fa0661e75b0>\nuser = {'email': 'evdokimhohlov@example.com', 'name': 'Шашкова Евпраксия Евгеньевна', 'phone': '+380639919396'}\ncode = 1111\n\n    @allure.step(\"Registration new user AWDEV-T506\")\n    @pytest.mark.parametrize(\"user, code\", [\n        (RegistrationUserUi.user_name_phone_email, DEFAULT_CODE_REGISTRATION)], ids=str)\n    def test_registration_new_user_awdev_t506(self, user, code):\n        self.registration_page.open_registration_form()\n        self.registration_page.fill_registration_form(user=user)\n>       self.registration_page.confirm_registration_form(code=code)\n\ntests/ui/test_registration_new_user.py:16: \n_ _ _ _ _ _ _ _ _ _ _ _ _ _ _ _ _ _ _ _ _ _ _ _ _ _ _ _ _ _ _ _ _ _ _ _ _ _ _ _ \nsrc/pages/registration_page.py:44: in confirm_registration_form\n    self.fill_field_with_click(self.CODE_FIELD, code)\nsrc/base_classes/base_page.py:46: in fill_field_with_click\n    self.wait.until(EC.element_to_be_clickable(field_name)).click()\n_ _ _ _ _ _ _ _ _ _ _ _ _ _ _ _ _ _ _ _ _ _ _ _ _ _ _ _ _ _ _ _ _ _ _ _ _ _ _ _ \n\nself = <selenium.webdriver.support.wait.WebDriverWait (session=\"c891d4672c61534762348f4520471b3d\")>\nmethod = <function element_to_be_clickable.<locals>._predicate at 0x7fa06631fbe0>\nmessage = ''\n\n    def until(self, method: Callable[[D], Union[Literal[False], T]], message: str = \"\") -> T:\n        \"\"\"Calls the method provided with the driver as an argument until the \\\n        return value does not evaluate to ``False``.\n    \n        :param method: callable(WebDriver)\n        :param message: optional message for :exc:`TimeoutException`\n        :returns: the result of the last call to `method`\n        :raises: :exc:`selenium.common.exceptions.TimeoutException` if timeout occurs\n        \"\"\"\n        screen = None\n        stacktrace = None\n    \n        end_time = time.monotonic() + self._timeout\n        while True:\n            try:\n                value = method(self._driver)\n                if value:\n                    return value\n            except self._ignored_exceptions as exc:\n                screen = getattr(exc, \"screen\", None)\n                stacktrace = getattr(exc, \"stacktrace\", None)\n            time.sleep(self._poll)\n            if time.monotonic() > end_time:\n                break\n>       raise TimeoutException(message, screen, stacktrace)\nE       selenium.common.exceptions.TimeoutException: Message: \nE       Stacktrace:\nE       #0 0x55ec7caf18ae <unknown>\nE       #1 0x55ec7c626c40 <unknown>\nE       #2 0x55ec7c672e12 <unknown>\nE       #3 0x55ec7c673011 <unknown>\nE       #4 0x55ec7c6bcbc4 <unknown>\nE       #5 0x55ec7c69aefd <unknown>\nE       #6 0x55ec7c6ba6d2 <unknown>\nE       #7 0x55ec7c69ac73 <unknown>\nE       #8 0x55ec7c6666e8 <unknown>\nE       #9 0x55ec7c66769e <unknown>\nE       #10 0x55ec7cac4c66 <unknown>\nE       #11 0x55ec7cac7f97 <unknown>\nE       #12 0x55ec7cac7a58 <unknown>\nE       #13 0x55ec7cac8425 <unknown>\nE       #14 0x55ec7cab5b6e <unknown>\nE       #15 0x55ec7cac876f <unknown>\nE       #16 0x55ec7ca9f625 <unknown>\nE       #17 0x55ec7cae0d55 <unknown>\nE       #18 0x55ec7cae0f36 <unknown>\nE       #19 0x55ec7caf06e5 <unknown>\nE       #20 0x7fd808383144 <unknown>\n\n../local/lib/python3.10/site-packages/selenium/webdriver/support/wait.py:105: TimeoutException",
    "steps" : [ {
      "name" : "Registration new user AWDEV-T506",
      "time" : {
        "start" : 1729942178047,
        "stop" : 1729942203162,
        "duration" : 25115
      },
      "status" : "broken",
      "statusMessage" : "selenium.common.exceptions.TimeoutException: Message: \nStacktrace:\n#0 0x55ec7caf18ae <unknown>\n#1 0x55ec7c626c40 <unknown>\n#2 0x55ec7c672e12 <unknown>\n#3 0x55ec7c673011 <unknown>\n#4 0x55ec7c6bcbc4 <unknown>\n#5 0x55ec7c69aefd <unknown>\n#6 0x55ec7c6ba6d2 <unknown>\n#7 0x55ec7c69ac73 <unknown>\n#8 0x55ec7c6666e8 <unknown>\n#9 0x55ec7c66769e <unknown>\n#10 0x55ec7cac4c66 <unknown>\n#11 0x55ec7cac7f97 <unknown>\n#12 0x55ec7cac7a58 <unknown>\n#13 0x55ec7cac8425 <unknown>\n#14 0x55ec7cab5b6e <unknown>\n#15 0x55ec7cac876f <unknown>\n#16 0x55ec7ca9f625 <unknown>\n#17 0x55ec7cae0d55 <unknown>\n#18 0x55ec7cae0f36 <unknown>\n#19 0x55ec7caf06e5 <unknown>\n#20 0x7fd808383144 <unknown>\n\n",
      "statusTrace" : "  File \"/usr/local/lib/python3.10/site-packages/allure_commons/_allure.py\", line 192, in impl\n    return func(*a, **kw)\n  File \"/usr/workspace/tests/ui/test_registration_new_user.py\", line 16, in test_registration_new_user_awdev_t506\n    self.registration_page.confirm_registration_form(code=code)\n  File \"/usr/workspace/src/pages/registration_page.py\", line 44, in confirm_registration_form\n    self.fill_field_with_click(self.CODE_FIELD, code)\n  File \"/usr/workspace/src/base_classes/base_page.py\", line 46, in fill_field_with_click\n    self.wait.until(EC.element_to_be_clickable(field_name)).click()\n  File \"/usr/local/lib/python3.10/site-packages/selenium/webdriver/support/wait.py\", line 105, in until\n    raise TimeoutException(message, screen, stacktrace)\n",
      "steps" : [ {
        "name" : "Open 'https://m2-live-qa-001.antoshka.ua/uk/' page",
        "time" : {
          "start" : 1729942178047,
          "stop" : 1729942181313,
          "duration" : 3266
        },
        "status" : "passed",
        "steps" : [ ],
        "attachments" : [ ],
        "parameters" : [ ],
        "stepsCount" : 0,
        "attachmentsCount" : 0,
        "shouldDisplayMessage" : false,
        "hasContent" : false
      }, {
        "name" : "Page 'https://m2-live-qa-001.antoshka.ua/uk/' is opened",
        "time" : {
          "start" : 1729942181313,
          "stop" : 1729942181317,
          "duration" : 4
        },
        "status" : "passed",
        "steps" : [ ],
        "attachments" : [ ],
        "parameters" : [ ],
        "stepsCount" : 0,
        "attachmentsCount" : 0,
        "shouldDisplayMessage" : false,
        "hasContent" : false
      }, {
        "name" : "Click ('xpath', \"//*[@id='login-enter']\")",
        "time" : {
          "start" : 1729942181317,
          "stop" : 1729942181378,
          "duration" : 61
        },
        "status" : "passed",
        "steps" : [ ],
        "attachments" : [ ],
        "parameters" : [ ],
        "stepsCount" : 0,
        "attachmentsCount" : 0,
        "shouldDisplayMessage" : false,
        "hasContent" : false
      }, {
        "name" : "Click ('xpath', '//form[1]//a')",
        "time" : {
          "start" : 1729942181378,
          "stop" : 1729942182449,
          "duration" : 1071
        },
        "status" : "passed",
        "steps" : [ ],
        "attachments" : [ ],
        "parameters" : [ ],
        "stepsCount" : 0,
        "attachmentsCount" : 0,
        "shouldDisplayMessage" : false,
        "hasContent" : false
      }, {
        "name" : "Fill '('xpath', \"//input[@data-validation='name']\")' with data 'Ш'",
        "time" : {
          "start" : 1729942182449,
          "stop" : 1729942182570,
          "duration" : 121
        },
        "status" : "passed",
        "steps" : [ ],
        "attachments" : [ ],
        "parameters" : [ ],
        "stepsCount" : 0,
        "attachmentsCount" : 0,
        "shouldDisplayMessage" : false,
        "hasContent" : false
      }, {
        "name" : "Fill '('xpath', \"//*[@id='telephone']\")' with data '639919396'",
        "time" : {
          "start" : 1729942182570,
          "stop" : 1729942182705,
          "duration" : 135
        },
        "status" : "passed",
        "steps" : [ ],
        "attachments" : [ ],
        "parameters" : [ ],
        "stepsCount" : 0,
        "attachmentsCount" : 0,
        "shouldDisplayMessage" : false,
        "hasContent" : false
      }, {
        "name" : "Fill '('xpath', \"//input[@data-validation='email']\")' with data 'evdokimhohlov@example.com'",
        "time" : {
          "start" : 1729942182706,
          "stop" : 1729942182850,
          "duration" : 144
        },
        "status" : "passed",
        "steps" : [ ],
        "attachments" : [ ],
        "parameters" : [ ],
        "stepsCount" : 0,
        "attachmentsCount" : 0,
        "shouldDisplayMessage" : false,
        "hasContent" : false
      }, {
        "name" : "Click ('xpath', \"//button[@class='auth_next']\")",
        "time" : {
          "start" : 1729942182850,
          "stop" : 1729942182901,
          "duration" : 51
        },
        "status" : "passed",
        "steps" : [ ],
        "attachments" : [ ],
        "parameters" : [ ],
        "stepsCount" : 0,
        "attachmentsCount" : 0,
        "shouldDisplayMessage" : false,
        "hasContent" : false
      }, {
        "name" : "Fill '('xpath', \"//input[@id='code-auth']\")' with data '1111'",
        "time" : {
          "start" : 1729942182901,
          "stop" : 1729942203162,
          "duration" : 20261
        },
        "status" : "broken",
        "statusMessage" : "selenium.common.exceptions.TimeoutException: Message: \nStacktrace:\n#0 0x55ec7caf18ae <unknown>\n#1 0x55ec7c626c40 <unknown>\n#2 0x55ec7c672e12 <unknown>\n#3 0x55ec7c673011 <unknown>\n#4 0x55ec7c6bcbc4 <unknown>\n#5 0x55ec7c69aefd <unknown>\n#6 0x55ec7c6ba6d2 <unknown>\n#7 0x55ec7c69ac73 <unknown>\n#8 0x55ec7c6666e8 <unknown>\n#9 0x55ec7c66769e <unknown>\n#10 0x55ec7cac4c66 <unknown>\n#11 0x55ec7cac7f97 <unknown>\n#12 0x55ec7cac7a58 <unknown>\n#13 0x55ec7cac8425 <unknown>\n#14 0x55ec7cab5b6e <unknown>\n#15 0x55ec7cac876f <unknown>\n#16 0x55ec7ca9f625 <unknown>\n#17 0x55ec7cae0d55 <unknown>\n#18 0x55ec7cae0f36 <unknown>\n#19 0x55ec7caf06e5 <unknown>\n#20 0x7fd808383144 <unknown>\n\n",
        "statusTrace" : "  File \"/usr/workspace/src/base_classes/base_page.py\", line 46, in fill_field_with_click\n    self.wait.until(EC.element_to_be_clickable(field_name)).click()\n  File \"/usr/local/lib/python3.10/site-packages/selenium/webdriver/support/wait.py\", line 105, in until\n    raise TimeoutException(message, screen, stacktrace)\n",
        "steps" : [ ],
        "attachments" : [ ],
        "parameters" : [ ],
        "stepsCount" : 0,
        "attachmentsCount" : 0,
        "shouldDisplayMessage" : true,
        "hasContent" : true
      } ],
      "attachments" : [ ],
      "parameters" : [ {
        "name" : "user",
        "value" : "{'name': 'Шашкова Евпраксия Евгеньевна', 'email': 'evdokimhohlov@example.com', 'phone': '+380639919396'}"
      }, {
        "name" : "code",
        "value" : "1111"
      } ],
      "stepsCount" : 9,
      "attachmentsCount" : 0,
      "shouldDisplayMessage" : false,
      "hasContent" : true
    } ],
    "attachments" : [ {
      "uid" : "c5097fd85fa7b571",
      "name" : "log",
      "source" : "c5097fd85fa7b571.txt",
      "type" : "text/plain",
      "size" : 92
    } ],
    "parameters" : [ ],
    "stepsCount" : 10,
    "attachmentsCount" : 1,
    "shouldDisplayMessage" : true,
    "hasContent" : true
  },
  "afterStages" : [ {
    "name" : "set_driver::0",
    "time" : {
      "start" : 1729942203205,
      "stop" : 1729942203273,
      "duration" : 68
    },
    "status" : "passed",
    "steps" : [ ],
    "attachments" : [ ],
    "parameters" : [ ],
    "stepsCount" : 0,
    "attachmentsCount" : 0,
    "shouldDisplayMessage" : false,
    "hasContent" : false
  } ],
  "labels" : [ {
    "name" : "parentSuite",
    "value" : "tests.ui"
  }, {
    "name" : "suite",
    "value" : "test_registration_new_user"
  }, {
    "name" : "subSuite",
    "value" : "TestRegistrationUser"
  }, {
    "name" : "host",
    "value" : "9aba5e00b1e4"
  }, {
    "name" : "thread",
    "value" : "7-MainThread"
  }, {
    "name" : "framework",
    "value" : "pytest"
  }, {
    "name" : "language",
    "value" : "cpython3"
  }, {
    "name" : "package",
    "value" : "tests.ui.test_registration_new_user"
  }, {
    "name" : "resultFormat",
    "value" : "allure2"
  } ],
  "parameters" : [ {
    "name" : "code",
    "value" : "1111"
  }, {
    "name" : "user",
    "value" : "{'name': 'Шашкова Евпраксия Евгеньевна', 'email': 'evdokimhohlov@example.com', 'phone': '+380639919396'}"
  } ],
  "links" : [ ],
  "hidden" : false,
  "retry" : false,
  "extra" : {
    "severity" : "normal",
    "retries" : [ ],
    "categories" : [ {
      "name" : "Test defects",
      "matchedStatuses" : [ ],
      "flaky" : false
    } ],
    "tags" : [ ]
  },
  "source" : "43a22ab011209d1f.json",
  "parameterValues" : [ "1111", "{'name': 'Шашкова Евпраксия Евгеньевна', 'email': 'evdokimhohlov@example.com', 'phone': '+380639919396'}" ]
}