{
  "uid" : "45d1d6799877ce5b",
  "name" : "test_registration_new_user_awdev_t506[{'name': '\\u041d\\u0430\\u0438\\u043d\\u0430 \\u0413\\u0435\\u043e\\u0440\\u0433\\u0438\\u0435\\u0432\\u043d\\u0430 \\u0424\\u0440\\u043e\\u043b\\u043e\\u0432\\u0430', 'email': 'margarita41@example.com', 'phone': '+380635917614'}-1111]",
  "fullName" : "tests.ui.test_registration_new_user.TestRegistrationUser#test_registration_new_user_awdev_t506",
  "historyId" : "7a066fa78fe603067ff98b98db14e895",
  "time" : {
    "start" : 1729933350197,
    "stop" : 1729933375665,
    "duration" : 25468
  },
  "status" : "broken",
  "statusMessage" : "selenium.common.exceptions.TimeoutException: Message: \nStacktrace:\n#0 0x5607278788ae <unknown>\n#1 0x5607273adc40 <unknown>\n#2 0x5607273f9e12 <unknown>\n#3 0x5607273fa011 <unknown>\n#4 0x560727443bc4 <unknown>\n#5 0x560727421efd <unknown>\n#6 0x5607274416d2 <unknown>\n#7 0x560727421c73 <unknown>\n#8 0x5607273ed6e8 <unknown>\n#9 0x5607273ee69e <unknown>\n#10 0x56072784bc66 <unknown>\n#11 0x56072784ef97 <unknown>\n#12 0x56072784ea58 <unknown>\n#13 0x56072784f425 <unknown>\n#14 0x56072783cb6e <unknown>\n#15 0x56072784f76f <unknown>\n#16 0x560727826625 <unknown>\n#17 0x560727867d55 <unknown>\n#18 0x560727867f36 <unknown>\n#19 0x5607278776e5 <unknown>\n#20 0x7f78c2e1c144 <unknown>",
  "statusTrace" : "self = <tests.ui.test_registration_new_user.TestRegistrationUser object at 0x7f524f557700>\nuser = {'email': 'margarita41@example.com', 'name': 'Наина Георгиевна Фролова', 'phone': '+380635917614'}\ncode = 1111\n\n    @allure.step(\"Registration new user AWDEV-T506\")\n    @pytest.mark.parametrize(\"user, code\", [\n        (RegistrationUserUi.user_name_phone_email, DEFAULT_CODE_REGISTRATION)], ids=str)\n    def test_registration_new_user_awdev_t506(self, user, code):\n        self.registration_page.open_registration_form()\n        self.registration_page.fill_registration_form(user=user)\n>       self.registration_page.confirm_registration_form(code=code)\n\ntests/ui/test_registration_new_user.py:16: \n_ _ _ _ _ _ _ _ _ _ _ _ _ _ _ _ _ _ _ _ _ _ _ _ _ _ _ _ _ _ _ _ _ _ _ _ _ _ _ _ \nsrc/pages/registration_page.py:44: in confirm_registration_form\n    self.fill_field_with_click(self.CODE_FIELD, code)\nsrc/base_classes/base_page.py:46: in fill_field_with_click\n    self.wait.until(EC.element_to_be_clickable(field_name)).click()\n_ _ _ _ _ _ _ _ _ _ _ _ _ _ _ _ _ _ _ _ _ _ _ _ _ _ _ _ _ _ _ _ _ _ _ _ _ _ _ _ \n\nself = <selenium.webdriver.support.wait.WebDriverWait (session=\"f49a95db52fc2bf128e6a3c92af9dfd4\")>\nmethod = <function element_to_be_clickable.<locals>._predicate at 0x7f524f61fbe0>\nmessage = ''\n\n    def until(self, method: Callable[[D], Union[Literal[False], T]], message: str = \"\") -> T:\n        \"\"\"Calls the method provided with the driver as an argument until the \\\n        return value does not evaluate to ``False``.\n    \n        :param method: callable(WebDriver)\n        :param message: optional message for :exc:`TimeoutException`\n        :returns: the result of the last call to `method`\n        :raises: :exc:`selenium.common.exceptions.TimeoutException` if timeout occurs\n        \"\"\"\n        screen = None\n        stacktrace = None\n    \n        end_time = time.monotonic() + self._timeout\n        while True:\n            try:\n                value = method(self._driver)\n                if value:\n                    return value\n            except self._ignored_exceptions as exc:\n                screen = getattr(exc, \"screen\", None)\n                stacktrace = getattr(exc, \"stacktrace\", None)\n            time.sleep(self._poll)\n            if time.monotonic() > end_time:\n                break\n>       raise TimeoutException(message, screen, stacktrace)\nE       selenium.common.exceptions.TimeoutException: Message: \nE       Stacktrace:\nE       #0 0x5607278788ae <unknown>\nE       #1 0x5607273adc40 <unknown>\nE       #2 0x5607273f9e12 <unknown>\nE       #3 0x5607273fa011 <unknown>\nE       #4 0x560727443bc4 <unknown>\nE       #5 0x560727421efd <unknown>\nE       #6 0x5607274416d2 <unknown>\nE       #7 0x560727421c73 <unknown>\nE       #8 0x5607273ed6e8 <unknown>\nE       #9 0x5607273ee69e <unknown>\nE       #10 0x56072784bc66 <unknown>\nE       #11 0x56072784ef97 <unknown>\nE       #12 0x56072784ea58 <unknown>\nE       #13 0x56072784f425 <unknown>\nE       #14 0x56072783cb6e <unknown>\nE       #15 0x56072784f76f <unknown>\nE       #16 0x560727826625 <unknown>\nE       #17 0x560727867d55 <unknown>\nE       #18 0x560727867f36 <unknown>\nE       #19 0x5607278776e5 <unknown>\nE       #20 0x7f78c2e1c144 <unknown>\n\n../local/lib/python3.10/site-packages/selenium/webdriver/support/wait.py:105: TimeoutException",
  "flaky" : false,
  "newFailed" : false,
  "beforeStages" : [ {
    "name" : "set_driver",
    "time" : {
      "start" : 1729933349702,
      "stop" : 1729933350196,
      "duration" : 494
    },
    "status" : "passed",
    "steps" : [ ],
    "attachments" : [ ],
    "parameters" : [ ],
    "stepsCount" : 0,
    "attachmentsCount" : 0,
    "shouldDisplayMessage" : false,
    "hasContent" : false
  }, {
    "name" : "_session_faker",
    "time" : {
      "start" : 1729933349628,
      "stop" : 1729933349701,
      "duration" : 73
    },
    "status" : "passed",
    "steps" : [ ],
    "attachments" : [ ],
    "parameters" : [ ],
    "stepsCount" : 0,
    "attachmentsCount" : 0,
    "shouldDisplayMessage" : false,
    "hasContent" : false
  }, {
    "name" : "set_env_settings",
    "time" : {
      "start" : 1729933349701,
      "stop" : 1729933349702,
      "duration" : 1
    },
    "status" : "passed",
    "steps" : [ ],
    "attachments" : [ ],
    "parameters" : [ ],
    "stepsCount" : 0,
    "attachmentsCount" : 0,
    "shouldDisplayMessage" : false,
    "hasContent" : false
  }, {
    "name" : "setup",
    "time" : {
      "start" : 1729933350196,
      "stop" : 1729933350196,
      "duration" : 0
    },
    "status" : "passed",
    "steps" : [ ],
    "attachments" : [ ],
    "parameters" : [ ],
    "stepsCount" : 0,
    "attachmentsCount" : 0,
    "shouldDisplayMessage" : false,
    "hasContent" : false
  }, {
    "name" : "pytestconfig",
    "time" : {
      "start" : 1729933349701,
      "stop" : 1729933349701,
      "duration" : 0
    },
    "status" : "passed",
    "steps" : [ ],
    "attachments" : [ ],
    "parameters" : [ ],
    "stepsCount" : 0,
    "attachmentsCount" : 0,
    "shouldDisplayMessage" : false,
    "hasContent" : false
  } ],
  "testStage" : {
    "status" : "broken",
    "statusMessage" : "selenium.common.exceptions.TimeoutException: Message: \nStacktrace:\n#0 0x5607278788ae <unknown>\n#1 0x5607273adc40 <unknown>\n#2 0x5607273f9e12 <unknown>\n#3 0x5607273fa011 <unknown>\n#4 0x560727443bc4 <unknown>\n#5 0x560727421efd <unknown>\n#6 0x5607274416d2 <unknown>\n#7 0x560727421c73 <unknown>\n#8 0x5607273ed6e8 <unknown>\n#9 0x5607273ee69e <unknown>\n#10 0x56072784bc66 <unknown>\n#11 0x56072784ef97 <unknown>\n#12 0x56072784ea58 <unknown>\n#13 0x56072784f425 <unknown>\n#14 0x56072783cb6e <unknown>\n#15 0x56072784f76f <unknown>\n#16 0x560727826625 <unknown>\n#17 0x560727867d55 <unknown>\n#18 0x560727867f36 <unknown>\n#19 0x5607278776e5 <unknown>\n#20 0x7f78c2e1c144 <unknown>",
    "statusTrace" : "self = <tests.ui.test_registration_new_user.TestRegistrationUser object at 0x7f524f557700>\nuser = {'email': 'margarita41@example.com', 'name': 'Наина Георгиевна Фролова', 'phone': '+380635917614'}\ncode = 1111\n\n    @allure.step(\"Registration new user AWDEV-T506\")\n    @pytest.mark.parametrize(\"user, code\", [\n        (RegistrationUserUi.user_name_phone_email, DEFAULT_CODE_REGISTRATION)], ids=str)\n    def test_registration_new_user_awdev_t506(self, user, code):\n        self.registration_page.open_registration_form()\n        self.registration_page.fill_registration_form(user=user)\n>       self.registration_page.confirm_registration_form(code=code)\n\ntests/ui/test_registration_new_user.py:16: \n_ _ _ _ _ _ _ _ _ _ _ _ _ _ _ _ _ _ _ _ _ _ _ _ _ _ _ _ _ _ _ _ _ _ _ _ _ _ _ _ \nsrc/pages/registration_page.py:44: in confirm_registration_form\n    self.fill_field_with_click(self.CODE_FIELD, code)\nsrc/base_classes/base_page.py:46: in fill_field_with_click\n    self.wait.until(EC.element_to_be_clickable(field_name)).click()\n_ _ _ _ _ _ _ _ _ _ _ _ _ _ _ _ _ _ _ _ _ _ _ _ _ _ _ _ _ _ _ _ _ _ _ _ _ _ _ _ \n\nself = <selenium.webdriver.support.wait.WebDriverWait (session=\"f49a95db52fc2bf128e6a3c92af9dfd4\")>\nmethod = <function element_to_be_clickable.<locals>._predicate at 0x7f524f61fbe0>\nmessage = ''\n\n    def until(self, method: Callable[[D], Union[Literal[False], T]], message: str = \"\") -> T:\n        \"\"\"Calls the method provided with the driver as an argument until the \\\n        return value does not evaluate to ``False``.\n    \n        :param method: callable(WebDriver)\n        :param message: optional message for :exc:`TimeoutException`\n        :returns: the result of the last call to `method`\n        :raises: :exc:`selenium.common.exceptions.TimeoutException` if timeout occurs\n        \"\"\"\n        screen = None\n        stacktrace = None\n    \n        end_time = time.monotonic() + self._timeout\n        while True:\n            try:\n                value = method(self._driver)\n                if value:\n                    return value\n            except self._ignored_exceptions as exc:\n                screen = getattr(exc, \"screen\", None)\n                stacktrace = getattr(exc, \"stacktrace\", None)\n            time.sleep(self._poll)\n            if time.monotonic() > end_time:\n                break\n>       raise TimeoutException(message, screen, stacktrace)\nE       selenium.common.exceptions.TimeoutException: Message: \nE       Stacktrace:\nE       #0 0x5607278788ae <unknown>\nE       #1 0x5607273adc40 <unknown>\nE       #2 0x5607273f9e12 <unknown>\nE       #3 0x5607273fa011 <unknown>\nE       #4 0x560727443bc4 <unknown>\nE       #5 0x560727421efd <unknown>\nE       #6 0x5607274416d2 <unknown>\nE       #7 0x560727421c73 <unknown>\nE       #8 0x5607273ed6e8 <unknown>\nE       #9 0x5607273ee69e <unknown>\nE       #10 0x56072784bc66 <unknown>\nE       #11 0x56072784ef97 <unknown>\nE       #12 0x56072784ea58 <unknown>\nE       #13 0x56072784f425 <unknown>\nE       #14 0x56072783cb6e <unknown>\nE       #15 0x56072784f76f <unknown>\nE       #16 0x560727826625 <unknown>\nE       #17 0x560727867d55 <unknown>\nE       #18 0x560727867f36 <unknown>\nE       #19 0x5607278776e5 <unknown>\nE       #20 0x7f78c2e1c144 <unknown>\n\n../local/lib/python3.10/site-packages/selenium/webdriver/support/wait.py:105: TimeoutException",
    "steps" : [ {
      "name" : "Registration new user AWDEV-T506",
      "time" : {
        "start" : 1729933350197,
        "stop" : 1729933375664,
        "duration" : 25467
      },
      "status" : "broken",
      "statusMessage" : "selenium.common.exceptions.TimeoutException: Message: \nStacktrace:\n#0 0x5607278788ae <unknown>\n#1 0x5607273adc40 <unknown>\n#2 0x5607273f9e12 <unknown>\n#3 0x5607273fa011 <unknown>\n#4 0x560727443bc4 <unknown>\n#5 0x560727421efd <unknown>\n#6 0x5607274416d2 <unknown>\n#7 0x560727421c73 <unknown>\n#8 0x5607273ed6e8 <unknown>\n#9 0x5607273ee69e <unknown>\n#10 0x56072784bc66 <unknown>\n#11 0x56072784ef97 <unknown>\n#12 0x56072784ea58 <unknown>\n#13 0x56072784f425 <unknown>\n#14 0x56072783cb6e <unknown>\n#15 0x56072784f76f <unknown>\n#16 0x560727826625 <unknown>\n#17 0x560727867d55 <unknown>\n#18 0x560727867f36 <unknown>\n#19 0x5607278776e5 <unknown>\n#20 0x7f78c2e1c144 <unknown>\n\n",
      "statusTrace" : "  File \"/usr/local/lib/python3.10/site-packages/allure_commons/_allure.py\", line 192, in impl\n    return func(*a, **kw)\n  File \"/usr/workspace/tests/ui/test_registration_new_user.py\", line 16, in test_registration_new_user_awdev_t506\n    self.registration_page.confirm_registration_form(code=code)\n  File \"/usr/workspace/src/pages/registration_page.py\", line 44, in confirm_registration_form\n    self.fill_field_with_click(self.CODE_FIELD, code)\n  File \"/usr/workspace/src/base_classes/base_page.py\", line 46, in fill_field_with_click\n    self.wait.until(EC.element_to_be_clickable(field_name)).click()\n  File \"/usr/local/lib/python3.10/site-packages/selenium/webdriver/support/wait.py\", line 105, in until\n    raise TimeoutException(message, screen, stacktrace)\n",
      "steps" : [ {
        "name" : "Open 'https://m2-live-dev-001.antoshka.ua/uk/' page",
        "time" : {
          "start" : 1729933350197,
          "stop" : 1729933353790,
          "duration" : 3593
        },
        "status" : "passed",
        "steps" : [ ],
        "attachments" : [ ],
        "parameters" : [ ],
        "stepsCount" : 0,
        "attachmentsCount" : 0,
        "shouldDisplayMessage" : false,
        "hasContent" : false
      }, {
        "name" : "Page 'https://m2-live-dev-001.antoshka.ua/uk/' is opened",
        "time" : {
          "start" : 1729933353790,
          "stop" : 1729933353795,
          "duration" : 5
        },
        "status" : "passed",
        "steps" : [ ],
        "attachments" : [ ],
        "parameters" : [ ],
        "stepsCount" : 0,
        "attachmentsCount" : 0,
        "shouldDisplayMessage" : false,
        "hasContent" : false
      }, {
        "name" : "Click ('xpath', \"//*[@id='login-enter']\")",
        "time" : {
          "start" : 1729933353795,
          "stop" : 1729933353871,
          "duration" : 76
        },
        "status" : "passed",
        "steps" : [ ],
        "attachments" : [ ],
        "parameters" : [ ],
        "stepsCount" : 0,
        "attachmentsCount" : 0,
        "shouldDisplayMessage" : false,
        "hasContent" : false
      }, {
        "name" : "Click ('xpath', '//form[1]//a')",
        "time" : {
          "start" : 1729933353871,
          "stop" : 1729933354940,
          "duration" : 1069
        },
        "status" : "passed",
        "steps" : [ ],
        "attachments" : [ ],
        "parameters" : [ ],
        "stepsCount" : 0,
        "attachmentsCount" : 0,
        "shouldDisplayMessage" : false,
        "hasContent" : false
      }, {
        "name" : "Fill '('xpath', \"//input[@data-validation='name']\")' with data 'Н'",
        "time" : {
          "start" : 1729933354940,
          "stop" : 1729933355065,
          "duration" : 125
        },
        "status" : "passed",
        "steps" : [ ],
        "attachments" : [ ],
        "parameters" : [ ],
        "stepsCount" : 0,
        "attachmentsCount" : 0,
        "shouldDisplayMessage" : false,
        "hasContent" : false
      }, {
        "name" : "Fill '('xpath', \"//*[@id='telephone']\")' with data '635917614'",
        "time" : {
          "start" : 1729933355065,
          "stop" : 1729933355205,
          "duration" : 140
        },
        "status" : "passed",
        "steps" : [ ],
        "attachments" : [ ],
        "parameters" : [ ],
        "stepsCount" : 0,
        "attachmentsCount" : 0,
        "shouldDisplayMessage" : false,
        "hasContent" : false
      }, {
        "name" : "Fill '('xpath', \"//input[@data-validation='email']\")' with data 'margarita41@example.com'",
        "time" : {
          "start" : 1729933355205,
          "stop" : 1729933355350,
          "duration" : 145
        },
        "status" : "passed",
        "steps" : [ ],
        "attachments" : [ ],
        "parameters" : [ ],
        "stepsCount" : 0,
        "attachmentsCount" : 0,
        "shouldDisplayMessage" : false,
        "hasContent" : false
      }, {
        "name" : "Click ('xpath', \"//button[@class='auth_next']\")",
        "time" : {
          "start" : 1729933355350,
          "stop" : 1729933355404,
          "duration" : 54
        },
        "status" : "passed",
        "steps" : [ ],
        "attachments" : [ ],
        "parameters" : [ ],
        "stepsCount" : 0,
        "attachmentsCount" : 0,
        "shouldDisplayMessage" : false,
        "hasContent" : false
      }, {
        "name" : "Fill '('xpath', \"//input[@id='code-auth']\")' with data '1111'",
        "time" : {
          "start" : 1729933355404,
          "stop" : 1729933375664,
          "duration" : 20260
        },
        "status" : "broken",
        "statusMessage" : "selenium.common.exceptions.TimeoutException: Message: \nStacktrace:\n#0 0x5607278788ae <unknown>\n#1 0x5607273adc40 <unknown>\n#2 0x5607273f9e12 <unknown>\n#3 0x5607273fa011 <unknown>\n#4 0x560727443bc4 <unknown>\n#5 0x560727421efd <unknown>\n#6 0x5607274416d2 <unknown>\n#7 0x560727421c73 <unknown>\n#8 0x5607273ed6e8 <unknown>\n#9 0x5607273ee69e <unknown>\n#10 0x56072784bc66 <unknown>\n#11 0x56072784ef97 <unknown>\n#12 0x56072784ea58 <unknown>\n#13 0x56072784f425 <unknown>\n#14 0x56072783cb6e <unknown>\n#15 0x56072784f76f <unknown>\n#16 0x560727826625 <unknown>\n#17 0x560727867d55 <unknown>\n#18 0x560727867f36 <unknown>\n#19 0x5607278776e5 <unknown>\n#20 0x7f78c2e1c144 <unknown>\n\n",
        "statusTrace" : "  File \"/usr/workspace/src/base_classes/base_page.py\", line 46, in fill_field_with_click\n    self.wait.until(EC.element_to_be_clickable(field_name)).click()\n  File \"/usr/local/lib/python3.10/site-packages/selenium/webdriver/support/wait.py\", line 105, in until\n    raise TimeoutException(message, screen, stacktrace)\n",
        "steps" : [ ],
        "attachments" : [ ],
        "parameters" : [ ],
        "stepsCount" : 0,
        "attachmentsCount" : 0,
        "shouldDisplayMessage" : true,
        "hasContent" : true
      } ],
      "attachments" : [ ],
      "parameters" : [ {
        "name" : "user",
        "value" : "{'name': 'Наина Георгиевна Фролова', 'email': 'margarita41@example.com', 'phone': '+380635917614'}"
      }, {
        "name" : "code",
        "value" : "1111"
      } ],
      "stepsCount" : 9,
      "attachmentsCount" : 0,
      "shouldDisplayMessage" : false,
      "hasContent" : true
    } ],
    "attachments" : [ {
      "uid" : "2807dccf9e8680ed",
      "name" : "log",
      "source" : "2807dccf9e8680ed.txt",
      "type" : "text/plain",
      "size" : 92
    } ],
    "parameters" : [ ],
    "stepsCount" : 10,
    "attachmentsCount" : 1,
    "shouldDisplayMessage" : true,
    "hasContent" : true
  },
  "afterStages" : [ {
    "name" : "set_driver::0",
    "time" : {
      "start" : 1729933375709,
      "stop" : 1729933375777,
      "duration" : 68
    },
    "status" : "passed",
    "steps" : [ ],
    "attachments" : [ ],
    "parameters" : [ ],
    "stepsCount" : 0,
    "attachmentsCount" : 0,
    "shouldDisplayMessage" : false,
    "hasContent" : false
  } ],
  "labels" : [ {
    "name" : "parentSuite",
    "value" : "tests.ui"
  }, {
    "name" : "suite",
    "value" : "test_registration_new_user"
  }, {
    "name" : "subSuite",
    "value" : "TestRegistrationUser"
  }, {
    "name" : "host",
    "value" : "b7df6285eb37"
  }, {
    "name" : "thread",
    "value" : "7-MainThread"
  }, {
    "name" : "framework",
    "value" : "pytest"
  }, {
    "name" : "language",
    "value" : "cpython3"
  }, {
    "name" : "package",
    "value" : "tests.ui.test_registration_new_user"
  }, {
    "name" : "resultFormat",
    "value" : "allure2"
  } ],
  "parameters" : [ {
    "name" : "code",
    "value" : "1111"
  }, {
    "name" : "user",
    "value" : "{'name': 'Наина Георгиевна Фролова', 'email': 'margarita41@example.com', 'phone': '+380635917614'}"
  } ],
  "links" : [ ],
  "hidden" : false,
  "retry" : false,
  "extra" : {
    "severity" : "normal",
    "retries" : [ ],
    "categories" : [ {
      "name" : "Test defects",
      "matchedStatuses" : [ ],
      "flaky" : false
    } ],
    "tags" : [ ]
  },
  "source" : "45d1d6799877ce5b.json",
  "parameterValues" : [ "1111", "{'name': 'Наина Георгиевна Фролова', 'email': 'margarita41@example.com', 'phone': '+380635917614'}" ]
}