{
  "uid" : "5f5e16d9a739c1a0",
  "name" : "test_registration_user_with_wrong_code_awdev_t506[{'name': '\\u041a\\u043e\\u0442\\u043e\\u0432 \\u041a\\u0430\\u043f\\u0438\\u0442\\u043e\\u043d \\u0414\\u0430\\u0432\\u044b\\u0434\\u043e\\u0432\\u0438\\u0447', 'email': 'volkovkim@example.org', 'phone': '+380637773673'}-8889]",
  "fullName" : "tests.ui.test_registration_new_user.TestRegistrationUser#test_registration_user_with_wrong_code_awdev_t506",
  "historyId" : "15f4e9d8c9ec0aa7bc720ec3563056d9",
  "time" : {
    "start" : 1729875968855,
    "stop" : 1729875992059,
    "duration" : 23204
  },
  "status" : "broken",
  "statusMessage" : "selenium.common.exceptions.TimeoutException: Message: \nStacktrace:\n#0 0x5b47eeff102a <unknown>\n#1 0x5b47eecd75e0 <unknown>\n#2 0x5b47eed26be8 <unknown>\n#3 0x5b47eed26e81 <unknown>\n#4 0x5b47eed6d8c4 <unknown>\n#5 0x5b47eed4bb4d <unknown>\n#6 0x5b47eed6ad7d <unknown>\n#7 0x5b47eed4b8c3 <unknown>\n#8 0x5b47eed196b3 <unknown>\n#9 0x5b47eed1a68e <unknown>\n#10 0x5b47eefbba2b <unknown>\n#11 0x5b47eefbf9b1 <unknown>\n#12 0x5b47eefa8225 <unknown>\n#13 0x5b47eefc0532 <unknown>\n#14 0x5b47eef8d38f <unknown>\n#15 0x5b47eefdff28 <unknown>\n#16 0x5b47eefe00f3 <unknown>\n#17 0x5b47eefefe7c <unknown>\n#18 0x7073d6094ac3 <unknown>",
  "statusTrace" : "self = <tests.ui.test_registration_new_user.TestRegistrationUser object at 0x7c61fe598430>, user = {'email': 'volkovkim@example.org', 'name': 'Котов Капитон Давыдович', 'phone': '+380637773673'}, code = 8889\n\n    @allure.step(\"Registration new user with wrong code AWDEV-T506\")\n    @pytest.mark.parametrize(\"user, code\",\n                             [(RegistrationUserUi.new_user_name_phone_email, DEFAULT_CODE_AUTHORIZATION)], ids=str)\n    def test_registration_user_with_wrong_code_awdev_t506(self, user, code):\n        self.registration_page.open_registration_form()\n        self.registration_page.fill_registration_form(user=user)\n>       self.registration_page.confirm_registration_form(code=code, correct=False)\n\ntests/ui/test_registration_new_user.py:41: \n_ _ _ _ _ _ _ _ _ _ _ _ _ _ _ _ _ _ _ _ _ _ _ _ _ _ _ _ _ _ _ _ _ _ _ _ _ _ _ _ _ _ _ _ _ _ _ _ _ _ _ _ _ _ _ _ _ _ _ _ _ _ _ _ _ _ _ _ _ _ _ _ _ _ _ _ _ _ _ _ _ _ _ _ _ _ _ _ _ _ _ _ _ _ _ _ _ _ _ _ _ _ _ _ _ _ _ _ _ _\nsrc/pages/registration_page.py:44: in confirm_registration_form\n    self.fill_field_with_click(self.CODE_FIELD, code)\nsrc/base_classes/base_page.py:46: in fill_field_with_click\n    self.wait.until(EC.element_to_be_clickable(field_name)).click()\n_ _ _ _ _ _ _ _ _ _ _ _ _ _ _ _ _ _ _ _ _ _ _ _ _ _ _ _ _ _ _ _ _ _ _ _ _ _ _ _ _ _ _ _ _ _ _ _ _ _ _ _ _ _ _ _ _ _ _ _ _ _ _ _ _ _ _ _ _ _ _ _ _ _ _ _ _ _ _ _ _ _ _ _ _ _ _ _ _ _ _ _ _ _ _ _ _ _ _ _ _ _ _ _ _ _ _ _ _ _\n\nself = <selenium.webdriver.support.wait.WebDriverWait (session=\"6749c8904f066975704af749ce53cde6\")>, method = <function element_to_be_clickable.<locals>._predicate at 0x7c61fe56d750>, message = ''\n\n    def until(self, method: Callable[[D], Union[Literal[False], T]], message: str = \"\") -> T:\n        \"\"\"Calls the method provided with the driver as an argument until the \\\n        return value does not evaluate to ``False``.\n    \n        :param method: callable(WebDriver)\n        :param message: optional message for :exc:`TimeoutException`\n        :returns: the result of the last call to `method`\n        :raises: :exc:`selenium.common.exceptions.TimeoutException` if timeout occurs\n        \"\"\"\n        screen = None\n        stacktrace = None\n    \n        end_time = time.monotonic() + self._timeout\n        while True:\n            try:\n                value = method(self._driver)\n                if value:\n                    return value\n            except self._ignored_exceptions as exc:\n                screen = getattr(exc, \"screen\", None)\n                stacktrace = getattr(exc, \"stacktrace\", None)\n            time.sleep(self._poll)\n            if time.monotonic() > end_time:\n                break\n>       raise TimeoutException(message, screen, stacktrace)\nE       selenium.common.exceptions.TimeoutException: Message: \nE       Stacktrace:\nE       #0 0x5b47eeff102a <unknown>\nE       #1 0x5b47eecd75e0 <unknown>\nE       #2 0x5b47eed26be8 <unknown>\nE       #3 0x5b47eed26e81 <unknown>\nE       #4 0x5b47eed6d8c4 <unknown>\nE       #5 0x5b47eed4bb4d <unknown>\nE       #6 0x5b47eed6ad7d <unknown>\nE       #7 0x5b47eed4b8c3 <unknown>\nE       #8 0x5b47eed196b3 <unknown>\nE       #9 0x5b47eed1a68e <unknown>\nE       #10 0x5b47eefbba2b <unknown>\nE       #11 0x5b47eefbf9b1 <unknown>\nE       #12 0x5b47eefa8225 <unknown>\nE       #13 0x5b47eefc0532 <unknown>\nE       #14 0x5b47eef8d38f <unknown>\nE       #15 0x5b47eefdff28 <unknown>\nE       #16 0x5b47eefe00f3 <unknown>\nE       #17 0x5b47eefefe7c <unknown>\nE       #18 0x7073d6094ac3 <unknown>\n\n.venv/lib/python3.10/site-packages/selenium/webdriver/support/wait.py:105: TimeoutException",
  "flaky" : false,
  "newFailed" : false,
  "beforeStages" : [ {
    "name" : "set_driver",
    "time" : {
      "start" : 1729875968378,
      "stop" : 1729875968854,
      "duration" : 476
    },
    "status" : "passed",
    "steps" : [ ],
    "attachments" : [ ],
    "parameters" : [ ],
    "stepsCount" : 0,
    "attachmentsCount" : 0,
    "shouldDisplayMessage" : false,
    "hasContent" : false
  }, {
    "name" : "set_env_settings",
    "time" : {
      "start" : 1729875933707,
      "stop" : 1729875933708,
      "duration" : 1
    },
    "status" : "passed",
    "steps" : [ ],
    "attachments" : [ ],
    "parameters" : [ ],
    "stepsCount" : 0,
    "attachmentsCount" : 0,
    "shouldDisplayMessage" : false,
    "hasContent" : false
  }, {
    "name" : "_session_faker",
    "time" : {
      "start" : 1729875933686,
      "stop" : 1729875933706,
      "duration" : 20
    },
    "status" : "passed",
    "steps" : [ ],
    "attachments" : [ ],
    "parameters" : [ ],
    "stepsCount" : 0,
    "attachmentsCount" : 0,
    "shouldDisplayMessage" : false,
    "hasContent" : false
  }, {
    "name" : "pytestconfig",
    "time" : {
      "start" : 1729875933707,
      "stop" : 1729875933707,
      "duration" : 0
    },
    "status" : "passed",
    "steps" : [ ],
    "attachments" : [ ],
    "parameters" : [ ],
    "stepsCount" : 0,
    "attachmentsCount" : 0,
    "shouldDisplayMessage" : false,
    "hasContent" : false
  }, {
    "name" : "setup",
    "time" : {
      "start" : 1729875968854,
      "stop" : 1729875968855,
      "duration" : 1
    },
    "status" : "passed",
    "steps" : [ ],
    "attachments" : [ ],
    "parameters" : [ ],
    "stepsCount" : 0,
    "attachmentsCount" : 0,
    "shouldDisplayMessage" : false,
    "hasContent" : false
  } ],
  "testStage" : {
    "status" : "broken",
    "statusMessage" : "selenium.common.exceptions.TimeoutException: Message: \nStacktrace:\n#0 0x5b47eeff102a <unknown>\n#1 0x5b47eecd75e0 <unknown>\n#2 0x5b47eed26be8 <unknown>\n#3 0x5b47eed26e81 <unknown>\n#4 0x5b47eed6d8c4 <unknown>\n#5 0x5b47eed4bb4d <unknown>\n#6 0x5b47eed6ad7d <unknown>\n#7 0x5b47eed4b8c3 <unknown>\n#8 0x5b47eed196b3 <unknown>\n#9 0x5b47eed1a68e <unknown>\n#10 0x5b47eefbba2b <unknown>\n#11 0x5b47eefbf9b1 <unknown>\n#12 0x5b47eefa8225 <unknown>\n#13 0x5b47eefc0532 <unknown>\n#14 0x5b47eef8d38f <unknown>\n#15 0x5b47eefdff28 <unknown>\n#16 0x5b47eefe00f3 <unknown>\n#17 0x5b47eefefe7c <unknown>\n#18 0x7073d6094ac3 <unknown>",
    "statusTrace" : "self = <tests.ui.test_registration_new_user.TestRegistrationUser object at 0x7c61fe598430>, user = {'email': 'volkovkim@example.org', 'name': 'Котов Капитон Давыдович', 'phone': '+380637773673'}, code = 8889\n\n    @allure.step(\"Registration new user with wrong code AWDEV-T506\")\n    @pytest.mark.parametrize(\"user, code\",\n                             [(RegistrationUserUi.new_user_name_phone_email, DEFAULT_CODE_AUTHORIZATION)], ids=str)\n    def test_registration_user_with_wrong_code_awdev_t506(self, user, code):\n        self.registration_page.open_registration_form()\n        self.registration_page.fill_registration_form(user=user)\n>       self.registration_page.confirm_registration_form(code=code, correct=False)\n\ntests/ui/test_registration_new_user.py:41: \n_ _ _ _ _ _ _ _ _ _ _ _ _ _ _ _ _ _ _ _ _ _ _ _ _ _ _ _ _ _ _ _ _ _ _ _ _ _ _ _ _ _ _ _ _ _ _ _ _ _ _ _ _ _ _ _ _ _ _ _ _ _ _ _ _ _ _ _ _ _ _ _ _ _ _ _ _ _ _ _ _ _ _ _ _ _ _ _ _ _ _ _ _ _ _ _ _ _ _ _ _ _ _ _ _ _ _ _ _ _\nsrc/pages/registration_page.py:44: in confirm_registration_form\n    self.fill_field_with_click(self.CODE_FIELD, code)\nsrc/base_classes/base_page.py:46: in fill_field_with_click\n    self.wait.until(EC.element_to_be_clickable(field_name)).click()\n_ _ _ _ _ _ _ _ _ _ _ _ _ _ _ _ _ _ _ _ _ _ _ _ _ _ _ _ _ _ _ _ _ _ _ _ _ _ _ _ _ _ _ _ _ _ _ _ _ _ _ _ _ _ _ _ _ _ _ _ _ _ _ _ _ _ _ _ _ _ _ _ _ _ _ _ _ _ _ _ _ _ _ _ _ _ _ _ _ _ _ _ _ _ _ _ _ _ _ _ _ _ _ _ _ _ _ _ _ _\n\nself = <selenium.webdriver.support.wait.WebDriverWait (session=\"6749c8904f066975704af749ce53cde6\")>, method = <function element_to_be_clickable.<locals>._predicate at 0x7c61fe56d750>, message = ''\n\n    def until(self, method: Callable[[D], Union[Literal[False], T]], message: str = \"\") -> T:\n        \"\"\"Calls the method provided with the driver as an argument until the \\\n        return value does not evaluate to ``False``.\n    \n        :param method: callable(WebDriver)\n        :param message: optional message for :exc:`TimeoutException`\n        :returns: the result of the last call to `method`\n        :raises: :exc:`selenium.common.exceptions.TimeoutException` if timeout occurs\n        \"\"\"\n        screen = None\n        stacktrace = None\n    \n        end_time = time.monotonic() + self._timeout\n        while True:\n            try:\n                value = method(self._driver)\n                if value:\n                    return value\n            except self._ignored_exceptions as exc:\n                screen = getattr(exc, \"screen\", None)\n                stacktrace = getattr(exc, \"stacktrace\", None)\n            time.sleep(self._poll)\n            if time.monotonic() > end_time:\n                break\n>       raise TimeoutException(message, screen, stacktrace)\nE       selenium.common.exceptions.TimeoutException: Message: \nE       Stacktrace:\nE       #0 0x5b47eeff102a <unknown>\nE       #1 0x5b47eecd75e0 <unknown>\nE       #2 0x5b47eed26be8 <unknown>\nE       #3 0x5b47eed26e81 <unknown>\nE       #4 0x5b47eed6d8c4 <unknown>\nE       #5 0x5b47eed4bb4d <unknown>\nE       #6 0x5b47eed6ad7d <unknown>\nE       #7 0x5b47eed4b8c3 <unknown>\nE       #8 0x5b47eed196b3 <unknown>\nE       #9 0x5b47eed1a68e <unknown>\nE       #10 0x5b47eefbba2b <unknown>\nE       #11 0x5b47eefbf9b1 <unknown>\nE       #12 0x5b47eefa8225 <unknown>\nE       #13 0x5b47eefc0532 <unknown>\nE       #14 0x5b47eef8d38f <unknown>\nE       #15 0x5b47eefdff28 <unknown>\nE       #16 0x5b47eefe00f3 <unknown>\nE       #17 0x5b47eefefe7c <unknown>\nE       #18 0x7073d6094ac3 <unknown>\n\n.venv/lib/python3.10/site-packages/selenium/webdriver/support/wait.py:105: TimeoutException",
    "steps" : [ {
      "name" : "Registration new user with wrong code AWDEV-T506",
      "time" : {
        "start" : 1729875968855,
        "stop" : 1729875992058,
        "duration" : 23203
      },
      "status" : "broken",
      "statusMessage" : "selenium.common.exceptions.TimeoutException: Message: \nStacktrace:\n#0 0x5b47eeff102a <unknown>\n#1 0x5b47eecd75e0 <unknown>\n#2 0x5b47eed26be8 <unknown>\n#3 0x5b47eed26e81 <unknown>\n#4 0x5b47eed6d8c4 <unknown>\n#5 0x5b47eed4bb4d <unknown>\n#6 0x5b47eed6ad7d <unknown>\n#7 0x5b47eed4b8c3 <unknown>\n#8 0x5b47eed196b3 <unknown>\n#9 0x5b47eed1a68e <unknown>\n#10 0x5b47eefbba2b <unknown>\n#11 0x5b47eefbf9b1 <unknown>\n#12 0x5b47eefa8225 <unknown>\n#13 0x5b47eefc0532 <unknown>\n#14 0x5b47eef8d38f <unknown>\n#15 0x5b47eefdff28 <unknown>\n#16 0x5b47eefe00f3 <unknown>\n#17 0x5b47eefefe7c <unknown>\n#18 0x7073d6094ac3 <unknown>\n\n",
      "statusTrace" : "  File \"/home/oleg/PycharmProjects/my_test_gitnub_actions/.venv/lib/python3.10/site-packages/allure_commons/_allure.py\", line 192, in impl\n    return func(*a, **kw)\n  File \"/home/oleg/PycharmProjects/my_test_gitnub_actions/tests/ui/test_registration_new_user.py\", line 41, in test_registration_user_with_wrong_code_awdev_t506\n    self.registration_page.confirm_registration_form(code=code, correct=False)\n  File \"/home/oleg/PycharmProjects/my_test_gitnub_actions/src/pages/registration_page.py\", line 44, in confirm_registration_form\n    self.fill_field_with_click(self.CODE_FIELD, code)\n  File \"/home/oleg/PycharmProjects/my_test_gitnub_actions/src/base_classes/base_page.py\", line 46, in fill_field_with_click\n    self.wait.until(EC.element_to_be_clickable(field_name)).click()\n  File \"/home/oleg/PycharmProjects/my_test_gitnub_actions/.venv/lib/python3.10/site-packages/selenium/webdriver/support/wait.py\", line 105, in until\n    raise TimeoutException(message, screen, stacktrace)\n",
      "steps" : [ {
        "name" : "Open 'https://m2-live-dev-001.antoshka.ua/uk/' page",
        "time" : {
          "start" : 1729875968855,
          "stop" : 1729875970078,
          "duration" : 1223
        },
        "status" : "passed",
        "steps" : [ ],
        "attachments" : [ ],
        "parameters" : [ ],
        "stepsCount" : 0,
        "attachmentsCount" : 0,
        "shouldDisplayMessage" : false,
        "hasContent" : false
      }, {
        "name" : "Page 'https://m2-live-dev-001.antoshka.ua/uk/' is opened",
        "time" : {
          "start" : 1729875970078,
          "stop" : 1729875970086,
          "duration" : 8
        },
        "status" : "passed",
        "steps" : [ ],
        "attachments" : [ ],
        "parameters" : [ ],
        "stepsCount" : 0,
        "attachmentsCount" : 0,
        "shouldDisplayMessage" : false,
        "hasContent" : false
      }, {
        "name" : "Click ('xpath', \"//*[@id='login-enter']\")",
        "time" : {
          "start" : 1729875970086,
          "stop" : 1729875970163,
          "duration" : 77
        },
        "status" : "passed",
        "steps" : [ ],
        "attachments" : [ ],
        "parameters" : [ ],
        "stepsCount" : 0,
        "attachmentsCount" : 0,
        "shouldDisplayMessage" : false,
        "hasContent" : false
      }, {
        "name" : "Click ('xpath', '//form[1]//a')",
        "time" : {
          "start" : 1729875970163,
          "stop" : 1729875971270,
          "duration" : 1107
        },
        "status" : "passed",
        "steps" : [ ],
        "attachments" : [ ],
        "parameters" : [ ],
        "stepsCount" : 0,
        "attachmentsCount" : 0,
        "shouldDisplayMessage" : false,
        "hasContent" : false
      }, {
        "name" : "Fill '('xpath', \"//input[@data-validation='name']\")' with data 'К'",
        "time" : {
          "start" : 1729875971271,
          "stop" : 1729875971364,
          "duration" : 93
        },
        "status" : "passed",
        "steps" : [ ],
        "attachments" : [ ],
        "parameters" : [ ],
        "stepsCount" : 0,
        "attachmentsCount" : 0,
        "shouldDisplayMessage" : false,
        "hasContent" : false
      }, {
        "name" : "Fill '('xpath', \"//*[@id='telephone']\")' with data '637773673'",
        "time" : {
          "start" : 1729875971364,
          "stop" : 1729875971470,
          "duration" : 106
        },
        "status" : "passed",
        "steps" : [ ],
        "attachments" : [ ],
        "parameters" : [ ],
        "stepsCount" : 0,
        "attachmentsCount" : 0,
        "shouldDisplayMessage" : false,
        "hasContent" : false
      }, {
        "name" : "Fill '('xpath', \"//input[@data-validation='email']\")' with data 'volkovkim@example.org'",
        "time" : {
          "start" : 1729875971470,
          "stop" : 1729875971563,
          "duration" : 93
        },
        "status" : "passed",
        "steps" : [ ],
        "attachments" : [ ],
        "parameters" : [ ],
        "stepsCount" : 0,
        "attachmentsCount" : 0,
        "shouldDisplayMessage" : false,
        "hasContent" : false
      }, {
        "name" : "Click ('xpath', \"//button[@class='auth_next']\")",
        "time" : {
          "start" : 1729875971563,
          "stop" : 1729875971607,
          "duration" : 44
        },
        "status" : "passed",
        "steps" : [ ],
        "attachments" : [ ],
        "parameters" : [ ],
        "stepsCount" : 0,
        "attachmentsCount" : 0,
        "shouldDisplayMessage" : false,
        "hasContent" : false
      }, {
        "name" : "Fill '('xpath', \"//input[@id='code-auth']\")' with data '8889'",
        "time" : {
          "start" : 1729875971607,
          "stop" : 1729875992058,
          "duration" : 20451
        },
        "status" : "broken",
        "statusMessage" : "selenium.common.exceptions.TimeoutException: Message: \nStacktrace:\n#0 0x5b47eeff102a <unknown>\n#1 0x5b47eecd75e0 <unknown>\n#2 0x5b47eed26be8 <unknown>\n#3 0x5b47eed26e81 <unknown>\n#4 0x5b47eed6d8c4 <unknown>\n#5 0x5b47eed4bb4d <unknown>\n#6 0x5b47eed6ad7d <unknown>\n#7 0x5b47eed4b8c3 <unknown>\n#8 0x5b47eed196b3 <unknown>\n#9 0x5b47eed1a68e <unknown>\n#10 0x5b47eefbba2b <unknown>\n#11 0x5b47eefbf9b1 <unknown>\n#12 0x5b47eefa8225 <unknown>\n#13 0x5b47eefc0532 <unknown>\n#14 0x5b47eef8d38f <unknown>\n#15 0x5b47eefdff28 <unknown>\n#16 0x5b47eefe00f3 <unknown>\n#17 0x5b47eefefe7c <unknown>\n#18 0x7073d6094ac3 <unknown>\n\n",
        "statusTrace" : "  File \"/home/oleg/PycharmProjects/my_test_gitnub_actions/src/base_classes/base_page.py\", line 46, in fill_field_with_click\n    self.wait.until(EC.element_to_be_clickable(field_name)).click()\n  File \"/home/oleg/PycharmProjects/my_test_gitnub_actions/.venv/lib/python3.10/site-packages/selenium/webdriver/support/wait.py\", line 105, in until\n    raise TimeoutException(message, screen, stacktrace)\n",
        "steps" : [ ],
        "attachments" : [ ],
        "parameters" : [ ],
        "stepsCount" : 0,
        "attachmentsCount" : 0,
        "shouldDisplayMessage" : true,
        "hasContent" : true
      } ],
      "attachments" : [ ],
      "parameters" : [ {
        "name" : "user",
        "value" : "{'name': 'Котов Капитон Давыдович', 'email': 'volkovkim@example.org', 'phone': '+380637773673'}"
      }, {
        "name" : "code",
        "value" : "8889"
      } ],
      "stepsCount" : 9,
      "attachmentsCount" : 0,
      "shouldDisplayMessage" : false,
      "hasContent" : true
    } ],
    "attachments" : [ ],
    "parameters" : [ ],
    "stepsCount" : 10,
    "attachmentsCount" : 0,
    "shouldDisplayMessage" : true,
    "hasContent" : true
  },
  "afterStages" : [ {
    "name" : "set_driver::0",
    "time" : {
      "start" : 1729875992072,
      "stop" : 1729875992152,
      "duration" : 80
    },
    "status" : "passed",
    "steps" : [ ],
    "attachments" : [ ],
    "parameters" : [ ],
    "stepsCount" : 0,
    "attachmentsCount" : 0,
    "shouldDisplayMessage" : false,
    "hasContent" : false
  } ],
  "labels" : [ {
    "name" : "parentSuite",
    "value" : "tests.ui"
  }, {
    "name" : "suite",
    "value" : "test_registration_new_user"
  }, {
    "name" : "subSuite",
    "value" : "TestRegistrationUser"
  }, {
    "name" : "host",
    "value" : "acernb001"
  }, {
    "name" : "thread",
    "value" : "280718-MainThread"
  }, {
    "name" : "framework",
    "value" : "pytest"
  }, {
    "name" : "language",
    "value" : "cpython3"
  }, {
    "name" : "package",
    "value" : "tests.ui.test_registration_new_user"
  }, {
    "name" : "resultFormat",
    "value" : "allure2"
  } ],
  "parameters" : [ {
    "name" : "code",
    "value" : "8889"
  }, {
    "name" : "user",
    "value" : "{'name': 'Котов Капитон Давыдович', 'email': 'volkovkim@example.org', 'phone': '+380637773673'}"
  } ],
  "links" : [ ],
  "hidden" : false,
  "retry" : false,
  "extra" : {
    "severity" : "normal",
    "retries" : [ ],
    "categories" : [ {
      "name" : "Test defects",
      "matchedStatuses" : [ ],
      "flaky" : false
    } ],
    "tags" : [ ]
  },
  "source" : "5f5e16d9a739c1a0.json",
  "parameterValues" : [ "8889", "{'name': 'Котов Капитон Давыдович', 'email': 'volkovkim@example.org', 'phone': '+380637773673'}" ]
}