{
  "uid" : "61ee649589cb8d93",
  "name" : "test_registration_user_with_wrong_code_awdev_t506[{'name': '\\u041a\\u043e\\u043b\\u0435\\u0441\\u043d\\u0438\\u043a\\u043e\\u0432\\u0430 \\u0418\\u0432\\u0430\\u043d\\u043d\\u0430 \\u0421\\u0442\\u0430\\u043d\\u0438\\u0441\\u043b\\u0430\\u0432\\u043e\\u0432\\u043d\\u0430', 'email': 'emilija_2021@example.net', 'phone': '+380639313915'}-8889]",
  "fullName" : "tests.ui.test_registration_new_user.TestRegistrationUser#test_registration_user_with_wrong_code_awdev_t506",
  "historyId" : "15708f6015743faaf4d69a8e71673213",
  "time" : {
    "start" : 1729939851561,
    "stop" : 1729939876368,
    "duration" : 24807
  },
  "status" : "broken",
  "statusMessage" : "selenium.common.exceptions.TimeoutException: Message: \nStacktrace:\n#0 0x55c4c7b9f8ae <unknown>\n#1 0x55c4c76d4c40 <unknown>\n#2 0x55c4c7720e12 <unknown>\n#3 0x55c4c7721011 <unknown>\n#4 0x55c4c776abc4 <unknown>\n#5 0x55c4c7748efd <unknown>\n#6 0x55c4c77686d2 <unknown>\n#7 0x55c4c7748c73 <unknown>\n#8 0x55c4c77146e8 <unknown>\n#9 0x55c4c771569e <unknown>\n#10 0x55c4c7b72c66 <unknown>\n#11 0x55c4c7b75f97 <unknown>\n#12 0x55c4c7b75a58 <unknown>\n#13 0x55c4c7b76425 <unknown>\n#14 0x55c4c7b63b6e <unknown>\n#15 0x55c4c7b7676f <unknown>\n#16 0x55c4c7b4d625 <unknown>\n#17 0x55c4c7b8ed55 <unknown>\n#18 0x55c4c7b8ef36 <unknown>\n#19 0x55c4c7b9e6e5 <unknown>\n#20 0x7f2449b03144 <unknown>",
  "statusTrace" : "self = <tests.ui.test_registration_new_user.TestRegistrationUser object at 0x7f918753f730>\nuser = {'email': 'emilija_2021@example.net', 'name': 'Колесникова Иванна Станиславовна', 'phone': '+380639313915'}\ncode = 8889\n\n    @allure.step(\"Registration new user with wrong code AWDEV-T506\")\n    @pytest.mark.parametrize(\"user, code\",\n                             [(RegistrationUserUi.new_user_name_phone_email, DEFAULT_CODE_AUTHORIZATION)], ids=str)\n    def test_registration_user_with_wrong_code_awdev_t506(self, user, code):\n        self.registration_page.open_registration_form()\n        self.registration_page.fill_registration_form(user=user)\n>       self.registration_page.confirm_registration_form(code=code, correct=False)\n\ntests/ui/test_registration_new_user.py:41: \n_ _ _ _ _ _ _ _ _ _ _ _ _ _ _ _ _ _ _ _ _ _ _ _ _ _ _ _ _ _ _ _ _ _ _ _ _ _ _ _ \nsrc/pages/registration_page.py:44: in confirm_registration_form\n    self.fill_field_with_click(self.CODE_FIELD, code)\nsrc/base_classes/base_page.py:46: in fill_field_with_click\n    self.wait.until(EC.element_to_be_clickable(field_name)).click()\n_ _ _ _ _ _ _ _ _ _ _ _ _ _ _ _ _ _ _ _ _ _ _ _ _ _ _ _ _ _ _ _ _ _ _ _ _ _ _ _ \n\nself = <selenium.webdriver.support.wait.WebDriverWait (session=\"01852730a59fd7e3ff8acb29f28d55ed\")>\nmethod = <function element_to_be_clickable.<locals>._predicate at 0x7f918641d1b0>\nmessage = ''\n\n    def until(self, method: Callable[[D], Union[Literal[False], T]], message: str = \"\") -> T:\n        \"\"\"Calls the method provided with the driver as an argument until the \\\n        return value does not evaluate to ``False``.\n    \n        :param method: callable(WebDriver)\n        :param message: optional message for :exc:`TimeoutException`\n        :returns: the result of the last call to `method`\n        :raises: :exc:`selenium.common.exceptions.TimeoutException` if timeout occurs\n        \"\"\"\n        screen = None\n        stacktrace = None\n    \n        end_time = time.monotonic() + self._timeout\n        while True:\n            try:\n                value = method(self._driver)\n                if value:\n                    return value\n            except self._ignored_exceptions as exc:\n                screen = getattr(exc, \"screen\", None)\n                stacktrace = getattr(exc, \"stacktrace\", None)\n            time.sleep(self._poll)\n            if time.monotonic() > end_time:\n                break\n>       raise TimeoutException(message, screen, stacktrace)\nE       selenium.common.exceptions.TimeoutException: Message: \nE       Stacktrace:\nE       #0 0x55c4c7b9f8ae <unknown>\nE       #1 0x55c4c76d4c40 <unknown>\nE       #2 0x55c4c7720e12 <unknown>\nE       #3 0x55c4c7721011 <unknown>\nE       #4 0x55c4c776abc4 <unknown>\nE       #5 0x55c4c7748efd <unknown>\nE       #6 0x55c4c77686d2 <unknown>\nE       #7 0x55c4c7748c73 <unknown>\nE       #8 0x55c4c77146e8 <unknown>\nE       #9 0x55c4c771569e <unknown>\nE       #10 0x55c4c7b72c66 <unknown>\nE       #11 0x55c4c7b75f97 <unknown>\nE       #12 0x55c4c7b75a58 <unknown>\nE       #13 0x55c4c7b76425 <unknown>\nE       #14 0x55c4c7b63b6e <unknown>\nE       #15 0x55c4c7b7676f <unknown>\nE       #16 0x55c4c7b4d625 <unknown>\nE       #17 0x55c4c7b8ed55 <unknown>\nE       #18 0x55c4c7b8ef36 <unknown>\nE       #19 0x55c4c7b9e6e5 <unknown>\nE       #20 0x7f2449b03144 <unknown>\n\n../local/lib/python3.10/site-packages/selenium/webdriver/support/wait.py:105: TimeoutException",
  "flaky" : false,
  "newFailed" : false,
  "beforeStages" : [ {
    "name" : "setup",
    "time" : {
      "start" : 1729939851560,
      "stop" : 1729939851560,
      "duration" : 0
    },
    "status" : "passed",
    "steps" : [ ],
    "attachments" : [ ],
    "parameters" : [ ],
    "stepsCount" : 0,
    "attachmentsCount" : 0,
    "shouldDisplayMessage" : false,
    "hasContent" : false
  }, {
    "name" : "_session_faker",
    "time" : {
      "start" : 1729939815271,
      "stop" : 1729939815346,
      "duration" : 75
    },
    "status" : "passed",
    "steps" : [ ],
    "attachments" : [ ],
    "parameters" : [ ],
    "stepsCount" : 0,
    "attachmentsCount" : 0,
    "shouldDisplayMessage" : false,
    "hasContent" : false
  }, {
    "name" : "set_env_settings",
    "time" : {
      "start" : 1729939815346,
      "stop" : 1729939815347,
      "duration" : 1
    },
    "status" : "passed",
    "steps" : [ ],
    "attachments" : [ ],
    "parameters" : [ ],
    "stepsCount" : 0,
    "attachmentsCount" : 0,
    "shouldDisplayMessage" : false,
    "hasContent" : false
  }, {
    "name" : "pytestconfig",
    "time" : {
      "start" : 1729939815346,
      "stop" : 1729939815346,
      "duration" : 0
    },
    "status" : "passed",
    "steps" : [ ],
    "attachments" : [ ],
    "parameters" : [ ],
    "stepsCount" : 0,
    "attachmentsCount" : 0,
    "shouldDisplayMessage" : false,
    "hasContent" : false
  }, {
    "name" : "set_driver",
    "time" : {
      "start" : 1729939851106,
      "stop" : 1729939851560,
      "duration" : 454
    },
    "status" : "passed",
    "steps" : [ ],
    "attachments" : [ ],
    "parameters" : [ ],
    "stepsCount" : 0,
    "attachmentsCount" : 0,
    "shouldDisplayMessage" : false,
    "hasContent" : false
  } ],
  "testStage" : {
    "status" : "broken",
    "statusMessage" : "selenium.common.exceptions.TimeoutException: Message: \nStacktrace:\n#0 0x55c4c7b9f8ae <unknown>\n#1 0x55c4c76d4c40 <unknown>\n#2 0x55c4c7720e12 <unknown>\n#3 0x55c4c7721011 <unknown>\n#4 0x55c4c776abc4 <unknown>\n#5 0x55c4c7748efd <unknown>\n#6 0x55c4c77686d2 <unknown>\n#7 0x55c4c7748c73 <unknown>\n#8 0x55c4c77146e8 <unknown>\n#9 0x55c4c771569e <unknown>\n#10 0x55c4c7b72c66 <unknown>\n#11 0x55c4c7b75f97 <unknown>\n#12 0x55c4c7b75a58 <unknown>\n#13 0x55c4c7b76425 <unknown>\n#14 0x55c4c7b63b6e <unknown>\n#15 0x55c4c7b7676f <unknown>\n#16 0x55c4c7b4d625 <unknown>\n#17 0x55c4c7b8ed55 <unknown>\n#18 0x55c4c7b8ef36 <unknown>\n#19 0x55c4c7b9e6e5 <unknown>\n#20 0x7f2449b03144 <unknown>",
    "statusTrace" : "self = <tests.ui.test_registration_new_user.TestRegistrationUser object at 0x7f918753f730>\nuser = {'email': 'emilija_2021@example.net', 'name': 'Колесникова Иванна Станиславовна', 'phone': '+380639313915'}\ncode = 8889\n\n    @allure.step(\"Registration new user with wrong code AWDEV-T506\")\n    @pytest.mark.parametrize(\"user, code\",\n                             [(RegistrationUserUi.new_user_name_phone_email, DEFAULT_CODE_AUTHORIZATION)], ids=str)\n    def test_registration_user_with_wrong_code_awdev_t506(self, user, code):\n        self.registration_page.open_registration_form()\n        self.registration_page.fill_registration_form(user=user)\n>       self.registration_page.confirm_registration_form(code=code, correct=False)\n\ntests/ui/test_registration_new_user.py:41: \n_ _ _ _ _ _ _ _ _ _ _ _ _ _ _ _ _ _ _ _ _ _ _ _ _ _ _ _ _ _ _ _ _ _ _ _ _ _ _ _ \nsrc/pages/registration_page.py:44: in confirm_registration_form\n    self.fill_field_with_click(self.CODE_FIELD, code)\nsrc/base_classes/base_page.py:46: in fill_field_with_click\n    self.wait.until(EC.element_to_be_clickable(field_name)).click()\n_ _ _ _ _ _ _ _ _ _ _ _ _ _ _ _ _ _ _ _ _ _ _ _ _ _ _ _ _ _ _ _ _ _ _ _ _ _ _ _ \n\nself = <selenium.webdriver.support.wait.WebDriverWait (session=\"01852730a59fd7e3ff8acb29f28d55ed\")>\nmethod = <function element_to_be_clickable.<locals>._predicate at 0x7f918641d1b0>\nmessage = ''\n\n    def until(self, method: Callable[[D], Union[Literal[False], T]], message: str = \"\") -> T:\n        \"\"\"Calls the method provided with the driver as an argument until the \\\n        return value does not evaluate to ``False``.\n    \n        :param method: callable(WebDriver)\n        :param message: optional message for :exc:`TimeoutException`\n        :returns: the result of the last call to `method`\n        :raises: :exc:`selenium.common.exceptions.TimeoutException` if timeout occurs\n        \"\"\"\n        screen = None\n        stacktrace = None\n    \n        end_time = time.monotonic() + self._timeout\n        while True:\n            try:\n                value = method(self._driver)\n                if value:\n                    return value\n            except self._ignored_exceptions as exc:\n                screen = getattr(exc, \"screen\", None)\n                stacktrace = getattr(exc, \"stacktrace\", None)\n            time.sleep(self._poll)\n            if time.monotonic() > end_time:\n                break\n>       raise TimeoutException(message, screen, stacktrace)\nE       selenium.common.exceptions.TimeoutException: Message: \nE       Stacktrace:\nE       #0 0x55c4c7b9f8ae <unknown>\nE       #1 0x55c4c76d4c40 <unknown>\nE       #2 0x55c4c7720e12 <unknown>\nE       #3 0x55c4c7721011 <unknown>\nE       #4 0x55c4c776abc4 <unknown>\nE       #5 0x55c4c7748efd <unknown>\nE       #6 0x55c4c77686d2 <unknown>\nE       #7 0x55c4c7748c73 <unknown>\nE       #8 0x55c4c77146e8 <unknown>\nE       #9 0x55c4c771569e <unknown>\nE       #10 0x55c4c7b72c66 <unknown>\nE       #11 0x55c4c7b75f97 <unknown>\nE       #12 0x55c4c7b75a58 <unknown>\nE       #13 0x55c4c7b76425 <unknown>\nE       #14 0x55c4c7b63b6e <unknown>\nE       #15 0x55c4c7b7676f <unknown>\nE       #16 0x55c4c7b4d625 <unknown>\nE       #17 0x55c4c7b8ed55 <unknown>\nE       #18 0x55c4c7b8ef36 <unknown>\nE       #19 0x55c4c7b9e6e5 <unknown>\nE       #20 0x7f2449b03144 <unknown>\n\n../local/lib/python3.10/site-packages/selenium/webdriver/support/wait.py:105: TimeoutException",
    "steps" : [ {
      "name" : "Registration new user with wrong code AWDEV-T506",
      "time" : {
        "start" : 1729939851561,
        "stop" : 1729939876368,
        "duration" : 24807
      },
      "status" : "broken",
      "statusMessage" : "selenium.common.exceptions.TimeoutException: Message: \nStacktrace:\n#0 0x55c4c7b9f8ae <unknown>\n#1 0x55c4c76d4c40 <unknown>\n#2 0x55c4c7720e12 <unknown>\n#3 0x55c4c7721011 <unknown>\n#4 0x55c4c776abc4 <unknown>\n#5 0x55c4c7748efd <unknown>\n#6 0x55c4c77686d2 <unknown>\n#7 0x55c4c7748c73 <unknown>\n#8 0x55c4c77146e8 <unknown>\n#9 0x55c4c771569e <unknown>\n#10 0x55c4c7b72c66 <unknown>\n#11 0x55c4c7b75f97 <unknown>\n#12 0x55c4c7b75a58 <unknown>\n#13 0x55c4c7b76425 <unknown>\n#14 0x55c4c7b63b6e <unknown>\n#15 0x55c4c7b7676f <unknown>\n#16 0x55c4c7b4d625 <unknown>\n#17 0x55c4c7b8ed55 <unknown>\n#18 0x55c4c7b8ef36 <unknown>\n#19 0x55c4c7b9e6e5 <unknown>\n#20 0x7f2449b03144 <unknown>\n\n",
      "statusTrace" : "  File \"/usr/local/lib/python3.10/site-packages/allure_commons/_allure.py\", line 192, in impl\n    return func(*a, **kw)\n  File \"/usr/workspace/tests/ui/test_registration_new_user.py\", line 41, in test_registration_user_with_wrong_code_awdev_t506\n    self.registration_page.confirm_registration_form(code=code, correct=False)\n  File \"/usr/workspace/src/pages/registration_page.py\", line 44, in confirm_registration_form\n    self.fill_field_with_click(self.CODE_FIELD, code)\n  File \"/usr/workspace/src/base_classes/base_page.py\", line 46, in fill_field_with_click\n    self.wait.until(EC.element_to_be_clickable(field_name)).click()\n  File \"/usr/local/lib/python3.10/site-packages/selenium/webdriver/support/wait.py\", line 105, in until\n    raise TimeoutException(message, screen, stacktrace)\n",
      "steps" : [ {
        "name" : "Open 'https://m2-live-dev-001.antoshka.ua/uk/' page",
        "time" : {
          "start" : 1729939851561,
          "stop" : 1729939854497,
          "duration" : 2936
        },
        "status" : "passed",
        "steps" : [ ],
        "attachments" : [ ],
        "parameters" : [ ],
        "stepsCount" : 0,
        "attachmentsCount" : 0,
        "shouldDisplayMessage" : false,
        "hasContent" : false
      }, {
        "name" : "Page 'https://m2-live-dev-001.antoshka.ua/uk/' is opened",
        "time" : {
          "start" : 1729939854497,
          "stop" : 1729939854501,
          "duration" : 4
        },
        "status" : "passed",
        "steps" : [ ],
        "attachments" : [ ],
        "parameters" : [ ],
        "stepsCount" : 0,
        "attachmentsCount" : 0,
        "shouldDisplayMessage" : false,
        "hasContent" : false
      }, {
        "name" : "Click ('xpath', \"//*[@id='login-enter']\")",
        "time" : {
          "start" : 1729939854501,
          "stop" : 1729939854576,
          "duration" : 75
        },
        "status" : "passed",
        "steps" : [ ],
        "attachments" : [ ],
        "parameters" : [ ],
        "stepsCount" : 0,
        "attachmentsCount" : 0,
        "shouldDisplayMessage" : false,
        "hasContent" : false
      }, {
        "name" : "Click ('xpath', '//form[1]//a')",
        "time" : {
          "start" : 1729939854577,
          "stop" : 1729939855648,
          "duration" : 1071
        },
        "status" : "passed",
        "steps" : [ ],
        "attachments" : [ ],
        "parameters" : [ ],
        "stepsCount" : 0,
        "attachmentsCount" : 0,
        "shouldDisplayMessage" : false,
        "hasContent" : false
      }, {
        "name" : "Fill '('xpath', \"//input[@data-validation='name']\")' with data 'К'",
        "time" : {
          "start" : 1729939855648,
          "stop" : 1729939855767,
          "duration" : 119
        },
        "status" : "passed",
        "steps" : [ ],
        "attachments" : [ ],
        "parameters" : [ ],
        "stepsCount" : 0,
        "attachmentsCount" : 0,
        "shouldDisplayMessage" : false,
        "hasContent" : false
      }, {
        "name" : "Fill '('xpath', \"//*[@id='telephone']\")' with data '639313915'",
        "time" : {
          "start" : 1729939855767,
          "stop" : 1729939855904,
          "duration" : 137
        },
        "status" : "passed",
        "steps" : [ ],
        "attachments" : [ ],
        "parameters" : [ ],
        "stepsCount" : 0,
        "attachmentsCount" : 0,
        "shouldDisplayMessage" : false,
        "hasContent" : false
      }, {
        "name" : "Fill '('xpath', \"//input[@data-validation='email']\")' with data 'emilija_2021@example.net'",
        "time" : {
          "start" : 1729939855905,
          "stop" : 1729939856058,
          "duration" : 153
        },
        "status" : "passed",
        "steps" : [ ],
        "attachments" : [ ],
        "parameters" : [ ],
        "stepsCount" : 0,
        "attachmentsCount" : 0,
        "shouldDisplayMessage" : false,
        "hasContent" : false
      }, {
        "name" : "Click ('xpath', \"//button[@class='auth_next']\")",
        "time" : {
          "start" : 1729939856058,
          "stop" : 1729939856109,
          "duration" : 51
        },
        "status" : "passed",
        "steps" : [ ],
        "attachments" : [ ],
        "parameters" : [ ],
        "stepsCount" : 0,
        "attachmentsCount" : 0,
        "shouldDisplayMessage" : false,
        "hasContent" : false
      }, {
        "name" : "Fill '('xpath', \"//input[@id='code-auth']\")' with data '8889'",
        "time" : {
          "start" : 1729939856110,
          "stop" : 1729939876368,
          "duration" : 20258
        },
        "status" : "broken",
        "statusMessage" : "selenium.common.exceptions.TimeoutException: Message: \nStacktrace:\n#0 0x55c4c7b9f8ae <unknown>\n#1 0x55c4c76d4c40 <unknown>\n#2 0x55c4c7720e12 <unknown>\n#3 0x55c4c7721011 <unknown>\n#4 0x55c4c776abc4 <unknown>\n#5 0x55c4c7748efd <unknown>\n#6 0x55c4c77686d2 <unknown>\n#7 0x55c4c7748c73 <unknown>\n#8 0x55c4c77146e8 <unknown>\n#9 0x55c4c771569e <unknown>\n#10 0x55c4c7b72c66 <unknown>\n#11 0x55c4c7b75f97 <unknown>\n#12 0x55c4c7b75a58 <unknown>\n#13 0x55c4c7b76425 <unknown>\n#14 0x55c4c7b63b6e <unknown>\n#15 0x55c4c7b7676f <unknown>\n#16 0x55c4c7b4d625 <unknown>\n#17 0x55c4c7b8ed55 <unknown>\n#18 0x55c4c7b8ef36 <unknown>\n#19 0x55c4c7b9e6e5 <unknown>\n#20 0x7f2449b03144 <unknown>\n\n",
        "statusTrace" : "  File \"/usr/workspace/src/base_classes/base_page.py\", line 46, in fill_field_with_click\n    self.wait.until(EC.element_to_be_clickable(field_name)).click()\n  File \"/usr/local/lib/python3.10/site-packages/selenium/webdriver/support/wait.py\", line 105, in until\n    raise TimeoutException(message, screen, stacktrace)\n",
        "steps" : [ ],
        "attachments" : [ ],
        "parameters" : [ ],
        "stepsCount" : 0,
        "attachmentsCount" : 0,
        "shouldDisplayMessage" : true,
        "hasContent" : true
      } ],
      "attachments" : [ ],
      "parameters" : [ {
        "name" : "user",
        "value" : "{'name': 'Колесникова Иванна Станиславовна', 'email': 'emilija_2021@example.net', 'phone': '+380639313915'}"
      }, {
        "name" : "code",
        "value" : "8889"
      } ],
      "stepsCount" : 9,
      "attachmentsCount" : 0,
      "shouldDisplayMessage" : false,
      "hasContent" : true
    } ],
    "attachments" : [ {
      "uid" : "59cfbd9927ecd010",
      "name" : "log",
      "source" : "59cfbd9927ecd010.txt",
      "type" : "text/plain",
      "size" : 92
    } ],
    "parameters" : [ ],
    "stepsCount" : 10,
    "attachmentsCount" : 1,
    "shouldDisplayMessage" : true,
    "hasContent" : true
  },
  "afterStages" : [ {
    "name" : "set_driver::0",
    "time" : {
      "start" : 1729939876375,
      "stop" : 1729939876444,
      "duration" : 69
    },
    "status" : "passed",
    "steps" : [ ],
    "attachments" : [ ],
    "parameters" : [ ],
    "stepsCount" : 0,
    "attachmentsCount" : 0,
    "shouldDisplayMessage" : false,
    "hasContent" : false
  } ],
  "labels" : [ {
    "name" : "parentSuite",
    "value" : "tests.ui"
  }, {
    "name" : "suite",
    "value" : "test_registration_new_user"
  }, {
    "name" : "subSuite",
    "value" : "TestRegistrationUser"
  }, {
    "name" : "host",
    "value" : "590559993d8f"
  }, {
    "name" : "thread",
    "value" : "7-MainThread"
  }, {
    "name" : "framework",
    "value" : "pytest"
  }, {
    "name" : "language",
    "value" : "cpython3"
  }, {
    "name" : "package",
    "value" : "tests.ui.test_registration_new_user"
  }, {
    "name" : "resultFormat",
    "value" : "allure2"
  } ],
  "parameters" : [ {
    "name" : "code",
    "value" : "8889"
  }, {
    "name" : "user",
    "value" : "{'name': 'Колесникова Иванна Станиславовна', 'email': 'emilija_2021@example.net', 'phone': '+380639313915'}"
  } ],
  "links" : [ ],
  "hidden" : false,
  "retry" : false,
  "extra" : {
    "severity" : "normal",
    "retries" : [ ],
    "categories" : [ {
      "name" : "Test defects",
      "matchedStatuses" : [ ],
      "flaky" : false
    } ],
    "tags" : [ ]
  },
  "source" : "61ee649589cb8d93.json",
  "parameterValues" : [ "8889", "{'name': 'Колесникова Иванна Станиславовна', 'email': 'emilija_2021@example.net', 'phone': '+380639313915'}" ]
}