{
  "uid" : "7a231f6e2d6a494",
  "name" : "test_registration_user_with_wrong_code_awdev_t506[{'name': '\\u041a\\u043e\\u043c\\u0438\\u0441\\u0441\\u0430\\u0440\\u043e\\u0432 \\u0411\\u0440\\u043e\\u043d\\u0438\\u0441\\u043b\\u0430\\u0432 \\u0411\\u043e\\u0440\\u0438\\u0441\\u043e\\u0432\\u0438\\u0447', 'email': 'georgi_1972@example.com', 'phone': '+380634598148'}-8889]",
  "fullName" : "tests.ui.test_registration_new_user.TestRegistrationUser#test_registration_user_with_wrong_code_awdev_t506",
  "historyId" : "24f62cf17688f17554a0a52ec18aa72c",
  "time" : {
    "start" : 1729936386775,
    "stop" : 1729936413004,
    "duration" : 26229
  },
  "status" : "broken",
  "statusMessage" : "selenium.common.exceptions.TimeoutException: Message: \nStacktrace:\n#0 0x55d69fa1c8ae <unknown>\n#1 0x55d69f551c40 <unknown>\n#2 0x55d69f59de12 <unknown>\n#3 0x55d69f59e011 <unknown>\n#4 0x55d69f5e7bc4 <unknown>\n#5 0x55d69f5c5efd <unknown>\n#6 0x55d69f5e56d2 <unknown>\n#7 0x55d69f5c5c73 <unknown>\n#8 0x55d69f5916e8 <unknown>\n#9 0x55d69f59269e <unknown>\n#10 0x55d69f9efc66 <unknown>\n#11 0x55d69f9f2f97 <unknown>\n#12 0x55d69f9f2a58 <unknown>\n#13 0x55d69f9f3425 <unknown>\n#14 0x55d69f9e0b6e <unknown>\n#15 0x55d69f9f376f <unknown>\n#16 0x55d69f9ca625 <unknown>\n#17 0x55d69fa0bd55 <unknown>\n#18 0x55d69fa0bf36 <unknown>\n#19 0x55d69fa1b6e5 <unknown>\n#20 0x7f2c40de3144 <unknown>",
  "statusTrace" : "self = <tests.ui.test_registration_new_user.TestRegistrationUser object at 0x7fd51386b670>\nuser = {'email': 'georgi_1972@example.com', 'name': 'Комиссаров Бронислав Борисович', 'phone': '+380634598148'}\ncode = 8889\n\n    @allure.step(\"Registration new user with wrong code AWDEV-T506\")\n    @pytest.mark.parametrize(\"user, code\",\n                             [(RegistrationUserUi.new_user_name_phone_email, DEFAULT_CODE_AUTHORIZATION)], ids=str)\n    def test_registration_user_with_wrong_code_awdev_t506(self, user, code):\n        self.registration_page.open_registration_form()\n        self.registration_page.fill_registration_form(user=user)\n>       self.registration_page.confirm_registration_form(code=code, correct=False)\n\ntests/ui/test_registration_new_user.py:41: \n_ _ _ _ _ _ _ _ _ _ _ _ _ _ _ _ _ _ _ _ _ _ _ _ _ _ _ _ _ _ _ _ _ _ _ _ _ _ _ _ \nsrc/pages/registration_page.py:44: in confirm_registration_form\n    self.fill_field_with_click(self.CODE_FIELD, code)\nsrc/base_classes/base_page.py:46: in fill_field_with_click\n    self.wait.until(EC.element_to_be_clickable(field_name)).click()\n_ _ _ _ _ _ _ _ _ _ _ _ _ _ _ _ _ _ _ _ _ _ _ _ _ _ _ _ _ _ _ _ _ _ _ _ _ _ _ _ \n\nself = <selenium.webdriver.support.wait.WebDriverWait (session=\"5090a8a77780643dc4d1a219bcdfe126\")>\nmethod = <function element_to_be_clickable.<locals>._predicate at 0x7fd512ec91b0>\nmessage = ''\n\n    def until(self, method: Callable[[D], Union[Literal[False], T]], message: str = \"\") -> T:\n        \"\"\"Calls the method provided with the driver as an argument until the \\\n        return value does not evaluate to ``False``.\n    \n        :param method: callable(WebDriver)\n        :param message: optional message for :exc:`TimeoutException`\n        :returns: the result of the last call to `method`\n        :raises: :exc:`selenium.common.exceptions.TimeoutException` if timeout occurs\n        \"\"\"\n        screen = None\n        stacktrace = None\n    \n        end_time = time.monotonic() + self._timeout\n        while True:\n            try:\n                value = method(self._driver)\n                if value:\n                    return value\n            except self._ignored_exceptions as exc:\n                screen = getattr(exc, \"screen\", None)\n                stacktrace = getattr(exc, \"stacktrace\", None)\n            time.sleep(self._poll)\n            if time.monotonic() > end_time:\n                break\n>       raise TimeoutException(message, screen, stacktrace)\nE       selenium.common.exceptions.TimeoutException: Message: \nE       Stacktrace:\nE       #0 0x55d69fa1c8ae <unknown>\nE       #1 0x55d69f551c40 <unknown>\nE       #2 0x55d69f59de12 <unknown>\nE       #3 0x55d69f59e011 <unknown>\nE       #4 0x55d69f5e7bc4 <unknown>\nE       #5 0x55d69f5c5efd <unknown>\nE       #6 0x55d69f5e56d2 <unknown>\nE       #7 0x55d69f5c5c73 <unknown>\nE       #8 0x55d69f5916e8 <unknown>\nE       #9 0x55d69f59269e <unknown>\nE       #10 0x55d69f9efc66 <unknown>\nE       #11 0x55d69f9f2f97 <unknown>\nE       #12 0x55d69f9f2a58 <unknown>\nE       #13 0x55d69f9f3425 <unknown>\nE       #14 0x55d69f9e0b6e <unknown>\nE       #15 0x55d69f9f376f <unknown>\nE       #16 0x55d69f9ca625 <unknown>\nE       #17 0x55d69fa0bd55 <unknown>\nE       #18 0x55d69fa0bf36 <unknown>\nE       #19 0x55d69fa1b6e5 <unknown>\nE       #20 0x7f2c40de3144 <unknown>\n\n../local/lib/python3.10/site-packages/selenium/webdriver/support/wait.py:105: TimeoutException",
  "flaky" : false,
  "newFailed" : false,
  "beforeStages" : [ {
    "name" : "pytestconfig",
    "time" : {
      "start" : 1729936345965,
      "stop" : 1729936345965,
      "duration" : 0
    },
    "status" : "passed",
    "steps" : [ ],
    "attachments" : [ ],
    "parameters" : [ ],
    "stepsCount" : 0,
    "attachmentsCount" : 0,
    "shouldDisplayMessage" : false,
    "hasContent" : false
  }, {
    "name" : "set_env_settings",
    "time" : {
      "start" : 1729936345965,
      "stop" : 1729936345966,
      "duration" : 1
    },
    "status" : "passed",
    "steps" : [ ],
    "attachments" : [ ],
    "parameters" : [ ],
    "stepsCount" : 0,
    "attachmentsCount" : 0,
    "shouldDisplayMessage" : false,
    "hasContent" : false
  }, {
    "name" : "setup",
    "time" : {
      "start" : 1729936386774,
      "stop" : 1729936386775,
      "duration" : 1
    },
    "status" : "passed",
    "steps" : [ ],
    "attachments" : [ ],
    "parameters" : [ ],
    "stepsCount" : 0,
    "attachmentsCount" : 0,
    "shouldDisplayMessage" : false,
    "hasContent" : false
  }, {
    "name" : "_session_faker",
    "time" : {
      "start" : 1729936345888,
      "stop" : 1729936345965,
      "duration" : 77
    },
    "status" : "passed",
    "steps" : [ ],
    "attachments" : [ ],
    "parameters" : [ ],
    "stepsCount" : 0,
    "attachmentsCount" : 0,
    "shouldDisplayMessage" : false,
    "hasContent" : false
  }, {
    "name" : "set_driver",
    "time" : {
      "start" : 1729936386330,
      "stop" : 1729936386774,
      "duration" : 444
    },
    "status" : "passed",
    "steps" : [ ],
    "attachments" : [ ],
    "parameters" : [ ],
    "stepsCount" : 0,
    "attachmentsCount" : 0,
    "shouldDisplayMessage" : false,
    "hasContent" : false
  } ],
  "testStage" : {
    "status" : "broken",
    "statusMessage" : "selenium.common.exceptions.TimeoutException: Message: \nStacktrace:\n#0 0x55d69fa1c8ae <unknown>\n#1 0x55d69f551c40 <unknown>\n#2 0x55d69f59de12 <unknown>\n#3 0x55d69f59e011 <unknown>\n#4 0x55d69f5e7bc4 <unknown>\n#5 0x55d69f5c5efd <unknown>\n#6 0x55d69f5e56d2 <unknown>\n#7 0x55d69f5c5c73 <unknown>\n#8 0x55d69f5916e8 <unknown>\n#9 0x55d69f59269e <unknown>\n#10 0x55d69f9efc66 <unknown>\n#11 0x55d69f9f2f97 <unknown>\n#12 0x55d69f9f2a58 <unknown>\n#13 0x55d69f9f3425 <unknown>\n#14 0x55d69f9e0b6e <unknown>\n#15 0x55d69f9f376f <unknown>\n#16 0x55d69f9ca625 <unknown>\n#17 0x55d69fa0bd55 <unknown>\n#18 0x55d69fa0bf36 <unknown>\n#19 0x55d69fa1b6e5 <unknown>\n#20 0x7f2c40de3144 <unknown>",
    "statusTrace" : "self = <tests.ui.test_registration_new_user.TestRegistrationUser object at 0x7fd51386b670>\nuser = {'email': 'georgi_1972@example.com', 'name': 'Комиссаров Бронислав Борисович', 'phone': '+380634598148'}\ncode = 8889\n\n    @allure.step(\"Registration new user with wrong code AWDEV-T506\")\n    @pytest.mark.parametrize(\"user, code\",\n                             [(RegistrationUserUi.new_user_name_phone_email, DEFAULT_CODE_AUTHORIZATION)], ids=str)\n    def test_registration_user_with_wrong_code_awdev_t506(self, user, code):\n        self.registration_page.open_registration_form()\n        self.registration_page.fill_registration_form(user=user)\n>       self.registration_page.confirm_registration_form(code=code, correct=False)\n\ntests/ui/test_registration_new_user.py:41: \n_ _ _ _ _ _ _ _ _ _ _ _ _ _ _ _ _ _ _ _ _ _ _ _ _ _ _ _ _ _ _ _ _ _ _ _ _ _ _ _ \nsrc/pages/registration_page.py:44: in confirm_registration_form\n    self.fill_field_with_click(self.CODE_FIELD, code)\nsrc/base_classes/base_page.py:46: in fill_field_with_click\n    self.wait.until(EC.element_to_be_clickable(field_name)).click()\n_ _ _ _ _ _ _ _ _ _ _ _ _ _ _ _ _ _ _ _ _ _ _ _ _ _ _ _ _ _ _ _ _ _ _ _ _ _ _ _ \n\nself = <selenium.webdriver.support.wait.WebDriverWait (session=\"5090a8a77780643dc4d1a219bcdfe126\")>\nmethod = <function element_to_be_clickable.<locals>._predicate at 0x7fd512ec91b0>\nmessage = ''\n\n    def until(self, method: Callable[[D], Union[Literal[False], T]], message: str = \"\") -> T:\n        \"\"\"Calls the method provided with the driver as an argument until the \\\n        return value does not evaluate to ``False``.\n    \n        :param method: callable(WebDriver)\n        :param message: optional message for :exc:`TimeoutException`\n        :returns: the result of the last call to `method`\n        :raises: :exc:`selenium.common.exceptions.TimeoutException` if timeout occurs\n        \"\"\"\n        screen = None\n        stacktrace = None\n    \n        end_time = time.monotonic() + self._timeout\n        while True:\n            try:\n                value = method(self._driver)\n                if value:\n                    return value\n            except self._ignored_exceptions as exc:\n                screen = getattr(exc, \"screen\", None)\n                stacktrace = getattr(exc, \"stacktrace\", None)\n            time.sleep(self._poll)\n            if time.monotonic() > end_time:\n                break\n>       raise TimeoutException(message, screen, stacktrace)\nE       selenium.common.exceptions.TimeoutException: Message: \nE       Stacktrace:\nE       #0 0x55d69fa1c8ae <unknown>\nE       #1 0x55d69f551c40 <unknown>\nE       #2 0x55d69f59de12 <unknown>\nE       #3 0x55d69f59e011 <unknown>\nE       #4 0x55d69f5e7bc4 <unknown>\nE       #5 0x55d69f5c5efd <unknown>\nE       #6 0x55d69f5e56d2 <unknown>\nE       #7 0x55d69f5c5c73 <unknown>\nE       #8 0x55d69f5916e8 <unknown>\nE       #9 0x55d69f59269e <unknown>\nE       #10 0x55d69f9efc66 <unknown>\nE       #11 0x55d69f9f2f97 <unknown>\nE       #12 0x55d69f9f2a58 <unknown>\nE       #13 0x55d69f9f3425 <unknown>\nE       #14 0x55d69f9e0b6e <unknown>\nE       #15 0x55d69f9f376f <unknown>\nE       #16 0x55d69f9ca625 <unknown>\nE       #17 0x55d69fa0bd55 <unknown>\nE       #18 0x55d69fa0bf36 <unknown>\nE       #19 0x55d69fa1b6e5 <unknown>\nE       #20 0x7f2c40de3144 <unknown>\n\n../local/lib/python3.10/site-packages/selenium/webdriver/support/wait.py:105: TimeoutException",
    "steps" : [ {
      "name" : "Registration new user with wrong code AWDEV-T506",
      "time" : {
        "start" : 1729936386775,
        "stop" : 1729936413004,
        "duration" : 26229
      },
      "status" : "broken",
      "statusMessage" : "selenium.common.exceptions.TimeoutException: Message: \nStacktrace:\n#0 0x55d69fa1c8ae <unknown>\n#1 0x55d69f551c40 <unknown>\n#2 0x55d69f59de12 <unknown>\n#3 0x55d69f59e011 <unknown>\n#4 0x55d69f5e7bc4 <unknown>\n#5 0x55d69f5c5efd <unknown>\n#6 0x55d69f5e56d2 <unknown>\n#7 0x55d69f5c5c73 <unknown>\n#8 0x55d69f5916e8 <unknown>\n#9 0x55d69f59269e <unknown>\n#10 0x55d69f9efc66 <unknown>\n#11 0x55d69f9f2f97 <unknown>\n#12 0x55d69f9f2a58 <unknown>\n#13 0x55d69f9f3425 <unknown>\n#14 0x55d69f9e0b6e <unknown>\n#15 0x55d69f9f376f <unknown>\n#16 0x55d69f9ca625 <unknown>\n#17 0x55d69fa0bd55 <unknown>\n#18 0x55d69fa0bf36 <unknown>\n#19 0x55d69fa1b6e5 <unknown>\n#20 0x7f2c40de3144 <unknown>\n\n",
      "statusTrace" : "  File \"/usr/local/lib/python3.10/site-packages/allure_commons/_allure.py\", line 192, in impl\n    return func(*a, **kw)\n  File \"/usr/workspace/tests/ui/test_registration_new_user.py\", line 41, in test_registration_user_with_wrong_code_awdev_t506\n    self.registration_page.confirm_registration_form(code=code, correct=False)\n  File \"/usr/workspace/src/pages/registration_page.py\", line 44, in confirm_registration_form\n    self.fill_field_with_click(self.CODE_FIELD, code)\n  File \"/usr/workspace/src/base_classes/base_page.py\", line 46, in fill_field_with_click\n    self.wait.until(EC.element_to_be_clickable(field_name)).click()\n  File \"/usr/local/lib/python3.10/site-packages/selenium/webdriver/support/wait.py\", line 105, in until\n    raise TimeoutException(message, screen, stacktrace)\n",
      "steps" : [ {
        "name" : "Open 'https://m2-live-qa-001.antoshka.ua/uk/' page",
        "time" : {
          "start" : 1729936386775,
          "stop" : 1729936391098,
          "duration" : 4323
        },
        "status" : "passed",
        "steps" : [ ],
        "attachments" : [ ],
        "parameters" : [ ],
        "stepsCount" : 0,
        "attachmentsCount" : 0,
        "shouldDisplayMessage" : false,
        "hasContent" : false
      }, {
        "name" : "Page 'https://m2-live-qa-001.antoshka.ua/uk/' is opened",
        "time" : {
          "start" : 1729936391098,
          "stop" : 1729936391104,
          "duration" : 6
        },
        "status" : "passed",
        "steps" : [ ],
        "attachments" : [ ],
        "parameters" : [ ],
        "stepsCount" : 0,
        "attachmentsCount" : 0,
        "shouldDisplayMessage" : false,
        "hasContent" : false
      }, {
        "name" : "Click ('xpath', \"//*[@id='login-enter']\")",
        "time" : {
          "start" : 1729936391104,
          "stop" : 1729936391178,
          "duration" : 74
        },
        "status" : "passed",
        "steps" : [ ],
        "attachments" : [ ],
        "parameters" : [ ],
        "stepsCount" : 0,
        "attachmentsCount" : 0,
        "shouldDisplayMessage" : false,
        "hasContent" : false
      }, {
        "name" : "Click ('xpath', '//form[1]//a')",
        "time" : {
          "start" : 1729936391178,
          "stop" : 1729936392257,
          "duration" : 1079
        },
        "status" : "passed",
        "steps" : [ ],
        "attachments" : [ ],
        "parameters" : [ ],
        "stepsCount" : 0,
        "attachmentsCount" : 0,
        "shouldDisplayMessage" : false,
        "hasContent" : false
      }, {
        "name" : "Fill '('xpath', \"//input[@data-validation='name']\")' with data 'К'",
        "time" : {
          "start" : 1729936392257,
          "stop" : 1729936392383,
          "duration" : 126
        },
        "status" : "passed",
        "steps" : [ ],
        "attachments" : [ ],
        "parameters" : [ ],
        "stepsCount" : 0,
        "attachmentsCount" : 0,
        "shouldDisplayMessage" : false,
        "hasContent" : false
      }, {
        "name" : "Fill '('xpath', \"//*[@id='telephone']\")' with data '634598148'",
        "time" : {
          "start" : 1729936392383,
          "stop" : 1729936392530,
          "duration" : 147
        },
        "status" : "passed",
        "steps" : [ ],
        "attachments" : [ ],
        "parameters" : [ ],
        "stepsCount" : 0,
        "attachmentsCount" : 0,
        "shouldDisplayMessage" : false,
        "hasContent" : false
      }, {
        "name" : "Fill '('xpath', \"//input[@data-validation='email']\")' with data 'georgi_1972@example.com'",
        "time" : {
          "start" : 1729936392530,
          "stop" : 1729936392676,
          "duration" : 146
        },
        "status" : "passed",
        "steps" : [ ],
        "attachments" : [ ],
        "parameters" : [ ],
        "stepsCount" : 0,
        "attachmentsCount" : 0,
        "shouldDisplayMessage" : false,
        "hasContent" : false
      }, {
        "name" : "Click ('xpath', \"//button[@class='auth_next']\")",
        "time" : {
          "start" : 1729936392676,
          "stop" : 1729936392734,
          "duration" : 58
        },
        "status" : "passed",
        "steps" : [ ],
        "attachments" : [ ],
        "parameters" : [ ],
        "stepsCount" : 0,
        "attachmentsCount" : 0,
        "shouldDisplayMessage" : false,
        "hasContent" : false
      }, {
        "name" : "Fill '('xpath', \"//input[@id='code-auth']\")' with data '8889'",
        "time" : {
          "start" : 1729936392734,
          "stop" : 1729936413004,
          "duration" : 20270
        },
        "status" : "broken",
        "statusMessage" : "selenium.common.exceptions.TimeoutException: Message: \nStacktrace:\n#0 0x55d69fa1c8ae <unknown>\n#1 0x55d69f551c40 <unknown>\n#2 0x55d69f59de12 <unknown>\n#3 0x55d69f59e011 <unknown>\n#4 0x55d69f5e7bc4 <unknown>\n#5 0x55d69f5c5efd <unknown>\n#6 0x55d69f5e56d2 <unknown>\n#7 0x55d69f5c5c73 <unknown>\n#8 0x55d69f5916e8 <unknown>\n#9 0x55d69f59269e <unknown>\n#10 0x55d69f9efc66 <unknown>\n#11 0x55d69f9f2f97 <unknown>\n#12 0x55d69f9f2a58 <unknown>\n#13 0x55d69f9f3425 <unknown>\n#14 0x55d69f9e0b6e <unknown>\n#15 0x55d69f9f376f <unknown>\n#16 0x55d69f9ca625 <unknown>\n#17 0x55d69fa0bd55 <unknown>\n#18 0x55d69fa0bf36 <unknown>\n#19 0x55d69fa1b6e5 <unknown>\n#20 0x7f2c40de3144 <unknown>\n\n",
        "statusTrace" : "  File \"/usr/workspace/src/base_classes/base_page.py\", line 46, in fill_field_with_click\n    self.wait.until(EC.element_to_be_clickable(field_name)).click()\n  File \"/usr/local/lib/python3.10/site-packages/selenium/webdriver/support/wait.py\", line 105, in until\n    raise TimeoutException(message, screen, stacktrace)\n",
        "steps" : [ ],
        "attachments" : [ ],
        "parameters" : [ ],
        "stepsCount" : 0,
        "attachmentsCount" : 0,
        "shouldDisplayMessage" : true,
        "hasContent" : true
      } ],
      "attachments" : [ ],
      "parameters" : [ {
        "name" : "user",
        "value" : "{'name': 'Комиссаров Бронислав Борисович', 'email': 'georgi_1972@example.com', 'phone': '+380634598148'}"
      }, {
        "name" : "code",
        "value" : "8889"
      } ],
      "stepsCount" : 9,
      "attachmentsCount" : 0,
      "shouldDisplayMessage" : false,
      "hasContent" : true
    } ],
    "attachments" : [ {
      "uid" : "b53f4b578c79b6a6",
      "name" : "log",
      "source" : "b53f4b578c79b6a6.txt",
      "type" : "text/plain",
      "size" : 92
    } ],
    "parameters" : [ ],
    "stepsCount" : 10,
    "attachmentsCount" : 1,
    "shouldDisplayMessage" : true,
    "hasContent" : true
  },
  "afterStages" : [ {
    "name" : "set_driver::0",
    "time" : {
      "start" : 1729936413011,
      "stop" : 1729936413079,
      "duration" : 68
    },
    "status" : "passed",
    "steps" : [ ],
    "attachments" : [ ],
    "parameters" : [ ],
    "stepsCount" : 0,
    "attachmentsCount" : 0,
    "shouldDisplayMessage" : false,
    "hasContent" : false
  } ],
  "labels" : [ {
    "name" : "parentSuite",
    "value" : "tests.ui"
  }, {
    "name" : "suite",
    "value" : "test_registration_new_user"
  }, {
    "name" : "subSuite",
    "value" : "TestRegistrationUser"
  }, {
    "name" : "host",
    "value" : "ed2bd207327c"
  }, {
    "name" : "thread",
    "value" : "7-MainThread"
  }, {
    "name" : "framework",
    "value" : "pytest"
  }, {
    "name" : "language",
    "value" : "cpython3"
  }, {
    "name" : "package",
    "value" : "tests.ui.test_registration_new_user"
  }, {
    "name" : "resultFormat",
    "value" : "allure2"
  } ],
  "parameters" : [ {
    "name" : "code",
    "value" : "8889"
  }, {
    "name" : "user",
    "value" : "{'name': 'Комиссаров Бронислав Борисович', 'email': 'georgi_1972@example.com', 'phone': '+380634598148'}"
  } ],
  "links" : [ ],
  "hidden" : false,
  "retry" : false,
  "extra" : {
    "severity" : "normal",
    "retries" : [ ],
    "categories" : [ {
      "name" : "Test defects",
      "matchedStatuses" : [ ],
      "flaky" : false
    } ],
    "tags" : [ ]
  },
  "source" : "7a231f6e2d6a494.json",
  "parameterValues" : [ "8889", "{'name': 'Комиссаров Бронислав Борисович', 'email': 'georgi_1972@example.com', 'phone': '+380634598148'}" ]
}