{
  "uid" : "7d9cb5b7be196ed8",
  "name" : "test_registration_user_with_wrong_code_awdev_t506[{'name': '\\u0423\\u0441\\u0442\\u0438\\u043d\\u043e\\u0432\\u0430 \\u0415\\u043b\\u0438\\u0437\\u0430\\u0432\\u0435\\u0442\\u0430 \\u0412\\u044f\\u0447\\u0435\\u0441\\u043b\\u0430\\u0432\\u043e\\u0432\\u043d\\u0430', 'email': 'nesterovvladlen@example.net', 'phone': '+380638432511'}-8889]",
  "fullName" : "tests.ui.test_registration_new_user.TestRegistrationUser#test_registration_user_with_wrong_code_awdev_t506",
  "historyId" : "d7fb7775aac06b17a15c28a8250986b5",
  "time" : {
    "start" : 1729933387077,
    "stop" : 1729933412357,
    "duration" : 25280
  },
  "status" : "broken",
  "statusMessage" : "selenium.common.exceptions.TimeoutException: Message: \nStacktrace:\n#0 0x5624afd178ae <unknown>\n#1 0x5624af84cc40 <unknown>\n#2 0x5624af898e12 <unknown>\n#3 0x5624af899011 <unknown>\n#4 0x5624af8e2bc4 <unknown>\n#5 0x5624af8c0efd <unknown>\n#6 0x5624af8e06d2 <unknown>\n#7 0x5624af8c0c73 <unknown>\n#8 0x5624af88c6e8 <unknown>\n#9 0x5624af88d69e <unknown>\n#10 0x5624afceac66 <unknown>\n#11 0x5624afcedf97 <unknown>\n#12 0x5624afceda58 <unknown>\n#13 0x5624afcee425 <unknown>\n#14 0x5624afcdbb6e <unknown>\n#15 0x5624afcee76f <unknown>\n#16 0x5624afcc5625 <unknown>\n#17 0x5624afd06d55 <unknown>\n#18 0x5624afd06f36 <unknown>\n#19 0x5624afd166e5 <unknown>\n#20 0x7fd54a25d144 <unknown>",
  "statusTrace" : "self = <tests.ui.test_registration_new_user.TestRegistrationUser object at 0x7f524f555120>\nuser = {'email': 'nesterovvladlen@example.net', 'name': 'Устинова Елизавета Вячеславовна', 'phone': '+380638432511'}\ncode = 8889\n\n    @allure.step(\"Registration new user with wrong code AWDEV-T506\")\n    @pytest.mark.parametrize(\"user, code\",\n                             [(RegistrationUserUi.new_user_name_phone_email, DEFAULT_CODE_AUTHORIZATION)], ids=str)\n    def test_registration_user_with_wrong_code_awdev_t506(self, user, code):\n        self.registration_page.open_registration_form()\n        self.registration_page.fill_registration_form(user=user)\n>       self.registration_page.confirm_registration_form(code=code, correct=False)\n\ntests/ui/test_registration_new_user.py:41: \n_ _ _ _ _ _ _ _ _ _ _ _ _ _ _ _ _ _ _ _ _ _ _ _ _ _ _ _ _ _ _ _ _ _ _ _ _ _ _ _ \nsrc/pages/registration_page.py:44: in confirm_registration_form\n    self.fill_field_with_click(self.CODE_FIELD, code)\nsrc/base_classes/base_page.py:46: in fill_field_with_click\n    self.wait.until(EC.element_to_be_clickable(field_name)).click()\n_ _ _ _ _ _ _ _ _ _ _ _ _ _ _ _ _ _ _ _ _ _ _ _ _ _ _ _ _ _ _ _ _ _ _ _ _ _ _ _ \n\nself = <selenium.webdriver.support.wait.WebDriverWait (session=\"0c7dc12cbc110f58e10ef387760ba5e7\")>\nmethod = <function element_to_be_clickable.<locals>._predicate at 0x7f524e4051b0>\nmessage = ''\n\n    def until(self, method: Callable[[D], Union[Literal[False], T]], message: str = \"\") -> T:\n        \"\"\"Calls the method provided with the driver as an argument until the \\\n        return value does not evaluate to ``False``.\n    \n        :param method: callable(WebDriver)\n        :param message: optional message for :exc:`TimeoutException`\n        :returns: the result of the last call to `method`\n        :raises: :exc:`selenium.common.exceptions.TimeoutException` if timeout occurs\n        \"\"\"\n        screen = None\n        stacktrace = None\n    \n        end_time = time.monotonic() + self._timeout\n        while True:\n            try:\n                value = method(self._driver)\n                if value:\n                    return value\n            except self._ignored_exceptions as exc:\n                screen = getattr(exc, \"screen\", None)\n                stacktrace = getattr(exc, \"stacktrace\", None)\n            time.sleep(self._poll)\n            if time.monotonic() > end_time:\n                break\n>       raise TimeoutException(message, screen, stacktrace)\nE       selenium.common.exceptions.TimeoutException: Message: \nE       Stacktrace:\nE       #0 0x5624afd178ae <unknown>\nE       #1 0x5624af84cc40 <unknown>\nE       #2 0x5624af898e12 <unknown>\nE       #3 0x5624af899011 <unknown>\nE       #4 0x5624af8e2bc4 <unknown>\nE       #5 0x5624af8c0efd <unknown>\nE       #6 0x5624af8e06d2 <unknown>\nE       #7 0x5624af8c0c73 <unknown>\nE       #8 0x5624af88c6e8 <unknown>\nE       #9 0x5624af88d69e <unknown>\nE       #10 0x5624afceac66 <unknown>\nE       #11 0x5624afcedf97 <unknown>\nE       #12 0x5624afceda58 <unknown>\nE       #13 0x5624afcee425 <unknown>\nE       #14 0x5624afcdbb6e <unknown>\nE       #15 0x5624afcee76f <unknown>\nE       #16 0x5624afcc5625 <unknown>\nE       #17 0x5624afd06d55 <unknown>\nE       #18 0x5624afd06f36 <unknown>\nE       #19 0x5624afd166e5 <unknown>\nE       #20 0x7fd54a25d144 <unknown>\n\n../local/lib/python3.10/site-packages/selenium/webdriver/support/wait.py:105: TimeoutException",
  "flaky" : false,
  "newFailed" : false,
  "beforeStages" : [ {
    "name" : "setup",
    "time" : {
      "start" : 1729933387076,
      "stop" : 1729933387076,
      "duration" : 0
    },
    "status" : "passed",
    "steps" : [ ],
    "attachments" : [ ],
    "parameters" : [ ],
    "stepsCount" : 0,
    "attachmentsCount" : 0,
    "shouldDisplayMessage" : false,
    "hasContent" : false
  }, {
    "name" : "set_driver",
    "time" : {
      "start" : 1729933386642,
      "stop" : 1729933387075,
      "duration" : 433
    },
    "status" : "passed",
    "steps" : [ ],
    "attachments" : [ ],
    "parameters" : [ ],
    "stepsCount" : 0,
    "attachmentsCount" : 0,
    "shouldDisplayMessage" : false,
    "hasContent" : false
  }, {
    "name" : "_session_faker",
    "time" : {
      "start" : 1729933349628,
      "stop" : 1729933349701,
      "duration" : 73
    },
    "status" : "passed",
    "steps" : [ ],
    "attachments" : [ ],
    "parameters" : [ ],
    "stepsCount" : 0,
    "attachmentsCount" : 0,
    "shouldDisplayMessage" : false,
    "hasContent" : false
  }, {
    "name" : "set_env_settings",
    "time" : {
      "start" : 1729933349701,
      "stop" : 1729933349702,
      "duration" : 1
    },
    "status" : "passed",
    "steps" : [ ],
    "attachments" : [ ],
    "parameters" : [ ],
    "stepsCount" : 0,
    "attachmentsCount" : 0,
    "shouldDisplayMessage" : false,
    "hasContent" : false
  }, {
    "name" : "pytestconfig",
    "time" : {
      "start" : 1729933349701,
      "stop" : 1729933349701,
      "duration" : 0
    },
    "status" : "passed",
    "steps" : [ ],
    "attachments" : [ ],
    "parameters" : [ ],
    "stepsCount" : 0,
    "attachmentsCount" : 0,
    "shouldDisplayMessage" : false,
    "hasContent" : false
  } ],
  "testStage" : {
    "status" : "broken",
    "statusMessage" : "selenium.common.exceptions.TimeoutException: Message: \nStacktrace:\n#0 0x5624afd178ae <unknown>\n#1 0x5624af84cc40 <unknown>\n#2 0x5624af898e12 <unknown>\n#3 0x5624af899011 <unknown>\n#4 0x5624af8e2bc4 <unknown>\n#5 0x5624af8c0efd <unknown>\n#6 0x5624af8e06d2 <unknown>\n#7 0x5624af8c0c73 <unknown>\n#8 0x5624af88c6e8 <unknown>\n#9 0x5624af88d69e <unknown>\n#10 0x5624afceac66 <unknown>\n#11 0x5624afcedf97 <unknown>\n#12 0x5624afceda58 <unknown>\n#13 0x5624afcee425 <unknown>\n#14 0x5624afcdbb6e <unknown>\n#15 0x5624afcee76f <unknown>\n#16 0x5624afcc5625 <unknown>\n#17 0x5624afd06d55 <unknown>\n#18 0x5624afd06f36 <unknown>\n#19 0x5624afd166e5 <unknown>\n#20 0x7fd54a25d144 <unknown>",
    "statusTrace" : "self = <tests.ui.test_registration_new_user.TestRegistrationUser object at 0x7f524f555120>\nuser = {'email': 'nesterovvladlen@example.net', 'name': 'Устинова Елизавета Вячеславовна', 'phone': '+380638432511'}\ncode = 8889\n\n    @allure.step(\"Registration new user with wrong code AWDEV-T506\")\n    @pytest.mark.parametrize(\"user, code\",\n                             [(RegistrationUserUi.new_user_name_phone_email, DEFAULT_CODE_AUTHORIZATION)], ids=str)\n    def test_registration_user_with_wrong_code_awdev_t506(self, user, code):\n        self.registration_page.open_registration_form()\n        self.registration_page.fill_registration_form(user=user)\n>       self.registration_page.confirm_registration_form(code=code, correct=False)\n\ntests/ui/test_registration_new_user.py:41: \n_ _ _ _ _ _ _ _ _ _ _ _ _ _ _ _ _ _ _ _ _ _ _ _ _ _ _ _ _ _ _ _ _ _ _ _ _ _ _ _ \nsrc/pages/registration_page.py:44: in confirm_registration_form\n    self.fill_field_with_click(self.CODE_FIELD, code)\nsrc/base_classes/base_page.py:46: in fill_field_with_click\n    self.wait.until(EC.element_to_be_clickable(field_name)).click()\n_ _ _ _ _ _ _ _ _ _ _ _ _ _ _ _ _ _ _ _ _ _ _ _ _ _ _ _ _ _ _ _ _ _ _ _ _ _ _ _ \n\nself = <selenium.webdriver.support.wait.WebDriverWait (session=\"0c7dc12cbc110f58e10ef387760ba5e7\")>\nmethod = <function element_to_be_clickable.<locals>._predicate at 0x7f524e4051b0>\nmessage = ''\n\n    def until(self, method: Callable[[D], Union[Literal[False], T]], message: str = \"\") -> T:\n        \"\"\"Calls the method provided with the driver as an argument until the \\\n        return value does not evaluate to ``False``.\n    \n        :param method: callable(WebDriver)\n        :param message: optional message for :exc:`TimeoutException`\n        :returns: the result of the last call to `method`\n        :raises: :exc:`selenium.common.exceptions.TimeoutException` if timeout occurs\n        \"\"\"\n        screen = None\n        stacktrace = None\n    \n        end_time = time.monotonic() + self._timeout\n        while True:\n            try:\n                value = method(self._driver)\n                if value:\n                    return value\n            except self._ignored_exceptions as exc:\n                screen = getattr(exc, \"screen\", None)\n                stacktrace = getattr(exc, \"stacktrace\", None)\n            time.sleep(self._poll)\n            if time.monotonic() > end_time:\n                break\n>       raise TimeoutException(message, screen, stacktrace)\nE       selenium.common.exceptions.TimeoutException: Message: \nE       Stacktrace:\nE       #0 0x5624afd178ae <unknown>\nE       #1 0x5624af84cc40 <unknown>\nE       #2 0x5624af898e12 <unknown>\nE       #3 0x5624af899011 <unknown>\nE       #4 0x5624af8e2bc4 <unknown>\nE       #5 0x5624af8c0efd <unknown>\nE       #6 0x5624af8e06d2 <unknown>\nE       #7 0x5624af8c0c73 <unknown>\nE       #8 0x5624af88c6e8 <unknown>\nE       #9 0x5624af88d69e <unknown>\nE       #10 0x5624afceac66 <unknown>\nE       #11 0x5624afcedf97 <unknown>\nE       #12 0x5624afceda58 <unknown>\nE       #13 0x5624afcee425 <unknown>\nE       #14 0x5624afcdbb6e <unknown>\nE       #15 0x5624afcee76f <unknown>\nE       #16 0x5624afcc5625 <unknown>\nE       #17 0x5624afd06d55 <unknown>\nE       #18 0x5624afd06f36 <unknown>\nE       #19 0x5624afd166e5 <unknown>\nE       #20 0x7fd54a25d144 <unknown>\n\n../local/lib/python3.10/site-packages/selenium/webdriver/support/wait.py:105: TimeoutException",
    "steps" : [ {
      "name" : "Registration new user with wrong code AWDEV-T506",
      "time" : {
        "start" : 1729933387077,
        "stop" : 1729933412357,
        "duration" : 25280
      },
      "status" : "broken",
      "statusMessage" : "selenium.common.exceptions.TimeoutException: Message: \nStacktrace:\n#0 0x5624afd178ae <unknown>\n#1 0x5624af84cc40 <unknown>\n#2 0x5624af898e12 <unknown>\n#3 0x5624af899011 <unknown>\n#4 0x5624af8e2bc4 <unknown>\n#5 0x5624af8c0efd <unknown>\n#6 0x5624af8e06d2 <unknown>\n#7 0x5624af8c0c73 <unknown>\n#8 0x5624af88c6e8 <unknown>\n#9 0x5624af88d69e <unknown>\n#10 0x5624afceac66 <unknown>\n#11 0x5624afcedf97 <unknown>\n#12 0x5624afceda58 <unknown>\n#13 0x5624afcee425 <unknown>\n#14 0x5624afcdbb6e <unknown>\n#15 0x5624afcee76f <unknown>\n#16 0x5624afcc5625 <unknown>\n#17 0x5624afd06d55 <unknown>\n#18 0x5624afd06f36 <unknown>\n#19 0x5624afd166e5 <unknown>\n#20 0x7fd54a25d144 <unknown>\n\n",
      "statusTrace" : "  File \"/usr/local/lib/python3.10/site-packages/allure_commons/_allure.py\", line 192, in impl\n    return func(*a, **kw)\n  File \"/usr/workspace/tests/ui/test_registration_new_user.py\", line 41, in test_registration_user_with_wrong_code_awdev_t506\n    self.registration_page.confirm_registration_form(code=code, correct=False)\n  File \"/usr/workspace/src/pages/registration_page.py\", line 44, in confirm_registration_form\n    self.fill_field_with_click(self.CODE_FIELD, code)\n  File \"/usr/workspace/src/base_classes/base_page.py\", line 46, in fill_field_with_click\n    self.wait.until(EC.element_to_be_clickable(field_name)).click()\n  File \"/usr/local/lib/python3.10/site-packages/selenium/webdriver/support/wait.py\", line 105, in until\n    raise TimeoutException(message, screen, stacktrace)\n",
      "steps" : [ {
        "name" : "Open 'https://m2-live-dev-001.antoshka.ua/uk/' page",
        "time" : {
          "start" : 1729933387077,
          "stop" : 1729933390478,
          "duration" : 3401
        },
        "status" : "passed",
        "steps" : [ ],
        "attachments" : [ ],
        "parameters" : [ ],
        "stepsCount" : 0,
        "attachmentsCount" : 0,
        "shouldDisplayMessage" : false,
        "hasContent" : false
      }, {
        "name" : "Page 'https://m2-live-dev-001.antoshka.ua/uk/' is opened",
        "time" : {
          "start" : 1729933390478,
          "stop" : 1729933390483,
          "duration" : 5
        },
        "status" : "passed",
        "steps" : [ ],
        "attachments" : [ ],
        "parameters" : [ ],
        "stepsCount" : 0,
        "attachmentsCount" : 0,
        "shouldDisplayMessage" : false,
        "hasContent" : false
      }, {
        "name" : "Click ('xpath', \"//*[@id='login-enter']\")",
        "time" : {
          "start" : 1729933390483,
          "stop" : 1729933390545,
          "duration" : 62
        },
        "status" : "passed",
        "steps" : [ ],
        "attachments" : [ ],
        "parameters" : [ ],
        "stepsCount" : 0,
        "attachmentsCount" : 0,
        "shouldDisplayMessage" : false,
        "hasContent" : false
      }, {
        "name" : "Click ('xpath', '//form[1]//a')",
        "time" : {
          "start" : 1729933390545,
          "stop" : 1729933391633,
          "duration" : 1088
        },
        "status" : "passed",
        "steps" : [ ],
        "attachments" : [ ],
        "parameters" : [ ],
        "stepsCount" : 0,
        "attachmentsCount" : 0,
        "shouldDisplayMessage" : false,
        "hasContent" : false
      }, {
        "name" : "Fill '('xpath', \"//input[@data-validation='name']\")' with data 'У'",
        "time" : {
          "start" : 1729933391633,
          "stop" : 1729933391750,
          "duration" : 117
        },
        "status" : "passed",
        "steps" : [ ],
        "attachments" : [ ],
        "parameters" : [ ],
        "stepsCount" : 0,
        "attachmentsCount" : 0,
        "shouldDisplayMessage" : false,
        "hasContent" : false
      }, {
        "name" : "Fill '('xpath', \"//*[@id='telephone']\")' with data '638432511'",
        "time" : {
          "start" : 1729933391750,
          "stop" : 1729933391887,
          "duration" : 137
        },
        "status" : "passed",
        "steps" : [ ],
        "attachments" : [ ],
        "parameters" : [ ],
        "stepsCount" : 0,
        "attachmentsCount" : 0,
        "shouldDisplayMessage" : false,
        "hasContent" : false
      }, {
        "name" : "Fill '('xpath', \"//input[@data-validation='email']\")' with data 'nesterovvladlen@example.net'",
        "time" : {
          "start" : 1729933391887,
          "stop" : 1729933392039,
          "duration" : 152
        },
        "status" : "passed",
        "steps" : [ ],
        "attachments" : [ ],
        "parameters" : [ ],
        "stepsCount" : 0,
        "attachmentsCount" : 0,
        "shouldDisplayMessage" : false,
        "hasContent" : false
      }, {
        "name" : "Click ('xpath', \"//button[@class='auth_next']\")",
        "time" : {
          "start" : 1729933392039,
          "stop" : 1729933392093,
          "duration" : 54
        },
        "status" : "passed",
        "steps" : [ ],
        "attachments" : [ ],
        "parameters" : [ ],
        "stepsCount" : 0,
        "attachmentsCount" : 0,
        "shouldDisplayMessage" : false,
        "hasContent" : false
      }, {
        "name" : "Fill '('xpath', \"//input[@id='code-auth']\")' with data '8889'",
        "time" : {
          "start" : 1729933392093,
          "stop" : 1729933412357,
          "duration" : 20264
        },
        "status" : "broken",
        "statusMessage" : "selenium.common.exceptions.TimeoutException: Message: \nStacktrace:\n#0 0x5624afd178ae <unknown>\n#1 0x5624af84cc40 <unknown>\n#2 0x5624af898e12 <unknown>\n#3 0x5624af899011 <unknown>\n#4 0x5624af8e2bc4 <unknown>\n#5 0x5624af8c0efd <unknown>\n#6 0x5624af8e06d2 <unknown>\n#7 0x5624af8c0c73 <unknown>\n#8 0x5624af88c6e8 <unknown>\n#9 0x5624af88d69e <unknown>\n#10 0x5624afceac66 <unknown>\n#11 0x5624afcedf97 <unknown>\n#12 0x5624afceda58 <unknown>\n#13 0x5624afcee425 <unknown>\n#14 0x5624afcdbb6e <unknown>\n#15 0x5624afcee76f <unknown>\n#16 0x5624afcc5625 <unknown>\n#17 0x5624afd06d55 <unknown>\n#18 0x5624afd06f36 <unknown>\n#19 0x5624afd166e5 <unknown>\n#20 0x7fd54a25d144 <unknown>\n\n",
        "statusTrace" : "  File \"/usr/workspace/src/base_classes/base_page.py\", line 46, in fill_field_with_click\n    self.wait.until(EC.element_to_be_clickable(field_name)).click()\n  File \"/usr/local/lib/python3.10/site-packages/selenium/webdriver/support/wait.py\", line 105, in until\n    raise TimeoutException(message, screen, stacktrace)\n",
        "steps" : [ ],
        "attachments" : [ ],
        "parameters" : [ ],
        "stepsCount" : 0,
        "attachmentsCount" : 0,
        "shouldDisplayMessage" : true,
        "hasContent" : true
      } ],
      "attachments" : [ ],
      "parameters" : [ {
        "name" : "user",
        "value" : "{'name': 'Устинова Елизавета Вячеславовна', 'email': 'nesterovvladlen@example.net', 'phone': '+380638432511'}"
      }, {
        "name" : "code",
        "value" : "8889"
      } ],
      "stepsCount" : 9,
      "attachmentsCount" : 0,
      "shouldDisplayMessage" : false,
      "hasContent" : true
    } ],
    "attachments" : [ {
      "uid" : "4e96e653115ceb7",
      "name" : "log",
      "source" : "4e96e653115ceb7.txt",
      "type" : "text/plain",
      "size" : 92
    } ],
    "parameters" : [ ],
    "stepsCount" : 10,
    "attachmentsCount" : 1,
    "shouldDisplayMessage" : true,
    "hasContent" : true
  },
  "afterStages" : [ {
    "name" : "set_driver::0",
    "time" : {
      "start" : 1729933412364,
      "stop" : 1729933412432,
      "duration" : 68
    },
    "status" : "passed",
    "steps" : [ ],
    "attachments" : [ ],
    "parameters" : [ ],
    "stepsCount" : 0,
    "attachmentsCount" : 0,
    "shouldDisplayMessage" : false,
    "hasContent" : false
  } ],
  "labels" : [ {
    "name" : "parentSuite",
    "value" : "tests.ui"
  }, {
    "name" : "suite",
    "value" : "test_registration_new_user"
  }, {
    "name" : "subSuite",
    "value" : "TestRegistrationUser"
  }, {
    "name" : "host",
    "value" : "b7df6285eb37"
  }, {
    "name" : "thread",
    "value" : "7-MainThread"
  }, {
    "name" : "framework",
    "value" : "pytest"
  }, {
    "name" : "language",
    "value" : "cpython3"
  }, {
    "name" : "package",
    "value" : "tests.ui.test_registration_new_user"
  }, {
    "name" : "resultFormat",
    "value" : "allure2"
  } ],
  "parameters" : [ {
    "name" : "code",
    "value" : "8889"
  }, {
    "name" : "user",
    "value" : "{'name': 'Устинова Елизавета Вячеславовна', 'email': 'nesterovvladlen@example.net', 'phone': '+380638432511'}"
  } ],
  "links" : [ ],
  "hidden" : false,
  "retry" : false,
  "extra" : {
    "severity" : "normal",
    "retries" : [ ],
    "categories" : [ {
      "name" : "Test defects",
      "matchedStatuses" : [ ],
      "flaky" : false
    } ],
    "tags" : [ ]
  },
  "source" : "7d9cb5b7be196ed8.json",
  "parameterValues" : [ "8889", "{'name': 'Устинова Елизавета Вячеславовна', 'email': 'nesterovvladlen@example.net', 'phone': '+380638432511'}" ]
}