{
  "uid" : "7fdc10ad4c0aca11",
  "name" : "test_registration_new_user_awdev_t506[{'name': '\\u0420\\u044f\\u0431\\u043e\\u0432 \\u0421\\u0430\\u0432\\u0432\\u0430\\u0442\\u0438\\u0439 \\u042d\\u0434\\u0433\\u0430\\u0440\\u043e\\u0432\\u0438\\u0447', 'email': 'larisa2010@example.org', 'phone': '+380634587923'}-1111]",
  "fullName" : "tests.ui.test_registration_new_user.TestRegistrationUser#test_registration_new_user_awdev_t506",
  "historyId" : "0ef9c9914fc10e5e6a973d2e8b347767",
  "time" : {
    "start" : 1729926182245,
    "stop" : 1729926207677,
    "duration" : 25432
  },
  "status" : "broken",
  "statusMessage" : "selenium.common.exceptions.TimeoutException: Message: \nStacktrace:\n#0 0x55c6c28db8ae <unknown>\n#1 0x55c6c2410c40 <unknown>\n#2 0x55c6c245ce12 <unknown>\n#3 0x55c6c245d011 <unknown>\n#4 0x55c6c24a6bc4 <unknown>\n#5 0x55c6c2484efd <unknown>\n#6 0x55c6c24a46d2 <unknown>\n#7 0x55c6c2484c73 <unknown>\n#8 0x55c6c24506e8 <unknown>\n#9 0x55c6c245169e <unknown>\n#10 0x55c6c28aec66 <unknown>\n#11 0x55c6c28b1f97 <unknown>\n#12 0x55c6c28b1a58 <unknown>\n#13 0x55c6c28b2425 <unknown>\n#14 0x55c6c289fb6e <unknown>\n#15 0x55c6c28b276f <unknown>\n#16 0x55c6c2889625 <unknown>\n#17 0x55c6c28cad55 <unknown>\n#18 0x55c6c28caf36 <unknown>\n#19 0x55c6c28da6e5 <unknown>\n#20 0x7f2a2388c144 <unknown>",
  "statusTrace" : "self = <tests.ui.test_registration_new_user.TestRegistrationUser object at 0x7f825bbc3790>\nuser = {'email': 'larisa2010@example.org', 'name': 'Рябов Савватий Эдгарович', 'phone': '+380634587923'}\ncode = 1111\n\n    @allure.step(\"Registration new user AWDEV-T506\")\n    @pytest.mark.parametrize(\"user, code\", [\n        (RegistrationUserUi.user_name_phone_email, DEFAULT_CODE_REGISTRATION)], ids=str)\n    def test_registration_new_user_awdev_t506(self, user, code):\n        self.registration_page.open_registration_form()\n        self.registration_page.fill_registration_form(user=user)\n>       self.registration_page.confirm_registration_form(code=code)\n\ntests/ui/test_registration_new_user.py:16: \n_ _ _ _ _ _ _ _ _ _ _ _ _ _ _ _ _ _ _ _ _ _ _ _ _ _ _ _ _ _ _ _ _ _ _ _ _ _ _ _ \nsrc/pages/registration_page.py:44: in confirm_registration_form\n    self.fill_field_with_click(self.CODE_FIELD, code)\nsrc/base_classes/base_page.py:46: in fill_field_with_click\n    self.wait.until(EC.element_to_be_clickable(field_name)).click()\n_ _ _ _ _ _ _ _ _ _ _ _ _ _ _ _ _ _ _ _ _ _ _ _ _ _ _ _ _ _ _ _ _ _ _ _ _ _ _ _ \n\nself = <selenium.webdriver.support.wait.WebDriverWait (session=\"dc22e95e81a63c78dc2120ebd97c2114\")>\nmethod = <function element_to_be_clickable.<locals>._predicate at 0x7f825b89fbe0>\nmessage = ''\n\n    def until(self, method: Callable[[D], Union[Literal[False], T]], message: str = \"\") -> T:\n        \"\"\"Calls the method provided with the driver as an argument until the \\\n        return value does not evaluate to ``False``.\n    \n        :param method: callable(WebDriver)\n        :param message: optional message for :exc:`TimeoutException`\n        :returns: the result of the last call to `method`\n        :raises: :exc:`selenium.common.exceptions.TimeoutException` if timeout occurs\n        \"\"\"\n        screen = None\n        stacktrace = None\n    \n        end_time = time.monotonic() + self._timeout\n        while True:\n            try:\n                value = method(self._driver)\n                if value:\n                    return value\n            except self._ignored_exceptions as exc:\n                screen = getattr(exc, \"screen\", None)\n                stacktrace = getattr(exc, \"stacktrace\", None)\n            time.sleep(self._poll)\n            if time.monotonic() > end_time:\n                break\n>       raise TimeoutException(message, screen, stacktrace)\nE       selenium.common.exceptions.TimeoutException: Message: \nE       Stacktrace:\nE       #0 0x55c6c28db8ae <unknown>\nE       #1 0x55c6c2410c40 <unknown>\nE       #2 0x55c6c245ce12 <unknown>\nE       #3 0x55c6c245d011 <unknown>\nE       #4 0x55c6c24a6bc4 <unknown>\nE       #5 0x55c6c2484efd <unknown>\nE       #6 0x55c6c24a46d2 <unknown>\nE       #7 0x55c6c2484c73 <unknown>\nE       #8 0x55c6c24506e8 <unknown>\nE       #9 0x55c6c245169e <unknown>\nE       #10 0x55c6c28aec66 <unknown>\nE       #11 0x55c6c28b1f97 <unknown>\nE       #12 0x55c6c28b1a58 <unknown>\nE       #13 0x55c6c28b2425 <unknown>\nE       #14 0x55c6c289fb6e <unknown>\nE       #15 0x55c6c28b276f <unknown>\nE       #16 0x55c6c2889625 <unknown>\nE       #17 0x55c6c28cad55 <unknown>\nE       #18 0x55c6c28caf36 <unknown>\nE       #19 0x55c6c28da6e5 <unknown>\nE       #20 0x7f2a2388c144 <unknown>\n\n../local/lib/python3.10/site-packages/selenium/webdriver/support/wait.py:105: TimeoutException",
  "flaky" : false,
  "newFailed" : false,
  "beforeStages" : [ {
    "name" : "pytestconfig",
    "time" : {
      "start" : 1729926181703,
      "stop" : 1729926181703,
      "duration" : 0
    },
    "status" : "passed",
    "steps" : [ ],
    "attachments" : [ ],
    "parameters" : [ ],
    "stepsCount" : 0,
    "attachmentsCount" : 0,
    "shouldDisplayMessage" : false,
    "hasContent" : false
  }, {
    "name" : "_session_faker",
    "time" : {
      "start" : 1729926181630,
      "stop" : 1729926181703,
      "duration" : 73
    },
    "status" : "passed",
    "steps" : [ ],
    "attachments" : [ ],
    "parameters" : [ ],
    "stepsCount" : 0,
    "attachmentsCount" : 0,
    "shouldDisplayMessage" : false,
    "hasContent" : false
  }, {
    "name" : "set_env_settings",
    "time" : {
      "start" : 1729926181703,
      "stop" : 1729926181704,
      "duration" : 1
    },
    "status" : "passed",
    "steps" : [ ],
    "attachments" : [ ],
    "parameters" : [ ],
    "stepsCount" : 0,
    "attachmentsCount" : 0,
    "shouldDisplayMessage" : false,
    "hasContent" : false
  }, {
    "name" : "setup",
    "time" : {
      "start" : 1729926182244,
      "stop" : 1729926182244,
      "duration" : 0
    },
    "status" : "passed",
    "steps" : [ ],
    "attachments" : [ ],
    "parameters" : [ ],
    "stepsCount" : 0,
    "attachmentsCount" : 0,
    "shouldDisplayMessage" : false,
    "hasContent" : false
  }, {
    "name" : "set_driver",
    "time" : {
      "start" : 1729926181704,
      "stop" : 1729926182244,
      "duration" : 540
    },
    "status" : "passed",
    "steps" : [ ],
    "attachments" : [ ],
    "parameters" : [ ],
    "stepsCount" : 0,
    "attachmentsCount" : 0,
    "shouldDisplayMessage" : false,
    "hasContent" : false
  } ],
  "testStage" : {
    "status" : "broken",
    "statusMessage" : "selenium.common.exceptions.TimeoutException: Message: \nStacktrace:\n#0 0x55c6c28db8ae <unknown>\n#1 0x55c6c2410c40 <unknown>\n#2 0x55c6c245ce12 <unknown>\n#3 0x55c6c245d011 <unknown>\n#4 0x55c6c24a6bc4 <unknown>\n#5 0x55c6c2484efd <unknown>\n#6 0x55c6c24a46d2 <unknown>\n#7 0x55c6c2484c73 <unknown>\n#8 0x55c6c24506e8 <unknown>\n#9 0x55c6c245169e <unknown>\n#10 0x55c6c28aec66 <unknown>\n#11 0x55c6c28b1f97 <unknown>\n#12 0x55c6c28b1a58 <unknown>\n#13 0x55c6c28b2425 <unknown>\n#14 0x55c6c289fb6e <unknown>\n#15 0x55c6c28b276f <unknown>\n#16 0x55c6c2889625 <unknown>\n#17 0x55c6c28cad55 <unknown>\n#18 0x55c6c28caf36 <unknown>\n#19 0x55c6c28da6e5 <unknown>\n#20 0x7f2a2388c144 <unknown>",
    "statusTrace" : "self = <tests.ui.test_registration_new_user.TestRegistrationUser object at 0x7f825bbc3790>\nuser = {'email': 'larisa2010@example.org', 'name': 'Рябов Савватий Эдгарович', 'phone': '+380634587923'}\ncode = 1111\n\n    @allure.step(\"Registration new user AWDEV-T506\")\n    @pytest.mark.parametrize(\"user, code\", [\n        (RegistrationUserUi.user_name_phone_email, DEFAULT_CODE_REGISTRATION)], ids=str)\n    def test_registration_new_user_awdev_t506(self, user, code):\n        self.registration_page.open_registration_form()\n        self.registration_page.fill_registration_form(user=user)\n>       self.registration_page.confirm_registration_form(code=code)\n\ntests/ui/test_registration_new_user.py:16: \n_ _ _ _ _ _ _ _ _ _ _ _ _ _ _ _ _ _ _ _ _ _ _ _ _ _ _ _ _ _ _ _ _ _ _ _ _ _ _ _ \nsrc/pages/registration_page.py:44: in confirm_registration_form\n    self.fill_field_with_click(self.CODE_FIELD, code)\nsrc/base_classes/base_page.py:46: in fill_field_with_click\n    self.wait.until(EC.element_to_be_clickable(field_name)).click()\n_ _ _ _ _ _ _ _ _ _ _ _ _ _ _ _ _ _ _ _ _ _ _ _ _ _ _ _ _ _ _ _ _ _ _ _ _ _ _ _ \n\nself = <selenium.webdriver.support.wait.WebDriverWait (session=\"dc22e95e81a63c78dc2120ebd97c2114\")>\nmethod = <function element_to_be_clickable.<locals>._predicate at 0x7f825b89fbe0>\nmessage = ''\n\n    def until(self, method: Callable[[D], Union[Literal[False], T]], message: str = \"\") -> T:\n        \"\"\"Calls the method provided with the driver as an argument until the \\\n        return value does not evaluate to ``False``.\n    \n        :param method: callable(WebDriver)\n        :param message: optional message for :exc:`TimeoutException`\n        :returns: the result of the last call to `method`\n        :raises: :exc:`selenium.common.exceptions.TimeoutException` if timeout occurs\n        \"\"\"\n        screen = None\n        stacktrace = None\n    \n        end_time = time.monotonic() + self._timeout\n        while True:\n            try:\n                value = method(self._driver)\n                if value:\n                    return value\n            except self._ignored_exceptions as exc:\n                screen = getattr(exc, \"screen\", None)\n                stacktrace = getattr(exc, \"stacktrace\", None)\n            time.sleep(self._poll)\n            if time.monotonic() > end_time:\n                break\n>       raise TimeoutException(message, screen, stacktrace)\nE       selenium.common.exceptions.TimeoutException: Message: \nE       Stacktrace:\nE       #0 0x55c6c28db8ae <unknown>\nE       #1 0x55c6c2410c40 <unknown>\nE       #2 0x55c6c245ce12 <unknown>\nE       #3 0x55c6c245d011 <unknown>\nE       #4 0x55c6c24a6bc4 <unknown>\nE       #5 0x55c6c2484efd <unknown>\nE       #6 0x55c6c24a46d2 <unknown>\nE       #7 0x55c6c2484c73 <unknown>\nE       #8 0x55c6c24506e8 <unknown>\nE       #9 0x55c6c245169e <unknown>\nE       #10 0x55c6c28aec66 <unknown>\nE       #11 0x55c6c28b1f97 <unknown>\nE       #12 0x55c6c28b1a58 <unknown>\nE       #13 0x55c6c28b2425 <unknown>\nE       #14 0x55c6c289fb6e <unknown>\nE       #15 0x55c6c28b276f <unknown>\nE       #16 0x55c6c2889625 <unknown>\nE       #17 0x55c6c28cad55 <unknown>\nE       #18 0x55c6c28caf36 <unknown>\nE       #19 0x55c6c28da6e5 <unknown>\nE       #20 0x7f2a2388c144 <unknown>\n\n../local/lib/python3.10/site-packages/selenium/webdriver/support/wait.py:105: TimeoutException",
    "steps" : [ {
      "name" : "Registration new user AWDEV-T506",
      "time" : {
        "start" : 1729926182245,
        "stop" : 1729926207677,
        "duration" : 25432
      },
      "status" : "broken",
      "statusMessage" : "selenium.common.exceptions.TimeoutException: Message: \nStacktrace:\n#0 0x55c6c28db8ae <unknown>\n#1 0x55c6c2410c40 <unknown>\n#2 0x55c6c245ce12 <unknown>\n#3 0x55c6c245d011 <unknown>\n#4 0x55c6c24a6bc4 <unknown>\n#5 0x55c6c2484efd <unknown>\n#6 0x55c6c24a46d2 <unknown>\n#7 0x55c6c2484c73 <unknown>\n#8 0x55c6c24506e8 <unknown>\n#9 0x55c6c245169e <unknown>\n#10 0x55c6c28aec66 <unknown>\n#11 0x55c6c28b1f97 <unknown>\n#12 0x55c6c28b1a58 <unknown>\n#13 0x55c6c28b2425 <unknown>\n#14 0x55c6c289fb6e <unknown>\n#15 0x55c6c28b276f <unknown>\n#16 0x55c6c2889625 <unknown>\n#17 0x55c6c28cad55 <unknown>\n#18 0x55c6c28caf36 <unknown>\n#19 0x55c6c28da6e5 <unknown>\n#20 0x7f2a2388c144 <unknown>\n\n",
      "statusTrace" : "  File \"/usr/local/lib/python3.10/site-packages/allure_commons/_allure.py\", line 192, in impl\n    return func(*a, **kw)\n  File \"/usr/workspace/tests/ui/test_registration_new_user.py\", line 16, in test_registration_new_user_awdev_t506\n    self.registration_page.confirm_registration_form(code=code)\n  File \"/usr/workspace/src/pages/registration_page.py\", line 44, in confirm_registration_form\n    self.fill_field_with_click(self.CODE_FIELD, code)\n  File \"/usr/workspace/src/base_classes/base_page.py\", line 46, in fill_field_with_click\n    self.wait.until(EC.element_to_be_clickable(field_name)).click()\n  File \"/usr/local/lib/python3.10/site-packages/selenium/webdriver/support/wait.py\", line 105, in until\n    raise TimeoutException(message, screen, stacktrace)\n",
      "steps" : [ {
        "name" : "Open 'https://m2-live-qa-001.antoshka.ua/uk/' page",
        "time" : {
          "start" : 1729926182245,
          "stop" : 1729926185803,
          "duration" : 3558
        },
        "status" : "passed",
        "steps" : [ ],
        "attachments" : [ ],
        "parameters" : [ ],
        "stepsCount" : 0,
        "attachmentsCount" : 0,
        "shouldDisplayMessage" : false,
        "hasContent" : false
      }, {
        "name" : "Page 'https://m2-live-qa-001.antoshka.ua/uk/' is opened",
        "time" : {
          "start" : 1729926185803,
          "stop" : 1729926185808,
          "duration" : 5
        },
        "status" : "passed",
        "steps" : [ ],
        "attachments" : [ ],
        "parameters" : [ ],
        "stepsCount" : 0,
        "attachmentsCount" : 0,
        "shouldDisplayMessage" : false,
        "hasContent" : false
      }, {
        "name" : "Click ('xpath', \"//*[@id='login-enter']\")",
        "time" : {
          "start" : 1729926185808,
          "stop" : 1729926185872,
          "duration" : 64
        },
        "status" : "passed",
        "steps" : [ ],
        "attachments" : [ ],
        "parameters" : [ ],
        "stepsCount" : 0,
        "attachmentsCount" : 0,
        "shouldDisplayMessage" : false,
        "hasContent" : false
      }, {
        "name" : "Click ('xpath', '//form[1]//a')",
        "time" : {
          "start" : 1729926185872,
          "stop" : 1729926186945,
          "duration" : 1073
        },
        "status" : "passed",
        "steps" : [ ],
        "attachments" : [ ],
        "parameters" : [ ],
        "stepsCount" : 0,
        "attachmentsCount" : 0,
        "shouldDisplayMessage" : false,
        "hasContent" : false
      }, {
        "name" : "Fill '('xpath', \"//input[@data-validation='name']\")' with data 'Р'",
        "time" : {
          "start" : 1729926186945,
          "stop" : 1729926187068,
          "duration" : 123
        },
        "status" : "passed",
        "steps" : [ ],
        "attachments" : [ ],
        "parameters" : [ ],
        "stepsCount" : 0,
        "attachmentsCount" : 0,
        "shouldDisplayMessage" : false,
        "hasContent" : false
      }, {
        "name" : "Fill '('xpath', \"//*[@id='telephone']\")' with data '634587923'",
        "time" : {
          "start" : 1729926187069,
          "stop" : 1729926187215,
          "duration" : 146
        },
        "status" : "passed",
        "steps" : [ ],
        "attachments" : [ ],
        "parameters" : [ ],
        "stepsCount" : 0,
        "attachmentsCount" : 0,
        "shouldDisplayMessage" : false,
        "hasContent" : false
      }, {
        "name" : "Fill '('xpath', \"//input[@data-validation='email']\")' with data 'larisa2010@example.org'",
        "time" : {
          "start" : 1729926187215,
          "stop" : 1729926187356,
          "duration" : 141
        },
        "status" : "passed",
        "steps" : [ ],
        "attachments" : [ ],
        "parameters" : [ ],
        "stepsCount" : 0,
        "attachmentsCount" : 0,
        "shouldDisplayMessage" : false,
        "hasContent" : false
      }, {
        "name" : "Click ('xpath', \"//button[@class='auth_next']\")",
        "time" : {
          "start" : 1729926187356,
          "stop" : 1729926187412,
          "duration" : 56
        },
        "status" : "passed",
        "steps" : [ ],
        "attachments" : [ ],
        "parameters" : [ ],
        "stepsCount" : 0,
        "attachmentsCount" : 0,
        "shouldDisplayMessage" : false,
        "hasContent" : false
      }, {
        "name" : "Fill '('xpath', \"//input[@id='code-auth']\")' with data '1111'",
        "time" : {
          "start" : 1729926187412,
          "stop" : 1729926207676,
          "duration" : 20264
        },
        "status" : "broken",
        "statusMessage" : "selenium.common.exceptions.TimeoutException: Message: \nStacktrace:\n#0 0x55c6c28db8ae <unknown>\n#1 0x55c6c2410c40 <unknown>\n#2 0x55c6c245ce12 <unknown>\n#3 0x55c6c245d011 <unknown>\n#4 0x55c6c24a6bc4 <unknown>\n#5 0x55c6c2484efd <unknown>\n#6 0x55c6c24a46d2 <unknown>\n#7 0x55c6c2484c73 <unknown>\n#8 0x55c6c24506e8 <unknown>\n#9 0x55c6c245169e <unknown>\n#10 0x55c6c28aec66 <unknown>\n#11 0x55c6c28b1f97 <unknown>\n#12 0x55c6c28b1a58 <unknown>\n#13 0x55c6c28b2425 <unknown>\n#14 0x55c6c289fb6e <unknown>\n#15 0x55c6c28b276f <unknown>\n#16 0x55c6c2889625 <unknown>\n#17 0x55c6c28cad55 <unknown>\n#18 0x55c6c28caf36 <unknown>\n#19 0x55c6c28da6e5 <unknown>\n#20 0x7f2a2388c144 <unknown>\n\n",
        "statusTrace" : "  File \"/usr/workspace/src/base_classes/base_page.py\", line 46, in fill_field_with_click\n    self.wait.until(EC.element_to_be_clickable(field_name)).click()\n  File \"/usr/local/lib/python3.10/site-packages/selenium/webdriver/support/wait.py\", line 105, in until\n    raise TimeoutException(message, screen, stacktrace)\n",
        "steps" : [ ],
        "attachments" : [ ],
        "parameters" : [ ],
        "stepsCount" : 0,
        "attachmentsCount" : 0,
        "shouldDisplayMessage" : true,
        "hasContent" : true
      } ],
      "attachments" : [ ],
      "parameters" : [ {
        "name" : "user",
        "value" : "{'name': 'Рябов Савватий Эдгарович', 'email': 'larisa2010@example.org', 'phone': '+380634587923'}"
      }, {
        "name" : "code",
        "value" : "1111"
      } ],
      "stepsCount" : 9,
      "attachmentsCount" : 0,
      "shouldDisplayMessage" : false,
      "hasContent" : true
    } ],
    "attachments" : [ {
      "uid" : "8cf78b2a37738f17",
      "name" : "log",
      "source" : "8cf78b2a37738f17.txt",
      "type" : "text/plain",
      "size" : 92
    } ],
    "parameters" : [ ],
    "stepsCount" : 10,
    "attachmentsCount" : 1,
    "shouldDisplayMessage" : true,
    "hasContent" : true
  },
  "afterStages" : [ {
    "name" : "set_driver::0",
    "time" : {
      "start" : 1729926207721,
      "stop" : 1729926207788,
      "duration" : 67
    },
    "status" : "passed",
    "steps" : [ ],
    "attachments" : [ ],
    "parameters" : [ ],
    "stepsCount" : 0,
    "attachmentsCount" : 0,
    "shouldDisplayMessage" : false,
    "hasContent" : false
  } ],
  "labels" : [ {
    "name" : "parentSuite",
    "value" : "tests.ui"
  }, {
    "name" : "suite",
    "value" : "test_registration_new_user"
  }, {
    "name" : "subSuite",
    "value" : "TestRegistrationUser"
  }, {
    "name" : "host",
    "value" : "7c2316dd7883"
  }, {
    "name" : "thread",
    "value" : "7-MainThread"
  }, {
    "name" : "framework",
    "value" : "pytest"
  }, {
    "name" : "language",
    "value" : "cpython3"
  }, {
    "name" : "package",
    "value" : "tests.ui.test_registration_new_user"
  }, {
    "name" : "resultFormat",
    "value" : "allure2"
  } ],
  "parameters" : [ {
    "name" : "code",
    "value" : "1111"
  }, {
    "name" : "user",
    "value" : "{'name': 'Рябов Савватий Эдгарович', 'email': 'larisa2010@example.org', 'phone': '+380634587923'}"
  } ],
  "links" : [ ],
  "hidden" : false,
  "retry" : false,
  "extra" : {
    "severity" : "normal",
    "retries" : [ ],
    "categories" : [ {
      "name" : "Test defects",
      "matchedStatuses" : [ ],
      "flaky" : false
    } ],
    "tags" : [ ]
  },
  "source" : "7fdc10ad4c0aca11.json",
  "parameterValues" : [ "1111", "{'name': 'Рябов Савватий Эдгарович', 'email': 'larisa2010@example.org', 'phone': '+380634587923'}" ]
}