{
  "uid" : "82027baaac232904",
  "name" : "test_registration_user_with_wrong_code_awdev_t506[{'name': '\\u0421\\u0432\\u0435\\u0442\\u043b\\u0430\\u043d\\u0430 \\u0421\\u0442\\u0430\\u043d\\u0438\\u0441\\u043b\\u0430\\u0432\\u043e\\u0432\\u043d\\u0430 \\u0415\\u0440\\u043c\\u0430\\u043a\\u043e\\u0432\\u0430', 'email': 'kudrjashovradislav@example.com', 'phone': '+380637155653'}-8889]",
  "fullName" : "tests.ui.test_registration_new_user.TestRegistrationUser#test_registration_user_with_wrong_code_awdev_t506",
  "historyId" : "e536b4288613ccccaf7cb5a9a120efcb",
  "time" : {
    "start" : 1729942213961,
    "stop" : 1729942239758,
    "duration" : 25797
  },
  "status" : "broken",
  "statusMessage" : "selenium.common.exceptions.TimeoutException: Message: \nStacktrace:\n#0 0x560fef1108ae <unknown>\n#1 0x560feec45c40 <unknown>\n#2 0x560feec91e12 <unknown>\n#3 0x560feec92011 <unknown>\n#4 0x560feecdbbc4 <unknown>\n#5 0x560feecb9efd <unknown>\n#6 0x560feecd96d2 <unknown>\n#7 0x560feecb9c73 <unknown>\n#8 0x560feec856e8 <unknown>\n#9 0x560feec8669e <unknown>\n#10 0x560fef0e3c66 <unknown>\n#11 0x560fef0e6f97 <unknown>\n#12 0x560fef0e6a58 <unknown>\n#13 0x560fef0e7425 <unknown>\n#14 0x560fef0d4b6e <unknown>\n#15 0x560fef0e776f <unknown>\n#16 0x560fef0be625 <unknown>\n#17 0x560fef0ffd55 <unknown>\n#18 0x560fef0fff36 <unknown>\n#19 0x560fef10f6e5 <unknown>\n#20 0x7f93f4a06144 <unknown>",
  "statusTrace" : "self = <tests.ui.test_registration_new_user.TestRegistrationUser object at 0x7f4e5ca0f580>\nuser = {'email': 'kudrjashovradislav@example.com', 'name': 'Светлана Станиславовна Ермакова', 'phone': '+380637155653'}\ncode = 8889\n\n    @allure.step(\"Registration new user with wrong code AWDEV-T506\")\n    @pytest.mark.parametrize(\"user, code\",\n                             [(RegistrationUserUi.new_user_name_phone_email, DEFAULT_CODE_AUTHORIZATION)], ids=str)\n    def test_registration_user_with_wrong_code_awdev_t506(self, user, code):\n        self.registration_page.open_registration_form()\n        self.registration_page.fill_registration_form(user=user)\n>       self.registration_page.confirm_registration_form(code=code, correct=False)\n\ntests/ui/test_registration_new_user.py:41: \n_ _ _ _ _ _ _ _ _ _ _ _ _ _ _ _ _ _ _ _ _ _ _ _ _ _ _ _ _ _ _ _ _ _ _ _ _ _ _ _ \nsrc/pages/registration_page.py:44: in confirm_registration_form\n    self.fill_field_with_click(self.CODE_FIELD, code)\nsrc/base_classes/base_page.py:46: in fill_field_with_click\n    self.wait.until(EC.element_to_be_clickable(field_name)).click()\n_ _ _ _ _ _ _ _ _ _ _ _ _ _ _ _ _ _ _ _ _ _ _ _ _ _ _ _ _ _ _ _ _ _ _ _ _ _ _ _ \n\nself = <selenium.webdriver.support.wait.WebDriverWait (session=\"ced539661919192638343712e4684c2c\")>\nmethod = <function element_to_be_clickable.<locals>._predicate at 0x7f4e5cfdf880>\nmessage = ''\n\n    def until(self, method: Callable[[D], Union[Literal[False], T]], message: str = \"\") -> T:\n        \"\"\"Calls the method provided with the driver as an argument until the \\\n        return value does not evaluate to ``False``.\n    \n        :param method: callable(WebDriver)\n        :param message: optional message for :exc:`TimeoutException`\n        :returns: the result of the last call to `method`\n        :raises: :exc:`selenium.common.exceptions.TimeoutException` if timeout occurs\n        \"\"\"\n        screen = None\n        stacktrace = None\n    \n        end_time = time.monotonic() + self._timeout\n        while True:\n            try:\n                value = method(self._driver)\n                if value:\n                    return value\n            except self._ignored_exceptions as exc:\n                screen = getattr(exc, \"screen\", None)\n                stacktrace = getattr(exc, \"stacktrace\", None)\n            time.sleep(self._poll)\n            if time.monotonic() > end_time:\n                break\n>       raise TimeoutException(message, screen, stacktrace)\nE       selenium.common.exceptions.TimeoutException: Message: \nE       Stacktrace:\nE       #0 0x560fef1108ae <unknown>\nE       #1 0x560feec45c40 <unknown>\nE       #2 0x560feec91e12 <unknown>\nE       #3 0x560feec92011 <unknown>\nE       #4 0x560feecdbbc4 <unknown>\nE       #5 0x560feecb9efd <unknown>\nE       #6 0x560feecd96d2 <unknown>\nE       #7 0x560feecb9c73 <unknown>\nE       #8 0x560feec856e8 <unknown>\nE       #9 0x560feec8669e <unknown>\nE       #10 0x560fef0e3c66 <unknown>\nE       #11 0x560fef0e6f97 <unknown>\nE       #12 0x560fef0e6a58 <unknown>\nE       #13 0x560fef0e7425 <unknown>\nE       #14 0x560fef0d4b6e <unknown>\nE       #15 0x560fef0e776f <unknown>\nE       #16 0x560fef0be625 <unknown>\nE       #17 0x560fef0ffd55 <unknown>\nE       #18 0x560fef0fff36 <unknown>\nE       #19 0x560fef10f6e5 <unknown>\nE       #20 0x7f93f4a06144 <unknown>\n\n../local/lib/python3.10/site-packages/selenium/webdriver/support/wait.py:105: TimeoutException",
  "flaky" : false,
  "newFailed" : false,
  "beforeStages" : [ {
    "name" : "_session_faker",
    "time" : {
      "start" : 1729942174523,
      "stop" : 1729942174593,
      "duration" : 70
    },
    "status" : "passed",
    "steps" : [ ],
    "attachments" : [ ],
    "parameters" : [ ],
    "stepsCount" : 0,
    "attachmentsCount" : 0,
    "shouldDisplayMessage" : false,
    "hasContent" : false
  }, {
    "name" : "set_env_settings",
    "time" : {
      "start" : 1729942174593,
      "stop" : 1729942174594,
      "duration" : 1
    },
    "status" : "passed",
    "steps" : [ ],
    "attachments" : [ ],
    "parameters" : [ ],
    "stepsCount" : 0,
    "attachmentsCount" : 0,
    "shouldDisplayMessage" : false,
    "hasContent" : false
  }, {
    "name" : "set_driver",
    "time" : {
      "start" : 1729942213498,
      "stop" : 1729942213960,
      "duration" : 462
    },
    "status" : "passed",
    "steps" : [ ],
    "attachments" : [ ],
    "parameters" : [ ],
    "stepsCount" : 0,
    "attachmentsCount" : 0,
    "shouldDisplayMessage" : false,
    "hasContent" : false
  }, {
    "name" : "pytestconfig",
    "time" : {
      "start" : 1729942174593,
      "stop" : 1729942174593,
      "duration" : 0
    },
    "status" : "passed",
    "steps" : [ ],
    "attachments" : [ ],
    "parameters" : [ ],
    "stepsCount" : 0,
    "attachmentsCount" : 0,
    "shouldDisplayMessage" : false,
    "hasContent" : false
  }, {
    "name" : "setup",
    "time" : {
      "start" : 1729942213960,
      "stop" : 1729942213960,
      "duration" : 0
    },
    "status" : "passed",
    "steps" : [ ],
    "attachments" : [ ],
    "parameters" : [ ],
    "stepsCount" : 0,
    "attachmentsCount" : 0,
    "shouldDisplayMessage" : false,
    "hasContent" : false
  } ],
  "testStage" : {
    "status" : "broken",
    "statusMessage" : "selenium.common.exceptions.TimeoutException: Message: \nStacktrace:\n#0 0x560fef1108ae <unknown>\n#1 0x560feec45c40 <unknown>\n#2 0x560feec91e12 <unknown>\n#3 0x560feec92011 <unknown>\n#4 0x560feecdbbc4 <unknown>\n#5 0x560feecb9efd <unknown>\n#6 0x560feecd96d2 <unknown>\n#7 0x560feecb9c73 <unknown>\n#8 0x560feec856e8 <unknown>\n#9 0x560feec8669e <unknown>\n#10 0x560fef0e3c66 <unknown>\n#11 0x560fef0e6f97 <unknown>\n#12 0x560fef0e6a58 <unknown>\n#13 0x560fef0e7425 <unknown>\n#14 0x560fef0d4b6e <unknown>\n#15 0x560fef0e776f <unknown>\n#16 0x560fef0be625 <unknown>\n#17 0x560fef0ffd55 <unknown>\n#18 0x560fef0fff36 <unknown>\n#19 0x560fef10f6e5 <unknown>\n#20 0x7f93f4a06144 <unknown>",
    "statusTrace" : "self = <tests.ui.test_registration_new_user.TestRegistrationUser object at 0x7f4e5ca0f580>\nuser = {'email': 'kudrjashovradislav@example.com', 'name': 'Светлана Станиславовна Ермакова', 'phone': '+380637155653'}\ncode = 8889\n\n    @allure.step(\"Registration new user with wrong code AWDEV-T506\")\n    @pytest.mark.parametrize(\"user, code\",\n                             [(RegistrationUserUi.new_user_name_phone_email, DEFAULT_CODE_AUTHORIZATION)], ids=str)\n    def test_registration_user_with_wrong_code_awdev_t506(self, user, code):\n        self.registration_page.open_registration_form()\n        self.registration_page.fill_registration_form(user=user)\n>       self.registration_page.confirm_registration_form(code=code, correct=False)\n\ntests/ui/test_registration_new_user.py:41: \n_ _ _ _ _ _ _ _ _ _ _ _ _ _ _ _ _ _ _ _ _ _ _ _ _ _ _ _ _ _ _ _ _ _ _ _ _ _ _ _ \nsrc/pages/registration_page.py:44: in confirm_registration_form\n    self.fill_field_with_click(self.CODE_FIELD, code)\nsrc/base_classes/base_page.py:46: in fill_field_with_click\n    self.wait.until(EC.element_to_be_clickable(field_name)).click()\n_ _ _ _ _ _ _ _ _ _ _ _ _ _ _ _ _ _ _ _ _ _ _ _ _ _ _ _ _ _ _ _ _ _ _ _ _ _ _ _ \n\nself = <selenium.webdriver.support.wait.WebDriverWait (session=\"ced539661919192638343712e4684c2c\")>\nmethod = <function element_to_be_clickable.<locals>._predicate at 0x7f4e5cfdf880>\nmessage = ''\n\n    def until(self, method: Callable[[D], Union[Literal[False], T]], message: str = \"\") -> T:\n        \"\"\"Calls the method provided with the driver as an argument until the \\\n        return value does not evaluate to ``False``.\n    \n        :param method: callable(WebDriver)\n        :param message: optional message for :exc:`TimeoutException`\n        :returns: the result of the last call to `method`\n        :raises: :exc:`selenium.common.exceptions.TimeoutException` if timeout occurs\n        \"\"\"\n        screen = None\n        stacktrace = None\n    \n        end_time = time.monotonic() + self._timeout\n        while True:\n            try:\n                value = method(self._driver)\n                if value:\n                    return value\n            except self._ignored_exceptions as exc:\n                screen = getattr(exc, \"screen\", None)\n                stacktrace = getattr(exc, \"stacktrace\", None)\n            time.sleep(self._poll)\n            if time.monotonic() > end_time:\n                break\n>       raise TimeoutException(message, screen, stacktrace)\nE       selenium.common.exceptions.TimeoutException: Message: \nE       Stacktrace:\nE       #0 0x560fef1108ae <unknown>\nE       #1 0x560feec45c40 <unknown>\nE       #2 0x560feec91e12 <unknown>\nE       #3 0x560feec92011 <unknown>\nE       #4 0x560feecdbbc4 <unknown>\nE       #5 0x560feecb9efd <unknown>\nE       #6 0x560feecd96d2 <unknown>\nE       #7 0x560feecb9c73 <unknown>\nE       #8 0x560feec856e8 <unknown>\nE       #9 0x560feec8669e <unknown>\nE       #10 0x560fef0e3c66 <unknown>\nE       #11 0x560fef0e6f97 <unknown>\nE       #12 0x560fef0e6a58 <unknown>\nE       #13 0x560fef0e7425 <unknown>\nE       #14 0x560fef0d4b6e <unknown>\nE       #15 0x560fef0e776f <unknown>\nE       #16 0x560fef0be625 <unknown>\nE       #17 0x560fef0ffd55 <unknown>\nE       #18 0x560fef0fff36 <unknown>\nE       #19 0x560fef10f6e5 <unknown>\nE       #20 0x7f93f4a06144 <unknown>\n\n../local/lib/python3.10/site-packages/selenium/webdriver/support/wait.py:105: TimeoutException",
    "steps" : [ {
      "name" : "Registration new user with wrong code AWDEV-T506",
      "time" : {
        "start" : 1729942213961,
        "stop" : 1729942239758,
        "duration" : 25797
      },
      "status" : "broken",
      "statusMessage" : "selenium.common.exceptions.TimeoutException: Message: \nStacktrace:\n#0 0x560fef1108ae <unknown>\n#1 0x560feec45c40 <unknown>\n#2 0x560feec91e12 <unknown>\n#3 0x560feec92011 <unknown>\n#4 0x560feecdbbc4 <unknown>\n#5 0x560feecb9efd <unknown>\n#6 0x560feecd96d2 <unknown>\n#7 0x560feecb9c73 <unknown>\n#8 0x560feec856e8 <unknown>\n#9 0x560feec8669e <unknown>\n#10 0x560fef0e3c66 <unknown>\n#11 0x560fef0e6f97 <unknown>\n#12 0x560fef0e6a58 <unknown>\n#13 0x560fef0e7425 <unknown>\n#14 0x560fef0d4b6e <unknown>\n#15 0x560fef0e776f <unknown>\n#16 0x560fef0be625 <unknown>\n#17 0x560fef0ffd55 <unknown>\n#18 0x560fef0fff36 <unknown>\n#19 0x560fef10f6e5 <unknown>\n#20 0x7f93f4a06144 <unknown>\n\n",
      "statusTrace" : "  File \"/usr/local/lib/python3.10/site-packages/allure_commons/_allure.py\", line 192, in impl\n    return func(*a, **kw)\n  File \"/usr/workspace/tests/ui/test_registration_new_user.py\", line 41, in test_registration_user_with_wrong_code_awdev_t506\n    self.registration_page.confirm_registration_form(code=code, correct=False)\n  File \"/usr/workspace/src/pages/registration_page.py\", line 44, in confirm_registration_form\n    self.fill_field_with_click(self.CODE_FIELD, code)\n  File \"/usr/workspace/src/base_classes/base_page.py\", line 46, in fill_field_with_click\n    self.wait.until(EC.element_to_be_clickable(field_name)).click()\n  File \"/usr/local/lib/python3.10/site-packages/selenium/webdriver/support/wait.py\", line 105, in until\n    raise TimeoutException(message, screen, stacktrace)\n",
      "steps" : [ {
        "name" : "Open 'https://m2-live-dev-001.antoshka.ua/uk/' page",
        "time" : {
          "start" : 1729942213961,
          "stop" : 1729942217897,
          "duration" : 3936
        },
        "status" : "passed",
        "steps" : [ ],
        "attachments" : [ ],
        "parameters" : [ ],
        "stepsCount" : 0,
        "attachmentsCount" : 0,
        "shouldDisplayMessage" : false,
        "hasContent" : false
      }, {
        "name" : "Page 'https://m2-live-dev-001.antoshka.ua/uk/' is opened",
        "time" : {
          "start" : 1729942217897,
          "stop" : 1729942217901,
          "duration" : 4
        },
        "status" : "passed",
        "steps" : [ ],
        "attachments" : [ ],
        "parameters" : [ ],
        "stepsCount" : 0,
        "attachmentsCount" : 0,
        "shouldDisplayMessage" : false,
        "hasContent" : false
      }, {
        "name" : "Click ('xpath', \"//*[@id='login-enter']\")",
        "time" : {
          "start" : 1729942217901,
          "stop" : 1729942217973,
          "duration" : 72
        },
        "status" : "passed",
        "steps" : [ ],
        "attachments" : [ ],
        "parameters" : [ ],
        "stepsCount" : 0,
        "attachmentsCount" : 0,
        "shouldDisplayMessage" : false,
        "hasContent" : false
      }, {
        "name" : "Click ('xpath', '//form[1]//a')",
        "time" : {
          "start" : 1729942217973,
          "stop" : 1729942219042,
          "duration" : 1069
        },
        "status" : "passed",
        "steps" : [ ],
        "attachments" : [ ],
        "parameters" : [ ],
        "stepsCount" : 0,
        "attachmentsCount" : 0,
        "shouldDisplayMessage" : false,
        "hasContent" : false
      }, {
        "name" : "Fill '('xpath', \"//input[@data-validation='name']\")' with data 'С'",
        "time" : {
          "start" : 1729942219042,
          "stop" : 1729942219163,
          "duration" : 121
        },
        "status" : "passed",
        "steps" : [ ],
        "attachments" : [ ],
        "parameters" : [ ],
        "stepsCount" : 0,
        "attachmentsCount" : 0,
        "shouldDisplayMessage" : false,
        "hasContent" : false
      }, {
        "name" : "Fill '('xpath', \"//*[@id='telephone']\")' with data '637155653'",
        "time" : {
          "start" : 1729942219163,
          "stop" : 1729942219303,
          "duration" : 140
        },
        "status" : "passed",
        "steps" : [ ],
        "attachments" : [ ],
        "parameters" : [ ],
        "stepsCount" : 0,
        "attachmentsCount" : 0,
        "shouldDisplayMessage" : false,
        "hasContent" : false
      }, {
        "name" : "Fill '('xpath', \"//input[@data-validation='email']\")' with data 'kudrjashovradislav@example.com'",
        "time" : {
          "start" : 1729942219303,
          "stop" : 1729942219459,
          "duration" : 156
        },
        "status" : "passed",
        "steps" : [ ],
        "attachments" : [ ],
        "parameters" : [ ],
        "stepsCount" : 0,
        "attachmentsCount" : 0,
        "shouldDisplayMessage" : false,
        "hasContent" : false
      }, {
        "name" : "Click ('xpath', \"//button[@class='auth_next']\")",
        "time" : {
          "start" : 1729942219459,
          "stop" : 1729942219511,
          "duration" : 52
        },
        "status" : "passed",
        "steps" : [ ],
        "attachments" : [ ],
        "parameters" : [ ],
        "stepsCount" : 0,
        "attachmentsCount" : 0,
        "shouldDisplayMessage" : false,
        "hasContent" : false
      }, {
        "name" : "Fill '('xpath', \"//input[@id='code-auth']\")' with data '8889'",
        "time" : {
          "start" : 1729942219512,
          "stop" : 1729942239758,
          "duration" : 20246
        },
        "status" : "broken",
        "statusMessage" : "selenium.common.exceptions.TimeoutException: Message: \nStacktrace:\n#0 0x560fef1108ae <unknown>\n#1 0x560feec45c40 <unknown>\n#2 0x560feec91e12 <unknown>\n#3 0x560feec92011 <unknown>\n#4 0x560feecdbbc4 <unknown>\n#5 0x560feecb9efd <unknown>\n#6 0x560feecd96d2 <unknown>\n#7 0x560feecb9c73 <unknown>\n#8 0x560feec856e8 <unknown>\n#9 0x560feec8669e <unknown>\n#10 0x560fef0e3c66 <unknown>\n#11 0x560fef0e6f97 <unknown>\n#12 0x560fef0e6a58 <unknown>\n#13 0x560fef0e7425 <unknown>\n#14 0x560fef0d4b6e <unknown>\n#15 0x560fef0e776f <unknown>\n#16 0x560fef0be625 <unknown>\n#17 0x560fef0ffd55 <unknown>\n#18 0x560fef0fff36 <unknown>\n#19 0x560fef10f6e5 <unknown>\n#20 0x7f93f4a06144 <unknown>\n\n",
        "statusTrace" : "  File \"/usr/workspace/src/base_classes/base_page.py\", line 46, in fill_field_with_click\n    self.wait.until(EC.element_to_be_clickable(field_name)).click()\n  File \"/usr/local/lib/python3.10/site-packages/selenium/webdriver/support/wait.py\", line 105, in until\n    raise TimeoutException(message, screen, stacktrace)\n",
        "steps" : [ ],
        "attachments" : [ ],
        "parameters" : [ ],
        "stepsCount" : 0,
        "attachmentsCount" : 0,
        "shouldDisplayMessage" : true,
        "hasContent" : true
      } ],
      "attachments" : [ ],
      "parameters" : [ {
        "name" : "user",
        "value" : "{'name': 'Светлана Станиславовна Ермакова', 'email': 'kudrjashovradislav@example.com', 'phone': '+380637155653'}"
      }, {
        "name" : "code",
        "value" : "8889"
      } ],
      "stepsCount" : 9,
      "attachmentsCount" : 0,
      "shouldDisplayMessage" : false,
      "hasContent" : true
    } ],
    "attachments" : [ {
      "uid" : "593fbdd4013e7957",
      "name" : "log",
      "source" : "593fbdd4013e7957.txt",
      "type" : "text/plain",
      "size" : 92
    } ],
    "parameters" : [ ],
    "stepsCount" : 10,
    "attachmentsCount" : 1,
    "shouldDisplayMessage" : true,
    "hasContent" : true
  },
  "afterStages" : [ {
    "name" : "set_driver::0",
    "time" : {
      "start" : 1729942239765,
      "stop" : 1729942239832,
      "duration" : 67
    },
    "status" : "passed",
    "steps" : [ ],
    "attachments" : [ ],
    "parameters" : [ ],
    "stepsCount" : 0,
    "attachmentsCount" : 0,
    "shouldDisplayMessage" : false,
    "hasContent" : false
  } ],
  "labels" : [ {
    "name" : "parentSuite",
    "value" : "tests.ui"
  }, {
    "name" : "suite",
    "value" : "test_registration_new_user"
  }, {
    "name" : "subSuite",
    "value" : "TestRegistrationUser"
  }, {
    "name" : "host",
    "value" : "c6a827e314ca"
  }, {
    "name" : "thread",
    "value" : "7-MainThread"
  }, {
    "name" : "framework",
    "value" : "pytest"
  }, {
    "name" : "language",
    "value" : "cpython3"
  }, {
    "name" : "package",
    "value" : "tests.ui.test_registration_new_user"
  }, {
    "name" : "resultFormat",
    "value" : "allure2"
  } ],
  "parameters" : [ {
    "name" : "code",
    "value" : "8889"
  }, {
    "name" : "user",
    "value" : "{'name': 'Светлана Станиславовна Ермакова', 'email': 'kudrjashovradislav@example.com', 'phone': '+380637155653'}"
  } ],
  "links" : [ ],
  "hidden" : false,
  "retry" : false,
  "extra" : {
    "severity" : "normal",
    "retries" : [ ],
    "categories" : [ {
      "name" : "Test defects",
      "matchedStatuses" : [ ],
      "flaky" : false
    } ],
    "tags" : [ ]
  },
  "source" : "82027baaac232904.json",
  "parameterValues" : [ "8889", "{'name': 'Светлана Станиславовна Ермакова', 'email': 'kudrjashovradislav@example.com', 'phone': '+380637155653'}" ]
}