{
  "uid" : "8662036372d83309",
  "name" : "test_registration_new_user_awdev_t506[{'name': '\\u041b\\u044e\\u0434\\u043c\\u0438\\u043b\\u0430 \\u0411\\u043e\\u043b\\u0435\\u0441\\u043b\\u0430\\u0432\\u043e\\u0432\\u043d\\u0430 \\u041c\\u0438\\u0445\\u0435\\u0435\\u0432\\u0430', 'email': 'alla1979@example.org', 'phone': '+380631092423'}-1111]",
  "fullName" : "tests.ui.test_registration_new_user.TestRegistrationUser#test_registration_new_user_awdev_t506",
  "historyId" : "f80c623da255e178bc3e68f5a8f75aac",
  "time" : {
    "start" : 1729944487024,
    "stop" : 1729944512335,
    "duration" : 25311
  },
  "status" : "broken",
  "statusMessage" : "selenium.common.exceptions.TimeoutException: Message: \nStacktrace:\n#0 0x5642c45c18ae <unknown>\n#1 0x5642c40f6c40 <unknown>\n#2 0x5642c4142e12 <unknown>\n#3 0x5642c4143011 <unknown>\n#4 0x5642c418cbc4 <unknown>\n#5 0x5642c416aefd <unknown>\n#6 0x5642c418a6d2 <unknown>\n#7 0x5642c416ac73 <unknown>\n#8 0x5642c41366e8 <unknown>\n#9 0x5642c413769e <unknown>\n#10 0x5642c4594c66 <unknown>\n#11 0x5642c4597f97 <unknown>\n#12 0x5642c4597a58 <unknown>\n#13 0x5642c4598425 <unknown>\n#14 0x5642c4585b6e <unknown>\n#15 0x5642c459876f <unknown>\n#16 0x5642c456f625 <unknown>\n#17 0x5642c45b0d55 <unknown>\n#18 0x5642c45b0f36 <unknown>\n#19 0x5642c45c06e5 <unknown>\n#20 0x7f8b407b3144 <unknown>",
  "statusTrace" : "self = <tests.ui.test_registration_new_user.TestRegistrationUser object at 0x7fbe95e1d780>\nuser = {'email': 'alla1979@example.org', 'name': 'Людмила Болеславовна Михеева', 'phone': '+380631092423'}\ncode = 1111\n\n    @allure.step(\"Registration new user AWDEV-T506\")\n    @pytest.mark.parametrize(\"user, code\", [\n        (RegistrationUserUi.user_name_phone_email, DEFAULT_CODE_REGISTRATION)], ids=str)\n    def test_registration_new_user_awdev_t506(self, user, code):\n        self.registration_page.open_registration_form()\n        self.registration_page.fill_registration_form(user=user)\n>       self.registration_page.confirm_registration_form(code=code)\n\ntests/ui/test_registration_new_user.py:16: \n_ _ _ _ _ _ _ _ _ _ _ _ _ _ _ _ _ _ _ _ _ _ _ _ _ _ _ _ _ _ _ _ _ _ _ _ _ _ _ _ \nsrc/pages/registration_page.py:44: in confirm_registration_form\n    self.fill_field_with_click(self.CODE_FIELD, code)\nsrc/base_classes/base_page.py:46: in fill_field_with_click\n    self.wait.until(EC.element_to_be_clickable(field_name)).click()\n_ _ _ _ _ _ _ _ _ _ _ _ _ _ _ _ _ _ _ _ _ _ _ _ _ _ _ _ _ _ _ _ _ _ _ _ _ _ _ _ \n\nself = <selenium.webdriver.support.wait.WebDriverWait (session=\"42640ff40d9215ced5f220395ddaa834\")>\nmethod = <function element_to_be_clickable.<locals>._predicate at 0x7fbe95f4bbe0>\nmessage = ''\n\n    def until(self, method: Callable[[D], Union[Literal[False], T]], message: str = \"\") -> T:\n        \"\"\"Calls the method provided with the driver as an argument until the \\\n        return value does not evaluate to ``False``.\n    \n        :param method: callable(WebDriver)\n        :param message: optional message for :exc:`TimeoutException`\n        :returns: the result of the last call to `method`\n        :raises: :exc:`selenium.common.exceptions.TimeoutException` if timeout occurs\n        \"\"\"\n        screen = None\n        stacktrace = None\n    \n        end_time = time.monotonic() + self._timeout\n        while True:\n            try:\n                value = method(self._driver)\n                if value:\n                    return value\n            except self._ignored_exceptions as exc:\n                screen = getattr(exc, \"screen\", None)\n                stacktrace = getattr(exc, \"stacktrace\", None)\n            time.sleep(self._poll)\n            if time.monotonic() > end_time:\n                break\n>       raise TimeoutException(message, screen, stacktrace)\nE       selenium.common.exceptions.TimeoutException: Message: \nE       Stacktrace:\nE       #0 0x5642c45c18ae <unknown>\nE       #1 0x5642c40f6c40 <unknown>\nE       #2 0x5642c4142e12 <unknown>\nE       #3 0x5642c4143011 <unknown>\nE       #4 0x5642c418cbc4 <unknown>\nE       #5 0x5642c416aefd <unknown>\nE       #6 0x5642c418a6d2 <unknown>\nE       #7 0x5642c416ac73 <unknown>\nE       #8 0x5642c41366e8 <unknown>\nE       #9 0x5642c413769e <unknown>\nE       #10 0x5642c4594c66 <unknown>\nE       #11 0x5642c4597f97 <unknown>\nE       #12 0x5642c4597a58 <unknown>\nE       #13 0x5642c4598425 <unknown>\nE       #14 0x5642c4585b6e <unknown>\nE       #15 0x5642c459876f <unknown>\nE       #16 0x5642c456f625 <unknown>\nE       #17 0x5642c45b0d55 <unknown>\nE       #18 0x5642c45b0f36 <unknown>\nE       #19 0x5642c45c06e5 <unknown>\nE       #20 0x7f8b407b3144 <unknown>\n\n../local/lib/python3.10/site-packages/selenium/webdriver/support/wait.py:105: TimeoutException",
  "flaky" : false,
  "newFailed" : false,
  "beforeStages" : [ {
    "name" : "set_env_settings",
    "time" : {
      "start" : 1729944486486,
      "stop" : 1729944486487,
      "duration" : 1
    },
    "status" : "passed",
    "steps" : [ ],
    "attachments" : [ ],
    "parameters" : [ ],
    "stepsCount" : 0,
    "attachmentsCount" : 0,
    "shouldDisplayMessage" : false,
    "hasContent" : false
  }, {
    "name" : "pytestconfig",
    "time" : {
      "start" : 1729944486486,
      "stop" : 1729944486486,
      "duration" : 0
    },
    "status" : "passed",
    "steps" : [ ],
    "attachments" : [ ],
    "parameters" : [ ],
    "stepsCount" : 0,
    "attachmentsCount" : 0,
    "shouldDisplayMessage" : false,
    "hasContent" : false
  }, {
    "name" : "_session_faker",
    "time" : {
      "start" : 1729944486415,
      "stop" : 1729944486485,
      "duration" : 70
    },
    "status" : "passed",
    "steps" : [ ],
    "attachments" : [ ],
    "parameters" : [ ],
    "stepsCount" : 0,
    "attachmentsCount" : 0,
    "shouldDisplayMessage" : false,
    "hasContent" : false
  }, {
    "name" : "setup",
    "time" : {
      "start" : 1729944487023,
      "stop" : 1729944487023,
      "duration" : 0
    },
    "status" : "passed",
    "steps" : [ ],
    "attachments" : [ ],
    "parameters" : [ ],
    "stepsCount" : 0,
    "attachmentsCount" : 0,
    "shouldDisplayMessage" : false,
    "hasContent" : false
  }, {
    "name" : "set_driver",
    "time" : {
      "start" : 1729944486487,
      "stop" : 1729944487022,
      "duration" : 535
    },
    "status" : "passed",
    "steps" : [ ],
    "attachments" : [ ],
    "parameters" : [ ],
    "stepsCount" : 0,
    "attachmentsCount" : 0,
    "shouldDisplayMessage" : false,
    "hasContent" : false
  } ],
  "testStage" : {
    "status" : "broken",
    "statusMessage" : "selenium.common.exceptions.TimeoutException: Message: \nStacktrace:\n#0 0x5642c45c18ae <unknown>\n#1 0x5642c40f6c40 <unknown>\n#2 0x5642c4142e12 <unknown>\n#3 0x5642c4143011 <unknown>\n#4 0x5642c418cbc4 <unknown>\n#5 0x5642c416aefd <unknown>\n#6 0x5642c418a6d2 <unknown>\n#7 0x5642c416ac73 <unknown>\n#8 0x5642c41366e8 <unknown>\n#9 0x5642c413769e <unknown>\n#10 0x5642c4594c66 <unknown>\n#11 0x5642c4597f97 <unknown>\n#12 0x5642c4597a58 <unknown>\n#13 0x5642c4598425 <unknown>\n#14 0x5642c4585b6e <unknown>\n#15 0x5642c459876f <unknown>\n#16 0x5642c456f625 <unknown>\n#17 0x5642c45b0d55 <unknown>\n#18 0x5642c45b0f36 <unknown>\n#19 0x5642c45c06e5 <unknown>\n#20 0x7f8b407b3144 <unknown>",
    "statusTrace" : "self = <tests.ui.test_registration_new_user.TestRegistrationUser object at 0x7fbe95e1d780>\nuser = {'email': 'alla1979@example.org', 'name': 'Людмила Болеславовна Михеева', 'phone': '+380631092423'}\ncode = 1111\n\n    @allure.step(\"Registration new user AWDEV-T506\")\n    @pytest.mark.parametrize(\"user, code\", [\n        (RegistrationUserUi.user_name_phone_email, DEFAULT_CODE_REGISTRATION)], ids=str)\n    def test_registration_new_user_awdev_t506(self, user, code):\n        self.registration_page.open_registration_form()\n        self.registration_page.fill_registration_form(user=user)\n>       self.registration_page.confirm_registration_form(code=code)\n\ntests/ui/test_registration_new_user.py:16: \n_ _ _ _ _ _ _ _ _ _ _ _ _ _ _ _ _ _ _ _ _ _ _ _ _ _ _ _ _ _ _ _ _ _ _ _ _ _ _ _ \nsrc/pages/registration_page.py:44: in confirm_registration_form\n    self.fill_field_with_click(self.CODE_FIELD, code)\nsrc/base_classes/base_page.py:46: in fill_field_with_click\n    self.wait.until(EC.element_to_be_clickable(field_name)).click()\n_ _ _ _ _ _ _ _ _ _ _ _ _ _ _ _ _ _ _ _ _ _ _ _ _ _ _ _ _ _ _ _ _ _ _ _ _ _ _ _ \n\nself = <selenium.webdriver.support.wait.WebDriverWait (session=\"42640ff40d9215ced5f220395ddaa834\")>\nmethod = <function element_to_be_clickable.<locals>._predicate at 0x7fbe95f4bbe0>\nmessage = ''\n\n    def until(self, method: Callable[[D], Union[Literal[False], T]], message: str = \"\") -> T:\n        \"\"\"Calls the method provided with the driver as an argument until the \\\n        return value does not evaluate to ``False``.\n    \n        :param method: callable(WebDriver)\n        :param message: optional message for :exc:`TimeoutException`\n        :returns: the result of the last call to `method`\n        :raises: :exc:`selenium.common.exceptions.TimeoutException` if timeout occurs\n        \"\"\"\n        screen = None\n        stacktrace = None\n    \n        end_time = time.monotonic() + self._timeout\n        while True:\n            try:\n                value = method(self._driver)\n                if value:\n                    return value\n            except self._ignored_exceptions as exc:\n                screen = getattr(exc, \"screen\", None)\n                stacktrace = getattr(exc, \"stacktrace\", None)\n            time.sleep(self._poll)\n            if time.monotonic() > end_time:\n                break\n>       raise TimeoutException(message, screen, stacktrace)\nE       selenium.common.exceptions.TimeoutException: Message: \nE       Stacktrace:\nE       #0 0x5642c45c18ae <unknown>\nE       #1 0x5642c40f6c40 <unknown>\nE       #2 0x5642c4142e12 <unknown>\nE       #3 0x5642c4143011 <unknown>\nE       #4 0x5642c418cbc4 <unknown>\nE       #5 0x5642c416aefd <unknown>\nE       #6 0x5642c418a6d2 <unknown>\nE       #7 0x5642c416ac73 <unknown>\nE       #8 0x5642c41366e8 <unknown>\nE       #9 0x5642c413769e <unknown>\nE       #10 0x5642c4594c66 <unknown>\nE       #11 0x5642c4597f97 <unknown>\nE       #12 0x5642c4597a58 <unknown>\nE       #13 0x5642c4598425 <unknown>\nE       #14 0x5642c4585b6e <unknown>\nE       #15 0x5642c459876f <unknown>\nE       #16 0x5642c456f625 <unknown>\nE       #17 0x5642c45b0d55 <unknown>\nE       #18 0x5642c45b0f36 <unknown>\nE       #19 0x5642c45c06e5 <unknown>\nE       #20 0x7f8b407b3144 <unknown>\n\n../local/lib/python3.10/site-packages/selenium/webdriver/support/wait.py:105: TimeoutException",
    "steps" : [ {
      "name" : "Registration new user AWDEV-T506",
      "time" : {
        "start" : 1729944487024,
        "stop" : 1729944512334,
        "duration" : 25310
      },
      "status" : "broken",
      "statusMessage" : "selenium.common.exceptions.TimeoutException: Message: \nStacktrace:\n#0 0x5642c45c18ae <unknown>\n#1 0x5642c40f6c40 <unknown>\n#2 0x5642c4142e12 <unknown>\n#3 0x5642c4143011 <unknown>\n#4 0x5642c418cbc4 <unknown>\n#5 0x5642c416aefd <unknown>\n#6 0x5642c418a6d2 <unknown>\n#7 0x5642c416ac73 <unknown>\n#8 0x5642c41366e8 <unknown>\n#9 0x5642c413769e <unknown>\n#10 0x5642c4594c66 <unknown>\n#11 0x5642c4597f97 <unknown>\n#12 0x5642c4597a58 <unknown>\n#13 0x5642c4598425 <unknown>\n#14 0x5642c4585b6e <unknown>\n#15 0x5642c459876f <unknown>\n#16 0x5642c456f625 <unknown>\n#17 0x5642c45b0d55 <unknown>\n#18 0x5642c45b0f36 <unknown>\n#19 0x5642c45c06e5 <unknown>\n#20 0x7f8b407b3144 <unknown>\n\n",
      "statusTrace" : "  File \"/usr/local/lib/python3.10/site-packages/allure_commons/_allure.py\", line 192, in impl\n    return func(*a, **kw)\n  File \"/usr/workspace/tests/ui/test_registration_new_user.py\", line 16, in test_registration_new_user_awdev_t506\n    self.registration_page.confirm_registration_form(code=code)\n  File \"/usr/workspace/src/pages/registration_page.py\", line 44, in confirm_registration_form\n    self.fill_field_with_click(self.CODE_FIELD, code)\n  File \"/usr/workspace/src/base_classes/base_page.py\", line 46, in fill_field_with_click\n    self.wait.until(EC.element_to_be_clickable(field_name)).click()\n  File \"/usr/local/lib/python3.10/site-packages/selenium/webdriver/support/wait.py\", line 105, in until\n    raise TimeoutException(message, screen, stacktrace)\n",
      "steps" : [ {
        "name" : "Open 'https://m2-live-dev-001.antoshka.ua/uk/' page",
        "time" : {
          "start" : 1729944487024,
          "stop" : 1729944490499,
          "duration" : 3475
        },
        "status" : "passed",
        "steps" : [ ],
        "attachments" : [ ],
        "parameters" : [ ],
        "stepsCount" : 0,
        "attachmentsCount" : 0,
        "shouldDisplayMessage" : false,
        "hasContent" : false
      }, {
        "name" : "Page 'https://m2-live-dev-001.antoshka.ua/uk/' is opened",
        "time" : {
          "start" : 1729944490499,
          "stop" : 1729944490504,
          "duration" : 5
        },
        "status" : "passed",
        "steps" : [ ],
        "attachments" : [ ],
        "parameters" : [ ],
        "stepsCount" : 0,
        "attachmentsCount" : 0,
        "shouldDisplayMessage" : false,
        "hasContent" : false
      }, {
        "name" : "Click ('xpath', \"//*[@id='login-enter']\")",
        "time" : {
          "start" : 1729944490504,
          "stop" : 1729944490566,
          "duration" : 62
        },
        "status" : "passed",
        "steps" : [ ],
        "attachments" : [ ],
        "parameters" : [ ],
        "stepsCount" : 0,
        "attachmentsCount" : 0,
        "shouldDisplayMessage" : false,
        "hasContent" : false
      }, {
        "name" : "Click ('xpath', '//form[1]//a')",
        "time" : {
          "start" : 1729944490567,
          "stop" : 1729944491640,
          "duration" : 1073
        },
        "status" : "passed",
        "steps" : [ ],
        "attachments" : [ ],
        "parameters" : [ ],
        "stepsCount" : 0,
        "attachmentsCount" : 0,
        "shouldDisplayMessage" : false,
        "hasContent" : false
      }, {
        "name" : "Fill '('xpath', \"//input[@data-validation='name']\")' with data 'Л'",
        "time" : {
          "start" : 1729944491640,
          "stop" : 1729944491757,
          "duration" : 117
        },
        "status" : "passed",
        "steps" : [ ],
        "attachments" : [ ],
        "parameters" : [ ],
        "stepsCount" : 0,
        "attachmentsCount" : 0,
        "shouldDisplayMessage" : false,
        "hasContent" : false
      }, {
        "name" : "Fill '('xpath', \"//*[@id='telephone']\")' with data '631092423'",
        "time" : {
          "start" : 1729944491757,
          "stop" : 1729944491895,
          "duration" : 138
        },
        "status" : "passed",
        "steps" : [ ],
        "attachments" : [ ],
        "parameters" : [ ],
        "stepsCount" : 0,
        "attachmentsCount" : 0,
        "shouldDisplayMessage" : false,
        "hasContent" : false
      }, {
        "name" : "Fill '('xpath', \"//input[@data-validation='email']\")' with data 'alla1979@example.org'",
        "time" : {
          "start" : 1729944491895,
          "stop" : 1729944492036,
          "duration" : 141
        },
        "status" : "passed",
        "steps" : [ ],
        "attachments" : [ ],
        "parameters" : [ ],
        "stepsCount" : 0,
        "attachmentsCount" : 0,
        "shouldDisplayMessage" : false,
        "hasContent" : false
      }, {
        "name" : "Click ('xpath', \"//button[@class='auth_next']\")",
        "time" : {
          "start" : 1729944492036,
          "stop" : 1729944492088,
          "duration" : 52
        },
        "status" : "passed",
        "steps" : [ ],
        "attachments" : [ ],
        "parameters" : [ ],
        "stepsCount" : 0,
        "attachmentsCount" : 0,
        "shouldDisplayMessage" : false,
        "hasContent" : false
      }, {
        "name" : "Fill '('xpath', \"//input[@id='code-auth']\")' with data '1111'",
        "time" : {
          "start" : 1729944492088,
          "stop" : 1729944512334,
          "duration" : 20246
        },
        "status" : "broken",
        "statusMessage" : "selenium.common.exceptions.TimeoutException: Message: \nStacktrace:\n#0 0x5642c45c18ae <unknown>\n#1 0x5642c40f6c40 <unknown>\n#2 0x5642c4142e12 <unknown>\n#3 0x5642c4143011 <unknown>\n#4 0x5642c418cbc4 <unknown>\n#5 0x5642c416aefd <unknown>\n#6 0x5642c418a6d2 <unknown>\n#7 0x5642c416ac73 <unknown>\n#8 0x5642c41366e8 <unknown>\n#9 0x5642c413769e <unknown>\n#10 0x5642c4594c66 <unknown>\n#11 0x5642c4597f97 <unknown>\n#12 0x5642c4597a58 <unknown>\n#13 0x5642c4598425 <unknown>\n#14 0x5642c4585b6e <unknown>\n#15 0x5642c459876f <unknown>\n#16 0x5642c456f625 <unknown>\n#17 0x5642c45b0d55 <unknown>\n#18 0x5642c45b0f36 <unknown>\n#19 0x5642c45c06e5 <unknown>\n#20 0x7f8b407b3144 <unknown>\n\n",
        "statusTrace" : "  File \"/usr/workspace/src/base_classes/base_page.py\", line 46, in fill_field_with_click\n    self.wait.until(EC.element_to_be_clickable(field_name)).click()\n  File \"/usr/local/lib/python3.10/site-packages/selenium/webdriver/support/wait.py\", line 105, in until\n    raise TimeoutException(message, screen, stacktrace)\n",
        "steps" : [ ],
        "attachments" : [ ],
        "parameters" : [ ],
        "stepsCount" : 0,
        "attachmentsCount" : 0,
        "shouldDisplayMessage" : true,
        "hasContent" : true
      } ],
      "attachments" : [ ],
      "parameters" : [ {
        "name" : "user",
        "value" : "{'name': 'Людмила Болеславовна Михеева', 'email': 'alla1979@example.org', 'phone': '+380631092423'}"
      }, {
        "name" : "code",
        "value" : "1111"
      } ],
      "stepsCount" : 9,
      "attachmentsCount" : 0,
      "shouldDisplayMessage" : false,
      "hasContent" : true
    } ],
    "attachments" : [ {
      "uid" : "e5624e9af62a43e9",
      "name" : "log",
      "source" : "e5624e9af62a43e9.txt",
      "type" : "text/plain",
      "size" : 92
    } ],
    "parameters" : [ ],
    "stepsCount" : 10,
    "attachmentsCount" : 1,
    "shouldDisplayMessage" : true,
    "hasContent" : true
  },
  "afterStages" : [ {
    "name" : "set_driver::0",
    "time" : {
      "start" : 1729944512377,
      "stop" : 1729944512445,
      "duration" : 68
    },
    "status" : "passed",
    "steps" : [ ],
    "attachments" : [ ],
    "parameters" : [ ],
    "stepsCount" : 0,
    "attachmentsCount" : 0,
    "shouldDisplayMessage" : false,
    "hasContent" : false
  } ],
  "labels" : [ {
    "name" : "parentSuite",
    "value" : "tests.ui"
  }, {
    "name" : "suite",
    "value" : "test_registration_new_user"
  }, {
    "name" : "subSuite",
    "value" : "TestRegistrationUser"
  }, {
    "name" : "host",
    "value" : "1450f5ec911e"
  }, {
    "name" : "thread",
    "value" : "7-MainThread"
  }, {
    "name" : "framework",
    "value" : "pytest"
  }, {
    "name" : "language",
    "value" : "cpython3"
  }, {
    "name" : "package",
    "value" : "tests.ui.test_registration_new_user"
  }, {
    "name" : "resultFormat",
    "value" : "allure2"
  } ],
  "parameters" : [ {
    "name" : "code",
    "value" : "1111"
  }, {
    "name" : "user",
    "value" : "{'name': 'Людмила Болеславовна Михеева', 'email': 'alla1979@example.org', 'phone': '+380631092423'}"
  } ],
  "links" : [ ],
  "hidden" : false,
  "retry" : false,
  "extra" : {
    "severity" : "normal",
    "retries" : [ ],
    "categories" : [ {
      "name" : "Test defects",
      "matchedStatuses" : [ ],
      "flaky" : false
    } ],
    "tags" : [ ]
  },
  "source" : "8662036372d83309.json",
  "parameterValues" : [ "1111", "{'name': 'Людмила Болеславовна Михеева', 'email': 'alla1979@example.org', 'phone': '+380631092423'}" ]
}