{
  "uid" : "910ba0520778dae8",
  "name" : "test_registration_user_with_wrong_code_awdev_t506[{'name': '\\u0421\\u0432\\u0435\\u0442\\u043b\\u0430\\u043d\\u0430 \\u0418\\u0433\\u043e\\u0440\\u0435\\u0432\\u043d\\u0430 \\u041a\\u0430\\u0440\\u043f\\u043e\\u0432\\u0430', 'email': 'timofeevlavr@example.org', 'phone': '+380633708773'}-8889]",
  "fullName" : "tests.ui.test_registration_new_user.TestRegistrationUser#test_registration_user_with_wrong_code_awdev_t506",
  "historyId" : "09a93fe82d9e5db42ab3f51c1c124be6",
  "time" : {
    "start" : 1729888818179,
    "stop" : 1729888843048,
    "duration" : 24869
  },
  "status" : "broken",
  "statusMessage" : "selenium.common.exceptions.TimeoutException: Message: \nStacktrace:\n#0 0x559ef99658ae <unknown>\n#1 0x559ef949ac40 <unknown>\n#2 0x559ef94e6e12 <unknown>\n#3 0x559ef94e7011 <unknown>\n#4 0x559ef9530bc4 <unknown>\n#5 0x559ef950eefd <unknown>\n#6 0x559ef952e6d2 <unknown>\n#7 0x559ef950ec73 <unknown>\n#8 0x559ef94da6e8 <unknown>\n#9 0x559ef94db69e <unknown>\n#10 0x559ef9938c66 <unknown>\n#11 0x559ef993bf97 <unknown>\n#12 0x559ef993ba58 <unknown>\n#13 0x559ef993c425 <unknown>\n#14 0x559ef9929b6e <unknown>\n#15 0x559ef993c76f <unknown>\n#16 0x559ef9913625 <unknown>\n#17 0x559ef9954d55 <unknown>\n#18 0x559ef9954f36 <unknown>\n#19 0x559ef99646e5 <unknown>\n#20 0x7f6248282144 <unknown>",
  "statusTrace" : "self = <tests.ui.test_registration_new_user.TestRegistrationUser object at 0x7f8b5db47580>\nuser = {'email': 'timofeevlavr@example.org', 'name': 'Светлана Игоревна Карпова', 'phone': '+380633708773'}\ncode = 8889\n\n    @allure.step(\"Registration new user with wrong code AWDEV-T506\")\n    @pytest.mark.parametrize(\"user, code\",\n                             [(RegistrationUserUi.new_user_name_phone_email, DEFAULT_CODE_AUTHORIZATION)], ids=str)\n    def test_registration_user_with_wrong_code_awdev_t506(self, user, code):\n        self.registration_page.open_registration_form()\n        self.registration_page.fill_registration_form(user=user)\n>       self.registration_page.confirm_registration_form(code=code, correct=False)\n\ntests/ui/test_registration_new_user.py:41: \n_ _ _ _ _ _ _ _ _ _ _ _ _ _ _ _ _ _ _ _ _ _ _ _ _ _ _ _ _ _ _ _ _ _ _ _ _ _ _ _ \nsrc/pages/registration_page.py:44: in confirm_registration_form\n    self.fill_field_with_click(self.CODE_FIELD, code)\nsrc/base_classes/base_page.py:46: in fill_field_with_click\n    self.wait.until(EC.element_to_be_clickable(field_name)).click()\n_ _ _ _ _ _ _ _ _ _ _ _ _ _ _ _ _ _ _ _ _ _ _ _ _ _ _ _ _ _ _ _ _ _ _ _ _ _ _ _ \n\nself = <selenium.webdriver.support.wait.WebDriverWait (session=\"b1e98b281fc8619c35f23893e5dd8f78\")>\nmethod = <function element_to_be_clickable.<locals>._predicate at 0x7f8b5e115120>\nmessage = ''\n\n    def until(self, method: Callable[[D], Union[Literal[False], T]], message: str = \"\") -> T:\n        \"\"\"Calls the method provided with the driver as an argument until the \\\n        return value does not evaluate to ``False``.\n    \n        :param method: callable(WebDriver)\n        :param message: optional message for :exc:`TimeoutException`\n        :returns: the result of the last call to `method`\n        :raises: :exc:`selenium.common.exceptions.TimeoutException` if timeout occurs\n        \"\"\"\n        screen = None\n        stacktrace = None\n    \n        end_time = time.monotonic() + self._timeout\n        while True:\n            try:\n                value = method(self._driver)\n                if value:\n                    return value\n            except self._ignored_exceptions as exc:\n                screen = getattr(exc, \"screen\", None)\n                stacktrace = getattr(exc, \"stacktrace\", None)\n            time.sleep(self._poll)\n            if time.monotonic() > end_time:\n                break\n>       raise TimeoutException(message, screen, stacktrace)\nE       selenium.common.exceptions.TimeoutException: Message: \nE       Stacktrace:\nE       #0 0x559ef99658ae <unknown>\nE       #1 0x559ef949ac40 <unknown>\nE       #2 0x559ef94e6e12 <unknown>\nE       #3 0x559ef94e7011 <unknown>\nE       #4 0x559ef9530bc4 <unknown>\nE       #5 0x559ef950eefd <unknown>\nE       #6 0x559ef952e6d2 <unknown>\nE       #7 0x559ef950ec73 <unknown>\nE       #8 0x559ef94da6e8 <unknown>\nE       #9 0x559ef94db69e <unknown>\nE       #10 0x559ef9938c66 <unknown>\nE       #11 0x559ef993bf97 <unknown>\nE       #12 0x559ef993ba58 <unknown>\nE       #13 0x559ef993c425 <unknown>\nE       #14 0x559ef9929b6e <unknown>\nE       #15 0x559ef993c76f <unknown>\nE       #16 0x559ef9913625 <unknown>\nE       #17 0x559ef9954d55 <unknown>\nE       #18 0x559ef9954f36 <unknown>\nE       #19 0x559ef99646e5 <unknown>\nE       #20 0x7f6248282144 <unknown>\n\n../local/lib/python3.10/site-packages/selenium/webdriver/support/wait.py:105: TimeoutException",
  "flaky" : false,
  "newFailed" : false,
  "beforeStages" : [ {
    "name" : "set_driver",
    "time" : {
      "start" : 1729888817721,
      "stop" : 1729888818177,
      "duration" : 456
    },
    "status" : "passed",
    "steps" : [ ],
    "attachments" : [ ],
    "parameters" : [ ],
    "stepsCount" : 0,
    "attachmentsCount" : 0,
    "shouldDisplayMessage" : false,
    "hasContent" : false
  }, {
    "name" : "pytestconfig",
    "time" : {
      "start" : 1729888781513,
      "stop" : 1729888781513,
      "duration" : 0
    },
    "status" : "passed",
    "steps" : [ ],
    "attachments" : [ ],
    "parameters" : [ ],
    "stepsCount" : 0,
    "attachmentsCount" : 0,
    "shouldDisplayMessage" : false,
    "hasContent" : false
  }, {
    "name" : "set_env_settings",
    "time" : {
      "start" : 1729888781513,
      "stop" : 1729888781514,
      "duration" : 1
    },
    "status" : "passed",
    "steps" : [ ],
    "attachments" : [ ],
    "parameters" : [ ],
    "stepsCount" : 0,
    "attachmentsCount" : 0,
    "shouldDisplayMessage" : false,
    "hasContent" : false
  }, {
    "name" : "setup",
    "time" : {
      "start" : 1729888818177,
      "stop" : 1729888818178,
      "duration" : 1
    },
    "status" : "passed",
    "steps" : [ ],
    "attachments" : [ ],
    "parameters" : [ ],
    "stepsCount" : 0,
    "attachmentsCount" : 0,
    "shouldDisplayMessage" : false,
    "hasContent" : false
  }, {
    "name" : "_session_faker",
    "time" : {
      "start" : 1729888781441,
      "stop" : 1729888781513,
      "duration" : 72
    },
    "status" : "passed",
    "steps" : [ ],
    "attachments" : [ ],
    "parameters" : [ ],
    "stepsCount" : 0,
    "attachmentsCount" : 0,
    "shouldDisplayMessage" : false,
    "hasContent" : false
  } ],
  "testStage" : {
    "status" : "broken",
    "statusMessage" : "selenium.common.exceptions.TimeoutException: Message: \nStacktrace:\n#0 0x559ef99658ae <unknown>\n#1 0x559ef949ac40 <unknown>\n#2 0x559ef94e6e12 <unknown>\n#3 0x559ef94e7011 <unknown>\n#4 0x559ef9530bc4 <unknown>\n#5 0x559ef950eefd <unknown>\n#6 0x559ef952e6d2 <unknown>\n#7 0x559ef950ec73 <unknown>\n#8 0x559ef94da6e8 <unknown>\n#9 0x559ef94db69e <unknown>\n#10 0x559ef9938c66 <unknown>\n#11 0x559ef993bf97 <unknown>\n#12 0x559ef993ba58 <unknown>\n#13 0x559ef993c425 <unknown>\n#14 0x559ef9929b6e <unknown>\n#15 0x559ef993c76f <unknown>\n#16 0x559ef9913625 <unknown>\n#17 0x559ef9954d55 <unknown>\n#18 0x559ef9954f36 <unknown>\n#19 0x559ef99646e5 <unknown>\n#20 0x7f6248282144 <unknown>",
    "statusTrace" : "self = <tests.ui.test_registration_new_user.TestRegistrationUser object at 0x7f8b5db47580>\nuser = {'email': 'timofeevlavr@example.org', 'name': 'Светлана Игоревна Карпова', 'phone': '+380633708773'}\ncode = 8889\n\n    @allure.step(\"Registration new user with wrong code AWDEV-T506\")\n    @pytest.mark.parametrize(\"user, code\",\n                             [(RegistrationUserUi.new_user_name_phone_email, DEFAULT_CODE_AUTHORIZATION)], ids=str)\n    def test_registration_user_with_wrong_code_awdev_t506(self, user, code):\n        self.registration_page.open_registration_form()\n        self.registration_page.fill_registration_form(user=user)\n>       self.registration_page.confirm_registration_form(code=code, correct=False)\n\ntests/ui/test_registration_new_user.py:41: \n_ _ _ _ _ _ _ _ _ _ _ _ _ _ _ _ _ _ _ _ _ _ _ _ _ _ _ _ _ _ _ _ _ _ _ _ _ _ _ _ \nsrc/pages/registration_page.py:44: in confirm_registration_form\n    self.fill_field_with_click(self.CODE_FIELD, code)\nsrc/base_classes/base_page.py:46: in fill_field_with_click\n    self.wait.until(EC.element_to_be_clickable(field_name)).click()\n_ _ _ _ _ _ _ _ _ _ _ _ _ _ _ _ _ _ _ _ _ _ _ _ _ _ _ _ _ _ _ _ _ _ _ _ _ _ _ _ \n\nself = <selenium.webdriver.support.wait.WebDriverWait (session=\"b1e98b281fc8619c35f23893e5dd8f78\")>\nmethod = <function element_to_be_clickable.<locals>._predicate at 0x7f8b5e115120>\nmessage = ''\n\n    def until(self, method: Callable[[D], Union[Literal[False], T]], message: str = \"\") -> T:\n        \"\"\"Calls the method provided with the driver as an argument until the \\\n        return value does not evaluate to ``False``.\n    \n        :param method: callable(WebDriver)\n        :param message: optional message for :exc:`TimeoutException`\n        :returns: the result of the last call to `method`\n        :raises: :exc:`selenium.common.exceptions.TimeoutException` if timeout occurs\n        \"\"\"\n        screen = None\n        stacktrace = None\n    \n        end_time = time.monotonic() + self._timeout\n        while True:\n            try:\n                value = method(self._driver)\n                if value:\n                    return value\n            except self._ignored_exceptions as exc:\n                screen = getattr(exc, \"screen\", None)\n                stacktrace = getattr(exc, \"stacktrace\", None)\n            time.sleep(self._poll)\n            if time.monotonic() > end_time:\n                break\n>       raise TimeoutException(message, screen, stacktrace)\nE       selenium.common.exceptions.TimeoutException: Message: \nE       Stacktrace:\nE       #0 0x559ef99658ae <unknown>\nE       #1 0x559ef949ac40 <unknown>\nE       #2 0x559ef94e6e12 <unknown>\nE       #3 0x559ef94e7011 <unknown>\nE       #4 0x559ef9530bc4 <unknown>\nE       #5 0x559ef950eefd <unknown>\nE       #6 0x559ef952e6d2 <unknown>\nE       #7 0x559ef950ec73 <unknown>\nE       #8 0x559ef94da6e8 <unknown>\nE       #9 0x559ef94db69e <unknown>\nE       #10 0x559ef9938c66 <unknown>\nE       #11 0x559ef993bf97 <unknown>\nE       #12 0x559ef993ba58 <unknown>\nE       #13 0x559ef993c425 <unknown>\nE       #14 0x559ef9929b6e <unknown>\nE       #15 0x559ef993c76f <unknown>\nE       #16 0x559ef9913625 <unknown>\nE       #17 0x559ef9954d55 <unknown>\nE       #18 0x559ef9954f36 <unknown>\nE       #19 0x559ef99646e5 <unknown>\nE       #20 0x7f6248282144 <unknown>\n\n../local/lib/python3.10/site-packages/selenium/webdriver/support/wait.py:105: TimeoutException",
    "steps" : [ {
      "name" : "Registration new user with wrong code AWDEV-T506",
      "time" : {
        "start" : 1729888818179,
        "stop" : 1729888843047,
        "duration" : 24868
      },
      "status" : "broken",
      "statusMessage" : "selenium.common.exceptions.TimeoutException: Message: \nStacktrace:\n#0 0x559ef99658ae <unknown>\n#1 0x559ef949ac40 <unknown>\n#2 0x559ef94e6e12 <unknown>\n#3 0x559ef94e7011 <unknown>\n#4 0x559ef9530bc4 <unknown>\n#5 0x559ef950eefd <unknown>\n#6 0x559ef952e6d2 <unknown>\n#7 0x559ef950ec73 <unknown>\n#8 0x559ef94da6e8 <unknown>\n#9 0x559ef94db69e <unknown>\n#10 0x559ef9938c66 <unknown>\n#11 0x559ef993bf97 <unknown>\n#12 0x559ef993ba58 <unknown>\n#13 0x559ef993c425 <unknown>\n#14 0x559ef9929b6e <unknown>\n#15 0x559ef993c76f <unknown>\n#16 0x559ef9913625 <unknown>\n#17 0x559ef9954d55 <unknown>\n#18 0x559ef9954f36 <unknown>\n#19 0x559ef99646e5 <unknown>\n#20 0x7f6248282144 <unknown>\n\n",
      "statusTrace" : "  File \"/usr/local/lib/python3.10/site-packages/allure_commons/_allure.py\", line 192, in impl\n    return func(*a, **kw)\n  File \"/usr/workspace/tests/ui/test_registration_new_user.py\", line 41, in test_registration_user_with_wrong_code_awdev_t506\n    self.registration_page.confirm_registration_form(code=code, correct=False)\n  File \"/usr/workspace/src/pages/registration_page.py\", line 44, in confirm_registration_form\n    self.fill_field_with_click(self.CODE_FIELD, code)\n  File \"/usr/workspace/src/base_classes/base_page.py\", line 46, in fill_field_with_click\n    self.wait.until(EC.element_to_be_clickable(field_name)).click()\n  File \"/usr/local/lib/python3.10/site-packages/selenium/webdriver/support/wait.py\", line 105, in until\n    raise TimeoutException(message, screen, stacktrace)\n",
      "steps" : [ {
        "name" : "Open 'https://m2-live-qa-001.antoshka.ua/uk/' page",
        "time" : {
          "start" : 1729888818179,
          "stop" : 1729888821178,
          "duration" : 2999
        },
        "status" : "passed",
        "steps" : [ ],
        "attachments" : [ ],
        "parameters" : [ ],
        "stepsCount" : 0,
        "attachmentsCount" : 0,
        "shouldDisplayMessage" : false,
        "hasContent" : false
      }, {
        "name" : "Page 'https://m2-live-qa-001.antoshka.ua/uk/' is opened",
        "time" : {
          "start" : 1729888821178,
          "stop" : 1729888821183,
          "duration" : 5
        },
        "status" : "passed",
        "steps" : [ ],
        "attachments" : [ ],
        "parameters" : [ ],
        "stepsCount" : 0,
        "attachmentsCount" : 0,
        "shouldDisplayMessage" : false,
        "hasContent" : false
      }, {
        "name" : "Click ('xpath', \"//*[@id='login-enter']\")",
        "time" : {
          "start" : 1729888821183,
          "stop" : 1729888821247,
          "duration" : 64
        },
        "status" : "passed",
        "steps" : [ ],
        "attachments" : [ ],
        "parameters" : [ ],
        "stepsCount" : 0,
        "attachmentsCount" : 0,
        "shouldDisplayMessage" : false,
        "hasContent" : false
      }, {
        "name" : "Click ('xpath', '//form[1]//a')",
        "time" : {
          "start" : 1729888821247,
          "stop" : 1729888822322,
          "duration" : 1075
        },
        "status" : "passed",
        "steps" : [ ],
        "attachments" : [ ],
        "parameters" : [ ],
        "stepsCount" : 0,
        "attachmentsCount" : 0,
        "shouldDisplayMessage" : false,
        "hasContent" : false
      }, {
        "name" : "Fill '('xpath', \"//input[@data-validation='name']\")' with data 'С'",
        "time" : {
          "start" : 1729888822322,
          "stop" : 1729888822442,
          "duration" : 120
        },
        "status" : "passed",
        "steps" : [ ],
        "attachments" : [ ],
        "parameters" : [ ],
        "stepsCount" : 0,
        "attachmentsCount" : 0,
        "shouldDisplayMessage" : false,
        "hasContent" : false
      }, {
        "name" : "Fill '('xpath', \"//*[@id='telephone']\")' with data '633708773'",
        "time" : {
          "start" : 1729888822442,
          "stop" : 1729888822582,
          "duration" : 140
        },
        "status" : "passed",
        "steps" : [ ],
        "attachments" : [ ],
        "parameters" : [ ],
        "stepsCount" : 0,
        "attachmentsCount" : 0,
        "shouldDisplayMessage" : false,
        "hasContent" : false
      }, {
        "name" : "Fill '('xpath', \"//input[@data-validation='email']\")' with data 'timofeevlavr@example.org'",
        "time" : {
          "start" : 1729888822582,
          "stop" : 1729888822733,
          "duration" : 151
        },
        "status" : "passed",
        "steps" : [ ],
        "attachments" : [ ],
        "parameters" : [ ],
        "stepsCount" : 0,
        "attachmentsCount" : 0,
        "shouldDisplayMessage" : false,
        "hasContent" : false
      }, {
        "name" : "Click ('xpath', \"//button[@class='auth_next']\")",
        "time" : {
          "start" : 1729888822733,
          "stop" : 1729888822787,
          "duration" : 54
        },
        "status" : "passed",
        "steps" : [ ],
        "attachments" : [ ],
        "parameters" : [ ],
        "stepsCount" : 0,
        "attachmentsCount" : 0,
        "shouldDisplayMessage" : false,
        "hasContent" : false
      }, {
        "name" : "Fill '('xpath', \"//input[@id='code-auth']\")' with data '8889'",
        "time" : {
          "start" : 1729888822787,
          "stop" : 1729888843047,
          "duration" : 20260
        },
        "status" : "broken",
        "statusMessage" : "selenium.common.exceptions.TimeoutException: Message: \nStacktrace:\n#0 0x559ef99658ae <unknown>\n#1 0x559ef949ac40 <unknown>\n#2 0x559ef94e6e12 <unknown>\n#3 0x559ef94e7011 <unknown>\n#4 0x559ef9530bc4 <unknown>\n#5 0x559ef950eefd <unknown>\n#6 0x559ef952e6d2 <unknown>\n#7 0x559ef950ec73 <unknown>\n#8 0x559ef94da6e8 <unknown>\n#9 0x559ef94db69e <unknown>\n#10 0x559ef9938c66 <unknown>\n#11 0x559ef993bf97 <unknown>\n#12 0x559ef993ba58 <unknown>\n#13 0x559ef993c425 <unknown>\n#14 0x559ef9929b6e <unknown>\n#15 0x559ef993c76f <unknown>\n#16 0x559ef9913625 <unknown>\n#17 0x559ef9954d55 <unknown>\n#18 0x559ef9954f36 <unknown>\n#19 0x559ef99646e5 <unknown>\n#20 0x7f6248282144 <unknown>\n\n",
        "statusTrace" : "  File \"/usr/workspace/src/base_classes/base_page.py\", line 46, in fill_field_with_click\n    self.wait.until(EC.element_to_be_clickable(field_name)).click()\n  File \"/usr/local/lib/python3.10/site-packages/selenium/webdriver/support/wait.py\", line 105, in until\n    raise TimeoutException(message, screen, stacktrace)\n",
        "steps" : [ ],
        "attachments" : [ ],
        "parameters" : [ ],
        "stepsCount" : 0,
        "attachmentsCount" : 0,
        "shouldDisplayMessage" : true,
        "hasContent" : true
      } ],
      "attachments" : [ ],
      "parameters" : [ {
        "name" : "user",
        "value" : "{'name': 'Светлана Игоревна Карпова', 'email': 'timofeevlavr@example.org', 'phone': '+380633708773'}"
      }, {
        "name" : "code",
        "value" : "8889"
      } ],
      "stepsCount" : 9,
      "attachmentsCount" : 0,
      "shouldDisplayMessage" : false,
      "hasContent" : true
    } ],
    "attachments" : [ {
      "uid" : "a24bc09e23ea7348",
      "name" : "log",
      "source" : "a24bc09e23ea7348.txt",
      "type" : "text/plain",
      "size" : 92
    } ],
    "parameters" : [ ],
    "stepsCount" : 10,
    "attachmentsCount" : 1,
    "shouldDisplayMessage" : true,
    "hasContent" : true
  },
  "afterStages" : [ {
    "name" : "set_driver::0",
    "time" : {
      "start" : 1729888843055,
      "stop" : 1729888843124,
      "duration" : 69
    },
    "status" : "passed",
    "steps" : [ ],
    "attachments" : [ ],
    "parameters" : [ ],
    "stepsCount" : 0,
    "attachmentsCount" : 0,
    "shouldDisplayMessage" : false,
    "hasContent" : false
  } ],
  "labels" : [ {
    "name" : "parentSuite",
    "value" : "tests.ui"
  }, {
    "name" : "suite",
    "value" : "test_registration_new_user"
  }, {
    "name" : "subSuite",
    "value" : "TestRegistrationUser"
  }, {
    "name" : "host",
    "value" : "4af2c23ad03f"
  }, {
    "name" : "thread",
    "value" : "7-MainThread"
  }, {
    "name" : "framework",
    "value" : "pytest"
  }, {
    "name" : "language",
    "value" : "cpython3"
  }, {
    "name" : "package",
    "value" : "tests.ui.test_registration_new_user"
  }, {
    "name" : "resultFormat",
    "value" : "allure2"
  } ],
  "parameters" : [ {
    "name" : "code",
    "value" : "8889"
  }, {
    "name" : "user",
    "value" : "{'name': 'Светлана Игоревна Карпова', 'email': 'timofeevlavr@example.org', 'phone': '+380633708773'}"
  } ],
  "links" : [ ],
  "hidden" : false,
  "retry" : false,
  "extra" : {
    "severity" : "normal",
    "retries" : [ ],
    "categories" : [ {
      "name" : "Test defects",
      "matchedStatuses" : [ ],
      "flaky" : false
    } ],
    "tags" : [ ]
  },
  "source" : "910ba0520778dae8.json",
  "parameterValues" : [ "8889", "{'name': 'Светлана Игоревна Карпова', 'email': 'timofeevlavr@example.org', 'phone': '+380633708773'}" ]
}