{
  "uid" : "91761293b23a1b5b",
  "name" : "test_registration_new_user_awdev_t506[{'name': '\\u041f\\u0435\\u0441\\u0442\\u043e\\u0432\\u0430 \\u0421\\u0438\\u043d\\u043a\\u043b\\u0438\\u0442\\u0438\\u043a\\u0438\\u044f \\u0410\\u043d\\u0442\\u043e\\u043d\\u043e\\u0432\\u043d\\u0430', 'email': 'gurevaalla@example.org', 'phone': '+380635228529'}-1111]",
  "fullName" : "tests.ui.test_registration_new_user.TestRegistrationUser#test_registration_new_user_awdev_t506",
  "historyId" : "86b6c0d5ec5f9069e0a63053bbd1b841",
  "time" : {
    "start" : 1729889888656,
    "stop" : 1729889915201,
    "duration" : 26545
  },
  "status" : "broken",
  "statusMessage" : "selenium.common.exceptions.TimeoutException: Message: \nStacktrace:\n#0 0x5654ea86c8ae <unknown>\n#1 0x5654ea3a1c40 <unknown>\n#2 0x5654ea3ede12 <unknown>\n#3 0x5654ea3ee011 <unknown>\n#4 0x5654ea437bc4 <unknown>\n#5 0x5654ea415efd <unknown>\n#6 0x5654ea4356d2 <unknown>\n#7 0x5654ea415c73 <unknown>\n#8 0x5654ea3e16e8 <unknown>\n#9 0x5654ea3e269e <unknown>\n#10 0x5654ea83fc66 <unknown>\n#11 0x5654ea842f97 <unknown>\n#12 0x5654ea842a58 <unknown>\n#13 0x5654ea843425 <unknown>\n#14 0x5654ea830b6e <unknown>\n#15 0x5654ea84376f <unknown>\n#16 0x5654ea81a625 <unknown>\n#17 0x5654ea85bd55 <unknown>\n#18 0x5654ea85bf36 <unknown>\n#19 0x5654ea86b6e5 <unknown>\n#20 0x7f3ab4e33144 <unknown>",
  "statusTrace" : "self = <tests.ui.test_registration_new_user.TestRegistrationUser object at 0x7f30dd2db700>\nuser = {'email': 'gurevaalla@example.org', 'name': 'Пестова Синклитикия Антоновна', 'phone': '+380635228529'}\ncode = 1111\n\n    @allure.step(\"Registration new user AWDEV-T506\")\n    @pytest.mark.parametrize(\"user, code\", [\n        (RegistrationUserUi.user_name_phone_email, DEFAULT_CODE_REGISTRATION)], ids=str)\n    def test_registration_new_user_awdev_t506(self, user, code):\n        self.registration_page.open_registration_form()\n        self.registration_page.fill_registration_form(user=user)\n>       self.registration_page.confirm_registration_form(code=code)\n\ntests/ui/test_registration_new_user.py:16: \n_ _ _ _ _ _ _ _ _ _ _ _ _ _ _ _ _ _ _ _ _ _ _ _ _ _ _ _ _ _ _ _ _ _ _ _ _ _ _ _ \nsrc/pages/registration_page.py:44: in confirm_registration_form\n    self.fill_field_with_click(self.CODE_FIELD, code)\nsrc/base_classes/base_page.py:46: in fill_field_with_click\n    self.wait.until(EC.element_to_be_clickable(field_name)).click()\n_ _ _ _ _ _ _ _ _ _ _ _ _ _ _ _ _ _ _ _ _ _ _ _ _ _ _ _ _ _ _ _ _ _ _ _ _ _ _ _ \n\nself = <selenium.webdriver.support.wait.WebDriverWait (session=\"20ccd1ab60457a6d2650be176e84b583\")>\nmethod = <function element_to_be_clickable.<locals>._predicate at 0x7f30dd413be0>\nmessage = ''\n\n    def until(self, method: Callable[[D], Union[Literal[False], T]], message: str = \"\") -> T:\n        \"\"\"Calls the method provided with the driver as an argument until the \\\n        return value does not evaluate to ``False``.\n    \n        :param method: callable(WebDriver)\n        :param message: optional message for :exc:`TimeoutException`\n        :returns: the result of the last call to `method`\n        :raises: :exc:`selenium.common.exceptions.TimeoutException` if timeout occurs\n        \"\"\"\n        screen = None\n        stacktrace = None\n    \n        end_time = time.monotonic() + self._timeout\n        while True:\n            try:\n                value = method(self._driver)\n                if value:\n                    return value\n            except self._ignored_exceptions as exc:\n                screen = getattr(exc, \"screen\", None)\n                stacktrace = getattr(exc, \"stacktrace\", None)\n            time.sleep(self._poll)\n            if time.monotonic() > end_time:\n                break\n>       raise TimeoutException(message, screen, stacktrace)\nE       selenium.common.exceptions.TimeoutException: Message: \nE       Stacktrace:\nE       #0 0x5654ea86c8ae <unknown>\nE       #1 0x5654ea3a1c40 <unknown>\nE       #2 0x5654ea3ede12 <unknown>\nE       #3 0x5654ea3ee011 <unknown>\nE       #4 0x5654ea437bc4 <unknown>\nE       #5 0x5654ea415efd <unknown>\nE       #6 0x5654ea4356d2 <unknown>\nE       #7 0x5654ea415c73 <unknown>\nE       #8 0x5654ea3e16e8 <unknown>\nE       #9 0x5654ea3e269e <unknown>\nE       #10 0x5654ea83fc66 <unknown>\nE       #11 0x5654ea842f97 <unknown>\nE       #12 0x5654ea842a58 <unknown>\nE       #13 0x5654ea843425 <unknown>\nE       #14 0x5654ea830b6e <unknown>\nE       #15 0x5654ea84376f <unknown>\nE       #16 0x5654ea81a625 <unknown>\nE       #17 0x5654ea85bd55 <unknown>\nE       #18 0x5654ea85bf36 <unknown>\nE       #19 0x5654ea86b6e5 <unknown>\nE       #20 0x7f3ab4e33144 <unknown>\n\n../local/lib/python3.10/site-packages/selenium/webdriver/support/wait.py:105: TimeoutException",
  "flaky" : false,
  "newFailed" : false,
  "beforeStages" : [ {
    "name" : "set_env_settings",
    "time" : {
      "start" : 1729889888167,
      "stop" : 1729889888168,
      "duration" : 1
    },
    "status" : "passed",
    "steps" : [ ],
    "attachments" : [ ],
    "parameters" : [ ],
    "stepsCount" : 0,
    "attachmentsCount" : 0,
    "shouldDisplayMessage" : false,
    "hasContent" : false
  }, {
    "name" : "setup",
    "time" : {
      "start" : 1729889888655,
      "stop" : 1729889888655,
      "duration" : 0
    },
    "status" : "passed",
    "steps" : [ ],
    "attachments" : [ ],
    "parameters" : [ ],
    "stepsCount" : 0,
    "attachmentsCount" : 0,
    "shouldDisplayMessage" : false,
    "hasContent" : false
  }, {
    "name" : "set_driver",
    "time" : {
      "start" : 1729889888168,
      "stop" : 1729889888655,
      "duration" : 487
    },
    "status" : "passed",
    "steps" : [ ],
    "attachments" : [ ],
    "parameters" : [ ],
    "stepsCount" : 0,
    "attachmentsCount" : 0,
    "shouldDisplayMessage" : false,
    "hasContent" : false
  }, {
    "name" : "pytestconfig",
    "time" : {
      "start" : 1729889888167,
      "stop" : 1729889888167,
      "duration" : 0
    },
    "status" : "passed",
    "steps" : [ ],
    "attachments" : [ ],
    "parameters" : [ ],
    "stepsCount" : 0,
    "attachmentsCount" : 0,
    "shouldDisplayMessage" : false,
    "hasContent" : false
  }, {
    "name" : "_session_faker",
    "time" : {
      "start" : 1729889888094,
      "stop" : 1729889888167,
      "duration" : 73
    },
    "status" : "passed",
    "steps" : [ ],
    "attachments" : [ ],
    "parameters" : [ ],
    "stepsCount" : 0,
    "attachmentsCount" : 0,
    "shouldDisplayMessage" : false,
    "hasContent" : false
  } ],
  "testStage" : {
    "status" : "broken",
    "statusMessage" : "selenium.common.exceptions.TimeoutException: Message: \nStacktrace:\n#0 0x5654ea86c8ae <unknown>\n#1 0x5654ea3a1c40 <unknown>\n#2 0x5654ea3ede12 <unknown>\n#3 0x5654ea3ee011 <unknown>\n#4 0x5654ea437bc4 <unknown>\n#5 0x5654ea415efd <unknown>\n#6 0x5654ea4356d2 <unknown>\n#7 0x5654ea415c73 <unknown>\n#8 0x5654ea3e16e8 <unknown>\n#9 0x5654ea3e269e <unknown>\n#10 0x5654ea83fc66 <unknown>\n#11 0x5654ea842f97 <unknown>\n#12 0x5654ea842a58 <unknown>\n#13 0x5654ea843425 <unknown>\n#14 0x5654ea830b6e <unknown>\n#15 0x5654ea84376f <unknown>\n#16 0x5654ea81a625 <unknown>\n#17 0x5654ea85bd55 <unknown>\n#18 0x5654ea85bf36 <unknown>\n#19 0x5654ea86b6e5 <unknown>\n#20 0x7f3ab4e33144 <unknown>",
    "statusTrace" : "self = <tests.ui.test_registration_new_user.TestRegistrationUser object at 0x7f30dd2db700>\nuser = {'email': 'gurevaalla@example.org', 'name': 'Пестова Синклитикия Антоновна', 'phone': '+380635228529'}\ncode = 1111\n\n    @allure.step(\"Registration new user AWDEV-T506\")\n    @pytest.mark.parametrize(\"user, code\", [\n        (RegistrationUserUi.user_name_phone_email, DEFAULT_CODE_REGISTRATION)], ids=str)\n    def test_registration_new_user_awdev_t506(self, user, code):\n        self.registration_page.open_registration_form()\n        self.registration_page.fill_registration_form(user=user)\n>       self.registration_page.confirm_registration_form(code=code)\n\ntests/ui/test_registration_new_user.py:16: \n_ _ _ _ _ _ _ _ _ _ _ _ _ _ _ _ _ _ _ _ _ _ _ _ _ _ _ _ _ _ _ _ _ _ _ _ _ _ _ _ \nsrc/pages/registration_page.py:44: in confirm_registration_form\n    self.fill_field_with_click(self.CODE_FIELD, code)\nsrc/base_classes/base_page.py:46: in fill_field_with_click\n    self.wait.until(EC.element_to_be_clickable(field_name)).click()\n_ _ _ _ _ _ _ _ _ _ _ _ _ _ _ _ _ _ _ _ _ _ _ _ _ _ _ _ _ _ _ _ _ _ _ _ _ _ _ _ \n\nself = <selenium.webdriver.support.wait.WebDriverWait (session=\"20ccd1ab60457a6d2650be176e84b583\")>\nmethod = <function element_to_be_clickable.<locals>._predicate at 0x7f30dd413be0>\nmessage = ''\n\n    def until(self, method: Callable[[D], Union[Literal[False], T]], message: str = \"\") -> T:\n        \"\"\"Calls the method provided with the driver as an argument until the \\\n        return value does not evaluate to ``False``.\n    \n        :param method: callable(WebDriver)\n        :param message: optional message for :exc:`TimeoutException`\n        :returns: the result of the last call to `method`\n        :raises: :exc:`selenium.common.exceptions.TimeoutException` if timeout occurs\n        \"\"\"\n        screen = None\n        stacktrace = None\n    \n        end_time = time.monotonic() + self._timeout\n        while True:\n            try:\n                value = method(self._driver)\n                if value:\n                    return value\n            except self._ignored_exceptions as exc:\n                screen = getattr(exc, \"screen\", None)\n                stacktrace = getattr(exc, \"stacktrace\", None)\n            time.sleep(self._poll)\n            if time.monotonic() > end_time:\n                break\n>       raise TimeoutException(message, screen, stacktrace)\nE       selenium.common.exceptions.TimeoutException: Message: \nE       Stacktrace:\nE       #0 0x5654ea86c8ae <unknown>\nE       #1 0x5654ea3a1c40 <unknown>\nE       #2 0x5654ea3ede12 <unknown>\nE       #3 0x5654ea3ee011 <unknown>\nE       #4 0x5654ea437bc4 <unknown>\nE       #5 0x5654ea415efd <unknown>\nE       #6 0x5654ea4356d2 <unknown>\nE       #7 0x5654ea415c73 <unknown>\nE       #8 0x5654ea3e16e8 <unknown>\nE       #9 0x5654ea3e269e <unknown>\nE       #10 0x5654ea83fc66 <unknown>\nE       #11 0x5654ea842f97 <unknown>\nE       #12 0x5654ea842a58 <unknown>\nE       #13 0x5654ea843425 <unknown>\nE       #14 0x5654ea830b6e <unknown>\nE       #15 0x5654ea84376f <unknown>\nE       #16 0x5654ea81a625 <unknown>\nE       #17 0x5654ea85bd55 <unknown>\nE       #18 0x5654ea85bf36 <unknown>\nE       #19 0x5654ea86b6e5 <unknown>\nE       #20 0x7f3ab4e33144 <unknown>\n\n../local/lib/python3.10/site-packages/selenium/webdriver/support/wait.py:105: TimeoutException",
    "steps" : [ {
      "name" : "Registration new user AWDEV-T506",
      "time" : {
        "start" : 1729889888657,
        "stop" : 1729889915201,
        "duration" : 26544
      },
      "status" : "broken",
      "statusMessage" : "selenium.common.exceptions.TimeoutException: Message: \nStacktrace:\n#0 0x5654ea86c8ae <unknown>\n#1 0x5654ea3a1c40 <unknown>\n#2 0x5654ea3ede12 <unknown>\n#3 0x5654ea3ee011 <unknown>\n#4 0x5654ea437bc4 <unknown>\n#5 0x5654ea415efd <unknown>\n#6 0x5654ea4356d2 <unknown>\n#7 0x5654ea415c73 <unknown>\n#8 0x5654ea3e16e8 <unknown>\n#9 0x5654ea3e269e <unknown>\n#10 0x5654ea83fc66 <unknown>\n#11 0x5654ea842f97 <unknown>\n#12 0x5654ea842a58 <unknown>\n#13 0x5654ea843425 <unknown>\n#14 0x5654ea830b6e <unknown>\n#15 0x5654ea84376f <unknown>\n#16 0x5654ea81a625 <unknown>\n#17 0x5654ea85bd55 <unknown>\n#18 0x5654ea85bf36 <unknown>\n#19 0x5654ea86b6e5 <unknown>\n#20 0x7f3ab4e33144 <unknown>\n\n",
      "statusTrace" : "  File \"/usr/local/lib/python3.10/site-packages/allure_commons/_allure.py\", line 192, in impl\n    return func(*a, **kw)\n  File \"/usr/workspace/tests/ui/test_registration_new_user.py\", line 16, in test_registration_new_user_awdev_t506\n    self.registration_page.confirm_registration_form(code=code)\n  File \"/usr/workspace/src/pages/registration_page.py\", line 44, in confirm_registration_form\n    self.fill_field_with_click(self.CODE_FIELD, code)\n  File \"/usr/workspace/src/base_classes/base_page.py\", line 46, in fill_field_with_click\n    self.wait.until(EC.element_to_be_clickable(field_name)).click()\n  File \"/usr/local/lib/python3.10/site-packages/selenium/webdriver/support/wait.py\", line 105, in until\n    raise TimeoutException(message, screen, stacktrace)\n",
      "steps" : [ {
        "name" : "Open 'https://m2-live-qa-001.antoshka.ua/uk/' page",
        "time" : {
          "start" : 1729889888657,
          "stop" : 1729889893318,
          "duration" : 4661
        },
        "status" : "passed",
        "steps" : [ ],
        "attachments" : [ ],
        "parameters" : [ ],
        "stepsCount" : 0,
        "attachmentsCount" : 0,
        "shouldDisplayMessage" : false,
        "hasContent" : false
      }, {
        "name" : "Page 'https://m2-live-qa-001.antoshka.ua/uk/' is opened",
        "time" : {
          "start" : 1729889893318,
          "stop" : 1729889893323,
          "duration" : 5
        },
        "status" : "passed",
        "steps" : [ ],
        "attachments" : [ ],
        "parameters" : [ ],
        "stepsCount" : 0,
        "attachmentsCount" : 0,
        "shouldDisplayMessage" : false,
        "hasContent" : false
      }, {
        "name" : "Click ('xpath', \"//*[@id='login-enter']\")",
        "time" : {
          "start" : 1729889893323,
          "stop" : 1729889893395,
          "duration" : 72
        },
        "status" : "passed",
        "steps" : [ ],
        "attachments" : [ ],
        "parameters" : [ ],
        "stepsCount" : 0,
        "attachmentsCount" : 0,
        "shouldDisplayMessage" : false,
        "hasContent" : false
      }, {
        "name" : "Click ('xpath', '//form[1]//a')",
        "time" : {
          "start" : 1729889893395,
          "stop" : 1729889894470,
          "duration" : 1075
        },
        "status" : "passed",
        "steps" : [ ],
        "attachments" : [ ],
        "parameters" : [ ],
        "stepsCount" : 0,
        "attachmentsCount" : 0,
        "shouldDisplayMessage" : false,
        "hasContent" : false
      }, {
        "name" : "Fill '('xpath', \"//input[@data-validation='name']\")' with data 'П'",
        "time" : {
          "start" : 1729889894470,
          "stop" : 1729889894591,
          "duration" : 121
        },
        "status" : "passed",
        "steps" : [ ],
        "attachments" : [ ],
        "parameters" : [ ],
        "stepsCount" : 0,
        "attachmentsCount" : 0,
        "shouldDisplayMessage" : false,
        "hasContent" : false
      }, {
        "name" : "Fill '('xpath', \"//*[@id='telephone']\")' with data '635228529'",
        "time" : {
          "start" : 1729889894591,
          "stop" : 1729889894737,
          "duration" : 146
        },
        "status" : "passed",
        "steps" : [ ],
        "attachments" : [ ],
        "parameters" : [ ],
        "stepsCount" : 0,
        "attachmentsCount" : 0,
        "shouldDisplayMessage" : false,
        "hasContent" : false
      }, {
        "name" : "Fill '('xpath', \"//input[@data-validation='email']\")' with data 'gurevaalla@example.org'",
        "time" : {
          "start" : 1729889894738,
          "stop" : 1729889894877,
          "duration" : 139
        },
        "status" : "passed",
        "steps" : [ ],
        "attachments" : [ ],
        "parameters" : [ ],
        "stepsCount" : 0,
        "attachmentsCount" : 0,
        "shouldDisplayMessage" : false,
        "hasContent" : false
      }, {
        "name" : "Click ('xpath', \"//button[@class='auth_next']\")",
        "time" : {
          "start" : 1729889894877,
          "stop" : 1729889894936,
          "duration" : 59
        },
        "status" : "passed",
        "steps" : [ ],
        "attachments" : [ ],
        "parameters" : [ ],
        "stepsCount" : 0,
        "attachmentsCount" : 0,
        "shouldDisplayMessage" : false,
        "hasContent" : false
      }, {
        "name" : "Fill '('xpath', \"//input[@id='code-auth']\")' with data '1111'",
        "time" : {
          "start" : 1729889894936,
          "stop" : 1729889915200,
          "duration" : 20264
        },
        "status" : "broken",
        "statusMessage" : "selenium.common.exceptions.TimeoutException: Message: \nStacktrace:\n#0 0x5654ea86c8ae <unknown>\n#1 0x5654ea3a1c40 <unknown>\n#2 0x5654ea3ede12 <unknown>\n#3 0x5654ea3ee011 <unknown>\n#4 0x5654ea437bc4 <unknown>\n#5 0x5654ea415efd <unknown>\n#6 0x5654ea4356d2 <unknown>\n#7 0x5654ea415c73 <unknown>\n#8 0x5654ea3e16e8 <unknown>\n#9 0x5654ea3e269e <unknown>\n#10 0x5654ea83fc66 <unknown>\n#11 0x5654ea842f97 <unknown>\n#12 0x5654ea842a58 <unknown>\n#13 0x5654ea843425 <unknown>\n#14 0x5654ea830b6e <unknown>\n#15 0x5654ea84376f <unknown>\n#16 0x5654ea81a625 <unknown>\n#17 0x5654ea85bd55 <unknown>\n#18 0x5654ea85bf36 <unknown>\n#19 0x5654ea86b6e5 <unknown>\n#20 0x7f3ab4e33144 <unknown>\n\n",
        "statusTrace" : "  File \"/usr/workspace/src/base_classes/base_page.py\", line 46, in fill_field_with_click\n    self.wait.until(EC.element_to_be_clickable(field_name)).click()\n  File \"/usr/local/lib/python3.10/site-packages/selenium/webdriver/support/wait.py\", line 105, in until\n    raise TimeoutException(message, screen, stacktrace)\n",
        "steps" : [ ],
        "attachments" : [ ],
        "parameters" : [ ],
        "stepsCount" : 0,
        "attachmentsCount" : 0,
        "shouldDisplayMessage" : true,
        "hasContent" : true
      } ],
      "attachments" : [ ],
      "parameters" : [ {
        "name" : "user",
        "value" : "{'name': 'Пестова Синклитикия Антоновна', 'email': 'gurevaalla@example.org', 'phone': '+380635228529'}"
      }, {
        "name" : "code",
        "value" : "1111"
      } ],
      "stepsCount" : 9,
      "attachmentsCount" : 0,
      "shouldDisplayMessage" : false,
      "hasContent" : true
    } ],
    "attachments" : [ {
      "uid" : "1807d9d07bf705b7",
      "name" : "log",
      "source" : "1807d9d07bf705b7.txt",
      "type" : "text/plain",
      "size" : 92
    } ],
    "parameters" : [ ],
    "stepsCount" : 10,
    "attachmentsCount" : 1,
    "shouldDisplayMessage" : true,
    "hasContent" : true
  },
  "afterStages" : [ {
    "name" : "set_driver::0",
    "time" : {
      "start" : 1729889915244,
      "stop" : 1729889915312,
      "duration" : 68
    },
    "status" : "passed",
    "steps" : [ ],
    "attachments" : [ ],
    "parameters" : [ ],
    "stepsCount" : 0,
    "attachmentsCount" : 0,
    "shouldDisplayMessage" : false,
    "hasContent" : false
  } ],
  "labels" : [ {
    "name" : "parentSuite",
    "value" : "tests.ui"
  }, {
    "name" : "suite",
    "value" : "test_registration_new_user"
  }, {
    "name" : "subSuite",
    "value" : "TestRegistrationUser"
  }, {
    "name" : "host",
    "value" : "b51076c670b5"
  }, {
    "name" : "thread",
    "value" : "7-MainThread"
  }, {
    "name" : "framework",
    "value" : "pytest"
  }, {
    "name" : "language",
    "value" : "cpython3"
  }, {
    "name" : "package",
    "value" : "tests.ui.test_registration_new_user"
  }, {
    "name" : "resultFormat",
    "value" : "allure2"
  } ],
  "parameters" : [ {
    "name" : "code",
    "value" : "1111"
  }, {
    "name" : "user",
    "value" : "{'name': 'Пестова Синклитикия Антоновна', 'email': 'gurevaalla@example.org', 'phone': '+380635228529'}"
  } ],
  "links" : [ ],
  "hidden" : false,
  "retry" : false,
  "extra" : {
    "severity" : "normal",
    "retries" : [ ],
    "categories" : [ {
      "name" : "Test defects",
      "matchedStatuses" : [ ],
      "flaky" : false
    } ],
    "tags" : [ ]
  },
  "source" : "91761293b23a1b5b.json",
  "parameterValues" : [ "1111", "{'name': 'Пестова Синклитикия Антоновна', 'email': 'gurevaalla@example.org', 'phone': '+380635228529'}" ]
}