{
  "uid" : "958c48a880935e33",
  "name" : "test_registration_user_with_wrong_code_awdev_t506[{'name': '\\u041c\\u0430\\u0441\\u043b\\u043e\\u0432 \\u042e\\u0432\\u0435\\u043d\\u0430\\u043b\\u0438\\u0439 \\u0412\\u0430\\u043b\\u0435\\u0440\\u044c\\u044f\\u043d\\u043e\\u0432\\u0438\\u0447', 'email': 'afinogen_1984@example.org', 'phone': '+380637297226'}-8889]",
  "fullName" : "tests.ui.test_registration_new_user.TestRegistrationUser#test_registration_user_with_wrong_code_awdev_t506",
  "historyId" : "96dc6bfd24433759b52db928b43a7696",
  "time" : {
    "start" : 1729929803056,
    "stop" : 1729929827760,
    "duration" : 24704
  },
  "status" : "broken",
  "statusMessage" : "selenium.common.exceptions.TimeoutException: Message: \nStacktrace:\n#0 0x56388f0f98ae <unknown>\n#1 0x56388ec2ec40 <unknown>\n#2 0x56388ec7ae12 <unknown>\n#3 0x56388ec7b011 <unknown>\n#4 0x56388ecc4bc4 <unknown>\n#5 0x56388eca2efd <unknown>\n#6 0x56388ecc26d2 <unknown>\n#7 0x56388eca2c73 <unknown>\n#8 0x56388ec6e6e8 <unknown>\n#9 0x56388ec6f69e <unknown>\n#10 0x56388f0ccc66 <unknown>\n#11 0x56388f0cff97 <unknown>\n#12 0x56388f0cfa58 <unknown>\n#13 0x56388f0d0425 <unknown>\n#14 0x56388f0bdb6e <unknown>\n#15 0x56388f0d076f <unknown>\n#16 0x56388f0a7625 <unknown>\n#17 0x56388f0e8d55 <unknown>\n#18 0x56388f0e8f36 <unknown>\n#19 0x56388f0f86e5 <unknown>\n#20 0x7f622789c144 <unknown>",
  "statusTrace" : "self = <tests.ui.test_registration_new_user.TestRegistrationUser object at 0x7f8d0189b730>\nuser = {'email': 'afinogen_1984@example.org', 'name': 'Маслов Ювеналий Валерьянович', 'phone': '+380637297226'}\ncode = 8889\n\n    @allure.step(\"Registration new user with wrong code AWDEV-T506\")\n    @pytest.mark.parametrize(\"user, code\",\n                             [(RegistrationUserUi.new_user_name_phone_email, DEFAULT_CODE_AUTHORIZATION)], ids=str)\n    def test_registration_user_with_wrong_code_awdev_t506(self, user, code):\n        self.registration_page.open_registration_form()\n        self.registration_page.fill_registration_form(user=user)\n>       self.registration_page.confirm_registration_form(code=code, correct=False)\n\ntests/ui/test_registration_new_user.py:41: \n_ _ _ _ _ _ _ _ _ _ _ _ _ _ _ _ _ _ _ _ _ _ _ _ _ _ _ _ _ _ _ _ _ _ _ _ _ _ _ _ \nsrc/pages/registration_page.py:44: in confirm_registration_form\n    self.fill_field_with_click(self.CODE_FIELD, code)\nsrc/base_classes/base_page.py:46: in fill_field_with_click\n    self.wait.until(EC.element_to_be_clickable(field_name)).click()\n_ _ _ _ _ _ _ _ _ _ _ _ _ _ _ _ _ _ _ _ _ _ _ _ _ _ _ _ _ _ _ _ _ _ _ _ _ _ _ _ \n\nself = <selenium.webdriver.support.wait.WebDriverWait (session=\"fb9019542cf360487f1209abe0687026\")>\nmethod = <function element_to_be_clickable.<locals>._predicate at 0x7f8d00e311b0>\nmessage = ''\n\n    def until(self, method: Callable[[D], Union[Literal[False], T]], message: str = \"\") -> T:\n        \"\"\"Calls the method provided with the driver as an argument until the \\\n        return value does not evaluate to ``False``.\n    \n        :param method: callable(WebDriver)\n        :param message: optional message for :exc:`TimeoutException`\n        :returns: the result of the last call to `method`\n        :raises: :exc:`selenium.common.exceptions.TimeoutException` if timeout occurs\n        \"\"\"\n        screen = None\n        stacktrace = None\n    \n        end_time = time.monotonic() + self._timeout\n        while True:\n            try:\n                value = method(self._driver)\n                if value:\n                    return value\n            except self._ignored_exceptions as exc:\n                screen = getattr(exc, \"screen\", None)\n                stacktrace = getattr(exc, \"stacktrace\", None)\n            time.sleep(self._poll)\n            if time.monotonic() > end_time:\n                break\n>       raise TimeoutException(message, screen, stacktrace)\nE       selenium.common.exceptions.TimeoutException: Message: \nE       Stacktrace:\nE       #0 0x56388f0f98ae <unknown>\nE       #1 0x56388ec2ec40 <unknown>\nE       #2 0x56388ec7ae12 <unknown>\nE       #3 0x56388ec7b011 <unknown>\nE       #4 0x56388ecc4bc4 <unknown>\nE       #5 0x56388eca2efd <unknown>\nE       #6 0x56388ecc26d2 <unknown>\nE       #7 0x56388eca2c73 <unknown>\nE       #8 0x56388ec6e6e8 <unknown>\nE       #9 0x56388ec6f69e <unknown>\nE       #10 0x56388f0ccc66 <unknown>\nE       #11 0x56388f0cff97 <unknown>\nE       #12 0x56388f0cfa58 <unknown>\nE       #13 0x56388f0d0425 <unknown>\nE       #14 0x56388f0bdb6e <unknown>\nE       #15 0x56388f0d076f <unknown>\nE       #16 0x56388f0a7625 <unknown>\nE       #17 0x56388f0e8d55 <unknown>\nE       #18 0x56388f0e8f36 <unknown>\nE       #19 0x56388f0f86e5 <unknown>\nE       #20 0x7f622789c144 <unknown>\n\n../local/lib/python3.10/site-packages/selenium/webdriver/support/wait.py:105: TimeoutException",
  "flaky" : false,
  "newFailed" : false,
  "beforeStages" : [ {
    "name" : "setup",
    "time" : {
      "start" : 1729929803055,
      "stop" : 1729929803056,
      "duration" : 1
    },
    "status" : "passed",
    "steps" : [ ],
    "attachments" : [ ],
    "parameters" : [ ],
    "stepsCount" : 0,
    "attachmentsCount" : 0,
    "shouldDisplayMessage" : false,
    "hasContent" : false
  }, {
    "name" : "set_driver",
    "time" : {
      "start" : 1729929802602,
      "stop" : 1729929803055,
      "duration" : 453
    },
    "status" : "passed",
    "steps" : [ ],
    "attachments" : [ ],
    "parameters" : [ ],
    "stepsCount" : 0,
    "attachmentsCount" : 0,
    "shouldDisplayMessage" : false,
    "hasContent" : false
  }, {
    "name" : "set_env_settings",
    "time" : {
      "start" : 1729929766649,
      "stop" : 1729929766650,
      "duration" : 1
    },
    "status" : "passed",
    "steps" : [ ],
    "attachments" : [ ],
    "parameters" : [ ],
    "stepsCount" : 0,
    "attachmentsCount" : 0,
    "shouldDisplayMessage" : false,
    "hasContent" : false
  }, {
    "name" : "pytestconfig",
    "time" : {
      "start" : 1729929766649,
      "stop" : 1729929766649,
      "duration" : 0
    },
    "status" : "passed",
    "steps" : [ ],
    "attachments" : [ ],
    "parameters" : [ ],
    "stepsCount" : 0,
    "attachmentsCount" : 0,
    "shouldDisplayMessage" : false,
    "hasContent" : false
  }, {
    "name" : "_session_faker",
    "time" : {
      "start" : 1729929766576,
      "stop" : 1729929766649,
      "duration" : 73
    },
    "status" : "passed",
    "steps" : [ ],
    "attachments" : [ ],
    "parameters" : [ ],
    "stepsCount" : 0,
    "attachmentsCount" : 0,
    "shouldDisplayMessage" : false,
    "hasContent" : false
  } ],
  "testStage" : {
    "status" : "broken",
    "statusMessage" : "selenium.common.exceptions.TimeoutException: Message: \nStacktrace:\n#0 0x56388f0f98ae <unknown>\n#1 0x56388ec2ec40 <unknown>\n#2 0x56388ec7ae12 <unknown>\n#3 0x56388ec7b011 <unknown>\n#4 0x56388ecc4bc4 <unknown>\n#5 0x56388eca2efd <unknown>\n#6 0x56388ecc26d2 <unknown>\n#7 0x56388eca2c73 <unknown>\n#8 0x56388ec6e6e8 <unknown>\n#9 0x56388ec6f69e <unknown>\n#10 0x56388f0ccc66 <unknown>\n#11 0x56388f0cff97 <unknown>\n#12 0x56388f0cfa58 <unknown>\n#13 0x56388f0d0425 <unknown>\n#14 0x56388f0bdb6e <unknown>\n#15 0x56388f0d076f <unknown>\n#16 0x56388f0a7625 <unknown>\n#17 0x56388f0e8d55 <unknown>\n#18 0x56388f0e8f36 <unknown>\n#19 0x56388f0f86e5 <unknown>\n#20 0x7f622789c144 <unknown>",
    "statusTrace" : "self = <tests.ui.test_registration_new_user.TestRegistrationUser object at 0x7f8d0189b730>\nuser = {'email': 'afinogen_1984@example.org', 'name': 'Маслов Ювеналий Валерьянович', 'phone': '+380637297226'}\ncode = 8889\n\n    @allure.step(\"Registration new user with wrong code AWDEV-T506\")\n    @pytest.mark.parametrize(\"user, code\",\n                             [(RegistrationUserUi.new_user_name_phone_email, DEFAULT_CODE_AUTHORIZATION)], ids=str)\n    def test_registration_user_with_wrong_code_awdev_t506(self, user, code):\n        self.registration_page.open_registration_form()\n        self.registration_page.fill_registration_form(user=user)\n>       self.registration_page.confirm_registration_form(code=code, correct=False)\n\ntests/ui/test_registration_new_user.py:41: \n_ _ _ _ _ _ _ _ _ _ _ _ _ _ _ _ _ _ _ _ _ _ _ _ _ _ _ _ _ _ _ _ _ _ _ _ _ _ _ _ \nsrc/pages/registration_page.py:44: in confirm_registration_form\n    self.fill_field_with_click(self.CODE_FIELD, code)\nsrc/base_classes/base_page.py:46: in fill_field_with_click\n    self.wait.until(EC.element_to_be_clickable(field_name)).click()\n_ _ _ _ _ _ _ _ _ _ _ _ _ _ _ _ _ _ _ _ _ _ _ _ _ _ _ _ _ _ _ _ _ _ _ _ _ _ _ _ \n\nself = <selenium.webdriver.support.wait.WebDriverWait (session=\"fb9019542cf360487f1209abe0687026\")>\nmethod = <function element_to_be_clickable.<locals>._predicate at 0x7f8d00e311b0>\nmessage = ''\n\n    def until(self, method: Callable[[D], Union[Literal[False], T]], message: str = \"\") -> T:\n        \"\"\"Calls the method provided with the driver as an argument until the \\\n        return value does not evaluate to ``False``.\n    \n        :param method: callable(WebDriver)\n        :param message: optional message for :exc:`TimeoutException`\n        :returns: the result of the last call to `method`\n        :raises: :exc:`selenium.common.exceptions.TimeoutException` if timeout occurs\n        \"\"\"\n        screen = None\n        stacktrace = None\n    \n        end_time = time.monotonic() + self._timeout\n        while True:\n            try:\n                value = method(self._driver)\n                if value:\n                    return value\n            except self._ignored_exceptions as exc:\n                screen = getattr(exc, \"screen\", None)\n                stacktrace = getattr(exc, \"stacktrace\", None)\n            time.sleep(self._poll)\n            if time.monotonic() > end_time:\n                break\n>       raise TimeoutException(message, screen, stacktrace)\nE       selenium.common.exceptions.TimeoutException: Message: \nE       Stacktrace:\nE       #0 0x56388f0f98ae <unknown>\nE       #1 0x56388ec2ec40 <unknown>\nE       #2 0x56388ec7ae12 <unknown>\nE       #3 0x56388ec7b011 <unknown>\nE       #4 0x56388ecc4bc4 <unknown>\nE       #5 0x56388eca2efd <unknown>\nE       #6 0x56388ecc26d2 <unknown>\nE       #7 0x56388eca2c73 <unknown>\nE       #8 0x56388ec6e6e8 <unknown>\nE       #9 0x56388ec6f69e <unknown>\nE       #10 0x56388f0ccc66 <unknown>\nE       #11 0x56388f0cff97 <unknown>\nE       #12 0x56388f0cfa58 <unknown>\nE       #13 0x56388f0d0425 <unknown>\nE       #14 0x56388f0bdb6e <unknown>\nE       #15 0x56388f0d076f <unknown>\nE       #16 0x56388f0a7625 <unknown>\nE       #17 0x56388f0e8d55 <unknown>\nE       #18 0x56388f0e8f36 <unknown>\nE       #19 0x56388f0f86e5 <unknown>\nE       #20 0x7f622789c144 <unknown>\n\n../local/lib/python3.10/site-packages/selenium/webdriver/support/wait.py:105: TimeoutException",
    "steps" : [ {
      "name" : "Registration new user with wrong code AWDEV-T506",
      "time" : {
        "start" : 1729929803057,
        "stop" : 1729929827760,
        "duration" : 24703
      },
      "status" : "broken",
      "statusMessage" : "selenium.common.exceptions.TimeoutException: Message: \nStacktrace:\n#0 0x56388f0f98ae <unknown>\n#1 0x56388ec2ec40 <unknown>\n#2 0x56388ec7ae12 <unknown>\n#3 0x56388ec7b011 <unknown>\n#4 0x56388ecc4bc4 <unknown>\n#5 0x56388eca2efd <unknown>\n#6 0x56388ecc26d2 <unknown>\n#7 0x56388eca2c73 <unknown>\n#8 0x56388ec6e6e8 <unknown>\n#9 0x56388ec6f69e <unknown>\n#10 0x56388f0ccc66 <unknown>\n#11 0x56388f0cff97 <unknown>\n#12 0x56388f0cfa58 <unknown>\n#13 0x56388f0d0425 <unknown>\n#14 0x56388f0bdb6e <unknown>\n#15 0x56388f0d076f <unknown>\n#16 0x56388f0a7625 <unknown>\n#17 0x56388f0e8d55 <unknown>\n#18 0x56388f0e8f36 <unknown>\n#19 0x56388f0f86e5 <unknown>\n#20 0x7f622789c144 <unknown>\n\n",
      "statusTrace" : "  File \"/usr/local/lib/python3.10/site-packages/allure_commons/_allure.py\", line 192, in impl\n    return func(*a, **kw)\n  File \"/usr/workspace/tests/ui/test_registration_new_user.py\", line 41, in test_registration_user_with_wrong_code_awdev_t506\n    self.registration_page.confirm_registration_form(code=code, correct=False)\n  File \"/usr/workspace/src/pages/registration_page.py\", line 44, in confirm_registration_form\n    self.fill_field_with_click(self.CODE_FIELD, code)\n  File \"/usr/workspace/src/base_classes/base_page.py\", line 46, in fill_field_with_click\n    self.wait.until(EC.element_to_be_clickable(field_name)).click()\n  File \"/usr/local/lib/python3.10/site-packages/selenium/webdriver/support/wait.py\", line 105, in until\n    raise TimeoutException(message, screen, stacktrace)\n",
      "steps" : [ {
        "name" : "Open 'https://m2-live-qa-001.antoshka.ua/uk/' page",
        "time" : {
          "start" : 1729929803057,
          "stop" : 1729929805911,
          "duration" : 2854
        },
        "status" : "passed",
        "steps" : [ ],
        "attachments" : [ ],
        "parameters" : [ ],
        "stepsCount" : 0,
        "attachmentsCount" : 0,
        "shouldDisplayMessage" : false,
        "hasContent" : false
      }, {
        "name" : "Page 'https://m2-live-qa-001.antoshka.ua/uk/' is opened",
        "time" : {
          "start" : 1729929805911,
          "stop" : 1729929805916,
          "duration" : 5
        },
        "status" : "passed",
        "steps" : [ ],
        "attachments" : [ ],
        "parameters" : [ ],
        "stepsCount" : 0,
        "attachmentsCount" : 0,
        "shouldDisplayMessage" : false,
        "hasContent" : false
      }, {
        "name" : "Click ('xpath', \"//*[@id='login-enter']\")",
        "time" : {
          "start" : 1729929805916,
          "stop" : 1729929805980,
          "duration" : 64
        },
        "status" : "passed",
        "steps" : [ ],
        "attachments" : [ ],
        "parameters" : [ ],
        "stepsCount" : 0,
        "attachmentsCount" : 0,
        "shouldDisplayMessage" : false,
        "hasContent" : false
      }, {
        "name" : "Click ('xpath', '//form[1]//a')",
        "time" : {
          "start" : 1729929805980,
          "stop" : 1729929807053,
          "duration" : 1073
        },
        "status" : "passed",
        "steps" : [ ],
        "attachments" : [ ],
        "parameters" : [ ],
        "stepsCount" : 0,
        "attachmentsCount" : 0,
        "shouldDisplayMessage" : false,
        "hasContent" : false
      }, {
        "name" : "Fill '('xpath', \"//input[@data-validation='name']\")' with data 'М'",
        "time" : {
          "start" : 1729929807053,
          "stop" : 1729929807174,
          "duration" : 121
        },
        "status" : "passed",
        "steps" : [ ],
        "attachments" : [ ],
        "parameters" : [ ],
        "stepsCount" : 0,
        "attachmentsCount" : 0,
        "shouldDisplayMessage" : false,
        "hasContent" : false
      }, {
        "name" : "Fill '('xpath', \"//*[@id='telephone']\")' with data '637297226'",
        "time" : {
          "start" : 1729929807174,
          "stop" : 1729929807310,
          "duration" : 136
        },
        "status" : "passed",
        "steps" : [ ],
        "attachments" : [ ],
        "parameters" : [ ],
        "stepsCount" : 0,
        "attachmentsCount" : 0,
        "shouldDisplayMessage" : false,
        "hasContent" : false
      }, {
        "name" : "Fill '('xpath', \"//input[@data-validation='email']\")' with data 'afinogen_1984@example.org'",
        "time" : {
          "start" : 1729929807310,
          "stop" : 1729929807450,
          "duration" : 140
        },
        "status" : "passed",
        "steps" : [ ],
        "attachments" : [ ],
        "parameters" : [ ],
        "stepsCount" : 0,
        "attachmentsCount" : 0,
        "shouldDisplayMessage" : false,
        "hasContent" : false
      }, {
        "name" : "Click ('xpath', \"//button[@class='auth_next']\")",
        "time" : {
          "start" : 1729929807450,
          "stop" : 1729929807504,
          "duration" : 54
        },
        "status" : "passed",
        "steps" : [ ],
        "attachments" : [ ],
        "parameters" : [ ],
        "stepsCount" : 0,
        "attachmentsCount" : 0,
        "shouldDisplayMessage" : false,
        "hasContent" : false
      }, {
        "name" : "Fill '('xpath', \"//input[@id='code-auth']\")' with data '8889'",
        "time" : {
          "start" : 1729929807504,
          "stop" : 1729929827760,
          "duration" : 20256
        },
        "status" : "broken",
        "statusMessage" : "selenium.common.exceptions.TimeoutException: Message: \nStacktrace:\n#0 0x56388f0f98ae <unknown>\n#1 0x56388ec2ec40 <unknown>\n#2 0x56388ec7ae12 <unknown>\n#3 0x56388ec7b011 <unknown>\n#4 0x56388ecc4bc4 <unknown>\n#5 0x56388eca2efd <unknown>\n#6 0x56388ecc26d2 <unknown>\n#7 0x56388eca2c73 <unknown>\n#8 0x56388ec6e6e8 <unknown>\n#9 0x56388ec6f69e <unknown>\n#10 0x56388f0ccc66 <unknown>\n#11 0x56388f0cff97 <unknown>\n#12 0x56388f0cfa58 <unknown>\n#13 0x56388f0d0425 <unknown>\n#14 0x56388f0bdb6e <unknown>\n#15 0x56388f0d076f <unknown>\n#16 0x56388f0a7625 <unknown>\n#17 0x56388f0e8d55 <unknown>\n#18 0x56388f0e8f36 <unknown>\n#19 0x56388f0f86e5 <unknown>\n#20 0x7f622789c144 <unknown>\n\n",
        "statusTrace" : "  File \"/usr/workspace/src/base_classes/base_page.py\", line 46, in fill_field_with_click\n    self.wait.until(EC.element_to_be_clickable(field_name)).click()\n  File \"/usr/local/lib/python3.10/site-packages/selenium/webdriver/support/wait.py\", line 105, in until\n    raise TimeoutException(message, screen, stacktrace)\n",
        "steps" : [ ],
        "attachments" : [ ],
        "parameters" : [ ],
        "stepsCount" : 0,
        "attachmentsCount" : 0,
        "shouldDisplayMessage" : true,
        "hasContent" : true
      } ],
      "attachments" : [ ],
      "parameters" : [ {
        "name" : "user",
        "value" : "{'name': 'Маслов Ювеналий Валерьянович', 'email': 'afinogen_1984@example.org', 'phone': '+380637297226'}"
      }, {
        "name" : "code",
        "value" : "8889"
      } ],
      "stepsCount" : 9,
      "attachmentsCount" : 0,
      "shouldDisplayMessage" : false,
      "hasContent" : true
    } ],
    "attachments" : [ {
      "uid" : "96062d5c5ddcb9bd",
      "name" : "log",
      "source" : "96062d5c5ddcb9bd.txt",
      "type" : "text/plain",
      "size" : 92
    } ],
    "parameters" : [ ],
    "stepsCount" : 10,
    "attachmentsCount" : 1,
    "shouldDisplayMessage" : true,
    "hasContent" : true
  },
  "afterStages" : [ {
    "name" : "set_driver::0",
    "time" : {
      "start" : 1729929827767,
      "stop" : 1729929827835,
      "duration" : 68
    },
    "status" : "passed",
    "steps" : [ ],
    "attachments" : [ ],
    "parameters" : [ ],
    "stepsCount" : 0,
    "attachmentsCount" : 0,
    "shouldDisplayMessage" : false,
    "hasContent" : false
  } ],
  "labels" : [ {
    "name" : "parentSuite",
    "value" : "tests.ui"
  }, {
    "name" : "suite",
    "value" : "test_registration_new_user"
  }, {
    "name" : "subSuite",
    "value" : "TestRegistrationUser"
  }, {
    "name" : "host",
    "value" : "f17f5793b8e2"
  }, {
    "name" : "thread",
    "value" : "7-MainThread"
  }, {
    "name" : "framework",
    "value" : "pytest"
  }, {
    "name" : "language",
    "value" : "cpython3"
  }, {
    "name" : "package",
    "value" : "tests.ui.test_registration_new_user"
  }, {
    "name" : "resultFormat",
    "value" : "allure2"
  } ],
  "parameters" : [ {
    "name" : "code",
    "value" : "8889"
  }, {
    "name" : "user",
    "value" : "{'name': 'Маслов Ювеналий Валерьянович', 'email': 'afinogen_1984@example.org', 'phone': '+380637297226'}"
  } ],
  "links" : [ ],
  "hidden" : false,
  "retry" : false,
  "extra" : {
    "severity" : "normal",
    "retries" : [ ],
    "categories" : [ {
      "name" : "Test defects",
      "matchedStatuses" : [ ],
      "flaky" : false
    } ],
    "tags" : [ ]
  },
  "source" : "958c48a880935e33.json",
  "parameterValues" : [ "8889", "{'name': 'Маслов Ювеналий Валерьянович', 'email': 'afinogen_1984@example.org', 'phone': '+380637297226'}" ]
}