{
  "uid" : "972b5f96fe5daab2",
  "name" : "test_registration_new_user_awdev_t506[{'name': '\\u0418\\u043b\\u044c\\u0438\\u043d \\u0422\\u0438\\u043c\\u043e\\u0444\\u0435\\u0439 \\u0414\\u0430\\u0432\\u0438\\u0434\\u043e\\u0432\\u0438\\u0447', 'email': 'evpraksija49@example.com', 'phone': '+380631122881'}-1111]",
  "fullName" : "tests.ui.test_registration_new_user.TestRegistrationUser#test_registration_new_user_awdev_t506",
  "historyId" : "054e0d740db162e57be5ec8dc20dcd2a",
  "time" : {
    "start" : 1729936346616,
    "stop" : 1729936372971,
    "duration" : 26355
  },
  "status" : "broken",
  "statusMessage" : "selenium.common.exceptions.TimeoutException: Message: \nStacktrace:\n#0 0x5568996418ae <unknown>\n#1 0x556899176c40 <unknown>\n#2 0x5568991c2e12 <unknown>\n#3 0x5568991c3011 <unknown>\n#4 0x55689920cbc4 <unknown>\n#5 0x5568991eaefd <unknown>\n#6 0x55689920a6d2 <unknown>\n#7 0x5568991eac73 <unknown>\n#8 0x5568991b66e8 <unknown>\n#9 0x5568991b769e <unknown>\n#10 0x556899614c66 <unknown>\n#11 0x556899617f97 <unknown>\n#12 0x556899617a58 <unknown>\n#13 0x556899618425 <unknown>\n#14 0x556899605b6e <unknown>\n#15 0x55689961876f <unknown>\n#16 0x5568995ef625 <unknown>\n#17 0x556899630d55 <unknown>\n#18 0x556899630f36 <unknown>\n#19 0x5568996406e5 <unknown>\n#20 0x7fe544aaf144 <unknown>",
  "statusTrace" : "self = <tests.ui.test_registration_new_user.TestRegistrationUser object at 0x7fd51386b8e0>\nuser = {'email': 'evpraksija49@example.com', 'name': 'Ильин Тимофей Давидович', 'phone': '+380631122881'}\ncode = 1111\n\n    @allure.step(\"Registration new user AWDEV-T506\")\n    @pytest.mark.parametrize(\"user, code\", [\n        (RegistrationUserUi.user_name_phone_email, DEFAULT_CODE_REGISTRATION)], ids=str)\n    def test_registration_new_user_awdev_t506(self, user, code):\n        self.registration_page.open_registration_form()\n        self.registration_page.fill_registration_form(user=user)\n>       self.registration_page.confirm_registration_form(code=code)\n\ntests/ui/test_registration_new_user.py:16: \n_ _ _ _ _ _ _ _ _ _ _ _ _ _ _ _ _ _ _ _ _ _ _ _ _ _ _ _ _ _ _ _ _ _ _ _ _ _ _ _ \nsrc/pages/registration_page.py:44: in confirm_registration_form\n    self.fill_field_with_click(self.CODE_FIELD, code)\nsrc/base_classes/base_page.py:46: in fill_field_with_click\n    self.wait.until(EC.element_to_be_clickable(field_name)).click()\n_ _ _ _ _ _ _ _ _ _ _ _ _ _ _ _ _ _ _ _ _ _ _ _ _ _ _ _ _ _ _ _ _ _ _ _ _ _ _ _ \n\nself = <selenium.webdriver.support.wait.WebDriverWait (session=\"d5a18c8dd67d18b662c368aa942485ca\")>\nmethod = <function element_to_be_clickable.<locals>._predicate at 0x7fd5140ebbe0>\nmessage = ''\n\n    def until(self, method: Callable[[D], Union[Literal[False], T]], message: str = \"\") -> T:\n        \"\"\"Calls the method provided with the driver as an argument until the \\\n        return value does not evaluate to ``False``.\n    \n        :param method: callable(WebDriver)\n        :param message: optional message for :exc:`TimeoutException`\n        :returns: the result of the last call to `method`\n        :raises: :exc:`selenium.common.exceptions.TimeoutException` if timeout occurs\n        \"\"\"\n        screen = None\n        stacktrace = None\n    \n        end_time = time.monotonic() + self._timeout\n        while True:\n            try:\n                value = method(self._driver)\n                if value:\n                    return value\n            except self._ignored_exceptions as exc:\n                screen = getattr(exc, \"screen\", None)\n                stacktrace = getattr(exc, \"stacktrace\", None)\n            time.sleep(self._poll)\n            if time.monotonic() > end_time:\n                break\n>       raise TimeoutException(message, screen, stacktrace)\nE       selenium.common.exceptions.TimeoutException: Message: \nE       Stacktrace:\nE       #0 0x5568996418ae <unknown>\nE       #1 0x556899176c40 <unknown>\nE       #2 0x5568991c2e12 <unknown>\nE       #3 0x5568991c3011 <unknown>\nE       #4 0x55689920cbc4 <unknown>\nE       #5 0x5568991eaefd <unknown>\nE       #6 0x55689920a6d2 <unknown>\nE       #7 0x5568991eac73 <unknown>\nE       #8 0x5568991b66e8 <unknown>\nE       #9 0x5568991b769e <unknown>\nE       #10 0x556899614c66 <unknown>\nE       #11 0x556899617f97 <unknown>\nE       #12 0x556899617a58 <unknown>\nE       #13 0x556899618425 <unknown>\nE       #14 0x556899605b6e <unknown>\nE       #15 0x55689961876f <unknown>\nE       #16 0x5568995ef625 <unknown>\nE       #17 0x556899630d55 <unknown>\nE       #18 0x556899630f36 <unknown>\nE       #19 0x5568996406e5 <unknown>\nE       #20 0x7fe544aaf144 <unknown>\n\n../local/lib/python3.10/site-packages/selenium/webdriver/support/wait.py:105: TimeoutException",
  "flaky" : false,
  "newFailed" : false,
  "beforeStages" : [ {
    "name" : "set_driver",
    "time" : {
      "start" : 1729936345966,
      "stop" : 1729936346615,
      "duration" : 649
    },
    "status" : "passed",
    "steps" : [ ],
    "attachments" : [ ],
    "parameters" : [ ],
    "stepsCount" : 0,
    "attachmentsCount" : 0,
    "shouldDisplayMessage" : false,
    "hasContent" : false
  }, {
    "name" : "pytestconfig",
    "time" : {
      "start" : 1729936345965,
      "stop" : 1729936345965,
      "duration" : 0
    },
    "status" : "passed",
    "steps" : [ ],
    "attachments" : [ ],
    "parameters" : [ ],
    "stepsCount" : 0,
    "attachmentsCount" : 0,
    "shouldDisplayMessage" : false,
    "hasContent" : false
  }, {
    "name" : "set_env_settings",
    "time" : {
      "start" : 1729936345965,
      "stop" : 1729936345966,
      "duration" : 1
    },
    "status" : "passed",
    "steps" : [ ],
    "attachments" : [ ],
    "parameters" : [ ],
    "stepsCount" : 0,
    "attachmentsCount" : 0,
    "shouldDisplayMessage" : false,
    "hasContent" : false
  }, {
    "name" : "_session_faker",
    "time" : {
      "start" : 1729936345888,
      "stop" : 1729936345965,
      "duration" : 77
    },
    "status" : "passed",
    "steps" : [ ],
    "attachments" : [ ],
    "parameters" : [ ],
    "stepsCount" : 0,
    "attachmentsCount" : 0,
    "shouldDisplayMessage" : false,
    "hasContent" : false
  }, {
    "name" : "setup",
    "time" : {
      "start" : 1729936346615,
      "stop" : 1729936346615,
      "duration" : 0
    },
    "status" : "passed",
    "steps" : [ ],
    "attachments" : [ ],
    "parameters" : [ ],
    "stepsCount" : 0,
    "attachmentsCount" : 0,
    "shouldDisplayMessage" : false,
    "hasContent" : false
  } ],
  "testStage" : {
    "status" : "broken",
    "statusMessage" : "selenium.common.exceptions.TimeoutException: Message: \nStacktrace:\n#0 0x5568996418ae <unknown>\n#1 0x556899176c40 <unknown>\n#2 0x5568991c2e12 <unknown>\n#3 0x5568991c3011 <unknown>\n#4 0x55689920cbc4 <unknown>\n#5 0x5568991eaefd <unknown>\n#6 0x55689920a6d2 <unknown>\n#7 0x5568991eac73 <unknown>\n#8 0x5568991b66e8 <unknown>\n#9 0x5568991b769e <unknown>\n#10 0x556899614c66 <unknown>\n#11 0x556899617f97 <unknown>\n#12 0x556899617a58 <unknown>\n#13 0x556899618425 <unknown>\n#14 0x556899605b6e <unknown>\n#15 0x55689961876f <unknown>\n#16 0x5568995ef625 <unknown>\n#17 0x556899630d55 <unknown>\n#18 0x556899630f36 <unknown>\n#19 0x5568996406e5 <unknown>\n#20 0x7fe544aaf144 <unknown>",
    "statusTrace" : "self = <tests.ui.test_registration_new_user.TestRegistrationUser object at 0x7fd51386b8e0>\nuser = {'email': 'evpraksija49@example.com', 'name': 'Ильин Тимофей Давидович', 'phone': '+380631122881'}\ncode = 1111\n\n    @allure.step(\"Registration new user AWDEV-T506\")\n    @pytest.mark.parametrize(\"user, code\", [\n        (RegistrationUserUi.user_name_phone_email, DEFAULT_CODE_REGISTRATION)], ids=str)\n    def test_registration_new_user_awdev_t506(self, user, code):\n        self.registration_page.open_registration_form()\n        self.registration_page.fill_registration_form(user=user)\n>       self.registration_page.confirm_registration_form(code=code)\n\ntests/ui/test_registration_new_user.py:16: \n_ _ _ _ _ _ _ _ _ _ _ _ _ _ _ _ _ _ _ _ _ _ _ _ _ _ _ _ _ _ _ _ _ _ _ _ _ _ _ _ \nsrc/pages/registration_page.py:44: in confirm_registration_form\n    self.fill_field_with_click(self.CODE_FIELD, code)\nsrc/base_classes/base_page.py:46: in fill_field_with_click\n    self.wait.until(EC.element_to_be_clickable(field_name)).click()\n_ _ _ _ _ _ _ _ _ _ _ _ _ _ _ _ _ _ _ _ _ _ _ _ _ _ _ _ _ _ _ _ _ _ _ _ _ _ _ _ \n\nself = <selenium.webdriver.support.wait.WebDriverWait (session=\"d5a18c8dd67d18b662c368aa942485ca\")>\nmethod = <function element_to_be_clickable.<locals>._predicate at 0x7fd5140ebbe0>\nmessage = ''\n\n    def until(self, method: Callable[[D], Union[Literal[False], T]], message: str = \"\") -> T:\n        \"\"\"Calls the method provided with the driver as an argument until the \\\n        return value does not evaluate to ``False``.\n    \n        :param method: callable(WebDriver)\n        :param message: optional message for :exc:`TimeoutException`\n        :returns: the result of the last call to `method`\n        :raises: :exc:`selenium.common.exceptions.TimeoutException` if timeout occurs\n        \"\"\"\n        screen = None\n        stacktrace = None\n    \n        end_time = time.monotonic() + self._timeout\n        while True:\n            try:\n                value = method(self._driver)\n                if value:\n                    return value\n            except self._ignored_exceptions as exc:\n                screen = getattr(exc, \"screen\", None)\n                stacktrace = getattr(exc, \"stacktrace\", None)\n            time.sleep(self._poll)\n            if time.monotonic() > end_time:\n                break\n>       raise TimeoutException(message, screen, stacktrace)\nE       selenium.common.exceptions.TimeoutException: Message: \nE       Stacktrace:\nE       #0 0x5568996418ae <unknown>\nE       #1 0x556899176c40 <unknown>\nE       #2 0x5568991c2e12 <unknown>\nE       #3 0x5568991c3011 <unknown>\nE       #4 0x55689920cbc4 <unknown>\nE       #5 0x5568991eaefd <unknown>\nE       #6 0x55689920a6d2 <unknown>\nE       #7 0x5568991eac73 <unknown>\nE       #8 0x5568991b66e8 <unknown>\nE       #9 0x5568991b769e <unknown>\nE       #10 0x556899614c66 <unknown>\nE       #11 0x556899617f97 <unknown>\nE       #12 0x556899617a58 <unknown>\nE       #13 0x556899618425 <unknown>\nE       #14 0x556899605b6e <unknown>\nE       #15 0x55689961876f <unknown>\nE       #16 0x5568995ef625 <unknown>\nE       #17 0x556899630d55 <unknown>\nE       #18 0x556899630f36 <unknown>\nE       #19 0x5568996406e5 <unknown>\nE       #20 0x7fe544aaf144 <unknown>\n\n../local/lib/python3.10/site-packages/selenium/webdriver/support/wait.py:105: TimeoutException",
    "steps" : [ {
      "name" : "Registration new user AWDEV-T506",
      "time" : {
        "start" : 1729936346616,
        "stop" : 1729936372971,
        "duration" : 26355
      },
      "status" : "broken",
      "statusMessage" : "selenium.common.exceptions.TimeoutException: Message: \nStacktrace:\n#0 0x5568996418ae <unknown>\n#1 0x556899176c40 <unknown>\n#2 0x5568991c2e12 <unknown>\n#3 0x5568991c3011 <unknown>\n#4 0x55689920cbc4 <unknown>\n#5 0x5568991eaefd <unknown>\n#6 0x55689920a6d2 <unknown>\n#7 0x5568991eac73 <unknown>\n#8 0x5568991b66e8 <unknown>\n#9 0x5568991b769e <unknown>\n#10 0x556899614c66 <unknown>\n#11 0x556899617f97 <unknown>\n#12 0x556899617a58 <unknown>\n#13 0x556899618425 <unknown>\n#14 0x556899605b6e <unknown>\n#15 0x55689961876f <unknown>\n#16 0x5568995ef625 <unknown>\n#17 0x556899630d55 <unknown>\n#18 0x556899630f36 <unknown>\n#19 0x5568996406e5 <unknown>\n#20 0x7fe544aaf144 <unknown>\n\n",
      "statusTrace" : "  File \"/usr/local/lib/python3.10/site-packages/allure_commons/_allure.py\", line 192, in impl\n    return func(*a, **kw)\n  File \"/usr/workspace/tests/ui/test_registration_new_user.py\", line 16, in test_registration_new_user_awdev_t506\n    self.registration_page.confirm_registration_form(code=code)\n  File \"/usr/workspace/src/pages/registration_page.py\", line 44, in confirm_registration_form\n    self.fill_field_with_click(self.CODE_FIELD, code)\n  File \"/usr/workspace/src/base_classes/base_page.py\", line 46, in fill_field_with_click\n    self.wait.until(EC.element_to_be_clickable(field_name)).click()\n  File \"/usr/local/lib/python3.10/site-packages/selenium/webdriver/support/wait.py\", line 105, in until\n    raise TimeoutException(message, screen, stacktrace)\n",
      "steps" : [ {
        "name" : "Open 'https://m2-live-qa-001.antoshka.ua/uk/' page",
        "time" : {
          "start" : 1729936346616,
          "stop" : 1729936351074,
          "duration" : 4458
        },
        "status" : "passed",
        "steps" : [ ],
        "attachments" : [ ],
        "parameters" : [ ],
        "stepsCount" : 0,
        "attachmentsCount" : 0,
        "shouldDisplayMessage" : false,
        "hasContent" : false
      }, {
        "name" : "Page 'https://m2-live-qa-001.antoshka.ua/uk/' is opened",
        "time" : {
          "start" : 1729936351074,
          "stop" : 1729936351079,
          "duration" : 5
        },
        "status" : "passed",
        "steps" : [ ],
        "attachments" : [ ],
        "parameters" : [ ],
        "stepsCount" : 0,
        "attachmentsCount" : 0,
        "shouldDisplayMessage" : false,
        "hasContent" : false
      }, {
        "name" : "Click ('xpath', \"//*[@id='login-enter']\")",
        "time" : {
          "start" : 1729936351079,
          "stop" : 1729936351145,
          "duration" : 66
        },
        "status" : "passed",
        "steps" : [ ],
        "attachments" : [ ],
        "parameters" : [ ],
        "stepsCount" : 0,
        "attachmentsCount" : 0,
        "shouldDisplayMessage" : false,
        "hasContent" : false
      }, {
        "name" : "Click ('xpath', '//form[1]//a')",
        "time" : {
          "start" : 1729936351145,
          "stop" : 1729936352221,
          "duration" : 1076
        },
        "status" : "passed",
        "steps" : [ ],
        "attachments" : [ ],
        "parameters" : [ ],
        "stepsCount" : 0,
        "attachmentsCount" : 0,
        "shouldDisplayMessage" : false,
        "hasContent" : false
      }, {
        "name" : "Fill '('xpath', \"//input[@data-validation='name']\")' with data 'И'",
        "time" : {
          "start" : 1729936352221,
          "stop" : 1729936352343,
          "duration" : 122
        },
        "status" : "passed",
        "steps" : [ ],
        "attachments" : [ ],
        "parameters" : [ ],
        "stepsCount" : 0,
        "attachmentsCount" : 0,
        "shouldDisplayMessage" : false,
        "hasContent" : false
      }, {
        "name" : "Fill '('xpath', \"//*[@id='telephone']\")' with data '631122881'",
        "time" : {
          "start" : 1729936352343,
          "stop" : 1729936352494,
          "duration" : 151
        },
        "status" : "passed",
        "steps" : [ ],
        "attachments" : [ ],
        "parameters" : [ ],
        "stepsCount" : 0,
        "attachmentsCount" : 0,
        "shouldDisplayMessage" : false,
        "hasContent" : false
      }, {
        "name" : "Fill '('xpath', \"//input[@data-validation='email']\")' with data 'evpraksija49@example.com'",
        "time" : {
          "start" : 1729936352494,
          "stop" : 1729936352646,
          "duration" : 152
        },
        "status" : "passed",
        "steps" : [ ],
        "attachments" : [ ],
        "parameters" : [ ],
        "stepsCount" : 0,
        "attachmentsCount" : 0,
        "shouldDisplayMessage" : false,
        "hasContent" : false
      }, {
        "name" : "Click ('xpath', \"//button[@class='auth_next']\")",
        "time" : {
          "start" : 1729936352646,
          "stop" : 1729936352703,
          "duration" : 57
        },
        "status" : "passed",
        "steps" : [ ],
        "attachments" : [ ],
        "parameters" : [ ],
        "stepsCount" : 0,
        "attachmentsCount" : 0,
        "shouldDisplayMessage" : false,
        "hasContent" : false
      }, {
        "name" : "Fill '('xpath', \"//input[@id='code-auth']\")' with data '1111'",
        "time" : {
          "start" : 1729936352703,
          "stop" : 1729936372971,
          "duration" : 20268
        },
        "status" : "broken",
        "statusMessage" : "selenium.common.exceptions.TimeoutException: Message: \nStacktrace:\n#0 0x5568996418ae <unknown>\n#1 0x556899176c40 <unknown>\n#2 0x5568991c2e12 <unknown>\n#3 0x5568991c3011 <unknown>\n#4 0x55689920cbc4 <unknown>\n#5 0x5568991eaefd <unknown>\n#6 0x55689920a6d2 <unknown>\n#7 0x5568991eac73 <unknown>\n#8 0x5568991b66e8 <unknown>\n#9 0x5568991b769e <unknown>\n#10 0x556899614c66 <unknown>\n#11 0x556899617f97 <unknown>\n#12 0x556899617a58 <unknown>\n#13 0x556899618425 <unknown>\n#14 0x556899605b6e <unknown>\n#15 0x55689961876f <unknown>\n#16 0x5568995ef625 <unknown>\n#17 0x556899630d55 <unknown>\n#18 0x556899630f36 <unknown>\n#19 0x5568996406e5 <unknown>\n#20 0x7fe544aaf144 <unknown>\n\n",
        "statusTrace" : "  File \"/usr/workspace/src/base_classes/base_page.py\", line 46, in fill_field_with_click\n    self.wait.until(EC.element_to_be_clickable(field_name)).click()\n  File \"/usr/local/lib/python3.10/site-packages/selenium/webdriver/support/wait.py\", line 105, in until\n    raise TimeoutException(message, screen, stacktrace)\n",
        "steps" : [ ],
        "attachments" : [ ],
        "parameters" : [ ],
        "stepsCount" : 0,
        "attachmentsCount" : 0,
        "shouldDisplayMessage" : true,
        "hasContent" : true
      } ],
      "attachments" : [ ],
      "parameters" : [ {
        "name" : "user",
        "value" : "{'name': 'Ильин Тимофей Давидович', 'email': 'evpraksija49@example.com', 'phone': '+380631122881'}"
      }, {
        "name" : "code",
        "value" : "1111"
      } ],
      "stepsCount" : 9,
      "attachmentsCount" : 0,
      "shouldDisplayMessage" : false,
      "hasContent" : true
    } ],
    "attachments" : [ {
      "uid" : "e5a23e148c6c2ef2",
      "name" : "log",
      "source" : "e5a23e148c6c2ef2.txt",
      "type" : "text/plain",
      "size" : 92
    } ],
    "parameters" : [ ],
    "stepsCount" : 10,
    "attachmentsCount" : 1,
    "shouldDisplayMessage" : true,
    "hasContent" : true
  },
  "afterStages" : [ {
    "name" : "set_driver::0",
    "time" : {
      "start" : 1729936373015,
      "stop" : 1729936373083,
      "duration" : 68
    },
    "status" : "passed",
    "steps" : [ ],
    "attachments" : [ ],
    "parameters" : [ ],
    "stepsCount" : 0,
    "attachmentsCount" : 0,
    "shouldDisplayMessage" : false,
    "hasContent" : false
  } ],
  "labels" : [ {
    "name" : "parentSuite",
    "value" : "tests.ui"
  }, {
    "name" : "suite",
    "value" : "test_registration_new_user"
  }, {
    "name" : "subSuite",
    "value" : "TestRegistrationUser"
  }, {
    "name" : "host",
    "value" : "ed2bd207327c"
  }, {
    "name" : "thread",
    "value" : "7-MainThread"
  }, {
    "name" : "framework",
    "value" : "pytest"
  }, {
    "name" : "language",
    "value" : "cpython3"
  }, {
    "name" : "package",
    "value" : "tests.ui.test_registration_new_user"
  }, {
    "name" : "resultFormat",
    "value" : "allure2"
  } ],
  "parameters" : [ {
    "name" : "code",
    "value" : "1111"
  }, {
    "name" : "user",
    "value" : "{'name': 'Ильин Тимофей Давидович', 'email': 'evpraksija49@example.com', 'phone': '+380631122881'}"
  } ],
  "links" : [ ],
  "hidden" : false,
  "retry" : false,
  "extra" : {
    "severity" : "normal",
    "retries" : [ ],
    "categories" : [ {
      "name" : "Test defects",
      "matchedStatuses" : [ ],
      "flaky" : false
    } ],
    "tags" : [ ]
  },
  "source" : "972b5f96fe5daab2.json",
  "parameterValues" : [ "1111", "{'name': 'Ильин Тимофей Давидович', 'email': 'evpraksija49@example.com', 'phone': '+380631122881'}" ]
}