{
  "uid" : "977238600db05a24",
  "name" : "Test Authorization authorized user AWDEV-T491",
  "fullName" : "tests.ui.test_authorization_user.TestRegistrationUser#test_authorization_user_awdew_t491",
  "historyId" : "ad0fa193154ae62618381a87ad8c3e13",
  "time" : {
    "start" : 1718559016099,
    "stop" : 1718559042996,
    "duration" : 26897
  },
  "status" : "broken",
  "statusMessage" : "selenium.common.exceptions.TimeoutException: Message: \nStacktrace:\n#0 0x7ff2f8f6be3a <unknown>\n#1 0x7ff2f8c5545c <unknown>\n#2 0x7ff2f8ca15b5 <unknown>\n#3 0x7ff2f8ca1671 <unknown>\n#4 0x7ff2f8ce5f14 <unknown>\n#5 0x7ff2f8cc44dd <unknown>\n#6 0x7ff2f8ce32cc <unknown>\n#7 0x7ff2f8cc4253 <unknown>\n#8 0x7ff2f8c941c7 <unknown>\n#9 0x7ff2f8c94b3e <unknown>\n#10 0x7ff2f8f3227b <unknown>\n#11 0x7ff2f8f36327 <unknown>\n#12 0x7ff2f8f1edae <unknown>\n#13 0x7ff2f8f36df2 <unknown>\n#14 0x7ff2f8f0374f <unknown>\n#15 0x7ff2f8f5b128 <unknown>\n#16 0x7ff2f8f5b2fb <unknown>\n#17 0x7ff2f8f6af6c <unknown>\n#18 0x7ff2f97d9349 <unknown>",
  "statusTrace" : "self = <tests.ui.test_authorization_user.TestRegistrationUser object at 0x7f0b37bef400>\nuser = {'name': 'Дима', 'phone': '+380637203664'}, code = 8889\n\n    @allure.title(\"Test Authorization authorized user AWDEV-T491\")\n    @pytest.mark.parametrize(\"user, code\", [(AuthorizationUserUi.authorized_user, DEFAULT_CODE_AUTHORIZATION)], ids=str)\n    def test_authorization_user_awdew_t491(self, user, code):\n        self.authorization_page.open_authorization_form()\n        self.authorization_page.fill_authorization_form(user=user)\n>       self.authorization_page.confirm_authorization_form(code=code)\n\ntests/ui/test_authorization_user.py:15: \n_ _ _ _ _ _ _ _ _ _ _ _ _ _ _ _ _ _ _ _ _ _ _ _ _ _ _ _ _ _ _ _ _ _ _ _ _ _ _ _ \nsrc/pages/authorization_page.py:35: in confirm_authorization_form\n    self.fill_field_with_click(self.CODE_FIELD, code)\nsrc/base_classes/base_page.py:46: in fill_field_with_click\n    self.wait.until(EC.element_to_be_clickable(field_name)).click()\n_ _ _ _ _ _ _ _ _ _ _ _ _ _ _ _ _ _ _ _ _ _ _ _ _ _ _ _ _ _ _ _ _ _ _ _ _ _ _ _ \n\nself = <selenium.webdriver.support.wait.WebDriverWait (session=\"40620b446094844a14b12d930d3b50bf\")>\nmethod = <function element_to_be_clickable.<locals>._predicate at 0x7f0b3cddbac0>\nmessage = ''\n\n    def until(self, method: Callable[[D], Union[Literal[False], T]], message: str = \"\") -> T:\n        \"\"\"Calls the method provided with the driver as an argument until the \\\n        return value does not evaluate to ``False``.\n    \n        :param method: callable(WebDriver)\n        :param message: optional message for :exc:`TimeoutException`\n        :returns: the result of the last call to `method`\n        :raises: :exc:`selenium.common.exceptions.TimeoutException` if timeout occurs\n        \"\"\"\n        screen = None\n        stacktrace = None\n    \n        end_time = time.monotonic() + self._timeout\n        while True:\n            try:\n                value = method(self._driver)\n                if value:\n                    return value\n            except self._ignored_exceptions as exc:\n                screen = getattr(exc, \"screen\", None)\n                stacktrace = getattr(exc, \"stacktrace\", None)\n            time.sleep(self._poll)\n            if time.monotonic() > end_time:\n                break\n>       raise TimeoutException(message, screen, stacktrace)\nE       selenium.common.exceptions.TimeoutException: Message: \nE       Stacktrace:\nE       #0 0x7ff2f8f6be3a <unknown>\nE       #1 0x7ff2f8c5545c <unknown>\nE       #2 0x7ff2f8ca15b5 <unknown>\nE       #3 0x7ff2f8ca1671 <unknown>\nE       #4 0x7ff2f8ce5f14 <unknown>\nE       #5 0x7ff2f8cc44dd <unknown>\nE       #6 0x7ff2f8ce32cc <unknown>\nE       #7 0x7ff2f8cc4253 <unknown>\nE       #8 0x7ff2f8c941c7 <unknown>\nE       #9 0x7ff2f8c94b3e <unknown>\nE       #10 0x7ff2f8f3227b <unknown>\nE       #11 0x7ff2f8f36327 <unknown>\nE       #12 0x7ff2f8f1edae <unknown>\nE       #13 0x7ff2f8f36df2 <unknown>\nE       #14 0x7ff2f8f0374f <unknown>\nE       #15 0x7ff2f8f5b128 <unknown>\nE       #16 0x7ff2f8f5b2fb <unknown>\nE       #17 0x7ff2f8f6af6c <unknown>\nE       #18 0x7ff2f97d9349 <unknown>\n\n../local/lib/python3.10/site-packages/selenium/webdriver/support/wait.py:105: TimeoutException",
  "flaky" : false,
  "newFailed" : false,
  "beforeStages" : [ {
    "name" : "set_env_settings",
    "time" : {
      "start" : 1718559007512,
      "stop" : 1718559007513,
      "duration" : 1
    },
    "status" : "passed",
    "steps" : [ ],
    "attachments" : [ ],
    "parameters" : [ ],
    "attachmentsCount" : 0,
    "shouldDisplayMessage" : false,
    "stepsCount" : 0,
    "hasContent" : false
  }, {
    "name" : "_session_faker",
    "time" : {
      "start" : 1718559007430,
      "stop" : 1718559007512,
      "duration" : 82
    },
    "status" : "passed",
    "steps" : [ ],
    "attachments" : [ ],
    "parameters" : [ ],
    "attachmentsCount" : 0,
    "shouldDisplayMessage" : false,
    "stepsCount" : 0,
    "hasContent" : false
  }, {
    "name" : "pytestconfig",
    "time" : {
      "start" : 1718559007512,
      "stop" : 1718559007512,
      "duration" : 0
    },
    "status" : "passed",
    "steps" : [ ],
    "attachments" : [ ],
    "parameters" : [ ],
    "attachmentsCount" : 0,
    "shouldDisplayMessage" : false,
    "stepsCount" : 0,
    "hasContent" : false
  }, {
    "name" : "set_driver",
    "time" : {
      "start" : 1718559015376,
      "stop" : 1718559016098,
      "duration" : 722
    },
    "status" : "passed",
    "steps" : [ ],
    "attachments" : [ ],
    "parameters" : [ ],
    "attachmentsCount" : 0,
    "shouldDisplayMessage" : false,
    "stepsCount" : 0,
    "hasContent" : false
  }, {
    "name" : "setup",
    "time" : {
      "start" : 1718559016099,
      "stop" : 1718559016099,
      "duration" : 0
    },
    "status" : "passed",
    "steps" : [ ],
    "attachments" : [ ],
    "parameters" : [ ],
    "attachmentsCount" : 0,
    "shouldDisplayMessage" : false,
    "stepsCount" : 0,
    "hasContent" : false
  } ],
  "testStage" : {
    "status" : "broken",
    "statusMessage" : "selenium.common.exceptions.TimeoutException: Message: \nStacktrace:\n#0 0x7ff2f8f6be3a <unknown>\n#1 0x7ff2f8c5545c <unknown>\n#2 0x7ff2f8ca15b5 <unknown>\n#3 0x7ff2f8ca1671 <unknown>\n#4 0x7ff2f8ce5f14 <unknown>\n#5 0x7ff2f8cc44dd <unknown>\n#6 0x7ff2f8ce32cc <unknown>\n#7 0x7ff2f8cc4253 <unknown>\n#8 0x7ff2f8c941c7 <unknown>\n#9 0x7ff2f8c94b3e <unknown>\n#10 0x7ff2f8f3227b <unknown>\n#11 0x7ff2f8f36327 <unknown>\n#12 0x7ff2f8f1edae <unknown>\n#13 0x7ff2f8f36df2 <unknown>\n#14 0x7ff2f8f0374f <unknown>\n#15 0x7ff2f8f5b128 <unknown>\n#16 0x7ff2f8f5b2fb <unknown>\n#17 0x7ff2f8f6af6c <unknown>\n#18 0x7ff2f97d9349 <unknown>",
    "statusTrace" : "self = <tests.ui.test_authorization_user.TestRegistrationUser object at 0x7f0b37bef400>\nuser = {'name': 'Дима', 'phone': '+380637203664'}, code = 8889\n\n    @allure.title(\"Test Authorization authorized user AWDEV-T491\")\n    @pytest.mark.parametrize(\"user, code\", [(AuthorizationUserUi.authorized_user, DEFAULT_CODE_AUTHORIZATION)], ids=str)\n    def test_authorization_user_awdew_t491(self, user, code):\n        self.authorization_page.open_authorization_form()\n        self.authorization_page.fill_authorization_form(user=user)\n>       self.authorization_page.confirm_authorization_form(code=code)\n\ntests/ui/test_authorization_user.py:15: \n_ _ _ _ _ _ _ _ _ _ _ _ _ _ _ _ _ _ _ _ _ _ _ _ _ _ _ _ _ _ _ _ _ _ _ _ _ _ _ _ \nsrc/pages/authorization_page.py:35: in confirm_authorization_form\n    self.fill_field_with_click(self.CODE_FIELD, code)\nsrc/base_classes/base_page.py:46: in fill_field_with_click\n    self.wait.until(EC.element_to_be_clickable(field_name)).click()\n_ _ _ _ _ _ _ _ _ _ _ _ _ _ _ _ _ _ _ _ _ _ _ _ _ _ _ _ _ _ _ _ _ _ _ _ _ _ _ _ \n\nself = <selenium.webdriver.support.wait.WebDriverWait (session=\"40620b446094844a14b12d930d3b50bf\")>\nmethod = <function element_to_be_clickable.<locals>._predicate at 0x7f0b3cddbac0>\nmessage = ''\n\n    def until(self, method: Callable[[D], Union[Literal[False], T]], message: str = \"\") -> T:\n        \"\"\"Calls the method provided with the driver as an argument until the \\\n        return value does not evaluate to ``False``.\n    \n        :param method: callable(WebDriver)\n        :param message: optional message for :exc:`TimeoutException`\n        :returns: the result of the last call to `method`\n        :raises: :exc:`selenium.common.exceptions.TimeoutException` if timeout occurs\n        \"\"\"\n        screen = None\n        stacktrace = None\n    \n        end_time = time.monotonic() + self._timeout\n        while True:\n            try:\n                value = method(self._driver)\n                if value:\n                    return value\n            except self._ignored_exceptions as exc:\n                screen = getattr(exc, \"screen\", None)\n                stacktrace = getattr(exc, \"stacktrace\", None)\n            time.sleep(self._poll)\n            if time.monotonic() > end_time:\n                break\n>       raise TimeoutException(message, screen, stacktrace)\nE       selenium.common.exceptions.TimeoutException: Message: \nE       Stacktrace:\nE       #0 0x7ff2f8f6be3a <unknown>\nE       #1 0x7ff2f8c5545c <unknown>\nE       #2 0x7ff2f8ca15b5 <unknown>\nE       #3 0x7ff2f8ca1671 <unknown>\nE       #4 0x7ff2f8ce5f14 <unknown>\nE       #5 0x7ff2f8cc44dd <unknown>\nE       #6 0x7ff2f8ce32cc <unknown>\nE       #7 0x7ff2f8cc4253 <unknown>\nE       #8 0x7ff2f8c941c7 <unknown>\nE       #9 0x7ff2f8c94b3e <unknown>\nE       #10 0x7ff2f8f3227b <unknown>\nE       #11 0x7ff2f8f36327 <unknown>\nE       #12 0x7ff2f8f1edae <unknown>\nE       #13 0x7ff2f8f36df2 <unknown>\nE       #14 0x7ff2f8f0374f <unknown>\nE       #15 0x7ff2f8f5b128 <unknown>\nE       #16 0x7ff2f8f5b2fb <unknown>\nE       #17 0x7ff2f8f6af6c <unknown>\nE       #18 0x7ff2f97d9349 <unknown>\n\n../local/lib/python3.10/site-packages/selenium/webdriver/support/wait.py:105: TimeoutException",
    "steps" : [ {
      "name" : "Open 'https://m2-live-qa-001.antoshka.ua/uk/' page",
      "time" : {
        "start" : 1718559016100,
        "stop" : 1718559021214,
        "duration" : 5114
      },
      "status" : "passed",
      "steps" : [ ],
      "attachments" : [ ],
      "parameters" : [ ],
      "attachmentsCount" : 0,
      "shouldDisplayMessage" : false,
      "stepsCount" : 0,
      "hasContent" : false
    }, {
      "name" : "Page 'https://m2-live-qa-001.antoshka.ua/uk/' is opened",
      "time" : {
        "start" : 1718559021214,
        "stop" : 1718559021217,
        "duration" : 3
      },
      "status" : "passed",
      "steps" : [ ],
      "attachments" : [ ],
      "parameters" : [ ],
      "attachmentsCount" : 0,
      "shouldDisplayMessage" : false,
      "stepsCount" : 0,
      "hasContent" : false
    }, {
      "name" : "Click ('xpath', \"//*[@id='login-enter']\")",
      "time" : {
        "start" : 1718559021217,
        "stop" : 1718559021277,
        "duration" : 60
      },
      "status" : "passed",
      "steps" : [ ],
      "attachments" : [ ],
      "parameters" : [ ],
      "attachmentsCount" : 0,
      "shouldDisplayMessage" : false,
      "stepsCount" : 0,
      "hasContent" : false
    }, {
      "name" : "Fill '('xpath', \"//*[@id='telephone']\")' with data '637203664'",
      "time" : {
        "start" : 1718559021277,
        "stop" : 1718559022435,
        "duration" : 1158
      },
      "status" : "passed",
      "steps" : [ ],
      "attachments" : [ ],
      "parameters" : [ ],
      "attachmentsCount" : 0,
      "shouldDisplayMessage" : false,
      "stepsCount" : 0,
      "hasContent" : false
    }, {
      "name" : "Click ('xpath', \"//button[@class='auth_next']\")",
      "time" : {
        "start" : 1718559022435,
        "stop" : 1718559022483,
        "duration" : 48
      },
      "status" : "passed",
      "steps" : [ ],
      "attachments" : [ ],
      "parameters" : [ ],
      "attachmentsCount" : 0,
      "shouldDisplayMessage" : false,
      "stepsCount" : 0,
      "hasContent" : false
    }, {
      "name" : "Fill '('xpath', \"//input[@id='code-auth']\")' with data '8889'",
      "time" : {
        "start" : 1718559022483,
        "stop" : 1718559042995,
        "duration" : 20512
      },
      "status" : "broken",
      "statusMessage" : "selenium.common.exceptions.TimeoutException: Message: \nStacktrace:\n#0 0x7ff2f8f6be3a <unknown>\n#1 0x7ff2f8c5545c <unknown>\n#2 0x7ff2f8ca15b5 <unknown>\n#3 0x7ff2f8ca1671 <unknown>\n#4 0x7ff2f8ce5f14 <unknown>\n#5 0x7ff2f8cc44dd <unknown>\n#6 0x7ff2f8ce32cc <unknown>\n#7 0x7ff2f8cc4253 <unknown>\n#8 0x7ff2f8c941c7 <unknown>\n#9 0x7ff2f8c94b3e <unknown>\n#10 0x7ff2f8f3227b <unknown>\n#11 0x7ff2f8f36327 <unknown>\n#12 0x7ff2f8f1edae <unknown>\n#13 0x7ff2f8f36df2 <unknown>\n#14 0x7ff2f8f0374f <unknown>\n#15 0x7ff2f8f5b128 <unknown>\n#16 0x7ff2f8f5b2fb <unknown>\n#17 0x7ff2f8f6af6c <unknown>\n#18 0x7ff2f97d9349 <unknown>\n\n",
      "statusTrace" : "  File \"/usr/workspace/src/base_classes/base_page.py\", line 46, in fill_field_with_click\n    self.wait.until(EC.element_to_be_clickable(field_name)).click()\n  File \"/usr/local/lib/python3.10/site-packages/selenium/webdriver/support/wait.py\", line 105, in until\n    raise TimeoutException(message, screen, stacktrace)\n",
      "steps" : [ ],
      "attachments" : [ ],
      "parameters" : [ ],
      "attachmentsCount" : 0,
      "shouldDisplayMessage" : true,
      "stepsCount" : 0,
      "hasContent" : true
    } ],
    "attachments" : [ ],
    "parameters" : [ ],
    "attachmentsCount" : 0,
    "shouldDisplayMessage" : true,
    "stepsCount" : 6,
    "hasContent" : true
  },
  "afterStages" : [ {
    "name" : "set_driver::0",
    "time" : {
      "start" : 1718559043043,
      "stop" : 1718559043114,
      "duration" : 71
    },
    "status" : "passed",
    "steps" : [ ],
    "attachments" : [ ],
    "parameters" : [ ],
    "attachmentsCount" : 0,
    "shouldDisplayMessage" : false,
    "stepsCount" : 0,
    "hasContent" : false
  } ],
  "labels" : [ {
    "name" : "parentSuite",
    "value" : "tests.ui"
  }, {
    "name" : "suite",
    "value" : "test_authorization_user"
  }, {
    "name" : "subSuite",
    "value" : "TestRegistrationUser"
  }, {
    "name" : "host",
    "value" : "4dd7426a66c7"
  }, {
    "name" : "thread",
    "value" : "1-MainThread"
  }, {
    "name" : "framework",
    "value" : "pytest"
  }, {
    "name" : "language",
    "value" : "cpython3"
  }, {
    "name" : "package",
    "value" : "tests.ui.test_authorization_user"
  }, {
    "name" : "resultFormat",
    "value" : "allure2"
  } ],
  "parameters" : [ {
    "name" : "code",
    "value" : "8889"
  }, {
    "name" : "user",
    "value" : "{'name': 'Дима', 'phone': '+380637203664'}"
  } ],
  "links" : [ ],
  "hidden" : false,
  "retry" : false,
  "extra" : {
    "severity" : "normal",
    "retries" : [ ],
    "categories" : [ {
      "name" : "Test defects",
      "matchedStatuses" : [ ],
      "flaky" : false
    } ],
    "history" : {
      "statistic" : {
        "failed" : 0,
        "broken" : 2,
        "skipped" : 0,
        "passed" : 3,
        "unknown" : 0,
        "total" : 5
      },
      "items" : [ {
        "uid" : "5f1e00eee2d89e40",
        "status" : "passed",
        "time" : {
          "start" : 1718551852143,
          "stop" : 1718551860754,
          "duration" : 8611
        }
      }, {
        "uid" : "db4dee6963b04957",
        "status" : "broken",
        "statusDetails" : "selenium.common.exceptions.TimeoutException: Message: \nStacktrace:\n#0 0x7f69f5a38e3a <unknown>\n#1 0x7f69f572245c <unknown>\n#2 0x7f69f576e5b5 <unknown>\n#3 0x7f69f576e671 <unknown>\n#4 0x7f69f57b2f14 <unknown>\n#5 0x7f69f57914dd <unknown>\n#6 0x7f69f57b02cc <unknown>\n#7 0x7f69f5791253 <unknown>\n#8 0x7f69f57611c7 <unknown>\n#9 0x7f69f5761b3e <unknown>\n#10 0x7f69f59ff27b <unknown>\n#11 0x7f69f5a03327 <unknown>\n#12 0x7f69f59ebdae <unknown>\n#13 0x7f69f5a03df2 <unknown>\n#14 0x7f69f59d074f <unknown>\n#15 0x7f69f5a28128 <unknown>\n#16 0x7f69f5a282fb <unknown>\n#17 0x7f69f5a37f6c <unknown>\n#18 0x7f69f62a6349 <unknown>",
        "time" : {
          "start" : 1718551126928,
          "stop" : 1718551153039,
          "duration" : 26111
        }
      }, {
        "uid" : "84db97be996b1647",
        "status" : "passed",
        "time" : {
          "start" : 1718549916502,
          "stop" : 1718549926240,
          "duration" : 9738
        }
      }, {
        "uid" : "3ac1f03b93b7bc80",
        "status" : "passed",
        "time" : {
          "start" : 1718549490818,
          "stop" : 1718549500809,
          "duration" : 9991
        }
      } ]
    },
    "tags" : [ ]
  },
  "source" : "977238600db05a24.json",
  "parameterValues" : [ "8889", "{'name': 'Дима', 'phone': '+380637203664'}" ]
}