{
  "uid" : "98ab779d95a3c655",
  "name" : "test_registration_user_with_wrong_code_awdev_t506[{'name': '\\u0433-\\u0436\\u0430 \\u041a\\u0430\\u043b\\u0438\\u043d\\u0438\\u043d\\u0430 \\u0418\\u0432\\u0430\\u043d\\u043d\\u0430 \\u0425\\u0430\\u0440\\u0438\\u0442\\u043e\\u043d\\u043e\\u0432\\u043d\\u0430', 'email': 'cpoljakova@example.com', 'phone': '+380631698094'}-8889]",
  "fullName" : "tests.ui.test_registration_new_user.TestRegistrationUser#test_registration_user_with_wrong_code_awdev_t506",
  "historyId" : "601e95caa75e7379fc2ab0b451af3282",
  "time" : {
    "start" : 1725685077676,
    "stop" : 1725685102902,
    "duration" : 25226
  },
  "status" : "broken",
  "statusMessage" : "selenium.common.exceptions.TimeoutException: Message:",
  "statusTrace" : "self = <tests.ui.test_registration_new_user.TestRegistrationUser object at 0x7f13a9bc8910>\nuser = {'email': 'cpoljakova@example.com', 'name': 'г-жа Калинина Иванна Харитоновна', 'phone': '+380631698094'}\ncode = 8889\n\n    @allure.step(\"Registration new user with wrong code AWDEV-T506\")\n    @pytest.mark.parametrize(\"user, code\",\n                             [(RegistrationUserUi.new_user_name_phone_email, DEFAULT_CODE_AUTHORIZATION)], ids=str)\n    def test_registration_user_with_wrong_code_awdev_t506(self, user, code):\n        self.registration_page.open_registration_form()\n>       self.registration_page.fill_registration_form(user=user)\n\ntests/ui/test_registration_new_user.py:40: \n_ _ _ _ _ _ _ _ _ _ _ _ _ _ _ _ _ _ _ _ _ _ _ _ _ _ _ _ _ _ _ _ _ _ _ _ _ _ _ _ \nsrc/pages/registration_page.py:40: in fill_registration_form\n    self.click_element(self.BTN_NEXT)\nsrc/base_classes/base_page.py:38: in click_element\n    self.wait.until(EC.element_to_be_clickable(element_name)).click()\n_ _ _ _ _ _ _ _ _ _ _ _ _ _ _ _ _ _ _ _ _ _ _ _ _ _ _ _ _ _ _ _ _ _ _ _ _ _ _ _ \n\nself = <selenium.webdriver.support.wait.WebDriverWait (session=\"48215bca79a7c48e54c40aca1f18ecf3\")>\nmethod = <function element_to_be_clickable.<locals>._predicate at 0x7f13a8d699d0>\nmessage = ''\n\n    def until(self, method: Callable[[D], Union[Literal[False], T]], message: str = \"\") -> T:\n        \"\"\"Calls the method provided with the driver as an argument until the \\\n        return value does not evaluate to ``False``.\n    \n        :param method: callable(WebDriver)\n        :param message: optional message for :exc:`TimeoutException`\n        :returns: the result of the last call to `method`\n        :raises: :exc:`selenium.common.exceptions.TimeoutException` if timeout occurs\n        \"\"\"\n        screen = None\n        stacktrace = None\n    \n        end_time = time.monotonic() + self._timeout\n        while True:\n            try:\n                value = method(self._driver)\n                if value:\n                    return value\n            except self._ignored_exceptions as exc:\n                screen = getattr(exc, \"screen\", None)\n                stacktrace = getattr(exc, \"stacktrace\", None)\n            time.sleep(self._poll)\n            if time.monotonic() > end_time:\n                break\n>       raise TimeoutException(message, screen, stacktrace)\nE       selenium.common.exceptions.TimeoutException: Message:\n\n../local/lib/python3.9/dist-packages/selenium/webdriver/support/wait.py:105: TimeoutException",
  "flaky" : false,
  "newFailed" : false,
  "newBroken" : false,
  "newPassed" : false,
  "retriesCount" : 0,
  "retriesStatusChange" : false,
  "beforeStages" : [ {
    "name" : "_session_faker",
    "time" : {
      "start" : 1725684982922,
      "stop" : 1725684982990,
      "duration" : 68
    },
    "status" : "passed",
    "steps" : [ ],
    "attachments" : [ ],
    "parameters" : [ ],
    "stepsCount" : 0,
    "attachmentsCount" : 0,
    "shouldDisplayMessage" : false,
    "hasContent" : false
  }, {
    "name" : "pytestconfig",
    "time" : {
      "start" : 1725684982990,
      "stop" : 1725684982990,
      "duration" : 0
    },
    "status" : "passed",
    "steps" : [ ],
    "attachments" : [ ],
    "parameters" : [ ],
    "stepsCount" : 0,
    "attachmentsCount" : 0,
    "shouldDisplayMessage" : false,
    "hasContent" : false
  }, {
    "name" : "set_env_settings",
    "time" : {
      "start" : 1725684982990,
      "stop" : 1725684982991,
      "duration" : 1
    },
    "status" : "passed",
    "steps" : [ ],
    "attachments" : [ ],
    "parameters" : [ ],
    "stepsCount" : 0,
    "attachmentsCount" : 0,
    "shouldDisplayMessage" : false,
    "hasContent" : false
  }, {
    "name" : "set_driver",
    "time" : {
      "start" : 1725685077312,
      "stop" : 1725685077674,
      "duration" : 362
    },
    "status" : "passed",
    "steps" : [ ],
    "attachments" : [ ],
    "parameters" : [ ],
    "stepsCount" : 0,
    "attachmentsCount" : 0,
    "shouldDisplayMessage" : false,
    "hasContent" : false
  }, {
    "name" : "setup",
    "time" : {
      "start" : 1725685077674,
      "stop" : 1725685077675,
      "duration" : 1
    },
    "status" : "passed",
    "steps" : [ ],
    "attachments" : [ ],
    "parameters" : [ ],
    "stepsCount" : 0,
    "attachmentsCount" : 0,
    "shouldDisplayMessage" : false,
    "hasContent" : false
  } ],
  "testStage" : {
    "status" : "broken",
    "statusMessage" : "selenium.common.exceptions.TimeoutException: Message:",
    "statusTrace" : "self = <tests.ui.test_registration_new_user.TestRegistrationUser object at 0x7f13a9bc8910>\nuser = {'email': 'cpoljakova@example.com', 'name': 'г-жа Калинина Иванна Харитоновна', 'phone': '+380631698094'}\ncode = 8889\n\n    @allure.step(\"Registration new user with wrong code AWDEV-T506\")\n    @pytest.mark.parametrize(\"user, code\",\n                             [(RegistrationUserUi.new_user_name_phone_email, DEFAULT_CODE_AUTHORIZATION)], ids=str)\n    def test_registration_user_with_wrong_code_awdev_t506(self, user, code):\n        self.registration_page.open_registration_form()\n>       self.registration_page.fill_registration_form(user=user)\n\ntests/ui/test_registration_new_user.py:40: \n_ _ _ _ _ _ _ _ _ _ _ _ _ _ _ _ _ _ _ _ _ _ _ _ _ _ _ _ _ _ _ _ _ _ _ _ _ _ _ _ \nsrc/pages/registration_page.py:40: in fill_registration_form\n    self.click_element(self.BTN_NEXT)\nsrc/base_classes/base_page.py:38: in click_element\n    self.wait.until(EC.element_to_be_clickable(element_name)).click()\n_ _ _ _ _ _ _ _ _ _ _ _ _ _ _ _ _ _ _ _ _ _ _ _ _ _ _ _ _ _ _ _ _ _ _ _ _ _ _ _ \n\nself = <selenium.webdriver.support.wait.WebDriverWait (session=\"48215bca79a7c48e54c40aca1f18ecf3\")>\nmethod = <function element_to_be_clickable.<locals>._predicate at 0x7f13a8d699d0>\nmessage = ''\n\n    def until(self, method: Callable[[D], Union[Literal[False], T]], message: str = \"\") -> T:\n        \"\"\"Calls the method provided with the driver as an argument until the \\\n        return value does not evaluate to ``False``.\n    \n        :param method: callable(WebDriver)\n        :param message: optional message for :exc:`TimeoutException`\n        :returns: the result of the last call to `method`\n        :raises: :exc:`selenium.common.exceptions.TimeoutException` if timeout occurs\n        \"\"\"\n        screen = None\n        stacktrace = None\n    \n        end_time = time.monotonic() + self._timeout\n        while True:\n            try:\n                value = method(self._driver)\n                if value:\n                    return value\n            except self._ignored_exceptions as exc:\n                screen = getattr(exc, \"screen\", None)\n                stacktrace = getattr(exc, \"stacktrace\", None)\n            time.sleep(self._poll)\n            if time.monotonic() > end_time:\n                break\n>       raise TimeoutException(message, screen, stacktrace)\nE       selenium.common.exceptions.TimeoutException: Message:\n\n../local/lib/python3.9/dist-packages/selenium/webdriver/support/wait.py:105: TimeoutException",
    "steps" : [ {
      "name" : "Registration new user with wrong code AWDEV-T506",
      "time" : {
        "start" : 1725685077676,
        "stop" : 1725685102902,
        "duration" : 25226
      },
      "status" : "broken",
      "statusMessage" : "selenium.common.exceptions.TimeoutException: Message: \n\n",
      "statusTrace" : "  File \"/usr/local/lib/python3.9/dist-packages/allure_commons/_allure.py\", line 192, in impl\n    return func(*a, **kw)\n  File \"/usr/workspace/tests/ui/test_registration_new_user.py\", line 40, in test_registration_user_with_wrong_code_awdev_t506\n    self.registration_page.fill_registration_form(user=user)\n  File \"/usr/workspace/src/pages/registration_page.py\", line 40, in fill_registration_form\n    self.click_element(self.BTN_NEXT)\n  File \"/usr/workspace/src/base_classes/base_page.py\", line 38, in click_element\n    self.wait.until(EC.element_to_be_clickable(element_name)).click()\n  File \"/usr/local/lib/python3.9/dist-packages/selenium/webdriver/support/wait.py\", line 105, in until\n    raise TimeoutException(message, screen, stacktrace)\n",
      "steps" : [ {
        "name" : "Open 'https://m2-live-dev-001.antoshka.ua/uk/' page",
        "time" : {
          "start" : 1725685077676,
          "stop" : 1725685081084,
          "duration" : 3408
        },
        "status" : "passed",
        "steps" : [ ],
        "attachments" : [ ],
        "parameters" : [ ],
        "stepsCount" : 0,
        "attachmentsCount" : 0,
        "shouldDisplayMessage" : false,
        "hasContent" : false
      }, {
        "name" : "Page 'https://m2-live-dev-001.antoshka.ua/uk/' is opened",
        "time" : {
          "start" : 1725685081084,
          "stop" : 1725685081088,
          "duration" : 4
        },
        "status" : "passed",
        "steps" : [ ],
        "attachments" : [ ],
        "parameters" : [ ],
        "stepsCount" : 0,
        "attachmentsCount" : 0,
        "shouldDisplayMessage" : false,
        "hasContent" : false
      }, {
        "name" : "Click ('xpath', \"//*[@id='login-enter']\")",
        "time" : {
          "start" : 1725685081088,
          "stop" : 1725685081139,
          "duration" : 51
        },
        "status" : "passed",
        "steps" : [ ],
        "attachments" : [ ],
        "parameters" : [ ],
        "stepsCount" : 0,
        "attachmentsCount" : 0,
        "shouldDisplayMessage" : false,
        "hasContent" : false
      }, {
        "name" : "Click ('xpath', '//form[1]//a')",
        "time" : {
          "start" : 1725685081139,
          "stop" : 1725685082207,
          "duration" : 1068
        },
        "status" : "passed",
        "steps" : [ ],
        "attachments" : [ ],
        "parameters" : [ ],
        "stepsCount" : 0,
        "attachmentsCount" : 0,
        "shouldDisplayMessage" : false,
        "hasContent" : false
      }, {
        "name" : "Fill '('xpath', \"//input[@data-validation='name']\")' with data 'г'",
        "time" : {
          "start" : 1725685082207,
          "stop" : 1725685082315,
          "duration" : 108
        },
        "status" : "passed",
        "steps" : [ ],
        "attachments" : [ ],
        "parameters" : [ ],
        "stepsCount" : 0,
        "attachmentsCount" : 0,
        "shouldDisplayMessage" : false,
        "hasContent" : false
      }, {
        "name" : "Fill '('xpath', \"//*[@id='telephone']\")' with data '631698094'",
        "time" : {
          "start" : 1725685082315,
          "stop" : 1725685082436,
          "duration" : 121
        },
        "status" : "passed",
        "steps" : [ ],
        "attachments" : [ ],
        "parameters" : [ ],
        "stepsCount" : 0,
        "attachmentsCount" : 0,
        "shouldDisplayMessage" : false,
        "hasContent" : false
      }, {
        "name" : "Fill '('xpath', \"//input[@data-validation='email']\")' with data 'cpoljakova@example.com'",
        "time" : {
          "start" : 1725685082436,
          "stop" : 1725685082560,
          "duration" : 124
        },
        "status" : "passed",
        "steps" : [ ],
        "attachments" : [ ],
        "parameters" : [ ],
        "stepsCount" : 0,
        "attachmentsCount" : 0,
        "shouldDisplayMessage" : false,
        "hasContent" : false
      }, {
        "name" : "Click ('xpath', \"//button[@class='auth_next']\")",
        "time" : {
          "start" : 1725685082560,
          "stop" : 1725685102901,
          "duration" : 20341
        },
        "status" : "broken",
        "statusMessage" : "selenium.common.exceptions.TimeoutException: Message: \n\n",
        "statusTrace" : "  File \"/usr/workspace/src/base_classes/base_page.py\", line 38, in click_element\n    self.wait.until(EC.element_to_be_clickable(element_name)).click()\n  File \"/usr/local/lib/python3.9/dist-packages/selenium/webdriver/support/wait.py\", line 105, in until\n    raise TimeoutException(message, screen, stacktrace)\n",
        "steps" : [ ],
        "attachments" : [ ],
        "parameters" : [ ],
        "stepsCount" : 0,
        "attachmentsCount" : 0,
        "shouldDisplayMessage" : true,
        "hasContent" : true
      } ],
      "attachments" : [ ],
      "parameters" : [ {
        "name" : "user",
        "value" : "{'name': 'г-жа Калинина Иванна Харитоновна', 'email': 'cpoljakova@example.com', 'phone': '+380631698094'}"
      }, {
        "name" : "code",
        "value" : "8889"
      } ],
      "stepsCount" : 8,
      "attachmentsCount" : 0,
      "shouldDisplayMessage" : false,
      "hasContent" : true
    } ],
    "attachments" : [ ],
    "parameters" : [ ],
    "stepsCount" : 9,
    "attachmentsCount" : 0,
    "shouldDisplayMessage" : true,
    "hasContent" : true
  },
  "afterStages" : [ {
    "name" : "set_driver::0",
    "time" : {
      "start" : 1725685102909,
      "stop" : 1725685103000,
      "duration" : 91
    },
    "status" : "passed",
    "steps" : [ ],
    "attachments" : [ ],
    "parameters" : [ ],
    "stepsCount" : 0,
    "attachmentsCount" : 0,
    "shouldDisplayMessage" : false,
    "hasContent" : false
  } ],
  "labels" : [ {
    "name" : "parentSuite",
    "value" : "tests.ui"
  }, {
    "name" : "suite",
    "value" : "test_registration_new_user"
  }, {
    "name" : "subSuite",
    "value" : "TestRegistrationUser"
  }, {
    "name" : "host",
    "value" : "42bf11f1b817"
  }, {
    "name" : "thread",
    "value" : "8-MainThread"
  }, {
    "name" : "framework",
    "value" : "pytest"
  }, {
    "name" : "language",
    "value" : "cpython3"
  }, {
    "name" : "package",
    "value" : "tests.ui.test_registration_new_user"
  }, {
    "name" : "resultFormat",
    "value" : "allure2"
  } ],
  "parameters" : [ {
    "name" : "code",
    "value" : "8889"
  }, {
    "name" : "user",
    "value" : "{'name': 'г-жа Калинина Иванна Харитоновна', 'email': 'cpoljakova@example.com', 'phone': '+380631698094'}"
  } ],
  "links" : [ ],
  "hidden" : false,
  "retry" : false,
  "extra" : {
    "severity" : "normal",
    "retries" : [ ],
    "categories" : [ {
      "name" : "Test defects",
      "matchedStatuses" : [ ],
      "flaky" : false
    } ],
    "tags" : [ ]
  },
  "source" : "98ab779d95a3c655.json",
  "parameterValues" : [ "8889", "{'name': 'г-жа Калинина Иванна Харитоновна', 'email': 'cpoljakova@example.com', 'phone': '+380631698094'}" ]
}