{
  "uid" : "a83439febfec7804",
  "name" : "test_registration_user_with_wrong_code_awdev_t506[{'name': '\\u0411\\u0435\\u0441\\u043f\\u0430\\u043b\\u043e\\u0432\\u0430 \\u041e\\u043a\\u0442\\u044f\\u0431\\u0440\\u0438\\u043d\\u0430 \\u041f\\u0430\\u0432\\u043b\\u043e\\u0432\\u043d\\u0430', 'email': 'fomichevaakulina@example.net', 'phone': '+380633158002'}-8889]",
  "fullName" : "tests.ui.test_registration_new_user.TestRegistrationUser#test_registration_user_with_wrong_code_awdev_t506",
  "historyId" : "ac0e6e6448c422d4e69fed22ab2c7234",
  "time" : {
    "start" : 1729939862941,
    "stop" : 1729939889231,
    "duration" : 26290
  },
  "status" : "broken",
  "statusMessage" : "selenium.common.exceptions.TimeoutException: Message: \nStacktrace:\n#0 0x55ae69c338ae <unknown>\n#1 0x55ae69768c40 <unknown>\n#2 0x55ae697b4e12 <unknown>\n#3 0x55ae697b5011 <unknown>\n#4 0x55ae697febc4 <unknown>\n#5 0x55ae697dcefd <unknown>\n#6 0x55ae697fc6d2 <unknown>\n#7 0x55ae697dcc73 <unknown>\n#8 0x55ae697a86e8 <unknown>\n#9 0x55ae697a969e <unknown>\n#10 0x55ae69c06c66 <unknown>\n#11 0x55ae69c09f97 <unknown>\n#12 0x55ae69c09a58 <unknown>\n#13 0x55ae69c0a425 <unknown>\n#14 0x55ae69bf7b6e <unknown>\n#15 0x55ae69c0a76f <unknown>\n#16 0x55ae69be1625 <unknown>\n#17 0x55ae69c22d55 <unknown>\n#18 0x55ae69c22f36 <unknown>\n#19 0x55ae69c326e5 <unknown>\n#20 0x7fc37aa66144 <unknown>",
  "statusTrace" : "self = <tests.ui.test_registration_new_user.TestRegistrationUser object at 0x7f96789af730>\nuser = {'email': 'fomichevaakulina@example.net', 'name': 'Беспалова Октябрина Павловна', 'phone': '+380633158002'}\ncode = 8889\n\n    @allure.step(\"Registration new user with wrong code AWDEV-T506\")\n    @pytest.mark.parametrize(\"user, code\",\n                             [(RegistrationUserUi.new_user_name_phone_email, DEFAULT_CODE_AUTHORIZATION)], ids=str)\n    def test_registration_user_with_wrong_code_awdev_t506(self, user, code):\n        self.registration_page.open_registration_form()\n        self.registration_page.fill_registration_form(user=user)\n>       self.registration_page.confirm_registration_form(code=code, correct=False)\n\ntests/ui/test_registration_new_user.py:41: \n_ _ _ _ _ _ _ _ _ _ _ _ _ _ _ _ _ _ _ _ _ _ _ _ _ _ _ _ _ _ _ _ _ _ _ _ _ _ _ _ \nsrc/pages/registration_page.py:44: in confirm_registration_form\n    self.fill_field_with_click(self.CODE_FIELD, code)\nsrc/base_classes/base_page.py:46: in fill_field_with_click\n    self.wait.until(EC.element_to_be_clickable(field_name)).click()\n_ _ _ _ _ _ _ _ _ _ _ _ _ _ _ _ _ _ _ _ _ _ _ _ _ _ _ _ _ _ _ _ _ _ _ _ _ _ _ _ \n\nself = <selenium.webdriver.support.wait.WebDriverWait (session=\"94f50149bf677d4776efecc6591f04c4\")>\nmethod = <function element_to_be_clickable.<locals>._predicate at 0x7f96778ad1b0>\nmessage = ''\n\n    def until(self, method: Callable[[D], Union[Literal[False], T]], message: str = \"\") -> T:\n        \"\"\"Calls the method provided with the driver as an argument until the \\\n        return value does not evaluate to ``False``.\n    \n        :param method: callable(WebDriver)\n        :param message: optional message for :exc:`TimeoutException`\n        :returns: the result of the last call to `method`\n        :raises: :exc:`selenium.common.exceptions.TimeoutException` if timeout occurs\n        \"\"\"\n        screen = None\n        stacktrace = None\n    \n        end_time = time.monotonic() + self._timeout\n        while True:\n            try:\n                value = method(self._driver)\n                if value:\n                    return value\n            except self._ignored_exceptions as exc:\n                screen = getattr(exc, \"screen\", None)\n                stacktrace = getattr(exc, \"stacktrace\", None)\n            time.sleep(self._poll)\n            if time.monotonic() > end_time:\n                break\n>       raise TimeoutException(message, screen, stacktrace)\nE       selenium.common.exceptions.TimeoutException: Message: \nE       Stacktrace:\nE       #0 0x55ae69c338ae <unknown>\nE       #1 0x55ae69768c40 <unknown>\nE       #2 0x55ae697b4e12 <unknown>\nE       #3 0x55ae697b5011 <unknown>\nE       #4 0x55ae697febc4 <unknown>\nE       #5 0x55ae697dcefd <unknown>\nE       #6 0x55ae697fc6d2 <unknown>\nE       #7 0x55ae697dcc73 <unknown>\nE       #8 0x55ae697a86e8 <unknown>\nE       #9 0x55ae697a969e <unknown>\nE       #10 0x55ae69c06c66 <unknown>\nE       #11 0x55ae69c09f97 <unknown>\nE       #12 0x55ae69c09a58 <unknown>\nE       #13 0x55ae69c0a425 <unknown>\nE       #14 0x55ae69bf7b6e <unknown>\nE       #15 0x55ae69c0a76f <unknown>\nE       #16 0x55ae69be1625 <unknown>\nE       #17 0x55ae69c22d55 <unknown>\nE       #18 0x55ae69c22f36 <unknown>\nE       #19 0x55ae69c326e5 <unknown>\nE       #20 0x7fc37aa66144 <unknown>\n\n../local/lib/python3.10/site-packages/selenium/webdriver/support/wait.py:105: TimeoutException",
  "flaky" : false,
  "newFailed" : false,
  "beforeStages" : [ {
    "name" : "pytestconfig",
    "time" : {
      "start" : 1729939822205,
      "stop" : 1729939822205,
      "duration" : 0
    },
    "status" : "passed",
    "steps" : [ ],
    "attachments" : [ ],
    "parameters" : [ ],
    "stepsCount" : 0,
    "attachmentsCount" : 0,
    "shouldDisplayMessage" : false,
    "hasContent" : false
  }, {
    "name" : "_session_faker",
    "time" : {
      "start" : 1729939822133,
      "stop" : 1729939822205,
      "duration" : 72
    },
    "status" : "passed",
    "steps" : [ ],
    "attachments" : [ ],
    "parameters" : [ ],
    "stepsCount" : 0,
    "attachmentsCount" : 0,
    "shouldDisplayMessage" : false,
    "hasContent" : false
  }, {
    "name" : "setup",
    "time" : {
      "start" : 1729939862940,
      "stop" : 1729939862940,
      "duration" : 0
    },
    "status" : "passed",
    "steps" : [ ],
    "attachments" : [ ],
    "parameters" : [ ],
    "stepsCount" : 0,
    "attachmentsCount" : 0,
    "shouldDisplayMessage" : false,
    "hasContent" : false
  }, {
    "name" : "set_env_settings",
    "time" : {
      "start" : 1729939822205,
      "stop" : 1729939822206,
      "duration" : 1
    },
    "status" : "passed",
    "steps" : [ ],
    "attachments" : [ ],
    "parameters" : [ ],
    "stepsCount" : 0,
    "attachmentsCount" : 0,
    "shouldDisplayMessage" : false,
    "hasContent" : false
  }, {
    "name" : "set_driver",
    "time" : {
      "start" : 1729939862418,
      "stop" : 1729939862940,
      "duration" : 522
    },
    "status" : "passed",
    "steps" : [ ],
    "attachments" : [ ],
    "parameters" : [ ],
    "stepsCount" : 0,
    "attachmentsCount" : 0,
    "shouldDisplayMessage" : false,
    "hasContent" : false
  } ],
  "testStage" : {
    "status" : "broken",
    "statusMessage" : "selenium.common.exceptions.TimeoutException: Message: \nStacktrace:\n#0 0x55ae69c338ae <unknown>\n#1 0x55ae69768c40 <unknown>\n#2 0x55ae697b4e12 <unknown>\n#3 0x55ae697b5011 <unknown>\n#4 0x55ae697febc4 <unknown>\n#5 0x55ae697dcefd <unknown>\n#6 0x55ae697fc6d2 <unknown>\n#7 0x55ae697dcc73 <unknown>\n#8 0x55ae697a86e8 <unknown>\n#9 0x55ae697a969e <unknown>\n#10 0x55ae69c06c66 <unknown>\n#11 0x55ae69c09f97 <unknown>\n#12 0x55ae69c09a58 <unknown>\n#13 0x55ae69c0a425 <unknown>\n#14 0x55ae69bf7b6e <unknown>\n#15 0x55ae69c0a76f <unknown>\n#16 0x55ae69be1625 <unknown>\n#17 0x55ae69c22d55 <unknown>\n#18 0x55ae69c22f36 <unknown>\n#19 0x55ae69c326e5 <unknown>\n#20 0x7fc37aa66144 <unknown>",
    "statusTrace" : "self = <tests.ui.test_registration_new_user.TestRegistrationUser object at 0x7f96789af730>\nuser = {'email': 'fomichevaakulina@example.net', 'name': 'Беспалова Октябрина Павловна', 'phone': '+380633158002'}\ncode = 8889\n\n    @allure.step(\"Registration new user with wrong code AWDEV-T506\")\n    @pytest.mark.parametrize(\"user, code\",\n                             [(RegistrationUserUi.new_user_name_phone_email, DEFAULT_CODE_AUTHORIZATION)], ids=str)\n    def test_registration_user_with_wrong_code_awdev_t506(self, user, code):\n        self.registration_page.open_registration_form()\n        self.registration_page.fill_registration_form(user=user)\n>       self.registration_page.confirm_registration_form(code=code, correct=False)\n\ntests/ui/test_registration_new_user.py:41: \n_ _ _ _ _ _ _ _ _ _ _ _ _ _ _ _ _ _ _ _ _ _ _ _ _ _ _ _ _ _ _ _ _ _ _ _ _ _ _ _ \nsrc/pages/registration_page.py:44: in confirm_registration_form\n    self.fill_field_with_click(self.CODE_FIELD, code)\nsrc/base_classes/base_page.py:46: in fill_field_with_click\n    self.wait.until(EC.element_to_be_clickable(field_name)).click()\n_ _ _ _ _ _ _ _ _ _ _ _ _ _ _ _ _ _ _ _ _ _ _ _ _ _ _ _ _ _ _ _ _ _ _ _ _ _ _ _ \n\nself = <selenium.webdriver.support.wait.WebDriverWait (session=\"94f50149bf677d4776efecc6591f04c4\")>\nmethod = <function element_to_be_clickable.<locals>._predicate at 0x7f96778ad1b0>\nmessage = ''\n\n    def until(self, method: Callable[[D], Union[Literal[False], T]], message: str = \"\") -> T:\n        \"\"\"Calls the method provided with the driver as an argument until the \\\n        return value does not evaluate to ``False``.\n    \n        :param method: callable(WebDriver)\n        :param message: optional message for :exc:`TimeoutException`\n        :returns: the result of the last call to `method`\n        :raises: :exc:`selenium.common.exceptions.TimeoutException` if timeout occurs\n        \"\"\"\n        screen = None\n        stacktrace = None\n    \n        end_time = time.monotonic() + self._timeout\n        while True:\n            try:\n                value = method(self._driver)\n                if value:\n                    return value\n            except self._ignored_exceptions as exc:\n                screen = getattr(exc, \"screen\", None)\n                stacktrace = getattr(exc, \"stacktrace\", None)\n            time.sleep(self._poll)\n            if time.monotonic() > end_time:\n                break\n>       raise TimeoutException(message, screen, stacktrace)\nE       selenium.common.exceptions.TimeoutException: Message: \nE       Stacktrace:\nE       #0 0x55ae69c338ae <unknown>\nE       #1 0x55ae69768c40 <unknown>\nE       #2 0x55ae697b4e12 <unknown>\nE       #3 0x55ae697b5011 <unknown>\nE       #4 0x55ae697febc4 <unknown>\nE       #5 0x55ae697dcefd <unknown>\nE       #6 0x55ae697fc6d2 <unknown>\nE       #7 0x55ae697dcc73 <unknown>\nE       #8 0x55ae697a86e8 <unknown>\nE       #9 0x55ae697a969e <unknown>\nE       #10 0x55ae69c06c66 <unknown>\nE       #11 0x55ae69c09f97 <unknown>\nE       #12 0x55ae69c09a58 <unknown>\nE       #13 0x55ae69c0a425 <unknown>\nE       #14 0x55ae69bf7b6e <unknown>\nE       #15 0x55ae69c0a76f <unknown>\nE       #16 0x55ae69be1625 <unknown>\nE       #17 0x55ae69c22d55 <unknown>\nE       #18 0x55ae69c22f36 <unknown>\nE       #19 0x55ae69c326e5 <unknown>\nE       #20 0x7fc37aa66144 <unknown>\n\n../local/lib/python3.10/site-packages/selenium/webdriver/support/wait.py:105: TimeoutException",
    "steps" : [ {
      "name" : "Registration new user with wrong code AWDEV-T506",
      "time" : {
        "start" : 1729939862941,
        "stop" : 1729939889231,
        "duration" : 26290
      },
      "status" : "broken",
      "statusMessage" : "selenium.common.exceptions.TimeoutException: Message: \nStacktrace:\n#0 0x55ae69c338ae <unknown>\n#1 0x55ae69768c40 <unknown>\n#2 0x55ae697b4e12 <unknown>\n#3 0x55ae697b5011 <unknown>\n#4 0x55ae697febc4 <unknown>\n#5 0x55ae697dcefd <unknown>\n#6 0x55ae697fc6d2 <unknown>\n#7 0x55ae697dcc73 <unknown>\n#8 0x55ae697a86e8 <unknown>\n#9 0x55ae697a969e <unknown>\n#10 0x55ae69c06c66 <unknown>\n#11 0x55ae69c09f97 <unknown>\n#12 0x55ae69c09a58 <unknown>\n#13 0x55ae69c0a425 <unknown>\n#14 0x55ae69bf7b6e <unknown>\n#15 0x55ae69c0a76f <unknown>\n#16 0x55ae69be1625 <unknown>\n#17 0x55ae69c22d55 <unknown>\n#18 0x55ae69c22f36 <unknown>\n#19 0x55ae69c326e5 <unknown>\n#20 0x7fc37aa66144 <unknown>\n\n",
      "statusTrace" : "  File \"/usr/local/lib/python3.10/site-packages/allure_commons/_allure.py\", line 192, in impl\n    return func(*a, **kw)\n  File \"/usr/workspace/tests/ui/test_registration_new_user.py\", line 41, in test_registration_user_with_wrong_code_awdev_t506\n    self.registration_page.confirm_registration_form(code=code, correct=False)\n  File \"/usr/workspace/src/pages/registration_page.py\", line 44, in confirm_registration_form\n    self.fill_field_with_click(self.CODE_FIELD, code)\n  File \"/usr/workspace/src/base_classes/base_page.py\", line 46, in fill_field_with_click\n    self.wait.until(EC.element_to_be_clickable(field_name)).click()\n  File \"/usr/local/lib/python3.10/site-packages/selenium/webdriver/support/wait.py\", line 105, in until\n    raise TimeoutException(message, screen, stacktrace)\n",
      "steps" : [ {
        "name" : "Open 'https://m2-live-qa-001.antoshka.ua/uk/' page",
        "time" : {
          "start" : 1729939862941,
          "stop" : 1729939867383,
          "duration" : 4442
        },
        "status" : "passed",
        "steps" : [ ],
        "attachments" : [ ],
        "parameters" : [ ],
        "stepsCount" : 0,
        "attachmentsCount" : 0,
        "shouldDisplayMessage" : false,
        "hasContent" : false
      }, {
        "name" : "Page 'https://m2-live-qa-001.antoshka.ua/uk/' is opened",
        "time" : {
          "start" : 1729939867383,
          "stop" : 1729939867388,
          "duration" : 5
        },
        "status" : "passed",
        "steps" : [ ],
        "attachments" : [ ],
        "parameters" : [ ],
        "stepsCount" : 0,
        "attachmentsCount" : 0,
        "shouldDisplayMessage" : false,
        "hasContent" : false
      }, {
        "name" : "Click ('xpath', \"//*[@id='login-enter']\")",
        "time" : {
          "start" : 1729939867388,
          "stop" : 1729939867450,
          "duration" : 62
        },
        "status" : "passed",
        "steps" : [ ],
        "attachments" : [ ],
        "parameters" : [ ],
        "stepsCount" : 0,
        "attachmentsCount" : 0,
        "shouldDisplayMessage" : false,
        "hasContent" : false
      }, {
        "name" : "Click ('xpath', '//form[1]//a')",
        "time" : {
          "start" : 1729939867450,
          "stop" : 1729939868518,
          "duration" : 1068
        },
        "status" : "passed",
        "steps" : [ ],
        "attachments" : [ ],
        "parameters" : [ ],
        "stepsCount" : 0,
        "attachmentsCount" : 0,
        "shouldDisplayMessage" : false,
        "hasContent" : false
      }, {
        "name" : "Fill '('xpath', \"//input[@data-validation='name']\")' with data 'Б'",
        "time" : {
          "start" : 1729939868519,
          "stop" : 1729939868639,
          "duration" : 120
        },
        "status" : "passed",
        "steps" : [ ],
        "attachments" : [ ],
        "parameters" : [ ],
        "stepsCount" : 0,
        "attachmentsCount" : 0,
        "shouldDisplayMessage" : false,
        "hasContent" : false
      }, {
        "name" : "Fill '('xpath', \"//*[@id='telephone']\")' with data '633158002'",
        "time" : {
          "start" : 1729939868639,
          "stop" : 1729939868773,
          "duration" : 134
        },
        "status" : "passed",
        "steps" : [ ],
        "attachments" : [ ],
        "parameters" : [ ],
        "stepsCount" : 0,
        "attachmentsCount" : 0,
        "shouldDisplayMessage" : false,
        "hasContent" : false
      }, {
        "name" : "Fill '('xpath', \"//input[@data-validation='email']\")' with data 'fomichevaakulina@example.net'",
        "time" : {
          "start" : 1729939868773,
          "stop" : 1729939868919,
          "duration" : 146
        },
        "status" : "passed",
        "steps" : [ ],
        "attachments" : [ ],
        "parameters" : [ ],
        "stepsCount" : 0,
        "attachmentsCount" : 0,
        "shouldDisplayMessage" : false,
        "hasContent" : false
      }, {
        "name" : "Click ('xpath', \"//button[@class='auth_next']\")",
        "time" : {
          "start" : 1729939868919,
          "stop" : 1729939868971,
          "duration" : 52
        },
        "status" : "passed",
        "steps" : [ ],
        "attachments" : [ ],
        "parameters" : [ ],
        "stepsCount" : 0,
        "attachmentsCount" : 0,
        "shouldDisplayMessage" : false,
        "hasContent" : false
      }, {
        "name" : "Fill '('xpath', \"//input[@id='code-auth']\")' with data '8889'",
        "time" : {
          "start" : 1729939868971,
          "stop" : 1729939889230,
          "duration" : 20259
        },
        "status" : "broken",
        "statusMessage" : "selenium.common.exceptions.TimeoutException: Message: \nStacktrace:\n#0 0x55ae69c338ae <unknown>\n#1 0x55ae69768c40 <unknown>\n#2 0x55ae697b4e12 <unknown>\n#3 0x55ae697b5011 <unknown>\n#4 0x55ae697febc4 <unknown>\n#5 0x55ae697dcefd <unknown>\n#6 0x55ae697fc6d2 <unknown>\n#7 0x55ae697dcc73 <unknown>\n#8 0x55ae697a86e8 <unknown>\n#9 0x55ae697a969e <unknown>\n#10 0x55ae69c06c66 <unknown>\n#11 0x55ae69c09f97 <unknown>\n#12 0x55ae69c09a58 <unknown>\n#13 0x55ae69c0a425 <unknown>\n#14 0x55ae69bf7b6e <unknown>\n#15 0x55ae69c0a76f <unknown>\n#16 0x55ae69be1625 <unknown>\n#17 0x55ae69c22d55 <unknown>\n#18 0x55ae69c22f36 <unknown>\n#19 0x55ae69c326e5 <unknown>\n#20 0x7fc37aa66144 <unknown>\n\n",
        "statusTrace" : "  File \"/usr/workspace/src/base_classes/base_page.py\", line 46, in fill_field_with_click\n    self.wait.until(EC.element_to_be_clickable(field_name)).click()\n  File \"/usr/local/lib/python3.10/site-packages/selenium/webdriver/support/wait.py\", line 105, in until\n    raise TimeoutException(message, screen, stacktrace)\n",
        "steps" : [ ],
        "attachments" : [ ],
        "parameters" : [ ],
        "stepsCount" : 0,
        "attachmentsCount" : 0,
        "shouldDisplayMessage" : true,
        "hasContent" : true
      } ],
      "attachments" : [ ],
      "parameters" : [ {
        "name" : "user",
        "value" : "{'name': 'Беспалова Октябрина Павловна', 'email': 'fomichevaakulina@example.net', 'phone': '+380633158002'}"
      }, {
        "name" : "code",
        "value" : "8889"
      } ],
      "stepsCount" : 9,
      "attachmentsCount" : 0,
      "shouldDisplayMessage" : false,
      "hasContent" : true
    } ],
    "attachments" : [ {
      "uid" : "202317ae24c1c89c",
      "name" : "log",
      "source" : "202317ae24c1c89c.txt",
      "type" : "text/plain",
      "size" : 92
    } ],
    "parameters" : [ ],
    "stepsCount" : 10,
    "attachmentsCount" : 1,
    "shouldDisplayMessage" : true,
    "hasContent" : true
  },
  "afterStages" : [ {
    "name" : "set_driver::0",
    "time" : {
      "start" : 1729939889238,
      "stop" : 1729939889307,
      "duration" : 69
    },
    "status" : "passed",
    "steps" : [ ],
    "attachments" : [ ],
    "parameters" : [ ],
    "stepsCount" : 0,
    "attachmentsCount" : 0,
    "shouldDisplayMessage" : false,
    "hasContent" : false
  } ],
  "labels" : [ {
    "name" : "parentSuite",
    "value" : "tests.ui"
  }, {
    "name" : "suite",
    "value" : "test_registration_new_user"
  }, {
    "name" : "subSuite",
    "value" : "TestRegistrationUser"
  }, {
    "name" : "host",
    "value" : "5f3b4f1e149e"
  }, {
    "name" : "thread",
    "value" : "7-MainThread"
  }, {
    "name" : "framework",
    "value" : "pytest"
  }, {
    "name" : "language",
    "value" : "cpython3"
  }, {
    "name" : "package",
    "value" : "tests.ui.test_registration_new_user"
  }, {
    "name" : "resultFormat",
    "value" : "allure2"
  } ],
  "parameters" : [ {
    "name" : "code",
    "value" : "8889"
  }, {
    "name" : "user",
    "value" : "{'name': 'Беспалова Октябрина Павловна', 'email': 'fomichevaakulina@example.net', 'phone': '+380633158002'}"
  } ],
  "links" : [ ],
  "hidden" : false,
  "retry" : false,
  "extra" : {
    "severity" : "normal",
    "retries" : [ ],
    "categories" : [ {
      "name" : "Test defects",
      "matchedStatuses" : [ ],
      "flaky" : false
    } ],
    "tags" : [ ]
  },
  "source" : "a83439febfec7804.json",
  "parameterValues" : [ "8889", "{'name': 'Беспалова Октябрина Павловна', 'email': 'fomichevaakulina@example.net', 'phone': '+380633158002'}" ]
}