{
  "uid" : "abc8c889d217c535",
  "name" : "test_registration_new_user_awdev_t506[{'name': '\\u0413\\u0443\\u043b\\u044f\\u0435\\u0432 \\u042f\\u0440\\u043e\\u0441\\u043b\\u0430\\u0432 \\u0412\\u0430\\u043b\\u0435\\u0440\\u0438\\u0430\\u043d\\u043e\\u0432\\u0438\\u0447', 'email': 'lsobolev@example.com', 'phone': '+380633792098'}-1111]",
  "fullName" : "tests.ui.test_registration_new_user.TestRegistrationUser#test_registration_new_user_awdev_t506",
  "historyId" : "95ebd79aece5828a3a54b1a71eb6d9ba",
  "time" : {
    "start" : 1729884613933,
    "stop" : 1729884639102,
    "duration" : 25169
  },
  "status" : "broken",
  "statusMessage" : "selenium.common.exceptions.TimeoutException: Message: \nStacktrace:\n#0 0x563e14d788ae <unknown>\n#1 0x563e148adc40 <unknown>\n#2 0x563e148f9e12 <unknown>\n#3 0x563e148fa011 <unknown>\n#4 0x563e14943bc4 <unknown>\n#5 0x563e14921efd <unknown>\n#6 0x563e149416d2 <unknown>\n#7 0x563e14921c73 <unknown>\n#8 0x563e148ed6e8 <unknown>\n#9 0x563e148ee69e <unknown>\n#10 0x563e14d4bc66 <unknown>\n#11 0x563e14d4ef97 <unknown>\n#12 0x563e14d4ea58 <unknown>\n#13 0x563e14d4f425 <unknown>\n#14 0x563e14d3cb6e <unknown>\n#15 0x563e14d4f76f <unknown>\n#16 0x563e14d26625 <unknown>\n#17 0x563e14d67d55 <unknown>\n#18 0x563e14d67f36 <unknown>\n#19 0x563e14d776e5 <unknown>\n#20 0x7f4583eae144 <unknown>",
  "statusTrace" : "self = <tests.ui.test_registration_new_user.TestRegistrationUser object at 0x7fc338a7b790>\nuser = {'email': 'lsobolev@example.com', 'name': 'Гуляев Ярослав Валерианович', 'phone': '+380633792098'}\ncode = 1111\n\n    @allure.step(\"Registration new user AWDEV-T506\")\n    @pytest.mark.parametrize(\"user, code\", [\n        (RegistrationUserUi.user_name_phone_email, DEFAULT_CODE_REGISTRATION)], ids=str)\n    def test_registration_new_user_awdev_t506(self, user, code):\n        self.registration_page.open_registration_form()\n        self.registration_page.fill_registration_form(user=user)\n>       self.registration_page.confirm_registration_form(code=code)\n\ntests/ui/test_registration_new_user.py:16: \n_ _ _ _ _ _ _ _ _ _ _ _ _ _ _ _ _ _ _ _ _ _ _ _ _ _ _ _ _ _ _ _ _ _ _ _ _ _ _ _ \nsrc/pages/registration_page.py:44: in confirm_registration_form\n    self.fill_field_with_click(self.CODE_FIELD, code)\nsrc/base_classes/base_page.py:46: in fill_field_with_click\n    self.wait.until(EC.element_to_be_clickable(field_name)).click()\n_ _ _ _ _ _ _ _ _ _ _ _ _ _ _ _ _ _ _ _ _ _ _ _ _ _ _ _ _ _ _ _ _ _ _ _ _ _ _ _ \n\nself = <selenium.webdriver.support.wait.WebDriverWait (session=\"e97198144fd0b3fef8895c9fd4d70bfb\")>\nmethod = <function element_to_be_clickable.<locals>._predicate at 0x7fc338b37be0>\nmessage = ''\n\n    def until(self, method: Callable[[D], Union[Literal[False], T]], message: str = \"\") -> T:\n        \"\"\"Calls the method provided with the driver as an argument until the \\\n        return value does not evaluate to ``False``.\n    \n        :param method: callable(WebDriver)\n        :param message: optional message for :exc:`TimeoutException`\n        :returns: the result of the last call to `method`\n        :raises: :exc:`selenium.common.exceptions.TimeoutException` if timeout occurs\n        \"\"\"\n        screen = None\n        stacktrace = None\n    \n        end_time = time.monotonic() + self._timeout\n        while True:\n            try:\n                value = method(self._driver)\n                if value:\n                    return value\n            except self._ignored_exceptions as exc:\n                screen = getattr(exc, \"screen\", None)\n                stacktrace = getattr(exc, \"stacktrace\", None)\n            time.sleep(self._poll)\n            if time.monotonic() > end_time:\n                break\n>       raise TimeoutException(message, screen, stacktrace)\nE       selenium.common.exceptions.TimeoutException: Message: \nE       Stacktrace:\nE       #0 0x563e14d788ae <unknown>\nE       #1 0x563e148adc40 <unknown>\nE       #2 0x563e148f9e12 <unknown>\nE       #3 0x563e148fa011 <unknown>\nE       #4 0x563e14943bc4 <unknown>\nE       #5 0x563e14921efd <unknown>\nE       #6 0x563e149416d2 <unknown>\nE       #7 0x563e14921c73 <unknown>\nE       #8 0x563e148ed6e8 <unknown>\nE       #9 0x563e148ee69e <unknown>\nE       #10 0x563e14d4bc66 <unknown>\nE       #11 0x563e14d4ef97 <unknown>\nE       #12 0x563e14d4ea58 <unknown>\nE       #13 0x563e14d4f425 <unknown>\nE       #14 0x563e14d3cb6e <unknown>\nE       #15 0x563e14d4f76f <unknown>\nE       #16 0x563e14d26625 <unknown>\nE       #17 0x563e14d67d55 <unknown>\nE       #18 0x563e14d67f36 <unknown>\nE       #19 0x563e14d776e5 <unknown>\nE       #20 0x7f4583eae144 <unknown>\n\n../local/lib/python3.10/site-packages/selenium/webdriver/support/wait.py:105: TimeoutException",
  "flaky" : false,
  "newFailed" : false,
  "beforeStages" : [ {
    "name" : "_session_faker",
    "time" : {
      "start" : 1729884613370,
      "stop" : 1729884613444,
      "duration" : 74
    },
    "status" : "passed",
    "steps" : [ ],
    "attachments" : [ ],
    "parameters" : [ ],
    "stepsCount" : 0,
    "attachmentsCount" : 0,
    "shouldDisplayMessage" : false,
    "hasContent" : false
  }, {
    "name" : "setup",
    "time" : {
      "start" : 1729884613932,
      "stop" : 1729884613932,
      "duration" : 0
    },
    "status" : "passed",
    "steps" : [ ],
    "attachments" : [ ],
    "parameters" : [ ],
    "stepsCount" : 0,
    "attachmentsCount" : 0,
    "shouldDisplayMessage" : false,
    "hasContent" : false
  }, {
    "name" : "set_driver",
    "time" : {
      "start" : 1729884613446,
      "stop" : 1729884613932,
      "duration" : 486
    },
    "status" : "passed",
    "steps" : [ ],
    "attachments" : [ ],
    "parameters" : [ ],
    "stepsCount" : 0,
    "attachmentsCount" : 0,
    "shouldDisplayMessage" : false,
    "hasContent" : false
  }, {
    "name" : "set_env_settings",
    "time" : {
      "start" : 1729884613445,
      "stop" : 1729884613446,
      "duration" : 1
    },
    "status" : "passed",
    "steps" : [ ],
    "attachments" : [ ],
    "parameters" : [ ],
    "stepsCount" : 0,
    "attachmentsCount" : 0,
    "shouldDisplayMessage" : false,
    "hasContent" : false
  }, {
    "name" : "pytestconfig",
    "time" : {
      "start" : 1729884613445,
      "stop" : 1729884613445,
      "duration" : 0
    },
    "status" : "passed",
    "steps" : [ ],
    "attachments" : [ ],
    "parameters" : [ ],
    "stepsCount" : 0,
    "attachmentsCount" : 0,
    "shouldDisplayMessage" : false,
    "hasContent" : false
  } ],
  "testStage" : {
    "status" : "broken",
    "statusMessage" : "selenium.common.exceptions.TimeoutException: Message: \nStacktrace:\n#0 0x563e14d788ae <unknown>\n#1 0x563e148adc40 <unknown>\n#2 0x563e148f9e12 <unknown>\n#3 0x563e148fa011 <unknown>\n#4 0x563e14943bc4 <unknown>\n#5 0x563e14921efd <unknown>\n#6 0x563e149416d2 <unknown>\n#7 0x563e14921c73 <unknown>\n#8 0x563e148ed6e8 <unknown>\n#9 0x563e148ee69e <unknown>\n#10 0x563e14d4bc66 <unknown>\n#11 0x563e14d4ef97 <unknown>\n#12 0x563e14d4ea58 <unknown>\n#13 0x563e14d4f425 <unknown>\n#14 0x563e14d3cb6e <unknown>\n#15 0x563e14d4f76f <unknown>\n#16 0x563e14d26625 <unknown>\n#17 0x563e14d67d55 <unknown>\n#18 0x563e14d67f36 <unknown>\n#19 0x563e14d776e5 <unknown>\n#20 0x7f4583eae144 <unknown>",
    "statusTrace" : "self = <tests.ui.test_registration_new_user.TestRegistrationUser object at 0x7fc338a7b790>\nuser = {'email': 'lsobolev@example.com', 'name': 'Гуляев Ярослав Валерианович', 'phone': '+380633792098'}\ncode = 1111\n\n    @allure.step(\"Registration new user AWDEV-T506\")\n    @pytest.mark.parametrize(\"user, code\", [\n        (RegistrationUserUi.user_name_phone_email, DEFAULT_CODE_REGISTRATION)], ids=str)\n    def test_registration_new_user_awdev_t506(self, user, code):\n        self.registration_page.open_registration_form()\n        self.registration_page.fill_registration_form(user=user)\n>       self.registration_page.confirm_registration_form(code=code)\n\ntests/ui/test_registration_new_user.py:16: \n_ _ _ _ _ _ _ _ _ _ _ _ _ _ _ _ _ _ _ _ _ _ _ _ _ _ _ _ _ _ _ _ _ _ _ _ _ _ _ _ \nsrc/pages/registration_page.py:44: in confirm_registration_form\n    self.fill_field_with_click(self.CODE_FIELD, code)\nsrc/base_classes/base_page.py:46: in fill_field_with_click\n    self.wait.until(EC.element_to_be_clickable(field_name)).click()\n_ _ _ _ _ _ _ _ _ _ _ _ _ _ _ _ _ _ _ _ _ _ _ _ _ _ _ _ _ _ _ _ _ _ _ _ _ _ _ _ \n\nself = <selenium.webdriver.support.wait.WebDriverWait (session=\"e97198144fd0b3fef8895c9fd4d70bfb\")>\nmethod = <function element_to_be_clickable.<locals>._predicate at 0x7fc338b37be0>\nmessage = ''\n\n    def until(self, method: Callable[[D], Union[Literal[False], T]], message: str = \"\") -> T:\n        \"\"\"Calls the method provided with the driver as an argument until the \\\n        return value does not evaluate to ``False``.\n    \n        :param method: callable(WebDriver)\n        :param message: optional message for :exc:`TimeoutException`\n        :returns: the result of the last call to `method`\n        :raises: :exc:`selenium.common.exceptions.TimeoutException` if timeout occurs\n        \"\"\"\n        screen = None\n        stacktrace = None\n    \n        end_time = time.monotonic() + self._timeout\n        while True:\n            try:\n                value = method(self._driver)\n                if value:\n                    return value\n            except self._ignored_exceptions as exc:\n                screen = getattr(exc, \"screen\", None)\n                stacktrace = getattr(exc, \"stacktrace\", None)\n            time.sleep(self._poll)\n            if time.monotonic() > end_time:\n                break\n>       raise TimeoutException(message, screen, stacktrace)\nE       selenium.common.exceptions.TimeoutException: Message: \nE       Stacktrace:\nE       #0 0x563e14d788ae <unknown>\nE       #1 0x563e148adc40 <unknown>\nE       #2 0x563e148f9e12 <unknown>\nE       #3 0x563e148fa011 <unknown>\nE       #4 0x563e14943bc4 <unknown>\nE       #5 0x563e14921efd <unknown>\nE       #6 0x563e149416d2 <unknown>\nE       #7 0x563e14921c73 <unknown>\nE       #8 0x563e148ed6e8 <unknown>\nE       #9 0x563e148ee69e <unknown>\nE       #10 0x563e14d4bc66 <unknown>\nE       #11 0x563e14d4ef97 <unknown>\nE       #12 0x563e14d4ea58 <unknown>\nE       #13 0x563e14d4f425 <unknown>\nE       #14 0x563e14d3cb6e <unknown>\nE       #15 0x563e14d4f76f <unknown>\nE       #16 0x563e14d26625 <unknown>\nE       #17 0x563e14d67d55 <unknown>\nE       #18 0x563e14d67f36 <unknown>\nE       #19 0x563e14d776e5 <unknown>\nE       #20 0x7f4583eae144 <unknown>\n\n../local/lib/python3.10/site-packages/selenium/webdriver/support/wait.py:105: TimeoutException",
    "steps" : [ {
      "name" : "Registration new user AWDEV-T506",
      "time" : {
        "start" : 1729884613933,
        "stop" : 1729884639102,
        "duration" : 25169
      },
      "status" : "broken",
      "statusMessage" : "selenium.common.exceptions.TimeoutException: Message: \nStacktrace:\n#0 0x563e14d788ae <unknown>\n#1 0x563e148adc40 <unknown>\n#2 0x563e148f9e12 <unknown>\n#3 0x563e148fa011 <unknown>\n#4 0x563e14943bc4 <unknown>\n#5 0x563e14921efd <unknown>\n#6 0x563e149416d2 <unknown>\n#7 0x563e14921c73 <unknown>\n#8 0x563e148ed6e8 <unknown>\n#9 0x563e148ee69e <unknown>\n#10 0x563e14d4bc66 <unknown>\n#11 0x563e14d4ef97 <unknown>\n#12 0x563e14d4ea58 <unknown>\n#13 0x563e14d4f425 <unknown>\n#14 0x563e14d3cb6e <unknown>\n#15 0x563e14d4f76f <unknown>\n#16 0x563e14d26625 <unknown>\n#17 0x563e14d67d55 <unknown>\n#18 0x563e14d67f36 <unknown>\n#19 0x563e14d776e5 <unknown>\n#20 0x7f4583eae144 <unknown>\n\n",
      "statusTrace" : "  File \"/usr/local/lib/python3.10/site-packages/allure_commons/_allure.py\", line 192, in impl\n    return func(*a, **kw)\n  File \"/usr/workspace/tests/ui/test_registration_new_user.py\", line 16, in test_registration_new_user_awdev_t506\n    self.registration_page.confirm_registration_form(code=code)\n  File \"/usr/workspace/src/pages/registration_page.py\", line 44, in confirm_registration_form\n    self.fill_field_with_click(self.CODE_FIELD, code)\n  File \"/usr/workspace/src/base_classes/base_page.py\", line 46, in fill_field_with_click\n    self.wait.until(EC.element_to_be_clickable(field_name)).click()\n  File \"/usr/local/lib/python3.10/site-packages/selenium/webdriver/support/wait.py\", line 105, in until\n    raise TimeoutException(message, screen, stacktrace)\n",
      "steps" : [ {
        "name" : "Open 'https://m2-live-dev-001.antoshka.ua/uk/' page",
        "time" : {
          "start" : 1729884613933,
          "stop" : 1729884617252,
          "duration" : 3319
        },
        "status" : "passed",
        "steps" : [ ],
        "attachments" : [ ],
        "parameters" : [ ],
        "stepsCount" : 0,
        "attachmentsCount" : 0,
        "shouldDisplayMessage" : false,
        "hasContent" : false
      }, {
        "name" : "Page 'https://m2-live-dev-001.antoshka.ua/uk/' is opened",
        "time" : {
          "start" : 1729884617252,
          "stop" : 1729884617256,
          "duration" : 4
        },
        "status" : "passed",
        "steps" : [ ],
        "attachments" : [ ],
        "parameters" : [ ],
        "stepsCount" : 0,
        "attachmentsCount" : 0,
        "shouldDisplayMessage" : false,
        "hasContent" : false
      }, {
        "name" : "Click ('xpath', \"//*[@id='login-enter']\")",
        "time" : {
          "start" : 1729884617256,
          "stop" : 1729884617320,
          "duration" : 64
        },
        "status" : "passed",
        "steps" : [ ],
        "attachments" : [ ],
        "parameters" : [ ],
        "stepsCount" : 0,
        "attachmentsCount" : 0,
        "shouldDisplayMessage" : false,
        "hasContent" : false
      }, {
        "name" : "Click ('xpath', '//form[1]//a')",
        "time" : {
          "start" : 1729884617320,
          "stop" : 1729884618390,
          "duration" : 1070
        },
        "status" : "passed",
        "steps" : [ ],
        "attachments" : [ ],
        "parameters" : [ ],
        "stepsCount" : 0,
        "attachmentsCount" : 0,
        "shouldDisplayMessage" : false,
        "hasContent" : false
      }, {
        "name" : "Fill '('xpath', \"//input[@data-validation='name']\")' with data 'Г'",
        "time" : {
          "start" : 1729884618390,
          "stop" : 1729884618512,
          "duration" : 122
        },
        "status" : "passed",
        "steps" : [ ],
        "attachments" : [ ],
        "parameters" : [ ],
        "stepsCount" : 0,
        "attachmentsCount" : 0,
        "shouldDisplayMessage" : false,
        "hasContent" : false
      }, {
        "name" : "Fill '('xpath', \"//*[@id='telephone']\")' with data '633792098'",
        "time" : {
          "start" : 1729884618512,
          "stop" : 1729884618645,
          "duration" : 133
        },
        "status" : "passed",
        "steps" : [ ],
        "attachments" : [ ],
        "parameters" : [ ],
        "stepsCount" : 0,
        "attachmentsCount" : 0,
        "shouldDisplayMessage" : false,
        "hasContent" : false
      }, {
        "name" : "Fill '('xpath', \"//input[@data-validation='email']\")' with data 'lsobolev@example.com'",
        "time" : {
          "start" : 1729884618645,
          "stop" : 1729884618785,
          "duration" : 140
        },
        "status" : "passed",
        "steps" : [ ],
        "attachments" : [ ],
        "parameters" : [ ],
        "stepsCount" : 0,
        "attachmentsCount" : 0,
        "shouldDisplayMessage" : false,
        "hasContent" : false
      }, {
        "name" : "Click ('xpath', \"//button[@class='auth_next']\")",
        "time" : {
          "start" : 1729884618785,
          "stop" : 1729884618841,
          "duration" : 56
        },
        "status" : "passed",
        "steps" : [ ],
        "attachments" : [ ],
        "parameters" : [ ],
        "stepsCount" : 0,
        "attachmentsCount" : 0,
        "shouldDisplayMessage" : false,
        "hasContent" : false
      }, {
        "name" : "Fill '('xpath', \"//input[@id='code-auth']\")' with data '1111'",
        "time" : {
          "start" : 1729884618841,
          "stop" : 1729884639101,
          "duration" : 20260
        },
        "status" : "broken",
        "statusMessage" : "selenium.common.exceptions.TimeoutException: Message: \nStacktrace:\n#0 0x563e14d788ae <unknown>\n#1 0x563e148adc40 <unknown>\n#2 0x563e148f9e12 <unknown>\n#3 0x563e148fa011 <unknown>\n#4 0x563e14943bc4 <unknown>\n#5 0x563e14921efd <unknown>\n#6 0x563e149416d2 <unknown>\n#7 0x563e14921c73 <unknown>\n#8 0x563e148ed6e8 <unknown>\n#9 0x563e148ee69e <unknown>\n#10 0x563e14d4bc66 <unknown>\n#11 0x563e14d4ef97 <unknown>\n#12 0x563e14d4ea58 <unknown>\n#13 0x563e14d4f425 <unknown>\n#14 0x563e14d3cb6e <unknown>\n#15 0x563e14d4f76f <unknown>\n#16 0x563e14d26625 <unknown>\n#17 0x563e14d67d55 <unknown>\n#18 0x563e14d67f36 <unknown>\n#19 0x563e14d776e5 <unknown>\n#20 0x7f4583eae144 <unknown>\n\n",
        "statusTrace" : "  File \"/usr/workspace/src/base_classes/base_page.py\", line 46, in fill_field_with_click\n    self.wait.until(EC.element_to_be_clickable(field_name)).click()\n  File \"/usr/local/lib/python3.10/site-packages/selenium/webdriver/support/wait.py\", line 105, in until\n    raise TimeoutException(message, screen, stacktrace)\n",
        "steps" : [ ],
        "attachments" : [ ],
        "parameters" : [ ],
        "stepsCount" : 0,
        "attachmentsCount" : 0,
        "shouldDisplayMessage" : true,
        "hasContent" : true
      } ],
      "attachments" : [ ],
      "parameters" : [ {
        "name" : "user",
        "value" : "{'name': 'Гуляев Ярослав Валерианович', 'email': 'lsobolev@example.com', 'phone': '+380633792098'}"
      }, {
        "name" : "code",
        "value" : "1111"
      } ],
      "stepsCount" : 9,
      "attachmentsCount" : 0,
      "shouldDisplayMessage" : false,
      "hasContent" : true
    } ],
    "attachments" : [ {
      "uid" : "4486c52dd0a1175d",
      "name" : "log",
      "source" : "4486c52dd0a1175d.txt",
      "type" : "text/plain",
      "size" : 92
    } ],
    "parameters" : [ ],
    "stepsCount" : 10,
    "attachmentsCount" : 1,
    "shouldDisplayMessage" : true,
    "hasContent" : true
  },
  "afterStages" : [ {
    "name" : "set_driver::0",
    "time" : {
      "start" : 1729884639144,
      "stop" : 1729884639211,
      "duration" : 67
    },
    "status" : "passed",
    "steps" : [ ],
    "attachments" : [ ],
    "parameters" : [ ],
    "stepsCount" : 0,
    "attachmentsCount" : 0,
    "shouldDisplayMessage" : false,
    "hasContent" : false
  } ],
  "labels" : [ {
    "name" : "parentSuite",
    "value" : "tests.ui"
  }, {
    "name" : "suite",
    "value" : "test_registration_new_user"
  }, {
    "name" : "subSuite",
    "value" : "TestRegistrationUser"
  }, {
    "name" : "host",
    "value" : "b4a5d708ee77"
  }, {
    "name" : "thread",
    "value" : "8-MainThread"
  }, {
    "name" : "framework",
    "value" : "pytest"
  }, {
    "name" : "language",
    "value" : "cpython3"
  }, {
    "name" : "package",
    "value" : "tests.ui.test_registration_new_user"
  }, {
    "name" : "resultFormat",
    "value" : "allure2"
  } ],
  "parameters" : [ {
    "name" : "code",
    "value" : "1111"
  }, {
    "name" : "user",
    "value" : "{'name': 'Гуляев Ярослав Валерианович', 'email': 'lsobolev@example.com', 'phone': '+380633792098'}"
  } ],
  "links" : [ ],
  "hidden" : false,
  "retry" : false,
  "extra" : {
    "severity" : "normal",
    "retries" : [ ],
    "categories" : [ {
      "name" : "Test defects",
      "matchedStatuses" : [ ],
      "flaky" : false
    } ],
    "tags" : [ ]
  },
  "source" : "abc8c889d217c535.json",
  "parameterValues" : [ "1111", "{'name': 'Гуляев Ярослав Валерианович', 'email': 'lsobolev@example.com', 'phone': '+380633792098'}" ]
}