{
  "uid" : "ac81dd68fb61bcd5",
  "name" : "test_registration_new_user_awdev_t506[{'name': '\\u0428\\u0430\\u0440\\u0430\\u043f\\u043e\\u0432\\u0430 \\u0422\\u0430\\u0442\\u044c\\u044f\\u043d\\u0430 \\u0410\\u0440\\u0445\\u0438\\u043f\\u043e\\u0432\\u043d\\u0430', 'email': 'boris1973@example.org', 'phone': '+380635626386'}-1111]",
  "fullName" : "tests.ui.test_registration_new_user.TestRegistrationUser#test_registration_new_user_awdev_t506",
  "historyId" : "c095f4dbd66b93acbd2e4a47fbd8cadf",
  "time" : {
    "start" : 1729932665961,
    "stop" : 1729932690748,
    "duration" : 24787
  },
  "status" : "broken",
  "statusMessage" : "selenium.common.exceptions.TimeoutException: Message: \nStacktrace:\n#0 0x562c71bf08ae <unknown>\n#1 0x562c71725c40 <unknown>\n#2 0x562c71771e12 <unknown>\n#3 0x562c71772011 <unknown>\n#4 0x562c717bbbc4 <unknown>\n#5 0x562c71799efd <unknown>\n#6 0x562c717b96d2 <unknown>\n#7 0x562c71799c73 <unknown>\n#8 0x562c717656e8 <unknown>\n#9 0x562c7176669e <unknown>\n#10 0x562c71bc3c66 <unknown>\n#11 0x562c71bc6f97 <unknown>\n#12 0x562c71bc6a58 <unknown>\n#13 0x562c71bc7425 <unknown>\n#14 0x562c71bb4b6e <unknown>\n#15 0x562c71bc776f <unknown>\n#16 0x562c71b9e625 <unknown>\n#17 0x562c71bdfd55 <unknown>\n#18 0x562c71bdff36 <unknown>\n#19 0x562c71bef6e5 <unknown>\n#20 0x7f5f92743144 <unknown>",
  "statusTrace" : "self = <tests.ui.test_registration_new_user.TestRegistrationUser object at 0x7fe74df5f6a0>\nuser = {'email': 'boris1973@example.org', 'name': 'Шарапова Татьяна Архиповна', 'phone': '+380635626386'}\ncode = 1111\n\n    @allure.step(\"Registration new user AWDEV-T506\")\n    @pytest.mark.parametrize(\"user, code\", [\n        (RegistrationUserUi.user_name_phone_email, DEFAULT_CODE_REGISTRATION)], ids=str)\n    def test_registration_new_user_awdev_t506(self, user, code):\n        self.registration_page.open_registration_form()\n        self.registration_page.fill_registration_form(user=user)\n>       self.registration_page.confirm_registration_form(code=code)\n\ntests/ui/test_registration_new_user.py:16: \n_ _ _ _ _ _ _ _ _ _ _ _ _ _ _ _ _ _ _ _ _ _ _ _ _ _ _ _ _ _ _ _ _ _ _ _ _ _ _ _ \nsrc/pages/registration_page.py:44: in confirm_registration_form\n    self.fill_field_with_click(self.CODE_FIELD, code)\nsrc/base_classes/base_page.py:46: in fill_field_with_click\n    self.wait.until(EC.element_to_be_clickable(field_name)).click()\n_ _ _ _ _ _ _ _ _ _ _ _ _ _ _ _ _ _ _ _ _ _ _ _ _ _ _ _ _ _ _ _ _ _ _ _ _ _ _ _ \n\nself = <selenium.webdriver.support.wait.WebDriverWait (session=\"51eedca2254c8ef02812c047fce6baa3\")>\nmethod = <function element_to_be_clickable.<locals>._predicate at 0x7fe74dc63be0>\nmessage = ''\n\n    def until(self, method: Callable[[D], Union[Literal[False], T]], message: str = \"\") -> T:\n        \"\"\"Calls the method provided with the driver as an argument until the \\\n        return value does not evaluate to ``False``.\n    \n        :param method: callable(WebDriver)\n        :param message: optional message for :exc:`TimeoutException`\n        :returns: the result of the last call to `method`\n        :raises: :exc:`selenium.common.exceptions.TimeoutException` if timeout occurs\n        \"\"\"\n        screen = None\n        stacktrace = None\n    \n        end_time = time.monotonic() + self._timeout\n        while True:\n            try:\n                value = method(self._driver)\n                if value:\n                    return value\n            except self._ignored_exceptions as exc:\n                screen = getattr(exc, \"screen\", None)\n                stacktrace = getattr(exc, \"stacktrace\", None)\n            time.sleep(self._poll)\n            if time.monotonic() > end_time:\n                break\n>       raise TimeoutException(message, screen, stacktrace)\nE       selenium.common.exceptions.TimeoutException: Message: \nE       Stacktrace:\nE       #0 0x562c71bf08ae <unknown>\nE       #1 0x562c71725c40 <unknown>\nE       #2 0x562c71771e12 <unknown>\nE       #3 0x562c71772011 <unknown>\nE       #4 0x562c717bbbc4 <unknown>\nE       #5 0x562c71799efd <unknown>\nE       #6 0x562c717b96d2 <unknown>\nE       #7 0x562c71799c73 <unknown>\nE       #8 0x562c717656e8 <unknown>\nE       #9 0x562c7176669e <unknown>\nE       #10 0x562c71bc3c66 <unknown>\nE       #11 0x562c71bc6f97 <unknown>\nE       #12 0x562c71bc6a58 <unknown>\nE       #13 0x562c71bc7425 <unknown>\nE       #14 0x562c71bb4b6e <unknown>\nE       #15 0x562c71bc776f <unknown>\nE       #16 0x562c71b9e625 <unknown>\nE       #17 0x562c71bdfd55 <unknown>\nE       #18 0x562c71bdff36 <unknown>\nE       #19 0x562c71bef6e5 <unknown>\nE       #20 0x7f5f92743144 <unknown>\n\n../local/lib/python3.10/site-packages/selenium/webdriver/support/wait.py:105: TimeoutException",
  "flaky" : false,
  "newFailed" : false,
  "beforeStages" : [ {
    "name" : "setup",
    "time" : {
      "start" : 1729932665960,
      "stop" : 1729932665960,
      "duration" : 0
    },
    "status" : "passed",
    "steps" : [ ],
    "attachments" : [ ],
    "parameters" : [ ],
    "stepsCount" : 0,
    "attachmentsCount" : 0,
    "shouldDisplayMessage" : false,
    "hasContent" : false
  }, {
    "name" : "pytestconfig",
    "time" : {
      "start" : 1729932665446,
      "stop" : 1729932665446,
      "duration" : 0
    },
    "status" : "passed",
    "steps" : [ ],
    "attachments" : [ ],
    "parameters" : [ ],
    "stepsCount" : 0,
    "attachmentsCount" : 0,
    "shouldDisplayMessage" : false,
    "hasContent" : false
  }, {
    "name" : "set_env_settings",
    "time" : {
      "start" : 1729932665446,
      "stop" : 1729932665447,
      "duration" : 1
    },
    "status" : "passed",
    "steps" : [ ],
    "attachments" : [ ],
    "parameters" : [ ],
    "stepsCount" : 0,
    "attachmentsCount" : 0,
    "shouldDisplayMessage" : false,
    "hasContent" : false
  }, {
    "name" : "set_driver",
    "time" : {
      "start" : 1729932665447,
      "stop" : 1729932665960,
      "duration" : 513
    },
    "status" : "passed",
    "steps" : [ ],
    "attachments" : [ ],
    "parameters" : [ ],
    "stepsCount" : 0,
    "attachmentsCount" : 0,
    "shouldDisplayMessage" : false,
    "hasContent" : false
  }, {
    "name" : "_session_faker",
    "time" : {
      "start" : 1729932665373,
      "stop" : 1729932665446,
      "duration" : 73
    },
    "status" : "passed",
    "steps" : [ ],
    "attachments" : [ ],
    "parameters" : [ ],
    "stepsCount" : 0,
    "attachmentsCount" : 0,
    "shouldDisplayMessage" : false,
    "hasContent" : false
  } ],
  "testStage" : {
    "status" : "broken",
    "statusMessage" : "selenium.common.exceptions.TimeoutException: Message: \nStacktrace:\n#0 0x562c71bf08ae <unknown>\n#1 0x562c71725c40 <unknown>\n#2 0x562c71771e12 <unknown>\n#3 0x562c71772011 <unknown>\n#4 0x562c717bbbc4 <unknown>\n#5 0x562c71799efd <unknown>\n#6 0x562c717b96d2 <unknown>\n#7 0x562c71799c73 <unknown>\n#8 0x562c717656e8 <unknown>\n#9 0x562c7176669e <unknown>\n#10 0x562c71bc3c66 <unknown>\n#11 0x562c71bc6f97 <unknown>\n#12 0x562c71bc6a58 <unknown>\n#13 0x562c71bc7425 <unknown>\n#14 0x562c71bb4b6e <unknown>\n#15 0x562c71bc776f <unknown>\n#16 0x562c71b9e625 <unknown>\n#17 0x562c71bdfd55 <unknown>\n#18 0x562c71bdff36 <unknown>\n#19 0x562c71bef6e5 <unknown>\n#20 0x7f5f92743144 <unknown>",
    "statusTrace" : "self = <tests.ui.test_registration_new_user.TestRegistrationUser object at 0x7fe74df5f6a0>\nuser = {'email': 'boris1973@example.org', 'name': 'Шарапова Татьяна Архиповна', 'phone': '+380635626386'}\ncode = 1111\n\n    @allure.step(\"Registration new user AWDEV-T506\")\n    @pytest.mark.parametrize(\"user, code\", [\n        (RegistrationUserUi.user_name_phone_email, DEFAULT_CODE_REGISTRATION)], ids=str)\n    def test_registration_new_user_awdev_t506(self, user, code):\n        self.registration_page.open_registration_form()\n        self.registration_page.fill_registration_form(user=user)\n>       self.registration_page.confirm_registration_form(code=code)\n\ntests/ui/test_registration_new_user.py:16: \n_ _ _ _ _ _ _ _ _ _ _ _ _ _ _ _ _ _ _ _ _ _ _ _ _ _ _ _ _ _ _ _ _ _ _ _ _ _ _ _ \nsrc/pages/registration_page.py:44: in confirm_registration_form\n    self.fill_field_with_click(self.CODE_FIELD, code)\nsrc/base_classes/base_page.py:46: in fill_field_with_click\n    self.wait.until(EC.element_to_be_clickable(field_name)).click()\n_ _ _ _ _ _ _ _ _ _ _ _ _ _ _ _ _ _ _ _ _ _ _ _ _ _ _ _ _ _ _ _ _ _ _ _ _ _ _ _ \n\nself = <selenium.webdriver.support.wait.WebDriverWait (session=\"51eedca2254c8ef02812c047fce6baa3\")>\nmethod = <function element_to_be_clickable.<locals>._predicate at 0x7fe74dc63be0>\nmessage = ''\n\n    def until(self, method: Callable[[D], Union[Literal[False], T]], message: str = \"\") -> T:\n        \"\"\"Calls the method provided with the driver as an argument until the \\\n        return value does not evaluate to ``False``.\n    \n        :param method: callable(WebDriver)\n        :param message: optional message for :exc:`TimeoutException`\n        :returns: the result of the last call to `method`\n        :raises: :exc:`selenium.common.exceptions.TimeoutException` if timeout occurs\n        \"\"\"\n        screen = None\n        stacktrace = None\n    \n        end_time = time.monotonic() + self._timeout\n        while True:\n            try:\n                value = method(self._driver)\n                if value:\n                    return value\n            except self._ignored_exceptions as exc:\n                screen = getattr(exc, \"screen\", None)\n                stacktrace = getattr(exc, \"stacktrace\", None)\n            time.sleep(self._poll)\n            if time.monotonic() > end_time:\n                break\n>       raise TimeoutException(message, screen, stacktrace)\nE       selenium.common.exceptions.TimeoutException: Message: \nE       Stacktrace:\nE       #0 0x562c71bf08ae <unknown>\nE       #1 0x562c71725c40 <unknown>\nE       #2 0x562c71771e12 <unknown>\nE       #3 0x562c71772011 <unknown>\nE       #4 0x562c717bbbc4 <unknown>\nE       #5 0x562c71799efd <unknown>\nE       #6 0x562c717b96d2 <unknown>\nE       #7 0x562c71799c73 <unknown>\nE       #8 0x562c717656e8 <unknown>\nE       #9 0x562c7176669e <unknown>\nE       #10 0x562c71bc3c66 <unknown>\nE       #11 0x562c71bc6f97 <unknown>\nE       #12 0x562c71bc6a58 <unknown>\nE       #13 0x562c71bc7425 <unknown>\nE       #14 0x562c71bb4b6e <unknown>\nE       #15 0x562c71bc776f <unknown>\nE       #16 0x562c71b9e625 <unknown>\nE       #17 0x562c71bdfd55 <unknown>\nE       #18 0x562c71bdff36 <unknown>\nE       #19 0x562c71bef6e5 <unknown>\nE       #20 0x7f5f92743144 <unknown>\n\n../local/lib/python3.10/site-packages/selenium/webdriver/support/wait.py:105: TimeoutException",
    "steps" : [ {
      "name" : "Registration new user AWDEV-T506",
      "time" : {
        "start" : 1729932665961,
        "stop" : 1729932690748,
        "duration" : 24787
      },
      "status" : "broken",
      "statusMessage" : "selenium.common.exceptions.TimeoutException: Message: \nStacktrace:\n#0 0x562c71bf08ae <unknown>\n#1 0x562c71725c40 <unknown>\n#2 0x562c71771e12 <unknown>\n#3 0x562c71772011 <unknown>\n#4 0x562c717bbbc4 <unknown>\n#5 0x562c71799efd <unknown>\n#6 0x562c717b96d2 <unknown>\n#7 0x562c71799c73 <unknown>\n#8 0x562c717656e8 <unknown>\n#9 0x562c7176669e <unknown>\n#10 0x562c71bc3c66 <unknown>\n#11 0x562c71bc6f97 <unknown>\n#12 0x562c71bc6a58 <unknown>\n#13 0x562c71bc7425 <unknown>\n#14 0x562c71bb4b6e <unknown>\n#15 0x562c71bc776f <unknown>\n#16 0x562c71b9e625 <unknown>\n#17 0x562c71bdfd55 <unknown>\n#18 0x562c71bdff36 <unknown>\n#19 0x562c71bef6e5 <unknown>\n#20 0x7f5f92743144 <unknown>\n\n",
      "statusTrace" : "  File \"/usr/local/lib/python3.10/site-packages/allure_commons/_allure.py\", line 192, in impl\n    return func(*a, **kw)\n  File \"/usr/workspace/tests/ui/test_registration_new_user.py\", line 16, in test_registration_new_user_awdev_t506\n    self.registration_page.confirm_registration_form(code=code)\n  File \"/usr/workspace/src/pages/registration_page.py\", line 44, in confirm_registration_form\n    self.fill_field_with_click(self.CODE_FIELD, code)\n  File \"/usr/workspace/src/base_classes/base_page.py\", line 46, in fill_field_with_click\n    self.wait.until(EC.element_to_be_clickable(field_name)).click()\n  File \"/usr/local/lib/python3.10/site-packages/selenium/webdriver/support/wait.py\", line 105, in until\n    raise TimeoutException(message, screen, stacktrace)\n",
      "steps" : [ {
        "name" : "Open 'https://m2-live-qa-001.antoshka.ua/uk/' page",
        "time" : {
          "start" : 1729932665961,
          "stop" : 1729932668877,
          "duration" : 2916
        },
        "status" : "passed",
        "steps" : [ ],
        "attachments" : [ ],
        "parameters" : [ ],
        "stepsCount" : 0,
        "attachmentsCount" : 0,
        "shouldDisplayMessage" : false,
        "hasContent" : false
      }, {
        "name" : "Page 'https://m2-live-qa-001.antoshka.ua/uk/' is opened",
        "time" : {
          "start" : 1729932668877,
          "stop" : 1729932668881,
          "duration" : 4
        },
        "status" : "passed",
        "steps" : [ ],
        "attachments" : [ ],
        "parameters" : [ ],
        "stepsCount" : 0,
        "attachmentsCount" : 0,
        "shouldDisplayMessage" : false,
        "hasContent" : false
      }, {
        "name" : "Click ('xpath', \"//*[@id='login-enter']\")",
        "time" : {
          "start" : 1729932668881,
          "stop" : 1729932668953,
          "duration" : 72
        },
        "status" : "passed",
        "steps" : [ ],
        "attachments" : [ ],
        "parameters" : [ ],
        "stepsCount" : 0,
        "attachmentsCount" : 0,
        "shouldDisplayMessage" : false,
        "hasContent" : false
      }, {
        "name" : "Click ('xpath', '//form[1]//a')",
        "time" : {
          "start" : 1729932668953,
          "stop" : 1729932670028,
          "duration" : 1075
        },
        "status" : "passed",
        "steps" : [ ],
        "attachments" : [ ],
        "parameters" : [ ],
        "stepsCount" : 0,
        "attachmentsCount" : 0,
        "shouldDisplayMessage" : false,
        "hasContent" : false
      }, {
        "name" : "Fill '('xpath', \"//input[@data-validation='name']\")' with data 'Ш'",
        "time" : {
          "start" : 1729932670028,
          "stop" : 1729932670146,
          "duration" : 118
        },
        "status" : "passed",
        "steps" : [ ],
        "attachments" : [ ],
        "parameters" : [ ],
        "stepsCount" : 0,
        "attachmentsCount" : 0,
        "shouldDisplayMessage" : false,
        "hasContent" : false
      }, {
        "name" : "Fill '('xpath', \"//*[@id='telephone']\")' with data '635626386'",
        "time" : {
          "start" : 1729932670146,
          "stop" : 1729932670291,
          "duration" : 145
        },
        "status" : "passed",
        "steps" : [ ],
        "attachments" : [ ],
        "parameters" : [ ],
        "stepsCount" : 0,
        "attachmentsCount" : 0,
        "shouldDisplayMessage" : false,
        "hasContent" : false
      }, {
        "name" : "Fill '('xpath', \"//input[@data-validation='email']\")' with data 'boris1973@example.org'",
        "time" : {
          "start" : 1729932670291,
          "stop" : 1729932670430,
          "duration" : 139
        },
        "status" : "passed",
        "steps" : [ ],
        "attachments" : [ ],
        "parameters" : [ ],
        "stepsCount" : 0,
        "attachmentsCount" : 0,
        "shouldDisplayMessage" : false,
        "hasContent" : false
      }, {
        "name" : "Click ('xpath', \"//button[@class='auth_next']\")",
        "time" : {
          "start" : 1729932670430,
          "stop" : 1729932670484,
          "duration" : 54
        },
        "status" : "passed",
        "steps" : [ ],
        "attachments" : [ ],
        "parameters" : [ ],
        "stepsCount" : 0,
        "attachmentsCount" : 0,
        "shouldDisplayMessage" : false,
        "hasContent" : false
      }, {
        "name" : "Fill '('xpath', \"//input[@id='code-auth']\")' with data '1111'",
        "time" : {
          "start" : 1729932670484,
          "stop" : 1729932690747,
          "duration" : 20263
        },
        "status" : "broken",
        "statusMessage" : "selenium.common.exceptions.TimeoutException: Message: \nStacktrace:\n#0 0x562c71bf08ae <unknown>\n#1 0x562c71725c40 <unknown>\n#2 0x562c71771e12 <unknown>\n#3 0x562c71772011 <unknown>\n#4 0x562c717bbbc4 <unknown>\n#5 0x562c71799efd <unknown>\n#6 0x562c717b96d2 <unknown>\n#7 0x562c71799c73 <unknown>\n#8 0x562c717656e8 <unknown>\n#9 0x562c7176669e <unknown>\n#10 0x562c71bc3c66 <unknown>\n#11 0x562c71bc6f97 <unknown>\n#12 0x562c71bc6a58 <unknown>\n#13 0x562c71bc7425 <unknown>\n#14 0x562c71bb4b6e <unknown>\n#15 0x562c71bc776f <unknown>\n#16 0x562c71b9e625 <unknown>\n#17 0x562c71bdfd55 <unknown>\n#18 0x562c71bdff36 <unknown>\n#19 0x562c71bef6e5 <unknown>\n#20 0x7f5f92743144 <unknown>\n\n",
        "statusTrace" : "  File \"/usr/workspace/src/base_classes/base_page.py\", line 46, in fill_field_with_click\n    self.wait.until(EC.element_to_be_clickable(field_name)).click()\n  File \"/usr/local/lib/python3.10/site-packages/selenium/webdriver/support/wait.py\", line 105, in until\n    raise TimeoutException(message, screen, stacktrace)\n",
        "steps" : [ ],
        "attachments" : [ ],
        "parameters" : [ ],
        "stepsCount" : 0,
        "attachmentsCount" : 0,
        "shouldDisplayMessage" : true,
        "hasContent" : true
      } ],
      "attachments" : [ ],
      "parameters" : [ {
        "name" : "user",
        "value" : "{'name': 'Шарапова Татьяна Архиповна', 'email': 'boris1973@example.org', 'phone': '+380635626386'}"
      }, {
        "name" : "code",
        "value" : "1111"
      } ],
      "stepsCount" : 9,
      "attachmentsCount" : 0,
      "shouldDisplayMessage" : false,
      "hasContent" : true
    } ],
    "attachments" : [ {
      "uid" : "cb518ed282234150",
      "name" : "log",
      "source" : "cb518ed282234150.txt",
      "type" : "text/plain",
      "size" : 92
    } ],
    "parameters" : [ ],
    "stepsCount" : 10,
    "attachmentsCount" : 1,
    "shouldDisplayMessage" : true,
    "hasContent" : true
  },
  "afterStages" : [ {
    "name" : "set_driver::0",
    "time" : {
      "start" : 1729932690791,
      "stop" : 1729932690859,
      "duration" : 68
    },
    "status" : "passed",
    "steps" : [ ],
    "attachments" : [ ],
    "parameters" : [ ],
    "stepsCount" : 0,
    "attachmentsCount" : 0,
    "shouldDisplayMessage" : false,
    "hasContent" : false
  } ],
  "labels" : [ {
    "name" : "parentSuite",
    "value" : "tests.ui"
  }, {
    "name" : "suite",
    "value" : "test_registration_new_user"
  }, {
    "name" : "subSuite",
    "value" : "TestRegistrationUser"
  }, {
    "name" : "host",
    "value" : "d1a5de1ad217"
  }, {
    "name" : "thread",
    "value" : "7-MainThread"
  }, {
    "name" : "framework",
    "value" : "pytest"
  }, {
    "name" : "language",
    "value" : "cpython3"
  }, {
    "name" : "package",
    "value" : "tests.ui.test_registration_new_user"
  }, {
    "name" : "resultFormat",
    "value" : "allure2"
  } ],
  "parameters" : [ {
    "name" : "code",
    "value" : "1111"
  }, {
    "name" : "user",
    "value" : "{'name': 'Шарапова Татьяна Архиповна', 'email': 'boris1973@example.org', 'phone': '+380635626386'}"
  } ],
  "links" : [ ],
  "hidden" : false,
  "retry" : false,
  "extra" : {
    "severity" : "normal",
    "retries" : [ ],
    "categories" : [ {
      "name" : "Test defects",
      "matchedStatuses" : [ ],
      "flaky" : false
    } ],
    "tags" : [ ]
  },
  "source" : "ac81dd68fb61bcd5.json",
  "parameterValues" : [ "1111", "{'name': 'Шарапова Татьяна Архиповна', 'email': 'boris1973@example.org', 'phone': '+380635626386'}" ]
}