{
  "uid" : "ae1373b5c2a246d6",
  "name" : "test_registration_user_with_wrong_code_awdev_t506[{'name': '\\u041d\\u0430\\u0442\\u0430\\u043b\\u044c\\u044f \\u0422\\u0438\\u043c\\u0443\\u0440\\u043e\\u0432\\u043d\\u0430 \\u0421\\u0430\\u043c\\u043e\\u0439\\u043b\\u043e\\u0432\\u0430', 'email': 'denisovmilan@example.org', 'phone': '+380632874829'}-8889]",
  "fullName" : "tests.ui.test_registration_new_user.TestRegistrationUser#test_registration_user_with_wrong_code_awdev_t506",
  "historyId" : "74fc898368da888b57239277d1b01680",
  "time" : {
    "start" : 1729883169881,
    "stop" : 1729883196175,
    "duration" : 26294
  },
  "status" : "broken",
  "statusMessage" : "selenium.common.exceptions.TimeoutException: Message: \nStacktrace:\n#0 0x55eb1ceaa8ae <unknown>\n#1 0x55eb1c9dfc40 <unknown>\n#2 0x55eb1ca2be12 <unknown>\n#3 0x55eb1ca2c011 <unknown>\n#4 0x55eb1ca75bc4 <unknown>\n#5 0x55eb1ca53efd <unknown>\n#6 0x55eb1ca736d2 <unknown>\n#7 0x55eb1ca53c73 <unknown>\n#8 0x55eb1ca1f6e8 <unknown>\n#9 0x55eb1ca2069e <unknown>\n#10 0x55eb1ce7dc66 <unknown>\n#11 0x55eb1ce80f97 <unknown>\n#12 0x55eb1ce80a58 <unknown>\n#13 0x55eb1ce81425 <unknown>\n#14 0x55eb1ce6eb6e <unknown>\n#15 0x55eb1ce8176f <unknown>\n#16 0x55eb1ce58625 <unknown>\n#17 0x55eb1ce99d55 <unknown>\n#18 0x55eb1ce99f36 <unknown>\n#19 0x55eb1cea96e5 <unknown>\n#20 0x7f2e90286144 <unknown>",
  "statusTrace" : "self = <tests.ui.test_registration_new_user.TestRegistrationUser object at 0x7f1aebf535e0>\nuser = {'email': 'denisovmilan@example.org', 'name': 'Наталья Тимуровна Самойлова', 'phone': '+380632874829'}\ncode = 8889\n\n    @allure.step(\"Registration new user with wrong code AWDEV-T506\")\n    @pytest.mark.parametrize(\"user, code\",\n                             [(RegistrationUserUi.new_user_name_phone_email, DEFAULT_CODE_AUTHORIZATION)], ids=str)\n    def test_registration_user_with_wrong_code_awdev_t506(self, user, code):\n        self.registration_page.open_registration_form()\n        self.registration_page.fill_registration_form(user=user)\n>       self.registration_page.confirm_registration_form(code=code, correct=False)\n\ntests/ui/test_registration_new_user.py:41: \n_ _ _ _ _ _ _ _ _ _ _ _ _ _ _ _ _ _ _ _ _ _ _ _ _ _ _ _ _ _ _ _ _ _ _ _ _ _ _ _ \nsrc/pages/registration_page.py:44: in confirm_registration_form\n    self.fill_field_with_click(self.CODE_FIELD, code)\nsrc/base_classes/base_page.py:46: in fill_field_with_click\n    self.wait.until(EC.element_to_be_clickable(field_name)).click()\n_ _ _ _ _ _ _ _ _ _ _ _ _ _ _ _ _ _ _ _ _ _ _ _ _ _ _ _ _ _ _ _ _ _ _ _ _ _ _ _ \n\nself = <selenium.webdriver.support.wait.WebDriverWait (session=\"b81482fcb31be09f725fb10b0edfa8f7\")>\nmethod = <function element_to_be_clickable.<locals>._predicate at 0x7f1aeb5ad120>\nmessage = ''\n\n    def until(self, method: Callable[[D], Union[Literal[False], T]], message: str = \"\") -> T:\n        \"\"\"Calls the method provided with the driver as an argument until the \\\n        return value does not evaluate to ``False``.\n    \n        :param method: callable(WebDriver)\n        :param message: optional message for :exc:`TimeoutException`\n        :returns: the result of the last call to `method`\n        :raises: :exc:`selenium.common.exceptions.TimeoutException` if timeout occurs\n        \"\"\"\n        screen = None\n        stacktrace = None\n    \n        end_time = time.monotonic() + self._timeout\n        while True:\n            try:\n                value = method(self._driver)\n                if value:\n                    return value\n            except self._ignored_exceptions as exc:\n                screen = getattr(exc, \"screen\", None)\n                stacktrace = getattr(exc, \"stacktrace\", None)\n            time.sleep(self._poll)\n            if time.monotonic() > end_time:\n                break\n>       raise TimeoutException(message, screen, stacktrace)\nE       selenium.common.exceptions.TimeoutException: Message: \nE       Stacktrace:\nE       #0 0x55eb1ceaa8ae <unknown>\nE       #1 0x55eb1c9dfc40 <unknown>\nE       #2 0x55eb1ca2be12 <unknown>\nE       #3 0x55eb1ca2c011 <unknown>\nE       #4 0x55eb1ca75bc4 <unknown>\nE       #5 0x55eb1ca53efd <unknown>\nE       #6 0x55eb1ca736d2 <unknown>\nE       #7 0x55eb1ca53c73 <unknown>\nE       #8 0x55eb1ca1f6e8 <unknown>\nE       #9 0x55eb1ca2069e <unknown>\nE       #10 0x55eb1ce7dc66 <unknown>\nE       #11 0x55eb1ce80f97 <unknown>\nE       #12 0x55eb1ce80a58 <unknown>\nE       #13 0x55eb1ce81425 <unknown>\nE       #14 0x55eb1ce6eb6e <unknown>\nE       #15 0x55eb1ce8176f <unknown>\nE       #16 0x55eb1ce58625 <unknown>\nE       #17 0x55eb1ce99d55 <unknown>\nE       #18 0x55eb1ce99f36 <unknown>\nE       #19 0x55eb1cea96e5 <unknown>\nE       #20 0x7f2e90286144 <unknown>\n\n../local/lib/python3.10/site-packages/selenium/webdriver/support/wait.py:105: TimeoutException",
  "flaky" : false,
  "newFailed" : false,
  "beforeStages" : [ {
    "name" : "pytestconfig",
    "time" : {
      "start" : 1729883129273,
      "stop" : 1729883129273,
      "duration" : 0
    },
    "status" : "passed",
    "steps" : [ ],
    "attachments" : [ ],
    "parameters" : [ ],
    "stepsCount" : 0,
    "attachmentsCount" : 0,
    "shouldDisplayMessage" : false,
    "hasContent" : false
  }, {
    "name" : "set_driver",
    "time" : {
      "start" : 1729883169436,
      "stop" : 1729883169879,
      "duration" : 443
    },
    "status" : "passed",
    "steps" : [ ],
    "attachments" : [ ],
    "parameters" : [ ],
    "stepsCount" : 0,
    "attachmentsCount" : 0,
    "shouldDisplayMessage" : false,
    "hasContent" : false
  }, {
    "name" : "setup",
    "time" : {
      "start" : 1729883169880,
      "stop" : 1729883169880,
      "duration" : 0
    },
    "status" : "passed",
    "steps" : [ ],
    "attachments" : [ ],
    "parameters" : [ ],
    "stepsCount" : 0,
    "attachmentsCount" : 0,
    "shouldDisplayMessage" : false,
    "hasContent" : false
  }, {
    "name" : "set_env_settings",
    "time" : {
      "start" : 1729883129273,
      "stop" : 1729883129274,
      "duration" : 1
    },
    "status" : "passed",
    "steps" : [ ],
    "attachments" : [ ],
    "parameters" : [ ],
    "stepsCount" : 0,
    "attachmentsCount" : 0,
    "shouldDisplayMessage" : false,
    "hasContent" : false
  }, {
    "name" : "_session_faker",
    "time" : {
      "start" : 1729883129195,
      "stop" : 1729883129273,
      "duration" : 78
    },
    "status" : "passed",
    "steps" : [ ],
    "attachments" : [ ],
    "parameters" : [ ],
    "stepsCount" : 0,
    "attachmentsCount" : 0,
    "shouldDisplayMessage" : false,
    "hasContent" : false
  } ],
  "testStage" : {
    "status" : "broken",
    "statusMessage" : "selenium.common.exceptions.TimeoutException: Message: \nStacktrace:\n#0 0x55eb1ceaa8ae <unknown>\n#1 0x55eb1c9dfc40 <unknown>\n#2 0x55eb1ca2be12 <unknown>\n#3 0x55eb1ca2c011 <unknown>\n#4 0x55eb1ca75bc4 <unknown>\n#5 0x55eb1ca53efd <unknown>\n#6 0x55eb1ca736d2 <unknown>\n#7 0x55eb1ca53c73 <unknown>\n#8 0x55eb1ca1f6e8 <unknown>\n#9 0x55eb1ca2069e <unknown>\n#10 0x55eb1ce7dc66 <unknown>\n#11 0x55eb1ce80f97 <unknown>\n#12 0x55eb1ce80a58 <unknown>\n#13 0x55eb1ce81425 <unknown>\n#14 0x55eb1ce6eb6e <unknown>\n#15 0x55eb1ce8176f <unknown>\n#16 0x55eb1ce58625 <unknown>\n#17 0x55eb1ce99d55 <unknown>\n#18 0x55eb1ce99f36 <unknown>\n#19 0x55eb1cea96e5 <unknown>\n#20 0x7f2e90286144 <unknown>",
    "statusTrace" : "self = <tests.ui.test_registration_new_user.TestRegistrationUser object at 0x7f1aebf535e0>\nuser = {'email': 'denisovmilan@example.org', 'name': 'Наталья Тимуровна Самойлова', 'phone': '+380632874829'}\ncode = 8889\n\n    @allure.step(\"Registration new user with wrong code AWDEV-T506\")\n    @pytest.mark.parametrize(\"user, code\",\n                             [(RegistrationUserUi.new_user_name_phone_email, DEFAULT_CODE_AUTHORIZATION)], ids=str)\n    def test_registration_user_with_wrong_code_awdev_t506(self, user, code):\n        self.registration_page.open_registration_form()\n        self.registration_page.fill_registration_form(user=user)\n>       self.registration_page.confirm_registration_form(code=code, correct=False)\n\ntests/ui/test_registration_new_user.py:41: \n_ _ _ _ _ _ _ _ _ _ _ _ _ _ _ _ _ _ _ _ _ _ _ _ _ _ _ _ _ _ _ _ _ _ _ _ _ _ _ _ \nsrc/pages/registration_page.py:44: in confirm_registration_form\n    self.fill_field_with_click(self.CODE_FIELD, code)\nsrc/base_classes/base_page.py:46: in fill_field_with_click\n    self.wait.until(EC.element_to_be_clickable(field_name)).click()\n_ _ _ _ _ _ _ _ _ _ _ _ _ _ _ _ _ _ _ _ _ _ _ _ _ _ _ _ _ _ _ _ _ _ _ _ _ _ _ _ \n\nself = <selenium.webdriver.support.wait.WebDriverWait (session=\"b81482fcb31be09f725fb10b0edfa8f7\")>\nmethod = <function element_to_be_clickable.<locals>._predicate at 0x7f1aeb5ad120>\nmessage = ''\n\n    def until(self, method: Callable[[D], Union[Literal[False], T]], message: str = \"\") -> T:\n        \"\"\"Calls the method provided with the driver as an argument until the \\\n        return value does not evaluate to ``False``.\n    \n        :param method: callable(WebDriver)\n        :param message: optional message for :exc:`TimeoutException`\n        :returns: the result of the last call to `method`\n        :raises: :exc:`selenium.common.exceptions.TimeoutException` if timeout occurs\n        \"\"\"\n        screen = None\n        stacktrace = None\n    \n        end_time = time.monotonic() + self._timeout\n        while True:\n            try:\n                value = method(self._driver)\n                if value:\n                    return value\n            except self._ignored_exceptions as exc:\n                screen = getattr(exc, \"screen\", None)\n                stacktrace = getattr(exc, \"stacktrace\", None)\n            time.sleep(self._poll)\n            if time.monotonic() > end_time:\n                break\n>       raise TimeoutException(message, screen, stacktrace)\nE       selenium.common.exceptions.TimeoutException: Message: \nE       Stacktrace:\nE       #0 0x55eb1ceaa8ae <unknown>\nE       #1 0x55eb1c9dfc40 <unknown>\nE       #2 0x55eb1ca2be12 <unknown>\nE       #3 0x55eb1ca2c011 <unknown>\nE       #4 0x55eb1ca75bc4 <unknown>\nE       #5 0x55eb1ca53efd <unknown>\nE       #6 0x55eb1ca736d2 <unknown>\nE       #7 0x55eb1ca53c73 <unknown>\nE       #8 0x55eb1ca1f6e8 <unknown>\nE       #9 0x55eb1ca2069e <unknown>\nE       #10 0x55eb1ce7dc66 <unknown>\nE       #11 0x55eb1ce80f97 <unknown>\nE       #12 0x55eb1ce80a58 <unknown>\nE       #13 0x55eb1ce81425 <unknown>\nE       #14 0x55eb1ce6eb6e <unknown>\nE       #15 0x55eb1ce8176f <unknown>\nE       #16 0x55eb1ce58625 <unknown>\nE       #17 0x55eb1ce99d55 <unknown>\nE       #18 0x55eb1ce99f36 <unknown>\nE       #19 0x55eb1cea96e5 <unknown>\nE       #20 0x7f2e90286144 <unknown>\n\n../local/lib/python3.10/site-packages/selenium/webdriver/support/wait.py:105: TimeoutException",
    "steps" : [ {
      "name" : "Registration new user with wrong code AWDEV-T506",
      "time" : {
        "start" : 1729883169881,
        "stop" : 1729883196174,
        "duration" : 26293
      },
      "status" : "broken",
      "statusMessage" : "selenium.common.exceptions.TimeoutException: Message: \nStacktrace:\n#0 0x55eb1ceaa8ae <unknown>\n#1 0x55eb1c9dfc40 <unknown>\n#2 0x55eb1ca2be12 <unknown>\n#3 0x55eb1ca2c011 <unknown>\n#4 0x55eb1ca75bc4 <unknown>\n#5 0x55eb1ca53efd <unknown>\n#6 0x55eb1ca736d2 <unknown>\n#7 0x55eb1ca53c73 <unknown>\n#8 0x55eb1ca1f6e8 <unknown>\n#9 0x55eb1ca2069e <unknown>\n#10 0x55eb1ce7dc66 <unknown>\n#11 0x55eb1ce80f97 <unknown>\n#12 0x55eb1ce80a58 <unknown>\n#13 0x55eb1ce81425 <unknown>\n#14 0x55eb1ce6eb6e <unknown>\n#15 0x55eb1ce8176f <unknown>\n#16 0x55eb1ce58625 <unknown>\n#17 0x55eb1ce99d55 <unknown>\n#18 0x55eb1ce99f36 <unknown>\n#19 0x55eb1cea96e5 <unknown>\n#20 0x7f2e90286144 <unknown>\n\n",
      "statusTrace" : "  File \"/usr/local/lib/python3.10/site-packages/allure_commons/_allure.py\", line 192, in impl\n    return func(*a, **kw)\n  File \"/usr/workspace/tests/ui/test_registration_new_user.py\", line 41, in test_registration_user_with_wrong_code_awdev_t506\n    self.registration_page.confirm_registration_form(code=code, correct=False)\n  File \"/usr/workspace/src/pages/registration_page.py\", line 44, in confirm_registration_form\n    self.fill_field_with_click(self.CODE_FIELD, code)\n  File \"/usr/workspace/src/base_classes/base_page.py\", line 46, in fill_field_with_click\n    self.wait.until(EC.element_to_be_clickable(field_name)).click()\n  File \"/usr/local/lib/python3.10/site-packages/selenium/webdriver/support/wait.py\", line 105, in until\n    raise TimeoutException(message, screen, stacktrace)\n",
      "steps" : [ {
        "name" : "Open 'https://m2-live-qa-001.antoshka.ua/uk/' page",
        "time" : {
          "start" : 1729883169881,
          "stop" : 1729883174303,
          "duration" : 4422
        },
        "status" : "passed",
        "steps" : [ ],
        "attachments" : [ ],
        "parameters" : [ ],
        "stepsCount" : 0,
        "attachmentsCount" : 0,
        "shouldDisplayMessage" : false,
        "hasContent" : false
      }, {
        "name" : "Page 'https://m2-live-qa-001.antoshka.ua/uk/' is opened",
        "time" : {
          "start" : 1729883174303,
          "stop" : 1729883174308,
          "duration" : 5
        },
        "status" : "passed",
        "steps" : [ ],
        "attachments" : [ ],
        "parameters" : [ ],
        "stepsCount" : 0,
        "attachmentsCount" : 0,
        "shouldDisplayMessage" : false,
        "hasContent" : false
      }, {
        "name" : "Click ('xpath', \"//*[@id='login-enter']\")",
        "time" : {
          "start" : 1729883174308,
          "stop" : 1729883174369,
          "duration" : 61
        },
        "status" : "passed",
        "steps" : [ ],
        "attachments" : [ ],
        "parameters" : [ ],
        "stepsCount" : 0,
        "attachmentsCount" : 0,
        "shouldDisplayMessage" : false,
        "hasContent" : false
      }, {
        "name" : "Click ('xpath', '//form[1]//a')",
        "time" : {
          "start" : 1729883174369,
          "stop" : 1729883175454,
          "duration" : 1085
        },
        "status" : "passed",
        "steps" : [ ],
        "attachments" : [ ],
        "parameters" : [ ],
        "stepsCount" : 0,
        "attachmentsCount" : 0,
        "shouldDisplayMessage" : false,
        "hasContent" : false
      }, {
        "name" : "Fill '('xpath', \"//input[@data-validation='name']\")' with data 'Н'",
        "time" : {
          "start" : 1729883175454,
          "stop" : 1729883175579,
          "duration" : 125
        },
        "status" : "passed",
        "steps" : [ ],
        "attachments" : [ ],
        "parameters" : [ ],
        "stepsCount" : 0,
        "attachmentsCount" : 0,
        "shouldDisplayMessage" : false,
        "hasContent" : false
      }, {
        "name" : "Fill '('xpath', \"//*[@id='telephone']\")' with data '632874829'",
        "time" : {
          "start" : 1729883175579,
          "stop" : 1729883175718,
          "duration" : 139
        },
        "status" : "passed",
        "steps" : [ ],
        "attachments" : [ ],
        "parameters" : [ ],
        "stepsCount" : 0,
        "attachmentsCount" : 0,
        "shouldDisplayMessage" : false,
        "hasContent" : false
      }, {
        "name" : "Fill '('xpath', \"//input[@data-validation='email']\")' with data 'denisovmilan@example.org'",
        "time" : {
          "start" : 1729883175718,
          "stop" : 1729883175862,
          "duration" : 144
        },
        "status" : "passed",
        "steps" : [ ],
        "attachments" : [ ],
        "parameters" : [ ],
        "stepsCount" : 0,
        "attachmentsCount" : 0,
        "shouldDisplayMessage" : false,
        "hasContent" : false
      }, {
        "name" : "Click ('xpath', \"//button[@class='auth_next']\")",
        "time" : {
          "start" : 1729883175862,
          "stop" : 1729883175916,
          "duration" : 54
        },
        "status" : "passed",
        "steps" : [ ],
        "attachments" : [ ],
        "parameters" : [ ],
        "stepsCount" : 0,
        "attachmentsCount" : 0,
        "shouldDisplayMessage" : false,
        "hasContent" : false
      }, {
        "name" : "Fill '('xpath', \"//input[@id='code-auth']\")' with data '8889'",
        "time" : {
          "start" : 1729883175916,
          "stop" : 1729883196174,
          "duration" : 20258
        },
        "status" : "broken",
        "statusMessage" : "selenium.common.exceptions.TimeoutException: Message: \nStacktrace:\n#0 0x55eb1ceaa8ae <unknown>\n#1 0x55eb1c9dfc40 <unknown>\n#2 0x55eb1ca2be12 <unknown>\n#3 0x55eb1ca2c011 <unknown>\n#4 0x55eb1ca75bc4 <unknown>\n#5 0x55eb1ca53efd <unknown>\n#6 0x55eb1ca736d2 <unknown>\n#7 0x55eb1ca53c73 <unknown>\n#8 0x55eb1ca1f6e8 <unknown>\n#9 0x55eb1ca2069e <unknown>\n#10 0x55eb1ce7dc66 <unknown>\n#11 0x55eb1ce80f97 <unknown>\n#12 0x55eb1ce80a58 <unknown>\n#13 0x55eb1ce81425 <unknown>\n#14 0x55eb1ce6eb6e <unknown>\n#15 0x55eb1ce8176f <unknown>\n#16 0x55eb1ce58625 <unknown>\n#17 0x55eb1ce99d55 <unknown>\n#18 0x55eb1ce99f36 <unknown>\n#19 0x55eb1cea96e5 <unknown>\n#20 0x7f2e90286144 <unknown>\n\n",
        "statusTrace" : "  File \"/usr/workspace/src/base_classes/base_page.py\", line 46, in fill_field_with_click\n    self.wait.until(EC.element_to_be_clickable(field_name)).click()\n  File \"/usr/local/lib/python3.10/site-packages/selenium/webdriver/support/wait.py\", line 105, in until\n    raise TimeoutException(message, screen, stacktrace)\n",
        "steps" : [ ],
        "attachments" : [ ],
        "parameters" : [ ],
        "stepsCount" : 0,
        "attachmentsCount" : 0,
        "shouldDisplayMessage" : true,
        "hasContent" : true
      } ],
      "attachments" : [ ],
      "parameters" : [ {
        "name" : "user",
        "value" : "{'name': 'Наталья Тимуровна Самойлова', 'email': 'denisovmilan@example.org', 'phone': '+380632874829'}"
      }, {
        "name" : "code",
        "value" : "8889"
      } ],
      "stepsCount" : 9,
      "attachmentsCount" : 0,
      "shouldDisplayMessage" : false,
      "hasContent" : true
    } ],
    "attachments" : [ {
      "uid" : "6b47820a0811c064",
      "name" : "log",
      "source" : "6b47820a0811c064.txt",
      "type" : "text/plain",
      "size" : 92
    } ],
    "parameters" : [ ],
    "stepsCount" : 10,
    "attachmentsCount" : 1,
    "shouldDisplayMessage" : true,
    "hasContent" : true
  },
  "afterStages" : [ {
    "name" : "set_driver::0",
    "time" : {
      "start" : 1729883196182,
      "stop" : 1729883196251,
      "duration" : 69
    },
    "status" : "passed",
    "steps" : [ ],
    "attachments" : [ ],
    "parameters" : [ ],
    "stepsCount" : 0,
    "attachmentsCount" : 0,
    "shouldDisplayMessage" : false,
    "hasContent" : false
  } ],
  "labels" : [ {
    "name" : "parentSuite",
    "value" : "tests.ui"
  }, {
    "name" : "suite",
    "value" : "test_registration_new_user"
  }, {
    "name" : "subSuite",
    "value" : "TestRegistrationUser"
  }, {
    "name" : "host",
    "value" : "b447a780a771"
  }, {
    "name" : "thread",
    "value" : "7-MainThread"
  }, {
    "name" : "framework",
    "value" : "pytest"
  }, {
    "name" : "language",
    "value" : "cpython3"
  }, {
    "name" : "package",
    "value" : "tests.ui.test_registration_new_user"
  }, {
    "name" : "resultFormat",
    "value" : "allure2"
  } ],
  "parameters" : [ {
    "name" : "code",
    "value" : "8889"
  }, {
    "name" : "user",
    "value" : "{'name': 'Наталья Тимуровна Самойлова', 'email': 'denisovmilan@example.org', 'phone': '+380632874829'}"
  } ],
  "links" : [ ],
  "hidden" : false,
  "retry" : false,
  "extra" : {
    "severity" : "normal",
    "retries" : [ ],
    "categories" : [ {
      "name" : "Test defects",
      "matchedStatuses" : [ ],
      "flaky" : false
    } ],
    "tags" : [ ]
  },
  "source" : "ae1373b5c2a246d6.json",
  "parameterValues" : [ "8889", "{'name': 'Наталья Тимуровна Самойлова', 'email': 'denisovmilan@example.org', 'phone': '+380632874829'}" ]
}