{
  "uid" : "aff970bf7bbac8ac",
  "name" : "test_registration_new_user_awdev_t506[{'name': '\\u0411\\u043e\\u044f\\u043d \\u0413\\u0435\\u0440\\u043c\\u0430\\u043d\\u043e\\u0432\\u0438\\u0447 \\u041c\\u0430\\u0441\\u043b\\u043e\\u0432', 'email': 'molchanovemmanuil@example.org', 'phone': '+380630181744'}-1111]",
  "fullName" : "tests.ui.test_registration_new_user.TestRegistrationUser#test_registration_new_user_awdev_t506",
  "historyId" : "1812b024d05ae1a6e98600b96e7e95a7",
  "time" : {
    "start" : 1729883129851,
    "stop" : 1729883156208,
    "duration" : 26357
  },
  "status" : "broken",
  "statusMessage" : "selenium.common.exceptions.TimeoutException: Message: \nStacktrace:\n#0 0x55ec2a5a98ae <unknown>\n#1 0x55ec2a0dec40 <unknown>\n#2 0x55ec2a12ae12 <unknown>\n#3 0x55ec2a12b011 <unknown>\n#4 0x55ec2a174bc4 <unknown>\n#5 0x55ec2a152efd <unknown>\n#6 0x55ec2a1726d2 <unknown>\n#7 0x55ec2a152c73 <unknown>\n#8 0x55ec2a11e6e8 <unknown>\n#9 0x55ec2a11f69e <unknown>\n#10 0x55ec2a57cc66 <unknown>\n#11 0x55ec2a57ff97 <unknown>\n#12 0x55ec2a57fa58 <unknown>\n#13 0x55ec2a580425 <unknown>\n#14 0x55ec2a56db6e <unknown>\n#15 0x55ec2a58076f <unknown>\n#16 0x55ec2a557625 <unknown>\n#17 0x55ec2a598d55 <unknown>\n#18 0x55ec2a598f36 <unknown>\n#19 0x55ec2a5a86e5 <unknown>\n#20 0x7fdf23502144 <unknown>",
  "statusTrace" : "self = <tests.ui.test_registration_new_user.TestRegistrationUser object at 0x7f1aebf53790>\nuser = {'email': 'molchanovemmanuil@example.org', 'name': 'Боян Германович Маслов', 'phone': '+380630181744'}\ncode = 1111\n\n    @allure.step(\"Registration new user AWDEV-T506\")\n    @pytest.mark.parametrize(\"user, code\", [\n        (RegistrationUserUi.user_name_phone_email, DEFAULT_CODE_REGISTRATION)], ids=str)\n    def test_registration_new_user_awdev_t506(self, user, code):\n        self.registration_page.open_registration_form()\n        self.registration_page.fill_registration_form(user=user)\n>       self.registration_page.confirm_registration_form(code=code)\n\ntests/ui/test_registration_new_user.py:16: \n_ _ _ _ _ _ _ _ _ _ _ _ _ _ _ _ _ _ _ _ _ _ _ _ _ _ _ _ _ _ _ _ _ _ _ _ _ _ _ _ \nsrc/pages/registration_page.py:44: in confirm_registration_form\n    self.fill_field_with_click(self.CODE_FIELD, code)\nsrc/base_classes/base_page.py:46: in fill_field_with_click\n    self.wait.until(EC.element_to_be_clickable(field_name)).click()\n_ _ _ _ _ _ _ _ _ _ _ _ _ _ _ _ _ _ _ _ _ _ _ _ _ _ _ _ _ _ _ _ _ _ _ _ _ _ _ _ \n\nself = <selenium.webdriver.support.wait.WebDriverWait (session=\"e227ca35158c69531a20cb17d6b367d2\")>\nmethod = <function element_to_be_clickable.<locals>._predicate at 0x7f1aec727be0>\nmessage = ''\n\n    def until(self, method: Callable[[D], Union[Literal[False], T]], message: str = \"\") -> T:\n        \"\"\"Calls the method provided with the driver as an argument until the \\\n        return value does not evaluate to ``False``.\n    \n        :param method: callable(WebDriver)\n        :param message: optional message for :exc:`TimeoutException`\n        :returns: the result of the last call to `method`\n        :raises: :exc:`selenium.common.exceptions.TimeoutException` if timeout occurs\n        \"\"\"\n        screen = None\n        stacktrace = None\n    \n        end_time = time.monotonic() + self._timeout\n        while True:\n            try:\n                value = method(self._driver)\n                if value:\n                    return value\n            except self._ignored_exceptions as exc:\n                screen = getattr(exc, \"screen\", None)\n                stacktrace = getattr(exc, \"stacktrace\", None)\n            time.sleep(self._poll)\n            if time.monotonic() > end_time:\n                break\n>       raise TimeoutException(message, screen, stacktrace)\nE       selenium.common.exceptions.TimeoutException: Message: \nE       Stacktrace:\nE       #0 0x55ec2a5a98ae <unknown>\nE       #1 0x55ec2a0dec40 <unknown>\nE       #2 0x55ec2a12ae12 <unknown>\nE       #3 0x55ec2a12b011 <unknown>\nE       #4 0x55ec2a174bc4 <unknown>\nE       #5 0x55ec2a152efd <unknown>\nE       #6 0x55ec2a1726d2 <unknown>\nE       #7 0x55ec2a152c73 <unknown>\nE       #8 0x55ec2a11e6e8 <unknown>\nE       #9 0x55ec2a11f69e <unknown>\nE       #10 0x55ec2a57cc66 <unknown>\nE       #11 0x55ec2a57ff97 <unknown>\nE       #12 0x55ec2a57fa58 <unknown>\nE       #13 0x55ec2a580425 <unknown>\nE       #14 0x55ec2a56db6e <unknown>\nE       #15 0x55ec2a58076f <unknown>\nE       #16 0x55ec2a557625 <unknown>\nE       #17 0x55ec2a598d55 <unknown>\nE       #18 0x55ec2a598f36 <unknown>\nE       #19 0x55ec2a5a86e5 <unknown>\nE       #20 0x7fdf23502144 <unknown>\n\n../local/lib/python3.10/site-packages/selenium/webdriver/support/wait.py:105: TimeoutException",
  "flaky" : false,
  "newFailed" : false,
  "beforeStages" : [ {
    "name" : "pytestconfig",
    "time" : {
      "start" : 1729883129273,
      "stop" : 1729883129273,
      "duration" : 0
    },
    "status" : "passed",
    "steps" : [ ],
    "attachments" : [ ],
    "parameters" : [ ],
    "stepsCount" : 0,
    "attachmentsCount" : 0,
    "shouldDisplayMessage" : false,
    "hasContent" : false
  }, {
    "name" : "setup",
    "time" : {
      "start" : 1729883129850,
      "stop" : 1729883129851,
      "duration" : 1
    },
    "status" : "passed",
    "steps" : [ ],
    "attachments" : [ ],
    "parameters" : [ ],
    "stepsCount" : 0,
    "attachmentsCount" : 0,
    "shouldDisplayMessage" : false,
    "hasContent" : false
  }, {
    "name" : "set_env_settings",
    "time" : {
      "start" : 1729883129273,
      "stop" : 1729883129274,
      "duration" : 1
    },
    "status" : "passed",
    "steps" : [ ],
    "attachments" : [ ],
    "parameters" : [ ],
    "stepsCount" : 0,
    "attachmentsCount" : 0,
    "shouldDisplayMessage" : false,
    "hasContent" : false
  }, {
    "name" : "set_driver",
    "time" : {
      "start" : 1729883129274,
      "stop" : 1729883129850,
      "duration" : 576
    },
    "status" : "passed",
    "steps" : [ ],
    "attachments" : [ ],
    "parameters" : [ ],
    "stepsCount" : 0,
    "attachmentsCount" : 0,
    "shouldDisplayMessage" : false,
    "hasContent" : false
  }, {
    "name" : "_session_faker",
    "time" : {
      "start" : 1729883129195,
      "stop" : 1729883129273,
      "duration" : 78
    },
    "status" : "passed",
    "steps" : [ ],
    "attachments" : [ ],
    "parameters" : [ ],
    "stepsCount" : 0,
    "attachmentsCount" : 0,
    "shouldDisplayMessage" : false,
    "hasContent" : false
  } ],
  "testStage" : {
    "status" : "broken",
    "statusMessage" : "selenium.common.exceptions.TimeoutException: Message: \nStacktrace:\n#0 0x55ec2a5a98ae <unknown>\n#1 0x55ec2a0dec40 <unknown>\n#2 0x55ec2a12ae12 <unknown>\n#3 0x55ec2a12b011 <unknown>\n#4 0x55ec2a174bc4 <unknown>\n#5 0x55ec2a152efd <unknown>\n#6 0x55ec2a1726d2 <unknown>\n#7 0x55ec2a152c73 <unknown>\n#8 0x55ec2a11e6e8 <unknown>\n#9 0x55ec2a11f69e <unknown>\n#10 0x55ec2a57cc66 <unknown>\n#11 0x55ec2a57ff97 <unknown>\n#12 0x55ec2a57fa58 <unknown>\n#13 0x55ec2a580425 <unknown>\n#14 0x55ec2a56db6e <unknown>\n#15 0x55ec2a58076f <unknown>\n#16 0x55ec2a557625 <unknown>\n#17 0x55ec2a598d55 <unknown>\n#18 0x55ec2a598f36 <unknown>\n#19 0x55ec2a5a86e5 <unknown>\n#20 0x7fdf23502144 <unknown>",
    "statusTrace" : "self = <tests.ui.test_registration_new_user.TestRegistrationUser object at 0x7f1aebf53790>\nuser = {'email': 'molchanovemmanuil@example.org', 'name': 'Боян Германович Маслов', 'phone': '+380630181744'}\ncode = 1111\n\n    @allure.step(\"Registration new user AWDEV-T506\")\n    @pytest.mark.parametrize(\"user, code\", [\n        (RegistrationUserUi.user_name_phone_email, DEFAULT_CODE_REGISTRATION)], ids=str)\n    def test_registration_new_user_awdev_t506(self, user, code):\n        self.registration_page.open_registration_form()\n        self.registration_page.fill_registration_form(user=user)\n>       self.registration_page.confirm_registration_form(code=code)\n\ntests/ui/test_registration_new_user.py:16: \n_ _ _ _ _ _ _ _ _ _ _ _ _ _ _ _ _ _ _ _ _ _ _ _ _ _ _ _ _ _ _ _ _ _ _ _ _ _ _ _ \nsrc/pages/registration_page.py:44: in confirm_registration_form\n    self.fill_field_with_click(self.CODE_FIELD, code)\nsrc/base_classes/base_page.py:46: in fill_field_with_click\n    self.wait.until(EC.element_to_be_clickable(field_name)).click()\n_ _ _ _ _ _ _ _ _ _ _ _ _ _ _ _ _ _ _ _ _ _ _ _ _ _ _ _ _ _ _ _ _ _ _ _ _ _ _ _ \n\nself = <selenium.webdriver.support.wait.WebDriverWait (session=\"e227ca35158c69531a20cb17d6b367d2\")>\nmethod = <function element_to_be_clickable.<locals>._predicate at 0x7f1aec727be0>\nmessage = ''\n\n    def until(self, method: Callable[[D], Union[Literal[False], T]], message: str = \"\") -> T:\n        \"\"\"Calls the method provided with the driver as an argument until the \\\n        return value does not evaluate to ``False``.\n    \n        :param method: callable(WebDriver)\n        :param message: optional message for :exc:`TimeoutException`\n        :returns: the result of the last call to `method`\n        :raises: :exc:`selenium.common.exceptions.TimeoutException` if timeout occurs\n        \"\"\"\n        screen = None\n        stacktrace = None\n    \n        end_time = time.monotonic() + self._timeout\n        while True:\n            try:\n                value = method(self._driver)\n                if value:\n                    return value\n            except self._ignored_exceptions as exc:\n                screen = getattr(exc, \"screen\", None)\n                stacktrace = getattr(exc, \"stacktrace\", None)\n            time.sleep(self._poll)\n            if time.monotonic() > end_time:\n                break\n>       raise TimeoutException(message, screen, stacktrace)\nE       selenium.common.exceptions.TimeoutException: Message: \nE       Stacktrace:\nE       #0 0x55ec2a5a98ae <unknown>\nE       #1 0x55ec2a0dec40 <unknown>\nE       #2 0x55ec2a12ae12 <unknown>\nE       #3 0x55ec2a12b011 <unknown>\nE       #4 0x55ec2a174bc4 <unknown>\nE       #5 0x55ec2a152efd <unknown>\nE       #6 0x55ec2a1726d2 <unknown>\nE       #7 0x55ec2a152c73 <unknown>\nE       #8 0x55ec2a11e6e8 <unknown>\nE       #9 0x55ec2a11f69e <unknown>\nE       #10 0x55ec2a57cc66 <unknown>\nE       #11 0x55ec2a57ff97 <unknown>\nE       #12 0x55ec2a57fa58 <unknown>\nE       #13 0x55ec2a580425 <unknown>\nE       #14 0x55ec2a56db6e <unknown>\nE       #15 0x55ec2a58076f <unknown>\nE       #16 0x55ec2a557625 <unknown>\nE       #17 0x55ec2a598d55 <unknown>\nE       #18 0x55ec2a598f36 <unknown>\nE       #19 0x55ec2a5a86e5 <unknown>\nE       #20 0x7fdf23502144 <unknown>\n\n../local/lib/python3.10/site-packages/selenium/webdriver/support/wait.py:105: TimeoutException",
    "steps" : [ {
      "name" : "Registration new user AWDEV-T506",
      "time" : {
        "start" : 1729883129852,
        "stop" : 1729883156207,
        "duration" : 26355
      },
      "status" : "broken",
      "statusMessage" : "selenium.common.exceptions.TimeoutException: Message: \nStacktrace:\n#0 0x55ec2a5a98ae <unknown>\n#1 0x55ec2a0dec40 <unknown>\n#2 0x55ec2a12ae12 <unknown>\n#3 0x55ec2a12b011 <unknown>\n#4 0x55ec2a174bc4 <unknown>\n#5 0x55ec2a152efd <unknown>\n#6 0x55ec2a1726d2 <unknown>\n#7 0x55ec2a152c73 <unknown>\n#8 0x55ec2a11e6e8 <unknown>\n#9 0x55ec2a11f69e <unknown>\n#10 0x55ec2a57cc66 <unknown>\n#11 0x55ec2a57ff97 <unknown>\n#12 0x55ec2a57fa58 <unknown>\n#13 0x55ec2a580425 <unknown>\n#14 0x55ec2a56db6e <unknown>\n#15 0x55ec2a58076f <unknown>\n#16 0x55ec2a557625 <unknown>\n#17 0x55ec2a598d55 <unknown>\n#18 0x55ec2a598f36 <unknown>\n#19 0x55ec2a5a86e5 <unknown>\n#20 0x7fdf23502144 <unknown>\n\n",
      "statusTrace" : "  File \"/usr/local/lib/python3.10/site-packages/allure_commons/_allure.py\", line 192, in impl\n    return func(*a, **kw)\n  File \"/usr/workspace/tests/ui/test_registration_new_user.py\", line 16, in test_registration_new_user_awdev_t506\n    self.registration_page.confirm_registration_form(code=code)\n  File \"/usr/workspace/src/pages/registration_page.py\", line 44, in confirm_registration_form\n    self.fill_field_with_click(self.CODE_FIELD, code)\n  File \"/usr/workspace/src/base_classes/base_page.py\", line 46, in fill_field_with_click\n    self.wait.until(EC.element_to_be_clickable(field_name)).click()\n  File \"/usr/local/lib/python3.10/site-packages/selenium/webdriver/support/wait.py\", line 105, in until\n    raise TimeoutException(message, screen, stacktrace)\n",
      "steps" : [ {
        "name" : "Open 'https://m2-live-qa-001.antoshka.ua/uk/' page",
        "time" : {
          "start" : 1729883129852,
          "stop" : 1729883134322,
          "duration" : 4470
        },
        "status" : "passed",
        "steps" : [ ],
        "attachments" : [ ],
        "parameters" : [ ],
        "stepsCount" : 0,
        "attachmentsCount" : 0,
        "shouldDisplayMessage" : false,
        "hasContent" : false
      }, {
        "name" : "Page 'https://m2-live-qa-001.antoshka.ua/uk/' is opened",
        "time" : {
          "start" : 1729883134322,
          "stop" : 1729883134327,
          "duration" : 5
        },
        "status" : "passed",
        "steps" : [ ],
        "attachments" : [ ],
        "parameters" : [ ],
        "stepsCount" : 0,
        "attachmentsCount" : 0,
        "shouldDisplayMessage" : false,
        "hasContent" : false
      }, {
        "name" : "Click ('xpath', \"//*[@id='login-enter']\")",
        "time" : {
          "start" : 1729883134327,
          "stop" : 1729883134392,
          "duration" : 65
        },
        "status" : "passed",
        "steps" : [ ],
        "attachments" : [ ],
        "parameters" : [ ],
        "stepsCount" : 0,
        "attachmentsCount" : 0,
        "shouldDisplayMessage" : false,
        "hasContent" : false
      }, {
        "name" : "Click ('xpath', '//form[1]//a')",
        "time" : {
          "start" : 1729883134392,
          "stop" : 1729883135464,
          "duration" : 1072
        },
        "status" : "passed",
        "steps" : [ ],
        "attachments" : [ ],
        "parameters" : [ ],
        "stepsCount" : 0,
        "attachmentsCount" : 0,
        "shouldDisplayMessage" : false,
        "hasContent" : false
      }, {
        "name" : "Fill '('xpath', \"//input[@data-validation='name']\")' with data 'Б'",
        "time" : {
          "start" : 1729883135464,
          "stop" : 1729883135593,
          "duration" : 129
        },
        "status" : "passed",
        "steps" : [ ],
        "attachments" : [ ],
        "parameters" : [ ],
        "stepsCount" : 0,
        "attachmentsCount" : 0,
        "shouldDisplayMessage" : false,
        "hasContent" : false
      }, {
        "name" : "Fill '('xpath', \"//*[@id='telephone']\")' with data '630181744'",
        "time" : {
          "start" : 1729883135593,
          "stop" : 1729883135735,
          "duration" : 142
        },
        "status" : "passed",
        "steps" : [ ],
        "attachments" : [ ],
        "parameters" : [ ],
        "stepsCount" : 0,
        "attachmentsCount" : 0,
        "shouldDisplayMessage" : false,
        "hasContent" : false
      }, {
        "name" : "Fill '('xpath', \"//input[@data-validation='email']\")' with data 'molchanovemmanuil@example.org'",
        "time" : {
          "start" : 1729883135735,
          "stop" : 1729883135885,
          "duration" : 150
        },
        "status" : "passed",
        "steps" : [ ],
        "attachments" : [ ],
        "parameters" : [ ],
        "stepsCount" : 0,
        "attachmentsCount" : 0,
        "shouldDisplayMessage" : false,
        "hasContent" : false
      }, {
        "name" : "Click ('xpath', \"//button[@class='auth_next']\")",
        "time" : {
          "start" : 1729883135885,
          "stop" : 1729883135939,
          "duration" : 54
        },
        "status" : "passed",
        "steps" : [ ],
        "attachments" : [ ],
        "parameters" : [ ],
        "stepsCount" : 0,
        "attachmentsCount" : 0,
        "shouldDisplayMessage" : false,
        "hasContent" : false
      }, {
        "name" : "Fill '('xpath', \"//input[@id='code-auth']\")' with data '1111'",
        "time" : {
          "start" : 1729883135939,
          "stop" : 1729883156207,
          "duration" : 20268
        },
        "status" : "broken",
        "statusMessage" : "selenium.common.exceptions.TimeoutException: Message: \nStacktrace:\n#0 0x55ec2a5a98ae <unknown>\n#1 0x55ec2a0dec40 <unknown>\n#2 0x55ec2a12ae12 <unknown>\n#3 0x55ec2a12b011 <unknown>\n#4 0x55ec2a174bc4 <unknown>\n#5 0x55ec2a152efd <unknown>\n#6 0x55ec2a1726d2 <unknown>\n#7 0x55ec2a152c73 <unknown>\n#8 0x55ec2a11e6e8 <unknown>\n#9 0x55ec2a11f69e <unknown>\n#10 0x55ec2a57cc66 <unknown>\n#11 0x55ec2a57ff97 <unknown>\n#12 0x55ec2a57fa58 <unknown>\n#13 0x55ec2a580425 <unknown>\n#14 0x55ec2a56db6e <unknown>\n#15 0x55ec2a58076f <unknown>\n#16 0x55ec2a557625 <unknown>\n#17 0x55ec2a598d55 <unknown>\n#18 0x55ec2a598f36 <unknown>\n#19 0x55ec2a5a86e5 <unknown>\n#20 0x7fdf23502144 <unknown>\n\n",
        "statusTrace" : "  File \"/usr/workspace/src/base_classes/base_page.py\", line 46, in fill_field_with_click\n    self.wait.until(EC.element_to_be_clickable(field_name)).click()\n  File \"/usr/local/lib/python3.10/site-packages/selenium/webdriver/support/wait.py\", line 105, in until\n    raise TimeoutException(message, screen, stacktrace)\n",
        "steps" : [ ],
        "attachments" : [ ],
        "parameters" : [ ],
        "stepsCount" : 0,
        "attachmentsCount" : 0,
        "shouldDisplayMessage" : true,
        "hasContent" : true
      } ],
      "attachments" : [ ],
      "parameters" : [ {
        "name" : "user",
        "value" : "{'name': 'Боян Германович Маслов', 'email': 'molchanovemmanuil@example.org', 'phone': '+380630181744'}"
      }, {
        "name" : "code",
        "value" : "1111"
      } ],
      "stepsCount" : 9,
      "attachmentsCount" : 0,
      "shouldDisplayMessage" : false,
      "hasContent" : true
    } ],
    "attachments" : [ {
      "uid" : "b79f8524a7160488",
      "name" : "log",
      "source" : "b79f8524a7160488.txt",
      "type" : "text/plain",
      "size" : 92
    } ],
    "parameters" : [ ],
    "stepsCount" : 10,
    "attachmentsCount" : 1,
    "shouldDisplayMessage" : true,
    "hasContent" : true
  },
  "afterStages" : [ {
    "name" : "set_driver::0",
    "time" : {
      "start" : 1729883156251,
      "stop" : 1729883156320,
      "duration" : 69
    },
    "status" : "passed",
    "steps" : [ ],
    "attachments" : [ ],
    "parameters" : [ ],
    "stepsCount" : 0,
    "attachmentsCount" : 0,
    "shouldDisplayMessage" : false,
    "hasContent" : false
  } ],
  "labels" : [ {
    "name" : "parentSuite",
    "value" : "tests.ui"
  }, {
    "name" : "suite",
    "value" : "test_registration_new_user"
  }, {
    "name" : "subSuite",
    "value" : "TestRegistrationUser"
  }, {
    "name" : "host",
    "value" : "b447a780a771"
  }, {
    "name" : "thread",
    "value" : "7-MainThread"
  }, {
    "name" : "framework",
    "value" : "pytest"
  }, {
    "name" : "language",
    "value" : "cpython3"
  }, {
    "name" : "package",
    "value" : "tests.ui.test_registration_new_user"
  }, {
    "name" : "resultFormat",
    "value" : "allure2"
  } ],
  "parameters" : [ {
    "name" : "code",
    "value" : "1111"
  }, {
    "name" : "user",
    "value" : "{'name': 'Боян Германович Маслов', 'email': 'molchanovemmanuil@example.org', 'phone': '+380630181744'}"
  } ],
  "links" : [ ],
  "hidden" : false,
  "retry" : false,
  "extra" : {
    "severity" : "normal",
    "retries" : [ ],
    "categories" : [ {
      "name" : "Test defects",
      "matchedStatuses" : [ ],
      "flaky" : false
    } ],
    "tags" : [ ]
  },
  "source" : "aff970bf7bbac8ac.json",
  "parameterValues" : [ "1111", "{'name': 'Боян Германович Маслов', 'email': 'molchanovemmanuil@example.org', 'phone': '+380630181744'}" ]
}