{
  "uid" : "b1ff3c65026d1ae9",
  "name" : "test_registration_new_user_awdev_t506[{'name': '\\u0415\\u0432\\u0433\\u0435\\u043d\\u0438\\u044f \\u0414\\u043c\\u0438\\u0442\\u0440\\u0438\\u0435\\u0432\\u043d\\u0430 \\u0411\\u043b\\u0438\\u043d\\u043e\\u0432\\u0430', 'email': 'kabanovaalla@example.net', 'phone': '+380632117534'}-1111]",
  "fullName" : "tests.ui.test_registration_new_user.TestRegistrationUser#test_registration_new_user_awdev_t506",
  "historyId" : "3240e31072c493ac42cd173ab201170d",
  "time" : {
    "start" : 1729939822684,
    "stop" : 1729939849148,
    "duration" : 26464
  },
  "status" : "broken",
  "statusMessage" : "selenium.common.exceptions.TimeoutException: Message: \nStacktrace:\n#0 0x55f405f088ae <unknown>\n#1 0x55f405a3dc40 <unknown>\n#2 0x55f405a89e12 <unknown>\n#3 0x55f405a8a011 <unknown>\n#4 0x55f405ad3bc4 <unknown>\n#5 0x55f405ab1efd <unknown>\n#6 0x55f405ad16d2 <unknown>\n#7 0x55f405ab1c73 <unknown>\n#8 0x55f405a7d6e8 <unknown>\n#9 0x55f405a7e69e <unknown>\n#10 0x55f405edbc66 <unknown>\n#11 0x55f405edef97 <unknown>\n#12 0x55f405edea58 <unknown>\n#13 0x55f405edf425 <unknown>\n#14 0x55f405eccb6e <unknown>\n#15 0x55f405edf76f <unknown>\n#16 0x55f405eb6625 <unknown>\n#17 0x55f405ef7d55 <unknown>\n#18 0x55f405ef7f36 <unknown>\n#19 0x55f405f076e5 <unknown>\n#20 0x7f098974a144 <unknown>",
  "statusTrace" : "self = <tests.ui.test_registration_new_user.TestRegistrationUser object at 0x7f96789af700>\nuser = {'email': 'kabanovaalla@example.net', 'name': 'Евгения Дмитриевна Блинова', 'phone': '+380632117534'}\ncode = 1111\n\n    @allure.step(\"Registration new user AWDEV-T506\")\n    @pytest.mark.parametrize(\"user, code\", [\n        (RegistrationUserUi.user_name_phone_email, DEFAULT_CODE_REGISTRATION)], ids=str)\n    def test_registration_new_user_awdev_t506(self, user, code):\n        self.registration_page.open_registration_form()\n        self.registration_page.fill_registration_form(user=user)\n>       self.registration_page.confirm_registration_form(code=code)\n\ntests/ui/test_registration_new_user.py:16: \n_ _ _ _ _ _ _ _ _ _ _ _ _ _ _ _ _ _ _ _ _ _ _ _ _ _ _ _ _ _ _ _ _ _ _ _ _ _ _ _ \nsrc/pages/registration_page.py:44: in confirm_registration_form\n    self.fill_field_with_click(self.CODE_FIELD, code)\nsrc/base_classes/base_page.py:46: in fill_field_with_click\n    self.wait.until(EC.element_to_be_clickable(field_name)).click()\n_ _ _ _ _ _ _ _ _ _ _ _ _ _ _ _ _ _ _ _ _ _ _ _ _ _ _ _ _ _ _ _ _ _ _ _ _ _ _ _ \n\nself = <selenium.webdriver.support.wait.WebDriverWait (session=\"75c9a0f63fa8d91ae388001e3863f1e6\")>\nmethod = <function element_to_be_clickable.<locals>._predicate at 0x7f9678ae3be0>\nmessage = ''\n\n    def until(self, method: Callable[[D], Union[Literal[False], T]], message: str = \"\") -> T:\n        \"\"\"Calls the method provided with the driver as an argument until the \\\n        return value does not evaluate to ``False``.\n    \n        :param method: callable(WebDriver)\n        :param message: optional message for :exc:`TimeoutException`\n        :returns: the result of the last call to `method`\n        :raises: :exc:`selenium.common.exceptions.TimeoutException` if timeout occurs\n        \"\"\"\n        screen = None\n        stacktrace = None\n    \n        end_time = time.monotonic() + self._timeout\n        while True:\n            try:\n                value = method(self._driver)\n                if value:\n                    return value\n            except self._ignored_exceptions as exc:\n                screen = getattr(exc, \"screen\", None)\n                stacktrace = getattr(exc, \"stacktrace\", None)\n            time.sleep(self._poll)\n            if time.monotonic() > end_time:\n                break\n>       raise TimeoutException(message, screen, stacktrace)\nE       selenium.common.exceptions.TimeoutException: Message: \nE       Stacktrace:\nE       #0 0x55f405f088ae <unknown>\nE       #1 0x55f405a3dc40 <unknown>\nE       #2 0x55f405a89e12 <unknown>\nE       #3 0x55f405a8a011 <unknown>\nE       #4 0x55f405ad3bc4 <unknown>\nE       #5 0x55f405ab1efd <unknown>\nE       #6 0x55f405ad16d2 <unknown>\nE       #7 0x55f405ab1c73 <unknown>\nE       #8 0x55f405a7d6e8 <unknown>\nE       #9 0x55f405a7e69e <unknown>\nE       #10 0x55f405edbc66 <unknown>\nE       #11 0x55f405edef97 <unknown>\nE       #12 0x55f405edea58 <unknown>\nE       #13 0x55f405edf425 <unknown>\nE       #14 0x55f405eccb6e <unknown>\nE       #15 0x55f405edf76f <unknown>\nE       #16 0x55f405eb6625 <unknown>\nE       #17 0x55f405ef7d55 <unknown>\nE       #18 0x55f405ef7f36 <unknown>\nE       #19 0x55f405f076e5 <unknown>\nE       #20 0x7f098974a144 <unknown>\n\n../local/lib/python3.10/site-packages/selenium/webdriver/support/wait.py:105: TimeoutException",
  "flaky" : false,
  "newFailed" : false,
  "beforeStages" : [ {
    "name" : "pytestconfig",
    "time" : {
      "start" : 1729939822205,
      "stop" : 1729939822205,
      "duration" : 0
    },
    "status" : "passed",
    "steps" : [ ],
    "attachments" : [ ],
    "parameters" : [ ],
    "stepsCount" : 0,
    "attachmentsCount" : 0,
    "shouldDisplayMessage" : false,
    "hasContent" : false
  }, {
    "name" : "setup",
    "time" : {
      "start" : 1729939822683,
      "stop" : 1729939822683,
      "duration" : 0
    },
    "status" : "passed",
    "steps" : [ ],
    "attachments" : [ ],
    "parameters" : [ ],
    "stepsCount" : 0,
    "attachmentsCount" : 0,
    "shouldDisplayMessage" : false,
    "hasContent" : false
  }, {
    "name" : "_session_faker",
    "time" : {
      "start" : 1729939822133,
      "stop" : 1729939822205,
      "duration" : 72
    },
    "status" : "passed",
    "steps" : [ ],
    "attachments" : [ ],
    "parameters" : [ ],
    "stepsCount" : 0,
    "attachmentsCount" : 0,
    "shouldDisplayMessage" : false,
    "hasContent" : false
  }, {
    "name" : "set_env_settings",
    "time" : {
      "start" : 1729939822205,
      "stop" : 1729939822206,
      "duration" : 1
    },
    "status" : "passed",
    "steps" : [ ],
    "attachments" : [ ],
    "parameters" : [ ],
    "stepsCount" : 0,
    "attachmentsCount" : 0,
    "shouldDisplayMessage" : false,
    "hasContent" : false
  }, {
    "name" : "set_driver",
    "time" : {
      "start" : 1729939822206,
      "stop" : 1729939822683,
      "duration" : 477
    },
    "status" : "passed",
    "steps" : [ ],
    "attachments" : [ ],
    "parameters" : [ ],
    "stepsCount" : 0,
    "attachmentsCount" : 0,
    "shouldDisplayMessage" : false,
    "hasContent" : false
  } ],
  "testStage" : {
    "status" : "broken",
    "statusMessage" : "selenium.common.exceptions.TimeoutException: Message: \nStacktrace:\n#0 0x55f405f088ae <unknown>\n#1 0x55f405a3dc40 <unknown>\n#2 0x55f405a89e12 <unknown>\n#3 0x55f405a8a011 <unknown>\n#4 0x55f405ad3bc4 <unknown>\n#5 0x55f405ab1efd <unknown>\n#6 0x55f405ad16d2 <unknown>\n#7 0x55f405ab1c73 <unknown>\n#8 0x55f405a7d6e8 <unknown>\n#9 0x55f405a7e69e <unknown>\n#10 0x55f405edbc66 <unknown>\n#11 0x55f405edef97 <unknown>\n#12 0x55f405edea58 <unknown>\n#13 0x55f405edf425 <unknown>\n#14 0x55f405eccb6e <unknown>\n#15 0x55f405edf76f <unknown>\n#16 0x55f405eb6625 <unknown>\n#17 0x55f405ef7d55 <unknown>\n#18 0x55f405ef7f36 <unknown>\n#19 0x55f405f076e5 <unknown>\n#20 0x7f098974a144 <unknown>",
    "statusTrace" : "self = <tests.ui.test_registration_new_user.TestRegistrationUser object at 0x7f96789af700>\nuser = {'email': 'kabanovaalla@example.net', 'name': 'Евгения Дмитриевна Блинова', 'phone': '+380632117534'}\ncode = 1111\n\n    @allure.step(\"Registration new user AWDEV-T506\")\n    @pytest.mark.parametrize(\"user, code\", [\n        (RegistrationUserUi.user_name_phone_email, DEFAULT_CODE_REGISTRATION)], ids=str)\n    def test_registration_new_user_awdev_t506(self, user, code):\n        self.registration_page.open_registration_form()\n        self.registration_page.fill_registration_form(user=user)\n>       self.registration_page.confirm_registration_form(code=code)\n\ntests/ui/test_registration_new_user.py:16: \n_ _ _ _ _ _ _ _ _ _ _ _ _ _ _ _ _ _ _ _ _ _ _ _ _ _ _ _ _ _ _ _ _ _ _ _ _ _ _ _ \nsrc/pages/registration_page.py:44: in confirm_registration_form\n    self.fill_field_with_click(self.CODE_FIELD, code)\nsrc/base_classes/base_page.py:46: in fill_field_with_click\n    self.wait.until(EC.element_to_be_clickable(field_name)).click()\n_ _ _ _ _ _ _ _ _ _ _ _ _ _ _ _ _ _ _ _ _ _ _ _ _ _ _ _ _ _ _ _ _ _ _ _ _ _ _ _ \n\nself = <selenium.webdriver.support.wait.WebDriverWait (session=\"75c9a0f63fa8d91ae388001e3863f1e6\")>\nmethod = <function element_to_be_clickable.<locals>._predicate at 0x7f9678ae3be0>\nmessage = ''\n\n    def until(self, method: Callable[[D], Union[Literal[False], T]], message: str = \"\") -> T:\n        \"\"\"Calls the method provided with the driver as an argument until the \\\n        return value does not evaluate to ``False``.\n    \n        :param method: callable(WebDriver)\n        :param message: optional message for :exc:`TimeoutException`\n        :returns: the result of the last call to `method`\n        :raises: :exc:`selenium.common.exceptions.TimeoutException` if timeout occurs\n        \"\"\"\n        screen = None\n        stacktrace = None\n    \n        end_time = time.monotonic() + self._timeout\n        while True:\n            try:\n                value = method(self._driver)\n                if value:\n                    return value\n            except self._ignored_exceptions as exc:\n                screen = getattr(exc, \"screen\", None)\n                stacktrace = getattr(exc, \"stacktrace\", None)\n            time.sleep(self._poll)\n            if time.monotonic() > end_time:\n                break\n>       raise TimeoutException(message, screen, stacktrace)\nE       selenium.common.exceptions.TimeoutException: Message: \nE       Stacktrace:\nE       #0 0x55f405f088ae <unknown>\nE       #1 0x55f405a3dc40 <unknown>\nE       #2 0x55f405a89e12 <unknown>\nE       #3 0x55f405a8a011 <unknown>\nE       #4 0x55f405ad3bc4 <unknown>\nE       #5 0x55f405ab1efd <unknown>\nE       #6 0x55f405ad16d2 <unknown>\nE       #7 0x55f405ab1c73 <unknown>\nE       #8 0x55f405a7d6e8 <unknown>\nE       #9 0x55f405a7e69e <unknown>\nE       #10 0x55f405edbc66 <unknown>\nE       #11 0x55f405edef97 <unknown>\nE       #12 0x55f405edea58 <unknown>\nE       #13 0x55f405edf425 <unknown>\nE       #14 0x55f405eccb6e <unknown>\nE       #15 0x55f405edf76f <unknown>\nE       #16 0x55f405eb6625 <unknown>\nE       #17 0x55f405ef7d55 <unknown>\nE       #18 0x55f405ef7f36 <unknown>\nE       #19 0x55f405f076e5 <unknown>\nE       #20 0x7f098974a144 <unknown>\n\n../local/lib/python3.10/site-packages/selenium/webdriver/support/wait.py:105: TimeoutException",
    "steps" : [ {
      "name" : "Registration new user AWDEV-T506",
      "time" : {
        "start" : 1729939822684,
        "stop" : 1729939849148,
        "duration" : 26464
      },
      "status" : "broken",
      "statusMessage" : "selenium.common.exceptions.TimeoutException: Message: \nStacktrace:\n#0 0x55f405f088ae <unknown>\n#1 0x55f405a3dc40 <unknown>\n#2 0x55f405a89e12 <unknown>\n#3 0x55f405a8a011 <unknown>\n#4 0x55f405ad3bc4 <unknown>\n#5 0x55f405ab1efd <unknown>\n#6 0x55f405ad16d2 <unknown>\n#7 0x55f405ab1c73 <unknown>\n#8 0x55f405a7d6e8 <unknown>\n#9 0x55f405a7e69e <unknown>\n#10 0x55f405edbc66 <unknown>\n#11 0x55f405edef97 <unknown>\n#12 0x55f405edea58 <unknown>\n#13 0x55f405edf425 <unknown>\n#14 0x55f405eccb6e <unknown>\n#15 0x55f405edf76f <unknown>\n#16 0x55f405eb6625 <unknown>\n#17 0x55f405ef7d55 <unknown>\n#18 0x55f405ef7f36 <unknown>\n#19 0x55f405f076e5 <unknown>\n#20 0x7f098974a144 <unknown>\n\n",
      "statusTrace" : "  File \"/usr/local/lib/python3.10/site-packages/allure_commons/_allure.py\", line 192, in impl\n    return func(*a, **kw)\n  File \"/usr/workspace/tests/ui/test_registration_new_user.py\", line 16, in test_registration_new_user_awdev_t506\n    self.registration_page.confirm_registration_form(code=code)\n  File \"/usr/workspace/src/pages/registration_page.py\", line 44, in confirm_registration_form\n    self.fill_field_with_click(self.CODE_FIELD, code)\n  File \"/usr/workspace/src/base_classes/base_page.py\", line 46, in fill_field_with_click\n    self.wait.until(EC.element_to_be_clickable(field_name)).click()\n  File \"/usr/local/lib/python3.10/site-packages/selenium/webdriver/support/wait.py\", line 105, in until\n    raise TimeoutException(message, screen, stacktrace)\n",
      "steps" : [ {
        "name" : "Open 'https://m2-live-qa-001.antoshka.ua/uk/' page",
        "time" : {
          "start" : 1729939822684,
          "stop" : 1729939827267,
          "duration" : 4583
        },
        "status" : "passed",
        "steps" : [ ],
        "attachments" : [ ],
        "parameters" : [ ],
        "stepsCount" : 0,
        "attachmentsCount" : 0,
        "shouldDisplayMessage" : false,
        "hasContent" : false
      }, {
        "name" : "Page 'https://m2-live-qa-001.antoshka.ua/uk/' is opened",
        "time" : {
          "start" : 1729939827267,
          "stop" : 1729939827271,
          "duration" : 4
        },
        "status" : "passed",
        "steps" : [ ],
        "attachments" : [ ],
        "parameters" : [ ],
        "stepsCount" : 0,
        "attachmentsCount" : 0,
        "shouldDisplayMessage" : false,
        "hasContent" : false
      }, {
        "name" : "Click ('xpath', \"//*[@id='login-enter']\")",
        "time" : {
          "start" : 1729939827271,
          "stop" : 1729939827343,
          "duration" : 72
        },
        "status" : "passed",
        "steps" : [ ],
        "attachments" : [ ],
        "parameters" : [ ],
        "stepsCount" : 0,
        "attachmentsCount" : 0,
        "shouldDisplayMessage" : false,
        "hasContent" : false
      }, {
        "name" : "Click ('xpath', '//form[1]//a')",
        "time" : {
          "start" : 1729939827343,
          "stop" : 1729939828419,
          "duration" : 1076
        },
        "status" : "passed",
        "steps" : [ ],
        "attachments" : [ ],
        "parameters" : [ ],
        "stepsCount" : 0,
        "attachmentsCount" : 0,
        "shouldDisplayMessage" : false,
        "hasContent" : false
      }, {
        "name" : "Fill '('xpath', \"//input[@data-validation='name']\")' with data 'Е'",
        "time" : {
          "start" : 1729939828419,
          "stop" : 1729939828551,
          "duration" : 132
        },
        "status" : "passed",
        "steps" : [ ],
        "attachments" : [ ],
        "parameters" : [ ],
        "stepsCount" : 0,
        "attachmentsCount" : 0,
        "shouldDisplayMessage" : false,
        "hasContent" : false
      }, {
        "name" : "Fill '('xpath', \"//*[@id='telephone']\")' with data '632117534'",
        "time" : {
          "start" : 1729939828551,
          "stop" : 1729939828682,
          "duration" : 131
        },
        "status" : "passed",
        "steps" : [ ],
        "attachments" : [ ],
        "parameters" : [ ],
        "stepsCount" : 0,
        "attachmentsCount" : 0,
        "shouldDisplayMessage" : false,
        "hasContent" : false
      }, {
        "name" : "Fill '('xpath', \"//input[@data-validation='email']\")' with data 'kabanovaalla@example.net'",
        "time" : {
          "start" : 1729939828682,
          "stop" : 1729939828830,
          "duration" : 148
        },
        "status" : "passed",
        "steps" : [ ],
        "attachments" : [ ],
        "parameters" : [ ],
        "stepsCount" : 0,
        "attachmentsCount" : 0,
        "shouldDisplayMessage" : false,
        "hasContent" : false
      }, {
        "name" : "Click ('xpath', \"//button[@class='auth_next']\")",
        "time" : {
          "start" : 1729939828830,
          "stop" : 1729939828887,
          "duration" : 57
        },
        "status" : "passed",
        "steps" : [ ],
        "attachments" : [ ],
        "parameters" : [ ],
        "stepsCount" : 0,
        "attachmentsCount" : 0,
        "shouldDisplayMessage" : false,
        "hasContent" : false
      }, {
        "name" : "Fill '('xpath', \"//input[@id='code-auth']\")' with data '1111'",
        "time" : {
          "start" : 1729939828887,
          "stop" : 1729939849147,
          "duration" : 20260
        },
        "status" : "broken",
        "statusMessage" : "selenium.common.exceptions.TimeoutException: Message: \nStacktrace:\n#0 0x55f405f088ae <unknown>\n#1 0x55f405a3dc40 <unknown>\n#2 0x55f405a89e12 <unknown>\n#3 0x55f405a8a011 <unknown>\n#4 0x55f405ad3bc4 <unknown>\n#5 0x55f405ab1efd <unknown>\n#6 0x55f405ad16d2 <unknown>\n#7 0x55f405ab1c73 <unknown>\n#8 0x55f405a7d6e8 <unknown>\n#9 0x55f405a7e69e <unknown>\n#10 0x55f405edbc66 <unknown>\n#11 0x55f405edef97 <unknown>\n#12 0x55f405edea58 <unknown>\n#13 0x55f405edf425 <unknown>\n#14 0x55f405eccb6e <unknown>\n#15 0x55f405edf76f <unknown>\n#16 0x55f405eb6625 <unknown>\n#17 0x55f405ef7d55 <unknown>\n#18 0x55f405ef7f36 <unknown>\n#19 0x55f405f076e5 <unknown>\n#20 0x7f098974a144 <unknown>\n\n",
        "statusTrace" : "  File \"/usr/workspace/src/base_classes/base_page.py\", line 46, in fill_field_with_click\n    self.wait.until(EC.element_to_be_clickable(field_name)).click()\n  File \"/usr/local/lib/python3.10/site-packages/selenium/webdriver/support/wait.py\", line 105, in until\n    raise TimeoutException(message, screen, stacktrace)\n",
        "steps" : [ ],
        "attachments" : [ ],
        "parameters" : [ ],
        "stepsCount" : 0,
        "attachmentsCount" : 0,
        "shouldDisplayMessage" : true,
        "hasContent" : true
      } ],
      "attachments" : [ ],
      "parameters" : [ {
        "name" : "user",
        "value" : "{'name': 'Евгения Дмитриевна Блинова', 'email': 'kabanovaalla@example.net', 'phone': '+380632117534'}"
      }, {
        "name" : "code",
        "value" : "1111"
      } ],
      "stepsCount" : 9,
      "attachmentsCount" : 0,
      "shouldDisplayMessage" : false,
      "hasContent" : true
    } ],
    "attachments" : [ {
      "uid" : "5f0362f1288712df",
      "name" : "log",
      "source" : "5f0362f1288712df.txt",
      "type" : "text/plain",
      "size" : 92
    } ],
    "parameters" : [ ],
    "stepsCount" : 10,
    "attachmentsCount" : 1,
    "shouldDisplayMessage" : true,
    "hasContent" : true
  },
  "afterStages" : [ {
    "name" : "set_driver::0",
    "time" : {
      "start" : 1729939849192,
      "stop" : 1729939849260,
      "duration" : 68
    },
    "status" : "passed",
    "steps" : [ ],
    "attachments" : [ ],
    "parameters" : [ ],
    "stepsCount" : 0,
    "attachmentsCount" : 0,
    "shouldDisplayMessage" : false,
    "hasContent" : false
  } ],
  "labels" : [ {
    "name" : "parentSuite",
    "value" : "tests.ui"
  }, {
    "name" : "suite",
    "value" : "test_registration_new_user"
  }, {
    "name" : "subSuite",
    "value" : "TestRegistrationUser"
  }, {
    "name" : "host",
    "value" : "5f3b4f1e149e"
  }, {
    "name" : "thread",
    "value" : "7-MainThread"
  }, {
    "name" : "framework",
    "value" : "pytest"
  }, {
    "name" : "language",
    "value" : "cpython3"
  }, {
    "name" : "package",
    "value" : "tests.ui.test_registration_new_user"
  }, {
    "name" : "resultFormat",
    "value" : "allure2"
  } ],
  "parameters" : [ {
    "name" : "code",
    "value" : "1111"
  }, {
    "name" : "user",
    "value" : "{'name': 'Евгения Дмитриевна Блинова', 'email': 'kabanovaalla@example.net', 'phone': '+380632117534'}"
  } ],
  "links" : [ ],
  "hidden" : false,
  "retry" : false,
  "extra" : {
    "severity" : "normal",
    "retries" : [ ],
    "categories" : [ {
      "name" : "Test defects",
      "matchedStatuses" : [ ],
      "flaky" : false
    } ],
    "tags" : [ ]
  },
  "source" : "b1ff3c65026d1ae9.json",
  "parameterValues" : [ "1111", "{'name': 'Евгения Дмитриевна Блинова', 'email': 'kabanovaalla@example.net', 'phone': '+380632117534'}" ]
}