{
  "uid" : "b29764c04db884eb",
  "name" : "test_registration_new_user_awdev_t506[{'name': '\\u0424\\u043e\\u043c\\u0438\\u0447\\u0435\\u0432 \\u0410\\u0440\\u0438\\u0441\\u0442\\u0430\\u0440\\u0445 \\u0418\\u0437\\u043c\\u0430\\u0438\\u043b\\u043e\\u0432\\u0438\\u0447', 'email': 'isa_24@example.net', 'phone': '+380634903271'}-1111]",
  "fullName" : "tests.ui.test_registration_new_user.TestRegistrationUser#test_registration_new_user_awdev_t506",
  "historyId" : "88db9b9fbe23939a0f9355e012dcb0ff",
  "time" : {
    "start" : 1729942175269,
    "stop" : 1729942201052,
    "duration" : 25783
  },
  "status" : "broken",
  "statusMessage" : "selenium.common.exceptions.TimeoutException: Message: \nStacktrace:\n#0 0x559e4ba0d8ae <unknown>\n#1 0x559e4b542c40 <unknown>\n#2 0x559e4b58ee12 <unknown>\n#3 0x559e4b58f011 <unknown>\n#4 0x559e4b5d8bc4 <unknown>\n#5 0x559e4b5b6efd <unknown>\n#6 0x559e4b5d66d2 <unknown>\n#7 0x559e4b5b6c73 <unknown>\n#8 0x559e4b5826e8 <unknown>\n#9 0x559e4b58369e <unknown>\n#10 0x559e4b9e0c66 <unknown>\n#11 0x559e4b9e3f97 <unknown>\n#12 0x559e4b9e3a58 <unknown>\n#13 0x559e4b9e4425 <unknown>\n#14 0x559e4b9d1b6e <unknown>\n#15 0x559e4b9e476f <unknown>\n#16 0x559e4b9bb625 <unknown>\n#17 0x559e4b9fcd55 <unknown>\n#18 0x559e4b9fcf36 <unknown>\n#19 0x559e4ba0c6e5 <unknown>\n#20 0x7f4ebb680144 <unknown>",
  "statusTrace" : "self = <tests.ui.test_registration_new_user.TestRegistrationUser object at 0x7f4e5ca0f550>\nuser = {'email': 'isa_24@example.net', 'name': 'Фомичев Аристарх Измаилович', 'phone': '+380634903271'}\ncode = 1111\n\n    @allure.step(\"Registration new user AWDEV-T506\")\n    @pytest.mark.parametrize(\"user, code\", [\n        (RegistrationUserUi.user_name_phone_email, DEFAULT_CODE_REGISTRATION)], ids=str)\n    def test_registration_new_user_awdev_t506(self, user, code):\n        self.registration_page.open_registration_form()\n        self.registration_page.fill_registration_form(user=user)\n>       self.registration_page.confirm_registration_form(code=code)\n\ntests/ui/test_registration_new_user.py:16: \n_ _ _ _ _ _ _ _ _ _ _ _ _ _ _ _ _ _ _ _ _ _ _ _ _ _ _ _ _ _ _ _ _ _ _ _ _ _ _ _ \nsrc/pages/registration_page.py:44: in confirm_registration_form\n    self.fill_field_with_click(self.CODE_FIELD, code)\nsrc/base_classes/base_page.py:46: in fill_field_with_click\n    self.wait.until(EC.element_to_be_clickable(field_name)).click()\n_ _ _ _ _ _ _ _ _ _ _ _ _ _ _ _ _ _ _ _ _ _ _ _ _ _ _ _ _ _ _ _ _ _ _ _ _ _ _ _ \n\nself = <selenium.webdriver.support.wait.WebDriverWait (session=\"220ad8c578e3533aba486c7e23c60cb4\")>\nmethod = <function element_to_be_clickable.<locals>._predicate at 0x7f4e5c70bbe0>\nmessage = ''\n\n    def until(self, method: Callable[[D], Union[Literal[False], T]], message: str = \"\") -> T:\n        \"\"\"Calls the method provided with the driver as an argument until the \\\n        return value does not evaluate to ``False``.\n    \n        :param method: callable(WebDriver)\n        :param message: optional message for :exc:`TimeoutException`\n        :returns: the result of the last call to `method`\n        :raises: :exc:`selenium.common.exceptions.TimeoutException` if timeout occurs\n        \"\"\"\n        screen = None\n        stacktrace = None\n    \n        end_time = time.monotonic() + self._timeout\n        while True:\n            try:\n                value = method(self._driver)\n                if value:\n                    return value\n            except self._ignored_exceptions as exc:\n                screen = getattr(exc, \"screen\", None)\n                stacktrace = getattr(exc, \"stacktrace\", None)\n            time.sleep(self._poll)\n            if time.monotonic() > end_time:\n                break\n>       raise TimeoutException(message, screen, stacktrace)\nE       selenium.common.exceptions.TimeoutException: Message: \nE       Stacktrace:\nE       #0 0x559e4ba0d8ae <unknown>\nE       #1 0x559e4b542c40 <unknown>\nE       #2 0x559e4b58ee12 <unknown>\nE       #3 0x559e4b58f011 <unknown>\nE       #4 0x559e4b5d8bc4 <unknown>\nE       #5 0x559e4b5b6efd <unknown>\nE       #6 0x559e4b5d66d2 <unknown>\nE       #7 0x559e4b5b6c73 <unknown>\nE       #8 0x559e4b5826e8 <unknown>\nE       #9 0x559e4b58369e <unknown>\nE       #10 0x559e4b9e0c66 <unknown>\nE       #11 0x559e4b9e3f97 <unknown>\nE       #12 0x559e4b9e3a58 <unknown>\nE       #13 0x559e4b9e4425 <unknown>\nE       #14 0x559e4b9d1b6e <unknown>\nE       #15 0x559e4b9e476f <unknown>\nE       #16 0x559e4b9bb625 <unknown>\nE       #17 0x559e4b9fcd55 <unknown>\nE       #18 0x559e4b9fcf36 <unknown>\nE       #19 0x559e4ba0c6e5 <unknown>\nE       #20 0x7f4ebb680144 <unknown>\n\n../local/lib/python3.10/site-packages/selenium/webdriver/support/wait.py:105: TimeoutException",
  "flaky" : false,
  "newFailed" : false,
  "beforeStages" : [ {
    "name" : "set_driver",
    "time" : {
      "start" : 1729942174594,
      "stop" : 1729942175268,
      "duration" : 674
    },
    "status" : "passed",
    "steps" : [ ],
    "attachments" : [ ],
    "parameters" : [ ],
    "stepsCount" : 0,
    "attachmentsCount" : 0,
    "shouldDisplayMessage" : false,
    "hasContent" : false
  }, {
    "name" : "_session_faker",
    "time" : {
      "start" : 1729942174523,
      "stop" : 1729942174593,
      "duration" : 70
    },
    "status" : "passed",
    "steps" : [ ],
    "attachments" : [ ],
    "parameters" : [ ],
    "stepsCount" : 0,
    "attachmentsCount" : 0,
    "shouldDisplayMessage" : false,
    "hasContent" : false
  }, {
    "name" : "set_env_settings",
    "time" : {
      "start" : 1729942174593,
      "stop" : 1729942174594,
      "duration" : 1
    },
    "status" : "passed",
    "steps" : [ ],
    "attachments" : [ ],
    "parameters" : [ ],
    "stepsCount" : 0,
    "attachmentsCount" : 0,
    "shouldDisplayMessage" : false,
    "hasContent" : false
  }, {
    "name" : "pytestconfig",
    "time" : {
      "start" : 1729942174593,
      "stop" : 1729942174593,
      "duration" : 0
    },
    "status" : "passed",
    "steps" : [ ],
    "attachments" : [ ],
    "parameters" : [ ],
    "stepsCount" : 0,
    "attachmentsCount" : 0,
    "shouldDisplayMessage" : false,
    "hasContent" : false
  }, {
    "name" : "setup",
    "time" : {
      "start" : 1729942175268,
      "stop" : 1729942175268,
      "duration" : 0
    },
    "status" : "passed",
    "steps" : [ ],
    "attachments" : [ ],
    "parameters" : [ ],
    "stepsCount" : 0,
    "attachmentsCount" : 0,
    "shouldDisplayMessage" : false,
    "hasContent" : false
  } ],
  "testStage" : {
    "status" : "broken",
    "statusMessage" : "selenium.common.exceptions.TimeoutException: Message: \nStacktrace:\n#0 0x559e4ba0d8ae <unknown>\n#1 0x559e4b542c40 <unknown>\n#2 0x559e4b58ee12 <unknown>\n#3 0x559e4b58f011 <unknown>\n#4 0x559e4b5d8bc4 <unknown>\n#5 0x559e4b5b6efd <unknown>\n#6 0x559e4b5d66d2 <unknown>\n#7 0x559e4b5b6c73 <unknown>\n#8 0x559e4b5826e8 <unknown>\n#9 0x559e4b58369e <unknown>\n#10 0x559e4b9e0c66 <unknown>\n#11 0x559e4b9e3f97 <unknown>\n#12 0x559e4b9e3a58 <unknown>\n#13 0x559e4b9e4425 <unknown>\n#14 0x559e4b9d1b6e <unknown>\n#15 0x559e4b9e476f <unknown>\n#16 0x559e4b9bb625 <unknown>\n#17 0x559e4b9fcd55 <unknown>\n#18 0x559e4b9fcf36 <unknown>\n#19 0x559e4ba0c6e5 <unknown>\n#20 0x7f4ebb680144 <unknown>",
    "statusTrace" : "self = <tests.ui.test_registration_new_user.TestRegistrationUser object at 0x7f4e5ca0f550>\nuser = {'email': 'isa_24@example.net', 'name': 'Фомичев Аристарх Измаилович', 'phone': '+380634903271'}\ncode = 1111\n\n    @allure.step(\"Registration new user AWDEV-T506\")\n    @pytest.mark.parametrize(\"user, code\", [\n        (RegistrationUserUi.user_name_phone_email, DEFAULT_CODE_REGISTRATION)], ids=str)\n    def test_registration_new_user_awdev_t506(self, user, code):\n        self.registration_page.open_registration_form()\n        self.registration_page.fill_registration_form(user=user)\n>       self.registration_page.confirm_registration_form(code=code)\n\ntests/ui/test_registration_new_user.py:16: \n_ _ _ _ _ _ _ _ _ _ _ _ _ _ _ _ _ _ _ _ _ _ _ _ _ _ _ _ _ _ _ _ _ _ _ _ _ _ _ _ \nsrc/pages/registration_page.py:44: in confirm_registration_form\n    self.fill_field_with_click(self.CODE_FIELD, code)\nsrc/base_classes/base_page.py:46: in fill_field_with_click\n    self.wait.until(EC.element_to_be_clickable(field_name)).click()\n_ _ _ _ _ _ _ _ _ _ _ _ _ _ _ _ _ _ _ _ _ _ _ _ _ _ _ _ _ _ _ _ _ _ _ _ _ _ _ _ \n\nself = <selenium.webdriver.support.wait.WebDriverWait (session=\"220ad8c578e3533aba486c7e23c60cb4\")>\nmethod = <function element_to_be_clickable.<locals>._predicate at 0x7f4e5c70bbe0>\nmessage = ''\n\n    def until(self, method: Callable[[D], Union[Literal[False], T]], message: str = \"\") -> T:\n        \"\"\"Calls the method provided with the driver as an argument until the \\\n        return value does not evaluate to ``False``.\n    \n        :param method: callable(WebDriver)\n        :param message: optional message for :exc:`TimeoutException`\n        :returns: the result of the last call to `method`\n        :raises: :exc:`selenium.common.exceptions.TimeoutException` if timeout occurs\n        \"\"\"\n        screen = None\n        stacktrace = None\n    \n        end_time = time.monotonic() + self._timeout\n        while True:\n            try:\n                value = method(self._driver)\n                if value:\n                    return value\n            except self._ignored_exceptions as exc:\n                screen = getattr(exc, \"screen\", None)\n                stacktrace = getattr(exc, \"stacktrace\", None)\n            time.sleep(self._poll)\n            if time.monotonic() > end_time:\n                break\n>       raise TimeoutException(message, screen, stacktrace)\nE       selenium.common.exceptions.TimeoutException: Message: \nE       Stacktrace:\nE       #0 0x559e4ba0d8ae <unknown>\nE       #1 0x559e4b542c40 <unknown>\nE       #2 0x559e4b58ee12 <unknown>\nE       #3 0x559e4b58f011 <unknown>\nE       #4 0x559e4b5d8bc4 <unknown>\nE       #5 0x559e4b5b6efd <unknown>\nE       #6 0x559e4b5d66d2 <unknown>\nE       #7 0x559e4b5b6c73 <unknown>\nE       #8 0x559e4b5826e8 <unknown>\nE       #9 0x559e4b58369e <unknown>\nE       #10 0x559e4b9e0c66 <unknown>\nE       #11 0x559e4b9e3f97 <unknown>\nE       #12 0x559e4b9e3a58 <unknown>\nE       #13 0x559e4b9e4425 <unknown>\nE       #14 0x559e4b9d1b6e <unknown>\nE       #15 0x559e4b9e476f <unknown>\nE       #16 0x559e4b9bb625 <unknown>\nE       #17 0x559e4b9fcd55 <unknown>\nE       #18 0x559e4b9fcf36 <unknown>\nE       #19 0x559e4ba0c6e5 <unknown>\nE       #20 0x7f4ebb680144 <unknown>\n\n../local/lib/python3.10/site-packages/selenium/webdriver/support/wait.py:105: TimeoutException",
    "steps" : [ {
      "name" : "Registration new user AWDEV-T506",
      "time" : {
        "start" : 1729942175269,
        "stop" : 1729942201051,
        "duration" : 25782
      },
      "status" : "broken",
      "statusMessage" : "selenium.common.exceptions.TimeoutException: Message: \nStacktrace:\n#0 0x559e4ba0d8ae <unknown>\n#1 0x559e4b542c40 <unknown>\n#2 0x559e4b58ee12 <unknown>\n#3 0x559e4b58f011 <unknown>\n#4 0x559e4b5d8bc4 <unknown>\n#5 0x559e4b5b6efd <unknown>\n#6 0x559e4b5d66d2 <unknown>\n#7 0x559e4b5b6c73 <unknown>\n#8 0x559e4b5826e8 <unknown>\n#9 0x559e4b58369e <unknown>\n#10 0x559e4b9e0c66 <unknown>\n#11 0x559e4b9e3f97 <unknown>\n#12 0x559e4b9e3a58 <unknown>\n#13 0x559e4b9e4425 <unknown>\n#14 0x559e4b9d1b6e <unknown>\n#15 0x559e4b9e476f <unknown>\n#16 0x559e4b9bb625 <unknown>\n#17 0x559e4b9fcd55 <unknown>\n#18 0x559e4b9fcf36 <unknown>\n#19 0x559e4ba0c6e5 <unknown>\n#20 0x7f4ebb680144 <unknown>\n\n",
      "statusTrace" : "  File \"/usr/local/lib/python3.10/site-packages/allure_commons/_allure.py\", line 192, in impl\n    return func(*a, **kw)\n  File \"/usr/workspace/tests/ui/test_registration_new_user.py\", line 16, in test_registration_new_user_awdev_t506\n    self.registration_page.confirm_registration_form(code=code)\n  File \"/usr/workspace/src/pages/registration_page.py\", line 44, in confirm_registration_form\n    self.fill_field_with_click(self.CODE_FIELD, code)\n  File \"/usr/workspace/src/base_classes/base_page.py\", line 46, in fill_field_with_click\n    self.wait.until(EC.element_to_be_clickable(field_name)).click()\n  File \"/usr/local/lib/python3.10/site-packages/selenium/webdriver/support/wait.py\", line 105, in until\n    raise TimeoutException(message, screen, stacktrace)\n",
      "steps" : [ {
        "name" : "Open 'https://m2-live-dev-001.antoshka.ua/uk/' page",
        "time" : {
          "start" : 1729942175269,
          "stop" : 1729942179217,
          "duration" : 3948
        },
        "status" : "passed",
        "steps" : [ ],
        "attachments" : [ ],
        "parameters" : [ ],
        "stepsCount" : 0,
        "attachmentsCount" : 0,
        "shouldDisplayMessage" : false,
        "hasContent" : false
      }, {
        "name" : "Page 'https://m2-live-dev-001.antoshka.ua/uk/' is opened",
        "time" : {
          "start" : 1729942179217,
          "stop" : 1729942179222,
          "duration" : 5
        },
        "status" : "passed",
        "steps" : [ ],
        "attachments" : [ ],
        "parameters" : [ ],
        "stepsCount" : 0,
        "attachmentsCount" : 0,
        "shouldDisplayMessage" : false,
        "hasContent" : false
      }, {
        "name" : "Click ('xpath', \"//*[@id='login-enter']\")",
        "time" : {
          "start" : 1729942179222,
          "stop" : 1729942179291,
          "duration" : 69
        },
        "status" : "passed",
        "steps" : [ ],
        "attachments" : [ ],
        "parameters" : [ ],
        "stepsCount" : 0,
        "attachmentsCount" : 0,
        "shouldDisplayMessage" : false,
        "hasContent" : false
      }, {
        "name" : "Click ('xpath', '//form[1]//a')",
        "time" : {
          "start" : 1729942179292,
          "stop" : 1729942180361,
          "duration" : 1069
        },
        "status" : "passed",
        "steps" : [ ],
        "attachments" : [ ],
        "parameters" : [ ],
        "stepsCount" : 0,
        "attachmentsCount" : 0,
        "shouldDisplayMessage" : false,
        "hasContent" : false
      }, {
        "name" : "Fill '('xpath', \"//input[@data-validation='name']\")' with data 'Ф'",
        "time" : {
          "start" : 1729942180361,
          "stop" : 1729942180478,
          "duration" : 117
        },
        "status" : "passed",
        "steps" : [ ],
        "attachments" : [ ],
        "parameters" : [ ],
        "stepsCount" : 0,
        "attachmentsCount" : 0,
        "shouldDisplayMessage" : false,
        "hasContent" : false
      }, {
        "name" : "Fill '('xpath', \"//*[@id='telephone']\")' with data '634903271'",
        "time" : {
          "start" : 1729942180478,
          "stop" : 1729942180613,
          "duration" : 135
        },
        "status" : "passed",
        "steps" : [ ],
        "attachments" : [ ],
        "parameters" : [ ],
        "stepsCount" : 0,
        "attachmentsCount" : 0,
        "shouldDisplayMessage" : false,
        "hasContent" : false
      }, {
        "name" : "Fill '('xpath', \"//input[@data-validation='email']\")' with data 'isa_24@example.net'",
        "time" : {
          "start" : 1729942180613,
          "stop" : 1729942180748,
          "duration" : 135
        },
        "status" : "passed",
        "steps" : [ ],
        "attachments" : [ ],
        "parameters" : [ ],
        "stepsCount" : 0,
        "attachmentsCount" : 0,
        "shouldDisplayMessage" : false,
        "hasContent" : false
      }, {
        "name" : "Click ('xpath', \"//button[@class='auth_next']\")",
        "time" : {
          "start" : 1729942180748,
          "stop" : 1729942180806,
          "duration" : 58
        },
        "status" : "passed",
        "steps" : [ ],
        "attachments" : [ ],
        "parameters" : [ ],
        "stepsCount" : 0,
        "attachmentsCount" : 0,
        "shouldDisplayMessage" : false,
        "hasContent" : false
      }, {
        "name" : "Fill '('xpath', \"//input[@id='code-auth']\")' with data '1111'",
        "time" : {
          "start" : 1729942180806,
          "stop" : 1729942201051,
          "duration" : 20245
        },
        "status" : "broken",
        "statusMessage" : "selenium.common.exceptions.TimeoutException: Message: \nStacktrace:\n#0 0x559e4ba0d8ae <unknown>\n#1 0x559e4b542c40 <unknown>\n#2 0x559e4b58ee12 <unknown>\n#3 0x559e4b58f011 <unknown>\n#4 0x559e4b5d8bc4 <unknown>\n#5 0x559e4b5b6efd <unknown>\n#6 0x559e4b5d66d2 <unknown>\n#7 0x559e4b5b6c73 <unknown>\n#8 0x559e4b5826e8 <unknown>\n#9 0x559e4b58369e <unknown>\n#10 0x559e4b9e0c66 <unknown>\n#11 0x559e4b9e3f97 <unknown>\n#12 0x559e4b9e3a58 <unknown>\n#13 0x559e4b9e4425 <unknown>\n#14 0x559e4b9d1b6e <unknown>\n#15 0x559e4b9e476f <unknown>\n#16 0x559e4b9bb625 <unknown>\n#17 0x559e4b9fcd55 <unknown>\n#18 0x559e4b9fcf36 <unknown>\n#19 0x559e4ba0c6e5 <unknown>\n#20 0x7f4ebb680144 <unknown>\n\n",
        "statusTrace" : "  File \"/usr/workspace/src/base_classes/base_page.py\", line 46, in fill_field_with_click\n    self.wait.until(EC.element_to_be_clickable(field_name)).click()\n  File \"/usr/local/lib/python3.10/site-packages/selenium/webdriver/support/wait.py\", line 105, in until\n    raise TimeoutException(message, screen, stacktrace)\n",
        "steps" : [ ],
        "attachments" : [ ],
        "parameters" : [ ],
        "stepsCount" : 0,
        "attachmentsCount" : 0,
        "shouldDisplayMessage" : true,
        "hasContent" : true
      } ],
      "attachments" : [ ],
      "parameters" : [ {
        "name" : "user",
        "value" : "{'name': 'Фомичев Аристарх Измаилович', 'email': 'isa_24@example.net', 'phone': '+380634903271'}"
      }, {
        "name" : "code",
        "value" : "1111"
      } ],
      "stepsCount" : 9,
      "attachmentsCount" : 0,
      "shouldDisplayMessage" : false,
      "hasContent" : true
    } ],
    "attachments" : [ {
      "uid" : "1fa1480085121b8b",
      "name" : "log",
      "source" : "1fa1480085121b8b.txt",
      "type" : "text/plain",
      "size" : 92
    } ],
    "parameters" : [ ],
    "stepsCount" : 10,
    "attachmentsCount" : 1,
    "shouldDisplayMessage" : true,
    "hasContent" : true
  },
  "afterStages" : [ {
    "name" : "set_driver::0",
    "time" : {
      "start" : 1729942201094,
      "stop" : 1729942201161,
      "duration" : 67
    },
    "status" : "passed",
    "steps" : [ ],
    "attachments" : [ ],
    "parameters" : [ ],
    "stepsCount" : 0,
    "attachmentsCount" : 0,
    "shouldDisplayMessage" : false,
    "hasContent" : false
  } ],
  "labels" : [ {
    "name" : "parentSuite",
    "value" : "tests.ui"
  }, {
    "name" : "suite",
    "value" : "test_registration_new_user"
  }, {
    "name" : "subSuite",
    "value" : "TestRegistrationUser"
  }, {
    "name" : "host",
    "value" : "c6a827e314ca"
  }, {
    "name" : "thread",
    "value" : "7-MainThread"
  }, {
    "name" : "framework",
    "value" : "pytest"
  }, {
    "name" : "language",
    "value" : "cpython3"
  }, {
    "name" : "package",
    "value" : "tests.ui.test_registration_new_user"
  }, {
    "name" : "resultFormat",
    "value" : "allure2"
  } ],
  "parameters" : [ {
    "name" : "code",
    "value" : "1111"
  }, {
    "name" : "user",
    "value" : "{'name': 'Фомичев Аристарх Измаилович', 'email': 'isa_24@example.net', 'phone': '+380634903271'}"
  } ],
  "links" : [ ],
  "hidden" : false,
  "retry" : false,
  "extra" : {
    "severity" : "normal",
    "retries" : [ ],
    "categories" : [ {
      "name" : "Test defects",
      "matchedStatuses" : [ ],
      "flaky" : false
    } ],
    "tags" : [ ]
  },
  "source" : "b29764c04db884eb.json",
  "parameterValues" : [ "1111", "{'name': 'Фомичев Аристарх Измаилович', 'email': 'isa_24@example.net', 'phone': '+380634903271'}" ]
}