{
  "uid" : "b67103222c56b547",
  "name" : "test_registration_new_user_awdev_t506[{'name': '\\u041c\\u0430\\u0440\\u0433\\u0430\\u0440\\u0438\\u0442\\u0430 \\u0412\\u0430\\u043b\\u0435\\u0440\\u0438\\u0435\\u0432\\u043d\\u0430 \\u041f\\u043e\\u043d\\u043e\\u043c\\u0430\\u0440\\u0435\\u0432\\u0430', 'email': 'raisa80@example.net', 'phone': '+380634318602'}-1111]",
  "fullName" : "tests.ui.test_registration_new_user.TestRegistrationUser#test_registration_new_user_awdev_t506",
  "historyId" : "1b6ae24adee3818640a6f72016dac772",
  "time" : {
    "start" : 1729955890216,
    "stop" : 1729955915135,
    "duration" : 24919
  },
  "status" : "broken",
  "statusMessage" : "selenium.common.exceptions.TimeoutException: Message: \nStacktrace:\n#0 0x5626a3eb38ae <unknown>\n#1 0x5626a39e8c40 <unknown>\n#2 0x5626a3a34e12 <unknown>\n#3 0x5626a3a35011 <unknown>\n#4 0x5626a3a7ebc4 <unknown>\n#5 0x5626a3a5cefd <unknown>\n#6 0x5626a3a7c6d2 <unknown>\n#7 0x5626a3a5cc73 <unknown>\n#8 0x5626a3a286e8 <unknown>\n#9 0x5626a3a2969e <unknown>\n#10 0x5626a3e86c66 <unknown>\n#11 0x5626a3e89f97 <unknown>\n#12 0x5626a3e89a58 <unknown>\n#13 0x5626a3e8a425 <unknown>\n#14 0x5626a3e77b6e <unknown>\n#15 0x5626a3e8a76f <unknown>\n#16 0x5626a3e61625 <unknown>\n#17 0x5626a3ea2d55 <unknown>\n#18 0x5626a3ea2f36 <unknown>\n#19 0x5626a3eb26e5 <unknown>\n#20 0x7fdc38007144 <unknown>",
  "statusTrace" : "self = <tests.ui.test_registration_new_user.TestRegistrationUser object at 0x7f0c22c7c5b0>\nuser = {'email': 'raisa80@example.net', 'name': 'Маргарита Валериевна Пономарева', 'phone': '+380634318602'}\ncode = 1111\nset_env_settings = Settings(env='dev', default_timeout=20, default_poll_frequency=1, base_url='https://m2-live-dev-001.antoshka.ua/uk', r...d_token={'Authorization': 'Bearer CdOft4DKAdC2fGTOnBSuMming1c7yetqWe2qEhtQ'}, db_url='', download_dir='/usr/workspace')\n\n    @allure.step(\"Registration new user AWDEV-T506\")\n    @pytest.mark.parametrize(\"user, code\", [\n        (RegistrationUserUi.user_name_phone_email, DEFAULT_CODE_REGISTRATION)], ids=str)\n    def test_registration_new_user_awdev_t506(self, user, code, set_env_settings):\n        env = set_env_settings.env\n        print(env)\n        self.registration_page.open_registration_form()\n        self.registration_page.fill_registration_form(user=user)\n>       self.registration_page.confirm_registration_form(code=code)\n\ntests/ui/test_registration_new_user.py:18: \n_ _ _ _ _ _ _ _ _ _ _ _ _ _ _ _ _ _ _ _ _ _ _ _ _ _ _ _ _ _ _ _ _ _ _ _ _ _ _ _ \nsrc/pages/registration_page.py:44: in confirm_registration_form\n    self.fill_field_with_click(self.CODE_FIELD, code)\nsrc/base_classes/base_page.py:46: in fill_field_with_click\n    self.wait.until(EC.element_to_be_clickable(field_name)).click()\n_ _ _ _ _ _ _ _ _ _ _ _ _ _ _ _ _ _ _ _ _ _ _ _ _ _ _ _ _ _ _ _ _ _ _ _ _ _ _ _ \n\nself = <selenium.webdriver.support.wait.WebDriverWait (session=\"e0c98cff7a8e7f7a0a923a251d626de7\")>\nmethod = <function element_to_be_clickable.<locals>._predicate at 0x7f0c22da7be0>\nmessage = ''\n\n    def until(self, method: Callable[[D], Union[Literal[False], T]], message: str = \"\") -> T:\n        \"\"\"Calls the method provided with the driver as an argument until the \\\n        return value does not evaluate to ``False``.\n    \n        :param method: callable(WebDriver)\n        :param message: optional message for :exc:`TimeoutException`\n        :returns: the result of the last call to `method`\n        :raises: :exc:`selenium.common.exceptions.TimeoutException` if timeout occurs\n        \"\"\"\n        screen = None\n        stacktrace = None\n    \n        end_time = time.monotonic() + self._timeout\n        while True:\n            try:\n                value = method(self._driver)\n                if value:\n                    return value\n            except self._ignored_exceptions as exc:\n                screen = getattr(exc, \"screen\", None)\n                stacktrace = getattr(exc, \"stacktrace\", None)\n            time.sleep(self._poll)\n            if time.monotonic() > end_time:\n                break\n>       raise TimeoutException(message, screen, stacktrace)\nE       selenium.common.exceptions.TimeoutException: Message: \nE       Stacktrace:\nE       #0 0x5626a3eb38ae <unknown>\nE       #1 0x5626a39e8c40 <unknown>\nE       #2 0x5626a3a34e12 <unknown>\nE       #3 0x5626a3a35011 <unknown>\nE       #4 0x5626a3a7ebc4 <unknown>\nE       #5 0x5626a3a5cefd <unknown>\nE       #6 0x5626a3a7c6d2 <unknown>\nE       #7 0x5626a3a5cc73 <unknown>\nE       #8 0x5626a3a286e8 <unknown>\nE       #9 0x5626a3a2969e <unknown>\nE       #10 0x5626a3e86c66 <unknown>\nE       #11 0x5626a3e89f97 <unknown>\nE       #12 0x5626a3e89a58 <unknown>\nE       #13 0x5626a3e8a425 <unknown>\nE       #14 0x5626a3e77b6e <unknown>\nE       #15 0x5626a3e8a76f <unknown>\nE       #16 0x5626a3e61625 <unknown>\nE       #17 0x5626a3ea2d55 <unknown>\nE       #18 0x5626a3ea2f36 <unknown>\nE       #19 0x5626a3eb26e5 <unknown>\nE       #20 0x7fdc38007144 <unknown>\n\n../local/lib/python3.10/site-packages/selenium/webdriver/support/wait.py:105: TimeoutException",
  "flaky" : false,
  "newFailed" : false,
  "beforeStages" : [ {
    "name" : "set_driver",
    "time" : {
      "start" : 1729955889677,
      "stop" : 1729955890215,
      "duration" : 538
    },
    "status" : "passed",
    "steps" : [ ],
    "attachments" : [ ],
    "parameters" : [ ],
    "stepsCount" : 0,
    "attachmentsCount" : 0,
    "shouldDisplayMessage" : false,
    "hasContent" : false
  }, {
    "name" : "set_env_settings",
    "time" : {
      "start" : 1729955889676,
      "stop" : 1729955889677,
      "duration" : 1
    },
    "status" : "passed",
    "steps" : [ ],
    "attachments" : [ ],
    "parameters" : [ ],
    "stepsCount" : 0,
    "attachmentsCount" : 0,
    "shouldDisplayMessage" : false,
    "hasContent" : false
  }, {
    "name" : "_session_faker",
    "time" : {
      "start" : 1729955889604,
      "stop" : 1729955889676,
      "duration" : 72
    },
    "status" : "passed",
    "steps" : [ ],
    "attachments" : [ ],
    "parameters" : [ ],
    "stepsCount" : 0,
    "attachmentsCount" : 0,
    "shouldDisplayMessage" : false,
    "hasContent" : false
  }, {
    "name" : "pytestconfig",
    "time" : {
      "start" : 1729955889676,
      "stop" : 1729955889676,
      "duration" : 0
    },
    "status" : "passed",
    "steps" : [ ],
    "attachments" : [ ],
    "parameters" : [ ],
    "stepsCount" : 0,
    "attachmentsCount" : 0,
    "shouldDisplayMessage" : false,
    "hasContent" : false
  }, {
    "name" : "setup",
    "time" : {
      "start" : 1729955890215,
      "stop" : 1729955890216,
      "duration" : 1
    },
    "status" : "passed",
    "steps" : [ ],
    "attachments" : [ ],
    "parameters" : [ ],
    "stepsCount" : 0,
    "attachmentsCount" : 0,
    "shouldDisplayMessage" : false,
    "hasContent" : false
  } ],
  "testStage" : {
    "status" : "broken",
    "statusMessage" : "selenium.common.exceptions.TimeoutException: Message: \nStacktrace:\n#0 0x5626a3eb38ae <unknown>\n#1 0x5626a39e8c40 <unknown>\n#2 0x5626a3a34e12 <unknown>\n#3 0x5626a3a35011 <unknown>\n#4 0x5626a3a7ebc4 <unknown>\n#5 0x5626a3a5cefd <unknown>\n#6 0x5626a3a7c6d2 <unknown>\n#7 0x5626a3a5cc73 <unknown>\n#8 0x5626a3a286e8 <unknown>\n#9 0x5626a3a2969e <unknown>\n#10 0x5626a3e86c66 <unknown>\n#11 0x5626a3e89f97 <unknown>\n#12 0x5626a3e89a58 <unknown>\n#13 0x5626a3e8a425 <unknown>\n#14 0x5626a3e77b6e <unknown>\n#15 0x5626a3e8a76f <unknown>\n#16 0x5626a3e61625 <unknown>\n#17 0x5626a3ea2d55 <unknown>\n#18 0x5626a3ea2f36 <unknown>\n#19 0x5626a3eb26e5 <unknown>\n#20 0x7fdc38007144 <unknown>",
    "statusTrace" : "self = <tests.ui.test_registration_new_user.TestRegistrationUser object at 0x7f0c22c7c5b0>\nuser = {'email': 'raisa80@example.net', 'name': 'Маргарита Валериевна Пономарева', 'phone': '+380634318602'}\ncode = 1111\nset_env_settings = Settings(env='dev', default_timeout=20, default_poll_frequency=1, base_url='https://m2-live-dev-001.antoshka.ua/uk', r...d_token={'Authorization': 'Bearer CdOft4DKAdC2fGTOnBSuMming1c7yetqWe2qEhtQ'}, db_url='', download_dir='/usr/workspace')\n\n    @allure.step(\"Registration new user AWDEV-T506\")\n    @pytest.mark.parametrize(\"user, code\", [\n        (RegistrationUserUi.user_name_phone_email, DEFAULT_CODE_REGISTRATION)], ids=str)\n    def test_registration_new_user_awdev_t506(self, user, code, set_env_settings):\n        env = set_env_settings.env\n        print(env)\n        self.registration_page.open_registration_form()\n        self.registration_page.fill_registration_form(user=user)\n>       self.registration_page.confirm_registration_form(code=code)\n\ntests/ui/test_registration_new_user.py:18: \n_ _ _ _ _ _ _ _ _ _ _ _ _ _ _ _ _ _ _ _ _ _ _ _ _ _ _ _ _ _ _ _ _ _ _ _ _ _ _ _ \nsrc/pages/registration_page.py:44: in confirm_registration_form\n    self.fill_field_with_click(self.CODE_FIELD, code)\nsrc/base_classes/base_page.py:46: in fill_field_with_click\n    self.wait.until(EC.element_to_be_clickable(field_name)).click()\n_ _ _ _ _ _ _ _ _ _ _ _ _ _ _ _ _ _ _ _ _ _ _ _ _ _ _ _ _ _ _ _ _ _ _ _ _ _ _ _ \n\nself = <selenium.webdriver.support.wait.WebDriverWait (session=\"e0c98cff7a8e7f7a0a923a251d626de7\")>\nmethod = <function element_to_be_clickable.<locals>._predicate at 0x7f0c22da7be0>\nmessage = ''\n\n    def until(self, method: Callable[[D], Union[Literal[False], T]], message: str = \"\") -> T:\n        \"\"\"Calls the method provided with the driver as an argument until the \\\n        return value does not evaluate to ``False``.\n    \n        :param method: callable(WebDriver)\n        :param message: optional message for :exc:`TimeoutException`\n        :returns: the result of the last call to `method`\n        :raises: :exc:`selenium.common.exceptions.TimeoutException` if timeout occurs\n        \"\"\"\n        screen = None\n        stacktrace = None\n    \n        end_time = time.monotonic() + self._timeout\n        while True:\n            try:\n                value = method(self._driver)\n                if value:\n                    return value\n            except self._ignored_exceptions as exc:\n                screen = getattr(exc, \"screen\", None)\n                stacktrace = getattr(exc, \"stacktrace\", None)\n            time.sleep(self._poll)\n            if time.monotonic() > end_time:\n                break\n>       raise TimeoutException(message, screen, stacktrace)\nE       selenium.common.exceptions.TimeoutException: Message: \nE       Stacktrace:\nE       #0 0x5626a3eb38ae <unknown>\nE       #1 0x5626a39e8c40 <unknown>\nE       #2 0x5626a3a34e12 <unknown>\nE       #3 0x5626a3a35011 <unknown>\nE       #4 0x5626a3a7ebc4 <unknown>\nE       #5 0x5626a3a5cefd <unknown>\nE       #6 0x5626a3a7c6d2 <unknown>\nE       #7 0x5626a3a5cc73 <unknown>\nE       #8 0x5626a3a286e8 <unknown>\nE       #9 0x5626a3a2969e <unknown>\nE       #10 0x5626a3e86c66 <unknown>\nE       #11 0x5626a3e89f97 <unknown>\nE       #12 0x5626a3e89a58 <unknown>\nE       #13 0x5626a3e8a425 <unknown>\nE       #14 0x5626a3e77b6e <unknown>\nE       #15 0x5626a3e8a76f <unknown>\nE       #16 0x5626a3e61625 <unknown>\nE       #17 0x5626a3ea2d55 <unknown>\nE       #18 0x5626a3ea2f36 <unknown>\nE       #19 0x5626a3eb26e5 <unknown>\nE       #20 0x7fdc38007144 <unknown>\n\n../local/lib/python3.10/site-packages/selenium/webdriver/support/wait.py:105: TimeoutException",
    "steps" : [ {
      "name" : "Registration new user AWDEV-T506",
      "time" : {
        "start" : 1729955890216,
        "stop" : 1729955915134,
        "duration" : 24918
      },
      "status" : "broken",
      "statusMessage" : "selenium.common.exceptions.TimeoutException: Message: \nStacktrace:\n#0 0x5626a3eb38ae <unknown>\n#1 0x5626a39e8c40 <unknown>\n#2 0x5626a3a34e12 <unknown>\n#3 0x5626a3a35011 <unknown>\n#4 0x5626a3a7ebc4 <unknown>\n#5 0x5626a3a5cefd <unknown>\n#6 0x5626a3a7c6d2 <unknown>\n#7 0x5626a3a5cc73 <unknown>\n#8 0x5626a3a286e8 <unknown>\n#9 0x5626a3a2969e <unknown>\n#10 0x5626a3e86c66 <unknown>\n#11 0x5626a3e89f97 <unknown>\n#12 0x5626a3e89a58 <unknown>\n#13 0x5626a3e8a425 <unknown>\n#14 0x5626a3e77b6e <unknown>\n#15 0x5626a3e8a76f <unknown>\n#16 0x5626a3e61625 <unknown>\n#17 0x5626a3ea2d55 <unknown>\n#18 0x5626a3ea2f36 <unknown>\n#19 0x5626a3eb26e5 <unknown>\n#20 0x7fdc38007144 <unknown>\n\n",
      "statusTrace" : "  File \"/usr/local/lib/python3.10/site-packages/allure_commons/_allure.py\", line 192, in impl\n    return func(*a, **kw)\n  File \"/usr/workspace/tests/ui/test_registration_new_user.py\", line 18, in test_registration_new_user_awdev_t506\n    self.registration_page.confirm_registration_form(code=code)\n  File \"/usr/workspace/src/pages/registration_page.py\", line 44, in confirm_registration_form\n    self.fill_field_with_click(self.CODE_FIELD, code)\n  File \"/usr/workspace/src/base_classes/base_page.py\", line 46, in fill_field_with_click\n    self.wait.until(EC.element_to_be_clickable(field_name)).click()\n  File \"/usr/local/lib/python3.10/site-packages/selenium/webdriver/support/wait.py\", line 105, in until\n    raise TimeoutException(message, screen, stacktrace)\n",
      "steps" : [ {
        "name" : "Open 'https://m2-live-dev-001.antoshka.ua/uk/' page",
        "time" : {
          "start" : 1729955890216,
          "stop" : 1729955893261,
          "duration" : 3045
        },
        "status" : "passed",
        "steps" : [ ],
        "attachments" : [ ],
        "parameters" : [ ],
        "stepsCount" : 0,
        "attachmentsCount" : 0,
        "shouldDisplayMessage" : false,
        "hasContent" : false
      }, {
        "name" : "Page 'https://m2-live-dev-001.antoshka.ua/uk/' is opened",
        "time" : {
          "start" : 1729955893261,
          "stop" : 1729955893265,
          "duration" : 4
        },
        "status" : "passed",
        "steps" : [ ],
        "attachments" : [ ],
        "parameters" : [ ],
        "stepsCount" : 0,
        "attachmentsCount" : 0,
        "shouldDisplayMessage" : false,
        "hasContent" : false
      }, {
        "name" : "Click ('xpath', \"//*[@id='login-enter']\")",
        "time" : {
          "start" : 1729955893265,
          "stop" : 1729955893331,
          "duration" : 66
        },
        "status" : "passed",
        "steps" : [ ],
        "attachments" : [ ],
        "parameters" : [ ],
        "stepsCount" : 0,
        "attachmentsCount" : 0,
        "shouldDisplayMessage" : false,
        "hasContent" : false
      }, {
        "name" : "Click ('xpath', '//form[1]//a')",
        "time" : {
          "start" : 1729955893331,
          "stop" : 1729955894403,
          "duration" : 1072
        },
        "status" : "passed",
        "steps" : [ ],
        "attachments" : [ ],
        "parameters" : [ ],
        "stepsCount" : 0,
        "attachmentsCount" : 0,
        "shouldDisplayMessage" : false,
        "hasContent" : false
      }, {
        "name" : "Fill '('xpath', \"//input[@data-validation='name']\")' with data 'М'",
        "time" : {
          "start" : 1729955894403,
          "stop" : 1729955894526,
          "duration" : 123
        },
        "status" : "passed",
        "steps" : [ ],
        "attachments" : [ ],
        "parameters" : [ ],
        "stepsCount" : 0,
        "attachmentsCount" : 0,
        "shouldDisplayMessage" : false,
        "hasContent" : false
      }, {
        "name" : "Fill '('xpath', \"//*[@id='telephone']\")' with data '634318602'",
        "time" : {
          "start" : 1729955894526,
          "stop" : 1729955894673,
          "duration" : 147
        },
        "status" : "passed",
        "steps" : [ ],
        "attachments" : [ ],
        "parameters" : [ ],
        "stepsCount" : 0,
        "attachmentsCount" : 0,
        "shouldDisplayMessage" : false,
        "hasContent" : false
      }, {
        "name" : "Fill '('xpath', \"//input[@data-validation='email']\")' with data 'raisa80@example.net'",
        "time" : {
          "start" : 1729955894673,
          "stop" : 1729955894815,
          "duration" : 142
        },
        "status" : "passed",
        "steps" : [ ],
        "attachments" : [ ],
        "parameters" : [ ],
        "stepsCount" : 0,
        "attachmentsCount" : 0,
        "shouldDisplayMessage" : false,
        "hasContent" : false
      }, {
        "name" : "Click ('xpath', \"//button[@class='auth_next']\")",
        "time" : {
          "start" : 1729955894815,
          "stop" : 1729955894870,
          "duration" : 55
        },
        "status" : "passed",
        "steps" : [ ],
        "attachments" : [ ],
        "parameters" : [ ],
        "stepsCount" : 0,
        "attachmentsCount" : 0,
        "shouldDisplayMessage" : false,
        "hasContent" : false
      }, {
        "name" : "Fill '('xpath', \"//input[@id='code-auth']\")' with data '1111'",
        "time" : {
          "start" : 1729955894870,
          "stop" : 1729955915134,
          "duration" : 20264
        },
        "status" : "broken",
        "statusMessage" : "selenium.common.exceptions.TimeoutException: Message: \nStacktrace:\n#0 0x5626a3eb38ae <unknown>\n#1 0x5626a39e8c40 <unknown>\n#2 0x5626a3a34e12 <unknown>\n#3 0x5626a3a35011 <unknown>\n#4 0x5626a3a7ebc4 <unknown>\n#5 0x5626a3a5cefd <unknown>\n#6 0x5626a3a7c6d2 <unknown>\n#7 0x5626a3a5cc73 <unknown>\n#8 0x5626a3a286e8 <unknown>\n#9 0x5626a3a2969e <unknown>\n#10 0x5626a3e86c66 <unknown>\n#11 0x5626a3e89f97 <unknown>\n#12 0x5626a3e89a58 <unknown>\n#13 0x5626a3e8a425 <unknown>\n#14 0x5626a3e77b6e <unknown>\n#15 0x5626a3e8a76f <unknown>\n#16 0x5626a3e61625 <unknown>\n#17 0x5626a3ea2d55 <unknown>\n#18 0x5626a3ea2f36 <unknown>\n#19 0x5626a3eb26e5 <unknown>\n#20 0x7fdc38007144 <unknown>\n\n",
        "statusTrace" : "  File \"/usr/workspace/src/base_classes/base_page.py\", line 46, in fill_field_with_click\n    self.wait.until(EC.element_to_be_clickable(field_name)).click()\n  File \"/usr/local/lib/python3.10/site-packages/selenium/webdriver/support/wait.py\", line 105, in until\n    raise TimeoutException(message, screen, stacktrace)\n",
        "steps" : [ ],
        "attachments" : [ ],
        "parameters" : [ ],
        "stepsCount" : 0,
        "attachmentsCount" : 0,
        "shouldDisplayMessage" : true,
        "hasContent" : true
      } ],
      "attachments" : [ ],
      "parameters" : [ {
        "name" : "user",
        "value" : "{'name': 'Маргарита Валериевна Пономарева', 'email': 'raisa80@example.net', 'phone': '+380634318602'}"
      }, {
        "name" : "code",
        "value" : "1111"
      }, {
        "name" : "set_env_settings",
        "value" : "Settings(env='dev', default_timeout=20, default_poll_frequency=1, base_url='https://m2-live-dev-001.antoshka.ua/uk', redwood_url='https://m2testredwood.antoshka.ua/graphql', redwood_token={'Authorization': 'Bearer CdOft4DKAdC2fGTOnBSuMming1c7yetqWe2qEhtQ'}, db_url='', download_dir='/usr/workspace')"
      } ],
      "stepsCount" : 9,
      "attachmentsCount" : 0,
      "shouldDisplayMessage" : false,
      "hasContent" : true
    } ],
    "attachments" : [ {
      "uid" : "1fbbac8738f9404a",
      "name" : "log",
      "source" : "1fbbac8738f9404a.txt",
      "type" : "text/plain",
      "size" : 92
    } ],
    "parameters" : [ ],
    "stepsCount" : 10,
    "attachmentsCount" : 1,
    "shouldDisplayMessage" : true,
    "hasContent" : true
  },
  "afterStages" : [ {
    "name" : "set_driver::0",
    "time" : {
      "start" : 1729955915177,
      "stop" : 1729955915245,
      "duration" : 68
    },
    "status" : "passed",
    "steps" : [ ],
    "attachments" : [ ],
    "parameters" : [ ],
    "stepsCount" : 0,
    "attachmentsCount" : 0,
    "shouldDisplayMessage" : false,
    "hasContent" : false
  } ],
  "labels" : [ {
    "name" : "parentSuite",
    "value" : "tests.ui"
  }, {
    "name" : "suite",
    "value" : "test_registration_new_user"
  }, {
    "name" : "subSuite",
    "value" : "TestRegistrationUser"
  }, {
    "name" : "host",
    "value" : "63b9a9452c55"
  }, {
    "name" : "thread",
    "value" : "7-MainThread"
  }, {
    "name" : "framework",
    "value" : "pytest"
  }, {
    "name" : "language",
    "value" : "cpython3"
  }, {
    "name" : "package",
    "value" : "tests.ui.test_registration_new_user"
  }, {
    "name" : "resultFormat",
    "value" : "allure2"
  } ],
  "parameters" : [ {
    "name" : "code",
    "value" : "1111"
  }, {
    "name" : "user",
    "value" : "{'name': 'Маргарита Валериевна Пономарева', 'email': 'raisa80@example.net', 'phone': '+380634318602'}"
  } ],
  "links" : [ ],
  "hidden" : false,
  "retry" : false,
  "extra" : {
    "severity" : "normal",
    "retries" : [ ],
    "categories" : [ {
      "name" : "Test defects",
      "matchedStatuses" : [ ],
      "flaky" : false
    } ],
    "tags" : [ ]
  },
  "source" : "b67103222c56b547.json",
  "parameterValues" : [ "1111", "{'name': 'Маргарита Валериевна Пономарева', 'email': 'raisa80@example.net', 'phone': '+380634318602'}" ]
}