{
  "uid" : "c1874266c3dccbc0",
  "name" : "test_registration_new_user_awdev_t506[{'name': '\\u041e\\u043b\\u0438\\u043c\\u043f\\u0438\\u0430\\u0434\\u0430 \\u0421\\u0432\\u044f\\u0442\\u043e\\u0441\\u043b\\u0430\\u0432\\u043e\\u0432\\u043d\\u0430 \\u041a\\u043e\\u0448\\u0435\\u043b\\u0435\\u0432\\u0430', 'email': 'mzatsev@example.com', 'phone': '+380639559256'}-1111]",
  "fullName" : "tests.ui.test_registration_new_user.TestRegistrationUser#test_registration_new_user_awdev_t506",
  "historyId" : "99c8bc9e48642fd7e57fa2cb58919392",
  "time" : {
    "start" : 1729879087349,
    "stop" : 1729879112466,
    "duration" : 25117
  },
  "status" : "broken",
  "statusMessage" : "selenium.common.exceptions.TimeoutException: Message: \nStacktrace:\n#0 0x5580a48258ae <unknown>\n#1 0x5580a435ac40 <unknown>\n#2 0x5580a43a6e12 <unknown>\n#3 0x5580a43a7011 <unknown>\n#4 0x5580a43f0bc4 <unknown>\n#5 0x5580a43ceefd <unknown>\n#6 0x5580a43ee6d2 <unknown>\n#7 0x5580a43cec73 <unknown>\n#8 0x5580a439a6e8 <unknown>\n#9 0x5580a439b69e <unknown>\n#10 0x5580a47f8c66 <unknown>\n#11 0x5580a47fbf97 <unknown>\n#12 0x5580a47fba58 <unknown>\n#13 0x5580a47fc425 <unknown>\n#14 0x5580a47e9b6e <unknown>\n#15 0x5580a47fc76f <unknown>\n#16 0x5580a47d3625 <unknown>\n#17 0x5580a4814d55 <unknown>\n#18 0x5580a4814f36 <unknown>\n#19 0x5580a48246e5 <unknown>\n#20 0x7fb599166144 <unknown>",
  "statusTrace" : "self = <tests.ui.test_registration_new_user.TestRegistrationUser object at 0x7f031b0a09a0>\nuser = {'email': 'mzatsev@example.com', 'name': 'Олимпиада Святославовна Кошелева', 'phone': '+380639559256'}\ncode = 1111\n\n    @allure.step(\"Registration new user AWDEV-T506\")\n    @pytest.mark.parametrize(\"user, code\", [\n        (RegistrationUserUi.user_name_phone_email, DEFAULT_CODE_REGISTRATION)], ids=str)\n    def test_registration_new_user_awdev_t506(self, user, code):\n        self.registration_page.open_registration_form()\n        self.registration_page.fill_registration_form(user=user)\n>       self.registration_page.confirm_registration_form(code=code)\n\ntests/ui/test_registration_new_user.py:16: \n_ _ _ _ _ _ _ _ _ _ _ _ _ _ _ _ _ _ _ _ _ _ _ _ _ _ _ _ _ _ _ _ _ _ _ _ _ _ _ _ \nsrc/pages/registration_page.py:44: in confirm_registration_form\n    self.fill_field_with_click(self.CODE_FIELD, code)\nsrc/base_classes/base_page.py:46: in fill_field_with_click\n    self.wait.until(EC.element_to_be_clickable(field_name)).click()\n_ _ _ _ _ _ _ _ _ _ _ _ _ _ _ _ _ _ _ _ _ _ _ _ _ _ _ _ _ _ _ _ _ _ _ _ _ _ _ _ \n\nself = <selenium.webdriver.support.wait.WebDriverWait (session=\"9a089b1da781404b304f643cd18d3434\")>\nmethod = <function element_to_be_clickable.<locals>._predicate at 0x7f031b8abbe0>\nmessage = ''\n\n    def until(self, method: Callable[[D], Union[Literal[False], T]], message: str = \"\") -> T:\n        \"\"\"Calls the method provided with the driver as an argument until the \\\n        return value does not evaluate to ``False``.\n    \n        :param method: callable(WebDriver)\n        :param message: optional message for :exc:`TimeoutException`\n        :returns: the result of the last call to `method`\n        :raises: :exc:`selenium.common.exceptions.TimeoutException` if timeout occurs\n        \"\"\"\n        screen = None\n        stacktrace = None\n    \n        end_time = time.monotonic() + self._timeout\n        while True:\n            try:\n                value = method(self._driver)\n                if value:\n                    return value\n            except self._ignored_exceptions as exc:\n                screen = getattr(exc, \"screen\", None)\n                stacktrace = getattr(exc, \"stacktrace\", None)\n            time.sleep(self._poll)\n            if time.monotonic() > end_time:\n                break\n>       raise TimeoutException(message, screen, stacktrace)\nE       selenium.common.exceptions.TimeoutException: Message: \nE       Stacktrace:\nE       #0 0x5580a48258ae <unknown>\nE       #1 0x5580a435ac40 <unknown>\nE       #2 0x5580a43a6e12 <unknown>\nE       #3 0x5580a43a7011 <unknown>\nE       #4 0x5580a43f0bc4 <unknown>\nE       #5 0x5580a43ceefd <unknown>\nE       #6 0x5580a43ee6d2 <unknown>\nE       #7 0x5580a43cec73 <unknown>\nE       #8 0x5580a439a6e8 <unknown>\nE       #9 0x5580a439b69e <unknown>\nE       #10 0x5580a47f8c66 <unknown>\nE       #11 0x5580a47fbf97 <unknown>\nE       #12 0x5580a47fba58 <unknown>\nE       #13 0x5580a47fc425 <unknown>\nE       #14 0x5580a47e9b6e <unknown>\nE       #15 0x5580a47fc76f <unknown>\nE       #16 0x5580a47d3625 <unknown>\nE       #17 0x5580a4814d55 <unknown>\nE       #18 0x5580a4814f36 <unknown>\nE       #19 0x5580a48246e5 <unknown>\nE       #20 0x7fb599166144 <unknown>\n\n../local/lib/python3.10/site-packages/selenium/webdriver/support/wait.py:105: TimeoutException",
  "flaky" : false,
  "newFailed" : false,
  "beforeStages" : [ {
    "name" : "set_driver",
    "time" : {
      "start" : 1729879086745,
      "stop" : 1729879087348,
      "duration" : 603
    },
    "status" : "passed",
    "steps" : [ ],
    "attachments" : [ ],
    "parameters" : [ ],
    "stepsCount" : 0,
    "attachmentsCount" : 0,
    "shouldDisplayMessage" : false,
    "hasContent" : false
  }, {
    "name" : "set_env_settings",
    "time" : {
      "start" : 1729879086744,
      "stop" : 1729879086745,
      "duration" : 1
    },
    "status" : "passed",
    "steps" : [ ],
    "attachments" : [ ],
    "parameters" : [ ],
    "stepsCount" : 0,
    "attachmentsCount" : 0,
    "shouldDisplayMessage" : false,
    "hasContent" : false
  }, {
    "name" : "setup",
    "time" : {
      "start" : 1729879087348,
      "stop" : 1729879087348,
      "duration" : 0
    },
    "status" : "passed",
    "steps" : [ ],
    "attachments" : [ ],
    "parameters" : [ ],
    "stepsCount" : 0,
    "attachmentsCount" : 0,
    "shouldDisplayMessage" : false,
    "hasContent" : false
  }, {
    "name" : "_session_faker",
    "time" : {
      "start" : 1729879086637,
      "stop" : 1729879086743,
      "duration" : 106
    },
    "status" : "passed",
    "steps" : [ ],
    "attachments" : [ ],
    "parameters" : [ ],
    "stepsCount" : 0,
    "attachmentsCount" : 0,
    "shouldDisplayMessage" : false,
    "hasContent" : false
  }, {
    "name" : "pytestconfig",
    "time" : {
      "start" : 1729879086744,
      "stop" : 1729879086744,
      "duration" : 0
    },
    "status" : "passed",
    "steps" : [ ],
    "attachments" : [ ],
    "parameters" : [ ],
    "stepsCount" : 0,
    "attachmentsCount" : 0,
    "shouldDisplayMessage" : false,
    "hasContent" : false
  } ],
  "testStage" : {
    "status" : "broken",
    "statusMessage" : "selenium.common.exceptions.TimeoutException: Message: \nStacktrace:\n#0 0x5580a48258ae <unknown>\n#1 0x5580a435ac40 <unknown>\n#2 0x5580a43a6e12 <unknown>\n#3 0x5580a43a7011 <unknown>\n#4 0x5580a43f0bc4 <unknown>\n#5 0x5580a43ceefd <unknown>\n#6 0x5580a43ee6d2 <unknown>\n#7 0x5580a43cec73 <unknown>\n#8 0x5580a439a6e8 <unknown>\n#9 0x5580a439b69e <unknown>\n#10 0x5580a47f8c66 <unknown>\n#11 0x5580a47fbf97 <unknown>\n#12 0x5580a47fba58 <unknown>\n#13 0x5580a47fc425 <unknown>\n#14 0x5580a47e9b6e <unknown>\n#15 0x5580a47fc76f <unknown>\n#16 0x5580a47d3625 <unknown>\n#17 0x5580a4814d55 <unknown>\n#18 0x5580a4814f36 <unknown>\n#19 0x5580a48246e5 <unknown>\n#20 0x7fb599166144 <unknown>",
    "statusTrace" : "self = <tests.ui.test_registration_new_user.TestRegistrationUser object at 0x7f031b0a09a0>\nuser = {'email': 'mzatsev@example.com', 'name': 'Олимпиада Святославовна Кошелева', 'phone': '+380639559256'}\ncode = 1111\n\n    @allure.step(\"Registration new user AWDEV-T506\")\n    @pytest.mark.parametrize(\"user, code\", [\n        (RegistrationUserUi.user_name_phone_email, DEFAULT_CODE_REGISTRATION)], ids=str)\n    def test_registration_new_user_awdev_t506(self, user, code):\n        self.registration_page.open_registration_form()\n        self.registration_page.fill_registration_form(user=user)\n>       self.registration_page.confirm_registration_form(code=code)\n\ntests/ui/test_registration_new_user.py:16: \n_ _ _ _ _ _ _ _ _ _ _ _ _ _ _ _ _ _ _ _ _ _ _ _ _ _ _ _ _ _ _ _ _ _ _ _ _ _ _ _ \nsrc/pages/registration_page.py:44: in confirm_registration_form\n    self.fill_field_with_click(self.CODE_FIELD, code)\nsrc/base_classes/base_page.py:46: in fill_field_with_click\n    self.wait.until(EC.element_to_be_clickable(field_name)).click()\n_ _ _ _ _ _ _ _ _ _ _ _ _ _ _ _ _ _ _ _ _ _ _ _ _ _ _ _ _ _ _ _ _ _ _ _ _ _ _ _ \n\nself = <selenium.webdriver.support.wait.WebDriverWait (session=\"9a089b1da781404b304f643cd18d3434\")>\nmethod = <function element_to_be_clickable.<locals>._predicate at 0x7f031b8abbe0>\nmessage = ''\n\n    def until(self, method: Callable[[D], Union[Literal[False], T]], message: str = \"\") -> T:\n        \"\"\"Calls the method provided with the driver as an argument until the \\\n        return value does not evaluate to ``False``.\n    \n        :param method: callable(WebDriver)\n        :param message: optional message for :exc:`TimeoutException`\n        :returns: the result of the last call to `method`\n        :raises: :exc:`selenium.common.exceptions.TimeoutException` if timeout occurs\n        \"\"\"\n        screen = None\n        stacktrace = None\n    \n        end_time = time.monotonic() + self._timeout\n        while True:\n            try:\n                value = method(self._driver)\n                if value:\n                    return value\n            except self._ignored_exceptions as exc:\n                screen = getattr(exc, \"screen\", None)\n                stacktrace = getattr(exc, \"stacktrace\", None)\n            time.sleep(self._poll)\n            if time.monotonic() > end_time:\n                break\n>       raise TimeoutException(message, screen, stacktrace)\nE       selenium.common.exceptions.TimeoutException: Message: \nE       Stacktrace:\nE       #0 0x5580a48258ae <unknown>\nE       #1 0x5580a435ac40 <unknown>\nE       #2 0x5580a43a6e12 <unknown>\nE       #3 0x5580a43a7011 <unknown>\nE       #4 0x5580a43f0bc4 <unknown>\nE       #5 0x5580a43ceefd <unknown>\nE       #6 0x5580a43ee6d2 <unknown>\nE       #7 0x5580a43cec73 <unknown>\nE       #8 0x5580a439a6e8 <unknown>\nE       #9 0x5580a439b69e <unknown>\nE       #10 0x5580a47f8c66 <unknown>\nE       #11 0x5580a47fbf97 <unknown>\nE       #12 0x5580a47fba58 <unknown>\nE       #13 0x5580a47fc425 <unknown>\nE       #14 0x5580a47e9b6e <unknown>\nE       #15 0x5580a47fc76f <unknown>\nE       #16 0x5580a47d3625 <unknown>\nE       #17 0x5580a4814d55 <unknown>\nE       #18 0x5580a4814f36 <unknown>\nE       #19 0x5580a48246e5 <unknown>\nE       #20 0x7fb599166144 <unknown>\n\n../local/lib/python3.10/site-packages/selenium/webdriver/support/wait.py:105: TimeoutException",
    "steps" : [ {
      "name" : "Registration new user AWDEV-T506",
      "time" : {
        "start" : 1729879087349,
        "stop" : 1729879112466,
        "duration" : 25117
      },
      "status" : "broken",
      "statusMessage" : "selenium.common.exceptions.TimeoutException: Message: \nStacktrace:\n#0 0x5580a48258ae <unknown>\n#1 0x5580a435ac40 <unknown>\n#2 0x5580a43a6e12 <unknown>\n#3 0x5580a43a7011 <unknown>\n#4 0x5580a43f0bc4 <unknown>\n#5 0x5580a43ceefd <unknown>\n#6 0x5580a43ee6d2 <unknown>\n#7 0x5580a43cec73 <unknown>\n#8 0x5580a439a6e8 <unknown>\n#9 0x5580a439b69e <unknown>\n#10 0x5580a47f8c66 <unknown>\n#11 0x5580a47fbf97 <unknown>\n#12 0x5580a47fba58 <unknown>\n#13 0x5580a47fc425 <unknown>\n#14 0x5580a47e9b6e <unknown>\n#15 0x5580a47fc76f <unknown>\n#16 0x5580a47d3625 <unknown>\n#17 0x5580a4814d55 <unknown>\n#18 0x5580a4814f36 <unknown>\n#19 0x5580a48246e5 <unknown>\n#20 0x7fb599166144 <unknown>\n\n",
      "statusTrace" : "  File \"/usr/local/lib/python3.10/site-packages/allure_commons/_allure.py\", line 192, in impl\n    return func(*a, **kw)\n  File \"/usr/workspace/tests/ui/test_registration_new_user.py\", line 16, in test_registration_new_user_awdev_t506\n    self.registration_page.confirm_registration_form(code=code)\n  File \"/usr/workspace/src/pages/registration_page.py\", line 44, in confirm_registration_form\n    self.fill_field_with_click(self.CODE_FIELD, code)\n  File \"/usr/workspace/src/base_classes/base_page.py\", line 46, in fill_field_with_click\n    self.wait.until(EC.element_to_be_clickable(field_name)).click()\n  File \"/usr/local/lib/python3.10/site-packages/selenium/webdriver/support/wait.py\", line 105, in until\n    raise TimeoutException(message, screen, stacktrace)\n",
      "steps" : [ {
        "name" : "Open 'https://m2-live-dev-001.antoshka.ua/uk/' page",
        "time" : {
          "start" : 1729879087349,
          "stop" : 1729879090365,
          "duration" : 3016
        },
        "status" : "passed",
        "steps" : [ ],
        "attachments" : [ ],
        "parameters" : [ ],
        "stepsCount" : 0,
        "attachmentsCount" : 0,
        "shouldDisplayMessage" : false,
        "hasContent" : false
      }, {
        "name" : "Page 'https://m2-live-dev-001.antoshka.ua/uk/' is opened",
        "time" : {
          "start" : 1729879090365,
          "stop" : 1729879090371,
          "duration" : 6
        },
        "status" : "passed",
        "steps" : [ ],
        "attachments" : [ ],
        "parameters" : [ ],
        "stepsCount" : 0,
        "attachmentsCount" : 0,
        "shouldDisplayMessage" : false,
        "hasContent" : false
      }, {
        "name" : "Click ('xpath', \"//*[@id='login-enter']\")",
        "time" : {
          "start" : 1729879090371,
          "stop" : 1729879090467,
          "duration" : 96
        },
        "status" : "passed",
        "steps" : [ ],
        "attachments" : [ ],
        "parameters" : [ ],
        "stepsCount" : 0,
        "attachmentsCount" : 0,
        "shouldDisplayMessage" : false,
        "hasContent" : false
      }, {
        "name" : "Click ('xpath', '//form[1]//a')",
        "time" : {
          "start" : 1729879090467,
          "stop" : 1729879091562,
          "duration" : 1095
        },
        "status" : "passed",
        "steps" : [ ],
        "attachments" : [ ],
        "parameters" : [ ],
        "stepsCount" : 0,
        "attachmentsCount" : 0,
        "shouldDisplayMessage" : false,
        "hasContent" : false
      }, {
        "name" : "Fill '('xpath', \"//input[@data-validation='name']\")' with data 'О'",
        "time" : {
          "start" : 1729879091562,
          "stop" : 1729879091708,
          "duration" : 146
        },
        "status" : "passed",
        "steps" : [ ],
        "attachments" : [ ],
        "parameters" : [ ],
        "stepsCount" : 0,
        "attachmentsCount" : 0,
        "shouldDisplayMessage" : false,
        "hasContent" : false
      }, {
        "name" : "Fill '('xpath', \"//*[@id='telephone']\")' with data '639559256'",
        "time" : {
          "start" : 1729879091709,
          "stop" : 1729879091892,
          "duration" : 183
        },
        "status" : "passed",
        "steps" : [ ],
        "attachments" : [ ],
        "parameters" : [ ],
        "stepsCount" : 0,
        "attachmentsCount" : 0,
        "shouldDisplayMessage" : false,
        "hasContent" : false
      }, {
        "name" : "Fill '('xpath', \"//input[@data-validation='email']\")' with data 'mzatsev@example.com'",
        "time" : {
          "start" : 1729879091892,
          "stop" : 1729879092074,
          "duration" : 182
        },
        "status" : "passed",
        "steps" : [ ],
        "attachments" : [ ],
        "parameters" : [ ],
        "stepsCount" : 0,
        "attachmentsCount" : 0,
        "shouldDisplayMessage" : false,
        "hasContent" : false
      }, {
        "name" : "Click ('xpath', \"//button[@class='auth_next']\")",
        "time" : {
          "start" : 1729879092074,
          "stop" : 1729879092141,
          "duration" : 67
        },
        "status" : "passed",
        "steps" : [ ],
        "attachments" : [ ],
        "parameters" : [ ],
        "stepsCount" : 0,
        "attachmentsCount" : 0,
        "shouldDisplayMessage" : false,
        "hasContent" : false
      }, {
        "name" : "Fill '('xpath', \"//input[@id='code-auth']\")' with data '1111'",
        "time" : {
          "start" : 1729879092141,
          "stop" : 1729879112465,
          "duration" : 20324
        },
        "status" : "broken",
        "statusMessage" : "selenium.common.exceptions.TimeoutException: Message: \nStacktrace:\n#0 0x5580a48258ae <unknown>\n#1 0x5580a435ac40 <unknown>\n#2 0x5580a43a6e12 <unknown>\n#3 0x5580a43a7011 <unknown>\n#4 0x5580a43f0bc4 <unknown>\n#5 0x5580a43ceefd <unknown>\n#6 0x5580a43ee6d2 <unknown>\n#7 0x5580a43cec73 <unknown>\n#8 0x5580a439a6e8 <unknown>\n#9 0x5580a439b69e <unknown>\n#10 0x5580a47f8c66 <unknown>\n#11 0x5580a47fbf97 <unknown>\n#12 0x5580a47fba58 <unknown>\n#13 0x5580a47fc425 <unknown>\n#14 0x5580a47e9b6e <unknown>\n#15 0x5580a47fc76f <unknown>\n#16 0x5580a47d3625 <unknown>\n#17 0x5580a4814d55 <unknown>\n#18 0x5580a4814f36 <unknown>\n#19 0x5580a48246e5 <unknown>\n#20 0x7fb599166144 <unknown>\n\n",
        "statusTrace" : "  File \"/usr/workspace/src/base_classes/base_page.py\", line 46, in fill_field_with_click\n    self.wait.until(EC.element_to_be_clickable(field_name)).click()\n  File \"/usr/local/lib/python3.10/site-packages/selenium/webdriver/support/wait.py\", line 105, in until\n    raise TimeoutException(message, screen, stacktrace)\n",
        "steps" : [ ],
        "attachments" : [ ],
        "parameters" : [ ],
        "stepsCount" : 0,
        "attachmentsCount" : 0,
        "shouldDisplayMessage" : true,
        "hasContent" : true
      } ],
      "attachments" : [ ],
      "parameters" : [ {
        "name" : "user",
        "value" : "{'name': 'Олимпиада Святославовна Кошелева', 'email': 'mzatsev@example.com', 'phone': '+380639559256'}"
      }, {
        "name" : "code",
        "value" : "1111"
      } ],
      "stepsCount" : 9,
      "attachmentsCount" : 0,
      "shouldDisplayMessage" : false,
      "hasContent" : true
    } ],
    "attachments" : [ {
      "uid" : "55c06bb6e0cb55a1",
      "name" : "log",
      "source" : "55c06bb6e0cb55a1.txt",
      "type" : "text/plain",
      "size" : 92
    } ],
    "parameters" : [ ],
    "stepsCount" : 10,
    "attachmentsCount" : 1,
    "shouldDisplayMessage" : true,
    "hasContent" : true
  },
  "afterStages" : [ {
    "name" : "set_driver::0",
    "time" : {
      "start" : 1729879112515,
      "stop" : 1729879112588,
      "duration" : 73
    },
    "status" : "passed",
    "steps" : [ ],
    "attachments" : [ ],
    "parameters" : [ ],
    "stepsCount" : 0,
    "attachmentsCount" : 0,
    "shouldDisplayMessage" : false,
    "hasContent" : false
  } ],
  "labels" : [ {
    "name" : "parentSuite",
    "value" : "tests.ui"
  }, {
    "name" : "suite",
    "value" : "test_registration_new_user"
  }, {
    "name" : "subSuite",
    "value" : "TestRegistrationUser"
  }, {
    "name" : "host",
    "value" : "ff849c18fa79"
  }, {
    "name" : "thread",
    "value" : "8-MainThread"
  }, {
    "name" : "framework",
    "value" : "pytest"
  }, {
    "name" : "language",
    "value" : "cpython3"
  }, {
    "name" : "package",
    "value" : "tests.ui.test_registration_new_user"
  }, {
    "name" : "resultFormat",
    "value" : "allure2"
  } ],
  "parameters" : [ {
    "name" : "code",
    "value" : "1111"
  }, {
    "name" : "user",
    "value" : "{'name': 'Олимпиада Святославовна Кошелева', 'email': 'mzatsev@example.com', 'phone': '+380639559256'}"
  } ],
  "links" : [ ],
  "hidden" : false,
  "retry" : false,
  "extra" : {
    "severity" : "normal",
    "retries" : [ ],
    "categories" : [ {
      "name" : "Test defects",
      "matchedStatuses" : [ ],
      "flaky" : false
    } ],
    "tags" : [ ]
  },
  "source" : "c1874266c3dccbc0.json",
  "parameterValues" : [ "1111", "{'name': 'Олимпиада Святославовна Кошелева', 'email': 'mzatsev@example.com', 'phone': '+380639559256'}" ]
}