{
  "uid" : "c2883121c63c6776",
  "name" : "test_registration_new_user_awdev_t506[{'name': '\\u041b\\u0443\\u043a\\u0438\\u044f \\u0410\\u0444\\u0430\\u043d\\u0430\\u0441\\u044c\\u0435\\u0432\\u043d\\u0430 \\u041f\\u0440\\u043e\\u0445\\u043e\\u0440\\u043e\\u0432\\u0430', 'email': 'osipovkornil@example.com', 'phone': '+380630347664'}-1111]",
  "fullName" : "tests.ui.test_registration_new_user.TestRegistrationUser#test_registration_new_user_awdev_t506",
  "historyId" : "6440fca650cfe73d8e7926f0827e6d2d",
  "time" : {
    "start" : 1729878799033,
    "stop" : 1729878825246,
    "duration" : 26213
  },
  "status" : "broken",
  "statusMessage" : "selenium.common.exceptions.TimeoutException: Message: \nStacktrace:\n#0 0x5566a6c438ae <unknown>\n#1 0x5566a6778c40 <unknown>\n#2 0x5566a67c4e12 <unknown>\n#3 0x5566a67c5011 <unknown>\n#4 0x5566a680ebc4 <unknown>\n#5 0x5566a67ecefd <unknown>\n#6 0x5566a680c6d2 <unknown>\n#7 0x5566a67ecc73 <unknown>\n#8 0x5566a67b86e8 <unknown>\n#9 0x5566a67b969e <unknown>\n#10 0x5566a6c16c66 <unknown>\n#11 0x5566a6c19f97 <unknown>\n#12 0x5566a6c19a58 <unknown>\n#13 0x5566a6c1a425 <unknown>\n#14 0x5566a6c07b6e <unknown>\n#15 0x5566a6c1a76f <unknown>\n#16 0x5566a6bf1625 <unknown>\n#17 0x5566a6c32d55 <unknown>\n#18 0x5566a6c32f36 <unknown>\n#19 0x5566a6c426e5 <unknown>\n#20 0x7f82bd4c8144 <unknown>",
  "statusTrace" : "self = <tests.ui.test_registration_new_user.TestRegistrationUser object at 0x7f8f28b9b6a0>\nuser = {'email': 'osipovkornil@example.com', 'name': 'Лукия Афанасьевна Прохорова', 'phone': '+380630347664'}\ncode = 1111\n\n    @allure.step(\"Registration new user AWDEV-T506\")\n    @pytest.mark.parametrize(\"user, code\", [\n        (RegistrationUserUi.user_name_phone_email, DEFAULT_CODE_REGISTRATION)], ids=str)\n    def test_registration_new_user_awdev_t506(self, user, code):\n        self.registration_page.open_registration_form()\n        self.registration_page.fill_registration_form(user=user)\n>       self.registration_page.confirm_registration_form(code=code)\n\ntests/ui/test_registration_new_user.py:16: \n_ _ _ _ _ _ _ _ _ _ _ _ _ _ _ _ _ _ _ _ _ _ _ _ _ _ _ _ _ _ _ _ _ _ _ _ _ _ _ _ \nsrc/pages/registration_page.py:44: in confirm_registration_form\n    self.fill_field_with_click(self.CODE_FIELD, code)\nsrc/base_classes/base_page.py:46: in fill_field_with_click\n    self.wait.until(EC.element_to_be_clickable(field_name)).click()\n_ _ _ _ _ _ _ _ _ _ _ _ _ _ _ _ _ _ _ _ _ _ _ _ _ _ _ _ _ _ _ _ _ _ _ _ _ _ _ _ \n\nself = <selenium.webdriver.support.wait.WebDriverWait (session=\"4cc7803da2c5e6dbd01706f96a607589\")>\nmethod = <function element_to_be_clickable.<locals>._predicate at 0x7f8f2941bbe0>\nmessage = ''\n\n    def until(self, method: Callable[[D], Union[Literal[False], T]], message: str = \"\") -> T:\n        \"\"\"Calls the method provided with the driver as an argument until the \\\n        return value does not evaluate to ``False``.\n    \n        :param method: callable(WebDriver)\n        :param message: optional message for :exc:`TimeoutException`\n        :returns: the result of the last call to `method`\n        :raises: :exc:`selenium.common.exceptions.TimeoutException` if timeout occurs\n        \"\"\"\n        screen = None\n        stacktrace = None\n    \n        end_time = time.monotonic() + self._timeout\n        while True:\n            try:\n                value = method(self._driver)\n                if value:\n                    return value\n            except self._ignored_exceptions as exc:\n                screen = getattr(exc, \"screen\", None)\n                stacktrace = getattr(exc, \"stacktrace\", None)\n            time.sleep(self._poll)\n            if time.monotonic() > end_time:\n                break\n>       raise TimeoutException(message, screen, stacktrace)\nE       selenium.common.exceptions.TimeoutException: Message: \nE       Stacktrace:\nE       #0 0x5566a6c438ae <unknown>\nE       #1 0x5566a6778c40 <unknown>\nE       #2 0x5566a67c4e12 <unknown>\nE       #3 0x5566a67c5011 <unknown>\nE       #4 0x5566a680ebc4 <unknown>\nE       #5 0x5566a67ecefd <unknown>\nE       #6 0x5566a680c6d2 <unknown>\nE       #7 0x5566a67ecc73 <unknown>\nE       #8 0x5566a67b86e8 <unknown>\nE       #9 0x5566a67b969e <unknown>\nE       #10 0x5566a6c16c66 <unknown>\nE       #11 0x5566a6c19f97 <unknown>\nE       #12 0x5566a6c19a58 <unknown>\nE       #13 0x5566a6c1a425 <unknown>\nE       #14 0x5566a6c07b6e <unknown>\nE       #15 0x5566a6c1a76f <unknown>\nE       #16 0x5566a6bf1625 <unknown>\nE       #17 0x5566a6c32d55 <unknown>\nE       #18 0x5566a6c32f36 <unknown>\nE       #19 0x5566a6c426e5 <unknown>\nE       #20 0x7f82bd4c8144 <unknown>\n\n../local/lib/python3.10/site-packages/selenium/webdriver/support/wait.py:105: TimeoutException",
  "flaky" : false,
  "newFailed" : false,
  "beforeStages" : [ {
    "name" : "_session_faker",
    "time" : {
      "start" : 1729878798274,
      "stop" : 1729878798351,
      "duration" : 77
    },
    "status" : "passed",
    "steps" : [ ],
    "attachments" : [ ],
    "parameters" : [ ],
    "stepsCount" : 0,
    "attachmentsCount" : 0,
    "shouldDisplayMessage" : false,
    "hasContent" : false
  }, {
    "name" : "set_env_settings",
    "time" : {
      "start" : 1729878798352,
      "stop" : 1729878798353,
      "duration" : 1
    },
    "status" : "passed",
    "steps" : [ ],
    "attachments" : [ ],
    "parameters" : [ ],
    "stepsCount" : 0,
    "attachmentsCount" : 0,
    "shouldDisplayMessage" : false,
    "hasContent" : false
  }, {
    "name" : "set_driver",
    "time" : {
      "start" : 1729878798353,
      "stop" : 1729878799031,
      "duration" : 678
    },
    "status" : "passed",
    "steps" : [ ],
    "attachments" : [ ],
    "parameters" : [ ],
    "stepsCount" : 0,
    "attachmentsCount" : 0,
    "shouldDisplayMessage" : false,
    "hasContent" : false
  }, {
    "name" : "pytestconfig",
    "time" : {
      "start" : 1729878798352,
      "stop" : 1729878798352,
      "duration" : 0
    },
    "status" : "passed",
    "steps" : [ ],
    "attachments" : [ ],
    "parameters" : [ ],
    "stepsCount" : 0,
    "attachmentsCount" : 0,
    "shouldDisplayMessage" : false,
    "hasContent" : false
  }, {
    "name" : "setup",
    "time" : {
      "start" : 1729878799032,
      "stop" : 1729878799032,
      "duration" : 0
    },
    "status" : "passed",
    "steps" : [ ],
    "attachments" : [ ],
    "parameters" : [ ],
    "stepsCount" : 0,
    "attachmentsCount" : 0,
    "shouldDisplayMessage" : false,
    "hasContent" : false
  } ],
  "testStage" : {
    "status" : "broken",
    "statusMessage" : "selenium.common.exceptions.TimeoutException: Message: \nStacktrace:\n#0 0x5566a6c438ae <unknown>\n#1 0x5566a6778c40 <unknown>\n#2 0x5566a67c4e12 <unknown>\n#3 0x5566a67c5011 <unknown>\n#4 0x5566a680ebc4 <unknown>\n#5 0x5566a67ecefd <unknown>\n#6 0x5566a680c6d2 <unknown>\n#7 0x5566a67ecc73 <unknown>\n#8 0x5566a67b86e8 <unknown>\n#9 0x5566a67b969e <unknown>\n#10 0x5566a6c16c66 <unknown>\n#11 0x5566a6c19f97 <unknown>\n#12 0x5566a6c19a58 <unknown>\n#13 0x5566a6c1a425 <unknown>\n#14 0x5566a6c07b6e <unknown>\n#15 0x5566a6c1a76f <unknown>\n#16 0x5566a6bf1625 <unknown>\n#17 0x5566a6c32d55 <unknown>\n#18 0x5566a6c32f36 <unknown>\n#19 0x5566a6c426e5 <unknown>\n#20 0x7f82bd4c8144 <unknown>",
    "statusTrace" : "self = <tests.ui.test_registration_new_user.TestRegistrationUser object at 0x7f8f28b9b6a0>\nuser = {'email': 'osipovkornil@example.com', 'name': 'Лукия Афанасьевна Прохорова', 'phone': '+380630347664'}\ncode = 1111\n\n    @allure.step(\"Registration new user AWDEV-T506\")\n    @pytest.mark.parametrize(\"user, code\", [\n        (RegistrationUserUi.user_name_phone_email, DEFAULT_CODE_REGISTRATION)], ids=str)\n    def test_registration_new_user_awdev_t506(self, user, code):\n        self.registration_page.open_registration_form()\n        self.registration_page.fill_registration_form(user=user)\n>       self.registration_page.confirm_registration_form(code=code)\n\ntests/ui/test_registration_new_user.py:16: \n_ _ _ _ _ _ _ _ _ _ _ _ _ _ _ _ _ _ _ _ _ _ _ _ _ _ _ _ _ _ _ _ _ _ _ _ _ _ _ _ \nsrc/pages/registration_page.py:44: in confirm_registration_form\n    self.fill_field_with_click(self.CODE_FIELD, code)\nsrc/base_classes/base_page.py:46: in fill_field_with_click\n    self.wait.until(EC.element_to_be_clickable(field_name)).click()\n_ _ _ _ _ _ _ _ _ _ _ _ _ _ _ _ _ _ _ _ _ _ _ _ _ _ _ _ _ _ _ _ _ _ _ _ _ _ _ _ \n\nself = <selenium.webdriver.support.wait.WebDriverWait (session=\"4cc7803da2c5e6dbd01706f96a607589\")>\nmethod = <function element_to_be_clickable.<locals>._predicate at 0x7f8f2941bbe0>\nmessage = ''\n\n    def until(self, method: Callable[[D], Union[Literal[False], T]], message: str = \"\") -> T:\n        \"\"\"Calls the method provided with the driver as an argument until the \\\n        return value does not evaluate to ``False``.\n    \n        :param method: callable(WebDriver)\n        :param message: optional message for :exc:`TimeoutException`\n        :returns: the result of the last call to `method`\n        :raises: :exc:`selenium.common.exceptions.TimeoutException` if timeout occurs\n        \"\"\"\n        screen = None\n        stacktrace = None\n    \n        end_time = time.monotonic() + self._timeout\n        while True:\n            try:\n                value = method(self._driver)\n                if value:\n                    return value\n            except self._ignored_exceptions as exc:\n                screen = getattr(exc, \"screen\", None)\n                stacktrace = getattr(exc, \"stacktrace\", None)\n            time.sleep(self._poll)\n            if time.monotonic() > end_time:\n                break\n>       raise TimeoutException(message, screen, stacktrace)\nE       selenium.common.exceptions.TimeoutException: Message: \nE       Stacktrace:\nE       #0 0x5566a6c438ae <unknown>\nE       #1 0x5566a6778c40 <unknown>\nE       #2 0x5566a67c4e12 <unknown>\nE       #3 0x5566a67c5011 <unknown>\nE       #4 0x5566a680ebc4 <unknown>\nE       #5 0x5566a67ecefd <unknown>\nE       #6 0x5566a680c6d2 <unknown>\nE       #7 0x5566a67ecc73 <unknown>\nE       #8 0x5566a67b86e8 <unknown>\nE       #9 0x5566a67b969e <unknown>\nE       #10 0x5566a6c16c66 <unknown>\nE       #11 0x5566a6c19f97 <unknown>\nE       #12 0x5566a6c19a58 <unknown>\nE       #13 0x5566a6c1a425 <unknown>\nE       #14 0x5566a6c07b6e <unknown>\nE       #15 0x5566a6c1a76f <unknown>\nE       #16 0x5566a6bf1625 <unknown>\nE       #17 0x5566a6c32d55 <unknown>\nE       #18 0x5566a6c32f36 <unknown>\nE       #19 0x5566a6c426e5 <unknown>\nE       #20 0x7f82bd4c8144 <unknown>\n\n../local/lib/python3.10/site-packages/selenium/webdriver/support/wait.py:105: TimeoutException",
    "steps" : [ {
      "name" : "Registration new user AWDEV-T506",
      "time" : {
        "start" : 1729878799033,
        "stop" : 1729878825246,
        "duration" : 26213
      },
      "status" : "broken",
      "statusMessage" : "selenium.common.exceptions.TimeoutException: Message: \nStacktrace:\n#0 0x5566a6c438ae <unknown>\n#1 0x5566a6778c40 <unknown>\n#2 0x5566a67c4e12 <unknown>\n#3 0x5566a67c5011 <unknown>\n#4 0x5566a680ebc4 <unknown>\n#5 0x5566a67ecefd <unknown>\n#6 0x5566a680c6d2 <unknown>\n#7 0x5566a67ecc73 <unknown>\n#8 0x5566a67b86e8 <unknown>\n#9 0x5566a67b969e <unknown>\n#10 0x5566a6c16c66 <unknown>\n#11 0x5566a6c19f97 <unknown>\n#12 0x5566a6c19a58 <unknown>\n#13 0x5566a6c1a425 <unknown>\n#14 0x5566a6c07b6e <unknown>\n#15 0x5566a6c1a76f <unknown>\n#16 0x5566a6bf1625 <unknown>\n#17 0x5566a6c32d55 <unknown>\n#18 0x5566a6c32f36 <unknown>\n#19 0x5566a6c426e5 <unknown>\n#20 0x7f82bd4c8144 <unknown>\n\n",
      "statusTrace" : "  File \"/usr/local/lib/python3.10/site-packages/allure_commons/_allure.py\", line 192, in impl\n    return func(*a, **kw)\n  File \"/usr/workspace/tests/ui/test_registration_new_user.py\", line 16, in test_registration_new_user_awdev_t506\n    self.registration_page.confirm_registration_form(code=code)\n  File \"/usr/workspace/src/pages/registration_page.py\", line 44, in confirm_registration_form\n    self.fill_field_with_click(self.CODE_FIELD, code)\n  File \"/usr/workspace/src/base_classes/base_page.py\", line 46, in fill_field_with_click\n    self.wait.until(EC.element_to_be_clickable(field_name)).click()\n  File \"/usr/local/lib/python3.10/site-packages/selenium/webdriver/support/wait.py\", line 105, in until\n    raise TimeoutException(message, screen, stacktrace)\n",
      "steps" : [ {
        "name" : "Open 'https://m2-live-qa-001.antoshka.ua/uk/' page",
        "time" : {
          "start" : 1729878799033,
          "stop" : 1729878803339,
          "duration" : 4306
        },
        "status" : "passed",
        "steps" : [ ],
        "attachments" : [ ],
        "parameters" : [ ],
        "stepsCount" : 0,
        "attachmentsCount" : 0,
        "shouldDisplayMessage" : false,
        "hasContent" : false
      }, {
        "name" : "Page 'https://m2-live-qa-001.antoshka.ua/uk/' is opened",
        "time" : {
          "start" : 1729878803339,
          "stop" : 1729878803344,
          "duration" : 5
        },
        "status" : "passed",
        "steps" : [ ],
        "attachments" : [ ],
        "parameters" : [ ],
        "stepsCount" : 0,
        "attachmentsCount" : 0,
        "shouldDisplayMessage" : false,
        "hasContent" : false
      }, {
        "name" : "Click ('xpath', \"//*[@id='login-enter']\")",
        "time" : {
          "start" : 1729878803344,
          "stop" : 1729878803424,
          "duration" : 80
        },
        "status" : "passed",
        "steps" : [ ],
        "attachments" : [ ],
        "parameters" : [ ],
        "stepsCount" : 0,
        "attachmentsCount" : 0,
        "shouldDisplayMessage" : false,
        "hasContent" : false
      }, {
        "name" : "Click ('xpath', '//form[1]//a')",
        "time" : {
          "start" : 1729878803424,
          "stop" : 1729878804500,
          "duration" : 1076
        },
        "status" : "passed",
        "steps" : [ ],
        "attachments" : [ ],
        "parameters" : [ ],
        "stepsCount" : 0,
        "attachmentsCount" : 0,
        "shouldDisplayMessage" : false,
        "hasContent" : false
      }, {
        "name" : "Fill '('xpath', \"//input[@data-validation='name']\")' with data 'Л'",
        "time" : {
          "start" : 1729878804500,
          "stop" : 1729878804624,
          "duration" : 124
        },
        "status" : "passed",
        "steps" : [ ],
        "attachments" : [ ],
        "parameters" : [ ],
        "stepsCount" : 0,
        "attachmentsCount" : 0,
        "shouldDisplayMessage" : false,
        "hasContent" : false
      }, {
        "name" : "Fill '('xpath', \"//*[@id='telephone']\")' with data '630347664'",
        "time" : {
          "start" : 1729878804624,
          "stop" : 1729878804765,
          "duration" : 141
        },
        "status" : "passed",
        "steps" : [ ],
        "attachments" : [ ],
        "parameters" : [ ],
        "stepsCount" : 0,
        "attachmentsCount" : 0,
        "shouldDisplayMessage" : false,
        "hasContent" : false
      }, {
        "name" : "Fill '('xpath', \"//input[@data-validation='email']\")' with data 'osipovkornil@example.com'",
        "time" : {
          "start" : 1729878804765,
          "stop" : 1729878804920,
          "duration" : 155
        },
        "status" : "passed",
        "steps" : [ ],
        "attachments" : [ ],
        "parameters" : [ ],
        "stepsCount" : 0,
        "attachmentsCount" : 0,
        "shouldDisplayMessage" : false,
        "hasContent" : false
      }, {
        "name" : "Click ('xpath', \"//button[@class='auth_next']\")",
        "time" : {
          "start" : 1729878804920,
          "stop" : 1729878804977,
          "duration" : 57
        },
        "status" : "passed",
        "steps" : [ ],
        "attachments" : [ ],
        "parameters" : [ ],
        "stepsCount" : 0,
        "attachmentsCount" : 0,
        "shouldDisplayMessage" : false,
        "hasContent" : false
      }, {
        "name" : "Fill '('xpath', \"//input[@id='code-auth']\")' with data '1111'",
        "time" : {
          "start" : 1729878804977,
          "stop" : 1729878825246,
          "duration" : 20269
        },
        "status" : "broken",
        "statusMessage" : "selenium.common.exceptions.TimeoutException: Message: \nStacktrace:\n#0 0x5566a6c438ae <unknown>\n#1 0x5566a6778c40 <unknown>\n#2 0x5566a67c4e12 <unknown>\n#3 0x5566a67c5011 <unknown>\n#4 0x5566a680ebc4 <unknown>\n#5 0x5566a67ecefd <unknown>\n#6 0x5566a680c6d2 <unknown>\n#7 0x5566a67ecc73 <unknown>\n#8 0x5566a67b86e8 <unknown>\n#9 0x5566a67b969e <unknown>\n#10 0x5566a6c16c66 <unknown>\n#11 0x5566a6c19f97 <unknown>\n#12 0x5566a6c19a58 <unknown>\n#13 0x5566a6c1a425 <unknown>\n#14 0x5566a6c07b6e <unknown>\n#15 0x5566a6c1a76f <unknown>\n#16 0x5566a6bf1625 <unknown>\n#17 0x5566a6c32d55 <unknown>\n#18 0x5566a6c32f36 <unknown>\n#19 0x5566a6c426e5 <unknown>\n#20 0x7f82bd4c8144 <unknown>\n\n",
        "statusTrace" : "  File \"/usr/workspace/src/base_classes/base_page.py\", line 46, in fill_field_with_click\n    self.wait.until(EC.element_to_be_clickable(field_name)).click()\n  File \"/usr/local/lib/python3.10/site-packages/selenium/webdriver/support/wait.py\", line 105, in until\n    raise TimeoutException(message, screen, stacktrace)\n",
        "steps" : [ ],
        "attachments" : [ ],
        "parameters" : [ ],
        "stepsCount" : 0,
        "attachmentsCount" : 0,
        "shouldDisplayMessage" : true,
        "hasContent" : true
      } ],
      "attachments" : [ ],
      "parameters" : [ {
        "name" : "user",
        "value" : "{'name': 'Лукия Афанасьевна Прохорова', 'email': 'osipovkornil@example.com', 'phone': '+380630347664'}"
      }, {
        "name" : "code",
        "value" : "1111"
      } ],
      "stepsCount" : 9,
      "attachmentsCount" : 0,
      "shouldDisplayMessage" : false,
      "hasContent" : true
    } ],
    "attachments" : [ {
      "uid" : "5cf72706d850473",
      "name" : "log",
      "source" : "5cf72706d850473.txt",
      "type" : "text/plain",
      "size" : 92
    } ],
    "parameters" : [ ],
    "stepsCount" : 10,
    "attachmentsCount" : 1,
    "shouldDisplayMessage" : true,
    "hasContent" : true
  },
  "afterStages" : [ {
    "name" : "set_driver::0",
    "time" : {
      "start" : 1729878825289,
      "stop" : 1729878825359,
      "duration" : 70
    },
    "status" : "passed",
    "steps" : [ ],
    "attachments" : [ ],
    "parameters" : [ ],
    "stepsCount" : 0,
    "attachmentsCount" : 0,
    "shouldDisplayMessage" : false,
    "hasContent" : false
  } ],
  "labels" : [ {
    "name" : "parentSuite",
    "value" : "tests.ui"
  }, {
    "name" : "suite",
    "value" : "test_registration_new_user"
  }, {
    "name" : "subSuite",
    "value" : "TestRegistrationUser"
  }, {
    "name" : "host",
    "value" : "e47562093b22"
  }, {
    "name" : "thread",
    "value" : "7-MainThread"
  }, {
    "name" : "framework",
    "value" : "pytest"
  }, {
    "name" : "language",
    "value" : "cpython3"
  }, {
    "name" : "package",
    "value" : "tests.ui.test_registration_new_user"
  }, {
    "name" : "resultFormat",
    "value" : "allure2"
  } ],
  "parameters" : [ {
    "name" : "code",
    "value" : "1111"
  }, {
    "name" : "user",
    "value" : "{'name': 'Лукия Афанасьевна Прохорова', 'email': 'osipovkornil@example.com', 'phone': '+380630347664'}"
  } ],
  "links" : [ ],
  "hidden" : false,
  "retry" : false,
  "extra" : {
    "severity" : "normal",
    "retries" : [ ],
    "categories" : [ {
      "name" : "Test defects",
      "matchedStatuses" : [ ],
      "flaky" : false
    } ],
    "tags" : [ ]
  },
  "source" : "c2883121c63c6776.json",
  "parameterValues" : [ "1111", "{'name': 'Лукия Афанасьевна Прохорова', 'email': 'osipovkornil@example.com', 'phone': '+380630347664'}" ]
}