{
  "uid" : "c631454a1d399afa",
  "name" : "test_registration_user_with_wrong_code_awdev_t506[{'name': '\\u0410\\u0433\\u0430\\u0444\\u043e\\u043d \\u0410\\u043a\\u0441\\u0451\\u043d\\u043e\\u0432\\u0438\\u0447 \\u041a\\u0440\\u044b\\u043b\\u043e\\u0432', 'email': 'xgrishina@example.net', 'phone': '+380636136145'}-8889]",
  "fullName" : "tests.ui.test_registration_new_user.TestRegistrationUser#test_registration_user_with_wrong_code_awdev_t506",
  "historyId" : "f8fad3f62bb820a65f47e8d814061409",
  "time" : {
    "start" : 1729883153600,
    "stop" : 1729883178517,
    "duration" : 24917
  },
  "status" : "broken",
  "statusMessage" : "selenium.common.exceptions.TimeoutException: Message: \nStacktrace:\n#0 0x55dbf1fac8ae <unknown>\n#1 0x55dbf1ae1c40 <unknown>\n#2 0x55dbf1b2de12 <unknown>\n#3 0x55dbf1b2e011 <unknown>\n#4 0x55dbf1b77bc4 <unknown>\n#5 0x55dbf1b55efd <unknown>\n#6 0x55dbf1b756d2 <unknown>\n#7 0x55dbf1b55c73 <unknown>\n#8 0x55dbf1b216e8 <unknown>\n#9 0x55dbf1b2269e <unknown>\n#10 0x55dbf1f7fc66 <unknown>\n#11 0x55dbf1f82f97 <unknown>\n#12 0x55dbf1f82a58 <unknown>\n#13 0x55dbf1f83425 <unknown>\n#14 0x55dbf1f70b6e <unknown>\n#15 0x55dbf1f8376f <unknown>\n#16 0x55dbf1f5a625 <unknown>\n#17 0x55dbf1f9bd55 <unknown>\n#18 0x55dbf1f9bf36 <unknown>\n#19 0x55dbf1fab6e5 <unknown>\n#20 0x7f49a971f144 <unknown>",
  "statusTrace" : "self = <tests.ui.test_registration_new_user.TestRegistrationUser object at 0x7f078050f7f0>\nuser = {'email': 'xgrishina@example.net', 'name': 'Агафон Аксёнович Крылов', 'phone': '+380636136145'}\ncode = 8889\n\n    @allure.step(\"Registration new user with wrong code AWDEV-T506\")\n    @pytest.mark.parametrize(\"user, code\",\n                             [(RegistrationUserUi.new_user_name_phone_email, DEFAULT_CODE_AUTHORIZATION)], ids=str)\n    def test_registration_user_with_wrong_code_awdev_t506(self, user, code):\n        self.registration_page.open_registration_form()\n        self.registration_page.fill_registration_form(user=user)\n>       self.registration_page.confirm_registration_form(code=code, correct=False)\n\ntests/ui/test_registration_new_user.py:41: \n_ _ _ _ _ _ _ _ _ _ _ _ _ _ _ _ _ _ _ _ _ _ _ _ _ _ _ _ _ _ _ _ _ _ _ _ _ _ _ _ \nsrc/pages/registration_page.py:44: in confirm_registration_form\n    self.fill_field_with_click(self.CODE_FIELD, code)\nsrc/base_classes/base_page.py:46: in fill_field_with_click\n    self.wait.until(EC.element_to_be_clickable(field_name)).click()\n_ _ _ _ _ _ _ _ _ _ _ _ _ _ _ _ _ _ _ _ _ _ _ _ _ _ _ _ _ _ _ _ _ _ _ _ _ _ _ _ \n\nself = <selenium.webdriver.support.wait.WebDriverWait (session=\"8c98dd9b226f96140d23666124226431\")>\nmethod = <function element_to_be_clickable.<locals>._predicate at 0x7f077f419120>\nmessage = ''\n\n    def until(self, method: Callable[[D], Union[Literal[False], T]], message: str = \"\") -> T:\n        \"\"\"Calls the method provided with the driver as an argument until the \\\n        return value does not evaluate to ``False``.\n    \n        :param method: callable(WebDriver)\n        :param message: optional message for :exc:`TimeoutException`\n        :returns: the result of the last call to `method`\n        :raises: :exc:`selenium.common.exceptions.TimeoutException` if timeout occurs\n        \"\"\"\n        screen = None\n        stacktrace = None\n    \n        end_time = time.monotonic() + self._timeout\n        while True:\n            try:\n                value = method(self._driver)\n                if value:\n                    return value\n            except self._ignored_exceptions as exc:\n                screen = getattr(exc, \"screen\", None)\n                stacktrace = getattr(exc, \"stacktrace\", None)\n            time.sleep(self._poll)\n            if time.monotonic() > end_time:\n                break\n>       raise TimeoutException(message, screen, stacktrace)\nE       selenium.common.exceptions.TimeoutException: Message: \nE       Stacktrace:\nE       #0 0x55dbf1fac8ae <unknown>\nE       #1 0x55dbf1ae1c40 <unknown>\nE       #2 0x55dbf1b2de12 <unknown>\nE       #3 0x55dbf1b2e011 <unknown>\nE       #4 0x55dbf1b77bc4 <unknown>\nE       #5 0x55dbf1b55efd <unknown>\nE       #6 0x55dbf1b756d2 <unknown>\nE       #7 0x55dbf1b55c73 <unknown>\nE       #8 0x55dbf1b216e8 <unknown>\nE       #9 0x55dbf1b2269e <unknown>\nE       #10 0x55dbf1f7fc66 <unknown>\nE       #11 0x55dbf1f82f97 <unknown>\nE       #12 0x55dbf1f82a58 <unknown>\nE       #13 0x55dbf1f83425 <unknown>\nE       #14 0x55dbf1f70b6e <unknown>\nE       #15 0x55dbf1f8376f <unknown>\nE       #16 0x55dbf1f5a625 <unknown>\nE       #17 0x55dbf1f9bd55 <unknown>\nE       #18 0x55dbf1f9bf36 <unknown>\nE       #19 0x55dbf1fab6e5 <unknown>\nE       #20 0x7f49a971f144 <unknown>\n\n../local/lib/python3.10/site-packages/selenium/webdriver/support/wait.py:105: TimeoutException",
  "flaky" : false,
  "newFailed" : false,
  "beforeStages" : [ {
    "name" : "set_driver",
    "time" : {
      "start" : 1729883153139,
      "stop" : 1729883153599,
      "duration" : 460
    },
    "status" : "passed",
    "steps" : [ ],
    "attachments" : [ ],
    "parameters" : [ ],
    "stepsCount" : 0,
    "attachmentsCount" : 0,
    "shouldDisplayMessage" : false,
    "hasContent" : false
  }, {
    "name" : "pytestconfig",
    "time" : {
      "start" : 1729883116980,
      "stop" : 1729883116980,
      "duration" : 0
    },
    "status" : "passed",
    "steps" : [ ],
    "attachments" : [ ],
    "parameters" : [ ],
    "stepsCount" : 0,
    "attachmentsCount" : 0,
    "shouldDisplayMessage" : false,
    "hasContent" : false
  }, {
    "name" : "_session_faker",
    "time" : {
      "start" : 1729883116907,
      "stop" : 1729883116980,
      "duration" : 73
    },
    "status" : "passed",
    "steps" : [ ],
    "attachments" : [ ],
    "parameters" : [ ],
    "stepsCount" : 0,
    "attachmentsCount" : 0,
    "shouldDisplayMessage" : false,
    "hasContent" : false
  }, {
    "name" : "setup",
    "time" : {
      "start" : 1729883153599,
      "stop" : 1729883153600,
      "duration" : 1
    },
    "status" : "passed",
    "steps" : [ ],
    "attachments" : [ ],
    "parameters" : [ ],
    "stepsCount" : 0,
    "attachmentsCount" : 0,
    "shouldDisplayMessage" : false,
    "hasContent" : false
  }, {
    "name" : "set_env_settings",
    "time" : {
      "start" : 1729883116980,
      "stop" : 1729883116981,
      "duration" : 1
    },
    "status" : "passed",
    "steps" : [ ],
    "attachments" : [ ],
    "parameters" : [ ],
    "stepsCount" : 0,
    "attachmentsCount" : 0,
    "shouldDisplayMessage" : false,
    "hasContent" : false
  } ],
  "testStage" : {
    "status" : "broken",
    "statusMessage" : "selenium.common.exceptions.TimeoutException: Message: \nStacktrace:\n#0 0x55dbf1fac8ae <unknown>\n#1 0x55dbf1ae1c40 <unknown>\n#2 0x55dbf1b2de12 <unknown>\n#3 0x55dbf1b2e011 <unknown>\n#4 0x55dbf1b77bc4 <unknown>\n#5 0x55dbf1b55efd <unknown>\n#6 0x55dbf1b756d2 <unknown>\n#7 0x55dbf1b55c73 <unknown>\n#8 0x55dbf1b216e8 <unknown>\n#9 0x55dbf1b2269e <unknown>\n#10 0x55dbf1f7fc66 <unknown>\n#11 0x55dbf1f82f97 <unknown>\n#12 0x55dbf1f82a58 <unknown>\n#13 0x55dbf1f83425 <unknown>\n#14 0x55dbf1f70b6e <unknown>\n#15 0x55dbf1f8376f <unknown>\n#16 0x55dbf1f5a625 <unknown>\n#17 0x55dbf1f9bd55 <unknown>\n#18 0x55dbf1f9bf36 <unknown>\n#19 0x55dbf1fab6e5 <unknown>\n#20 0x7f49a971f144 <unknown>",
    "statusTrace" : "self = <tests.ui.test_registration_new_user.TestRegistrationUser object at 0x7f078050f7f0>\nuser = {'email': 'xgrishina@example.net', 'name': 'Агафон Аксёнович Крылов', 'phone': '+380636136145'}\ncode = 8889\n\n    @allure.step(\"Registration new user with wrong code AWDEV-T506\")\n    @pytest.mark.parametrize(\"user, code\",\n                             [(RegistrationUserUi.new_user_name_phone_email, DEFAULT_CODE_AUTHORIZATION)], ids=str)\n    def test_registration_user_with_wrong_code_awdev_t506(self, user, code):\n        self.registration_page.open_registration_form()\n        self.registration_page.fill_registration_form(user=user)\n>       self.registration_page.confirm_registration_form(code=code, correct=False)\n\ntests/ui/test_registration_new_user.py:41: \n_ _ _ _ _ _ _ _ _ _ _ _ _ _ _ _ _ _ _ _ _ _ _ _ _ _ _ _ _ _ _ _ _ _ _ _ _ _ _ _ \nsrc/pages/registration_page.py:44: in confirm_registration_form\n    self.fill_field_with_click(self.CODE_FIELD, code)\nsrc/base_classes/base_page.py:46: in fill_field_with_click\n    self.wait.until(EC.element_to_be_clickable(field_name)).click()\n_ _ _ _ _ _ _ _ _ _ _ _ _ _ _ _ _ _ _ _ _ _ _ _ _ _ _ _ _ _ _ _ _ _ _ _ _ _ _ _ \n\nself = <selenium.webdriver.support.wait.WebDriverWait (session=\"8c98dd9b226f96140d23666124226431\")>\nmethod = <function element_to_be_clickable.<locals>._predicate at 0x7f077f419120>\nmessage = ''\n\n    def until(self, method: Callable[[D], Union[Literal[False], T]], message: str = \"\") -> T:\n        \"\"\"Calls the method provided with the driver as an argument until the \\\n        return value does not evaluate to ``False``.\n    \n        :param method: callable(WebDriver)\n        :param message: optional message for :exc:`TimeoutException`\n        :returns: the result of the last call to `method`\n        :raises: :exc:`selenium.common.exceptions.TimeoutException` if timeout occurs\n        \"\"\"\n        screen = None\n        stacktrace = None\n    \n        end_time = time.monotonic() + self._timeout\n        while True:\n            try:\n                value = method(self._driver)\n                if value:\n                    return value\n            except self._ignored_exceptions as exc:\n                screen = getattr(exc, \"screen\", None)\n                stacktrace = getattr(exc, \"stacktrace\", None)\n            time.sleep(self._poll)\n            if time.monotonic() > end_time:\n                break\n>       raise TimeoutException(message, screen, stacktrace)\nE       selenium.common.exceptions.TimeoutException: Message: \nE       Stacktrace:\nE       #0 0x55dbf1fac8ae <unknown>\nE       #1 0x55dbf1ae1c40 <unknown>\nE       #2 0x55dbf1b2de12 <unknown>\nE       #3 0x55dbf1b2e011 <unknown>\nE       #4 0x55dbf1b77bc4 <unknown>\nE       #5 0x55dbf1b55efd <unknown>\nE       #6 0x55dbf1b756d2 <unknown>\nE       #7 0x55dbf1b55c73 <unknown>\nE       #8 0x55dbf1b216e8 <unknown>\nE       #9 0x55dbf1b2269e <unknown>\nE       #10 0x55dbf1f7fc66 <unknown>\nE       #11 0x55dbf1f82f97 <unknown>\nE       #12 0x55dbf1f82a58 <unknown>\nE       #13 0x55dbf1f83425 <unknown>\nE       #14 0x55dbf1f70b6e <unknown>\nE       #15 0x55dbf1f8376f <unknown>\nE       #16 0x55dbf1f5a625 <unknown>\nE       #17 0x55dbf1f9bd55 <unknown>\nE       #18 0x55dbf1f9bf36 <unknown>\nE       #19 0x55dbf1fab6e5 <unknown>\nE       #20 0x7f49a971f144 <unknown>\n\n../local/lib/python3.10/site-packages/selenium/webdriver/support/wait.py:105: TimeoutException",
    "steps" : [ {
      "name" : "Registration new user with wrong code AWDEV-T506",
      "time" : {
        "start" : 1729883153601,
        "stop" : 1729883178516,
        "duration" : 24915
      },
      "status" : "broken",
      "statusMessage" : "selenium.common.exceptions.TimeoutException: Message: \nStacktrace:\n#0 0x55dbf1fac8ae <unknown>\n#1 0x55dbf1ae1c40 <unknown>\n#2 0x55dbf1b2de12 <unknown>\n#3 0x55dbf1b2e011 <unknown>\n#4 0x55dbf1b77bc4 <unknown>\n#5 0x55dbf1b55efd <unknown>\n#6 0x55dbf1b756d2 <unknown>\n#7 0x55dbf1b55c73 <unknown>\n#8 0x55dbf1b216e8 <unknown>\n#9 0x55dbf1b2269e <unknown>\n#10 0x55dbf1f7fc66 <unknown>\n#11 0x55dbf1f82f97 <unknown>\n#12 0x55dbf1f82a58 <unknown>\n#13 0x55dbf1f83425 <unknown>\n#14 0x55dbf1f70b6e <unknown>\n#15 0x55dbf1f8376f <unknown>\n#16 0x55dbf1f5a625 <unknown>\n#17 0x55dbf1f9bd55 <unknown>\n#18 0x55dbf1f9bf36 <unknown>\n#19 0x55dbf1fab6e5 <unknown>\n#20 0x7f49a971f144 <unknown>\n\n",
      "statusTrace" : "  File \"/usr/local/lib/python3.10/site-packages/allure_commons/_allure.py\", line 192, in impl\n    return func(*a, **kw)\n  File \"/usr/workspace/tests/ui/test_registration_new_user.py\", line 41, in test_registration_user_with_wrong_code_awdev_t506\n    self.registration_page.confirm_registration_form(code=code, correct=False)\n  File \"/usr/workspace/src/pages/registration_page.py\", line 44, in confirm_registration_form\n    self.fill_field_with_click(self.CODE_FIELD, code)\n  File \"/usr/workspace/src/base_classes/base_page.py\", line 46, in fill_field_with_click\n    self.wait.until(EC.element_to_be_clickable(field_name)).click()\n  File \"/usr/local/lib/python3.10/site-packages/selenium/webdriver/support/wait.py\", line 105, in until\n    raise TimeoutException(message, screen, stacktrace)\n",
      "steps" : [ {
        "name" : "Open 'https://m2-live-qa-001.antoshka.ua/uk/' page",
        "time" : {
          "start" : 1729883153601,
          "stop" : 1729883156655,
          "duration" : 3054
        },
        "status" : "passed",
        "steps" : [ ],
        "attachments" : [ ],
        "parameters" : [ ],
        "stepsCount" : 0,
        "attachmentsCount" : 0,
        "shouldDisplayMessage" : false,
        "hasContent" : false
      }, {
        "name" : "Page 'https://m2-live-qa-001.antoshka.ua/uk/' is opened",
        "time" : {
          "start" : 1729883156655,
          "stop" : 1729883156660,
          "duration" : 5
        },
        "status" : "passed",
        "steps" : [ ],
        "attachments" : [ ],
        "parameters" : [ ],
        "stepsCount" : 0,
        "attachmentsCount" : 0,
        "shouldDisplayMessage" : false,
        "hasContent" : false
      }, {
        "name" : "Click ('xpath', \"//*[@id='login-enter']\")",
        "time" : {
          "start" : 1729883156660,
          "stop" : 1729883156724,
          "duration" : 64
        },
        "status" : "passed",
        "steps" : [ ],
        "attachments" : [ ],
        "parameters" : [ ],
        "stepsCount" : 0,
        "attachmentsCount" : 0,
        "shouldDisplayMessage" : false,
        "hasContent" : false
      }, {
        "name" : "Click ('xpath', '//form[1]//a')",
        "time" : {
          "start" : 1729883156724,
          "stop" : 1729883157804,
          "duration" : 1080
        },
        "status" : "passed",
        "steps" : [ ],
        "attachments" : [ ],
        "parameters" : [ ],
        "stepsCount" : 0,
        "attachmentsCount" : 0,
        "shouldDisplayMessage" : false,
        "hasContent" : false
      }, {
        "name" : "Fill '('xpath', \"//input[@data-validation='name']\")' with data 'А'",
        "time" : {
          "start" : 1729883157804,
          "stop" : 1729883157926,
          "duration" : 122
        },
        "status" : "passed",
        "steps" : [ ],
        "attachments" : [ ],
        "parameters" : [ ],
        "stepsCount" : 0,
        "attachmentsCount" : 0,
        "shouldDisplayMessage" : false,
        "hasContent" : false
      }, {
        "name" : "Fill '('xpath', \"//*[@id='telephone']\")' with data '636136145'",
        "time" : {
          "start" : 1729883157926,
          "stop" : 1729883158064,
          "duration" : 138
        },
        "status" : "passed",
        "steps" : [ ],
        "attachments" : [ ],
        "parameters" : [ ],
        "stepsCount" : 0,
        "attachmentsCount" : 0,
        "shouldDisplayMessage" : false,
        "hasContent" : false
      }, {
        "name" : "Fill '('xpath', \"//input[@data-validation='email']\")' with data 'xgrishina@example.net'",
        "time" : {
          "start" : 1729883158064,
          "stop" : 1729883158202,
          "duration" : 138
        },
        "status" : "passed",
        "steps" : [ ],
        "attachments" : [ ],
        "parameters" : [ ],
        "stepsCount" : 0,
        "attachmentsCount" : 0,
        "shouldDisplayMessage" : false,
        "hasContent" : false
      }, {
        "name" : "Click ('xpath', \"//button[@class='auth_next']\")",
        "time" : {
          "start" : 1729883158202,
          "stop" : 1729883158257,
          "duration" : 55
        },
        "status" : "passed",
        "steps" : [ ],
        "attachments" : [ ],
        "parameters" : [ ],
        "stepsCount" : 0,
        "attachmentsCount" : 0,
        "shouldDisplayMessage" : false,
        "hasContent" : false
      }, {
        "name" : "Fill '('xpath', \"//input[@id='code-auth']\")' with data '8889'",
        "time" : {
          "start" : 1729883158257,
          "stop" : 1729883178516,
          "duration" : 20259
        },
        "status" : "broken",
        "statusMessage" : "selenium.common.exceptions.TimeoutException: Message: \nStacktrace:\n#0 0x55dbf1fac8ae <unknown>\n#1 0x55dbf1ae1c40 <unknown>\n#2 0x55dbf1b2de12 <unknown>\n#3 0x55dbf1b2e011 <unknown>\n#4 0x55dbf1b77bc4 <unknown>\n#5 0x55dbf1b55efd <unknown>\n#6 0x55dbf1b756d2 <unknown>\n#7 0x55dbf1b55c73 <unknown>\n#8 0x55dbf1b216e8 <unknown>\n#9 0x55dbf1b2269e <unknown>\n#10 0x55dbf1f7fc66 <unknown>\n#11 0x55dbf1f82f97 <unknown>\n#12 0x55dbf1f82a58 <unknown>\n#13 0x55dbf1f83425 <unknown>\n#14 0x55dbf1f70b6e <unknown>\n#15 0x55dbf1f8376f <unknown>\n#16 0x55dbf1f5a625 <unknown>\n#17 0x55dbf1f9bd55 <unknown>\n#18 0x55dbf1f9bf36 <unknown>\n#19 0x55dbf1fab6e5 <unknown>\n#20 0x7f49a971f144 <unknown>\n\n",
        "statusTrace" : "  File \"/usr/workspace/src/base_classes/base_page.py\", line 46, in fill_field_with_click\n    self.wait.until(EC.element_to_be_clickable(field_name)).click()\n  File \"/usr/local/lib/python3.10/site-packages/selenium/webdriver/support/wait.py\", line 105, in until\n    raise TimeoutException(message, screen, stacktrace)\n",
        "steps" : [ ],
        "attachments" : [ ],
        "parameters" : [ ],
        "stepsCount" : 0,
        "attachmentsCount" : 0,
        "shouldDisplayMessage" : true,
        "hasContent" : true
      } ],
      "attachments" : [ ],
      "parameters" : [ {
        "name" : "user",
        "value" : "{'name': 'Агафон Аксёнович Крылов', 'email': 'xgrishina@example.net', 'phone': '+380636136145'}"
      }, {
        "name" : "code",
        "value" : "8889"
      } ],
      "stepsCount" : 9,
      "attachmentsCount" : 0,
      "shouldDisplayMessage" : false,
      "hasContent" : true
    } ],
    "attachments" : [ {
      "uid" : "e4f6c3fa66734164",
      "name" : "log",
      "source" : "e4f6c3fa66734164.txt",
      "type" : "text/plain",
      "size" : 92
    } ],
    "parameters" : [ ],
    "stepsCount" : 10,
    "attachmentsCount" : 1,
    "shouldDisplayMessage" : true,
    "hasContent" : true
  },
  "afterStages" : [ {
    "name" : "set_driver::0",
    "time" : {
      "start" : 1729883178524,
      "stop" : 1729883178592,
      "duration" : 68
    },
    "status" : "passed",
    "steps" : [ ],
    "attachments" : [ ],
    "parameters" : [ ],
    "stepsCount" : 0,
    "attachmentsCount" : 0,
    "shouldDisplayMessage" : false,
    "hasContent" : false
  } ],
  "labels" : [ {
    "name" : "parentSuite",
    "value" : "tests.ui"
  }, {
    "name" : "suite",
    "value" : "test_registration_new_user"
  }, {
    "name" : "subSuite",
    "value" : "TestRegistrationUser"
  }, {
    "name" : "host",
    "value" : "3b854fa6efbe"
  }, {
    "name" : "thread",
    "value" : "7-MainThread"
  }, {
    "name" : "framework",
    "value" : "pytest"
  }, {
    "name" : "language",
    "value" : "cpython3"
  }, {
    "name" : "package",
    "value" : "tests.ui.test_registration_new_user"
  }, {
    "name" : "resultFormat",
    "value" : "allure2"
  } ],
  "parameters" : [ {
    "name" : "code",
    "value" : "8889"
  }, {
    "name" : "user",
    "value" : "{'name': 'Агафон Аксёнович Крылов', 'email': 'xgrishina@example.net', 'phone': '+380636136145'}"
  } ],
  "links" : [ ],
  "hidden" : false,
  "retry" : false,
  "extra" : {
    "severity" : "normal",
    "retries" : [ ],
    "categories" : [ {
      "name" : "Test defects",
      "matchedStatuses" : [ ],
      "flaky" : false
    } ],
    "tags" : [ ]
  },
  "source" : "c631454a1d399afa.json",
  "parameterValues" : [ "8889", "{'name': 'Агафон Аксёнович Крылов', 'email': 'xgrishina@example.net', 'phone': '+380636136145'}" ]
}