{
  "uid" : "c83d6ef96bcaae67",
  "name" : "test_registration_new_user_awdev_t506[{'name': '\\u0412\\u0430\\u043b\\u0435\\u0440\\u0438\\u044f \\u0414\\u043c\\u0438\\u0442\\u0440\\u0438\\u0435\\u0432\\u043d\\u0430 \\u0428\\u0430\\u0448\\u043a\\u043e\\u0432\\u0430', 'email': 'fedoseevavgust@example.com', 'phone': '+380631003234'}-1111]",
  "fullName" : "tests.ui.test_registration_new_user.TestRegistrationUser#test_registration_new_user_awdev_t506",
  "historyId" : "d21ff31de851daf828adbafbb194e101",
  "time" : {
    "start" : 1729888782076,
    "stop" : 1729888807118,
    "duration" : 25042
  },
  "status" : "broken",
  "statusMessage" : "selenium.common.exceptions.TimeoutException: Message: \nStacktrace:\n#0 0x5636f2efb8ae <unknown>\n#1 0x5636f2a30c40 <unknown>\n#2 0x5636f2a7ce12 <unknown>\n#3 0x5636f2a7d011 <unknown>\n#4 0x5636f2ac6bc4 <unknown>\n#5 0x5636f2aa4efd <unknown>\n#6 0x5636f2ac46d2 <unknown>\n#7 0x5636f2aa4c73 <unknown>\n#8 0x5636f2a706e8 <unknown>\n#9 0x5636f2a7169e <unknown>\n#10 0x5636f2ecec66 <unknown>\n#11 0x5636f2ed1f97 <unknown>\n#12 0x5636f2ed1a58 <unknown>\n#13 0x5636f2ed2425 <unknown>\n#14 0x5636f2ebfb6e <unknown>\n#15 0x5636f2ed276f <unknown>\n#16 0x5636f2ea9625 <unknown>\n#17 0x5636f2eead55 <unknown>\n#18 0x5636f2eeaf36 <unknown>\n#19 0x5636f2efa6e5 <unknown>\n#20 0x7f8c9c1d6144 <unknown>",
  "statusTrace" : "self = <tests.ui.test_registration_new_user.TestRegistrationUser object at 0x7f8b5db47550>\nuser = {'email': 'fedoseevavgust@example.com', 'name': 'Валерия Дмитриевна Шашкова', 'phone': '+380631003234'}\ncode = 1111\n\n    @allure.step(\"Registration new user AWDEV-T506\")\n    @pytest.mark.parametrize(\"user, code\", [\n        (RegistrationUserUi.user_name_phone_email, DEFAULT_CODE_REGISTRATION)], ids=str)\n    def test_registration_new_user_awdev_t506(self, user, code):\n        self.registration_page.open_registration_form()\n        self.registration_page.fill_registration_form(user=user)\n>       self.registration_page.confirm_registration_form(code=code)\n\ntests/ui/test_registration_new_user.py:16: \n_ _ _ _ _ _ _ _ _ _ _ _ _ _ _ _ _ _ _ _ _ _ _ _ _ _ _ _ _ _ _ _ _ _ _ _ _ _ _ _ \nsrc/pages/registration_page.py:44: in confirm_registration_form\n    self.fill_field_with_click(self.CODE_FIELD, code)\nsrc/base_classes/base_page.py:46: in fill_field_with_click\n    self.wait.until(EC.element_to_be_clickable(field_name)).click()\n_ _ _ _ _ _ _ _ _ _ _ _ _ _ _ _ _ _ _ _ _ _ _ _ _ _ _ _ _ _ _ _ _ _ _ _ _ _ _ _ \n\nself = <selenium.webdriver.support.wait.WebDriverWait (session=\"9e76094ff0ca75e72e3b4612a47c310c\")>\nmethod = <function element_to_be_clickable.<locals>._predicate at 0x7f8b5d84bbe0>\nmessage = ''\n\n    def until(self, method: Callable[[D], Union[Literal[False], T]], message: str = \"\") -> T:\n        \"\"\"Calls the method provided with the driver as an argument until the \\\n        return value does not evaluate to ``False``.\n    \n        :param method: callable(WebDriver)\n        :param message: optional message for :exc:`TimeoutException`\n        :returns: the result of the last call to `method`\n        :raises: :exc:`selenium.common.exceptions.TimeoutException` if timeout occurs\n        \"\"\"\n        screen = None\n        stacktrace = None\n    \n        end_time = time.monotonic() + self._timeout\n        while True:\n            try:\n                value = method(self._driver)\n                if value:\n                    return value\n            except self._ignored_exceptions as exc:\n                screen = getattr(exc, \"screen\", None)\n                stacktrace = getattr(exc, \"stacktrace\", None)\n            time.sleep(self._poll)\n            if time.monotonic() > end_time:\n                break\n>       raise TimeoutException(message, screen, stacktrace)\nE       selenium.common.exceptions.TimeoutException: Message: \nE       Stacktrace:\nE       #0 0x5636f2efb8ae <unknown>\nE       #1 0x5636f2a30c40 <unknown>\nE       #2 0x5636f2a7ce12 <unknown>\nE       #3 0x5636f2a7d011 <unknown>\nE       #4 0x5636f2ac6bc4 <unknown>\nE       #5 0x5636f2aa4efd <unknown>\nE       #6 0x5636f2ac46d2 <unknown>\nE       #7 0x5636f2aa4c73 <unknown>\nE       #8 0x5636f2a706e8 <unknown>\nE       #9 0x5636f2a7169e <unknown>\nE       #10 0x5636f2ecec66 <unknown>\nE       #11 0x5636f2ed1f97 <unknown>\nE       #12 0x5636f2ed1a58 <unknown>\nE       #13 0x5636f2ed2425 <unknown>\nE       #14 0x5636f2ebfb6e <unknown>\nE       #15 0x5636f2ed276f <unknown>\nE       #16 0x5636f2ea9625 <unknown>\nE       #17 0x5636f2eead55 <unknown>\nE       #18 0x5636f2eeaf36 <unknown>\nE       #19 0x5636f2efa6e5 <unknown>\nE       #20 0x7f8c9c1d6144 <unknown>\n\n../local/lib/python3.10/site-packages/selenium/webdriver/support/wait.py:105: TimeoutException",
  "flaky" : false,
  "newFailed" : false,
  "beforeStages" : [ {
    "name" : "pytestconfig",
    "time" : {
      "start" : 1729888781513,
      "stop" : 1729888781513,
      "duration" : 0
    },
    "status" : "passed",
    "steps" : [ ],
    "attachments" : [ ],
    "parameters" : [ ],
    "stepsCount" : 0,
    "attachmentsCount" : 0,
    "shouldDisplayMessage" : false,
    "hasContent" : false
  }, {
    "name" : "set_env_settings",
    "time" : {
      "start" : 1729888781513,
      "stop" : 1729888781514,
      "duration" : 1
    },
    "status" : "passed",
    "steps" : [ ],
    "attachments" : [ ],
    "parameters" : [ ],
    "stepsCount" : 0,
    "attachmentsCount" : 0,
    "shouldDisplayMessage" : false,
    "hasContent" : false
  }, {
    "name" : "_session_faker",
    "time" : {
      "start" : 1729888781441,
      "stop" : 1729888781513,
      "duration" : 72
    },
    "status" : "passed",
    "steps" : [ ],
    "attachments" : [ ],
    "parameters" : [ ],
    "stepsCount" : 0,
    "attachmentsCount" : 0,
    "shouldDisplayMessage" : false,
    "hasContent" : false
  }, {
    "name" : "set_driver",
    "time" : {
      "start" : 1729888781514,
      "stop" : 1729888782075,
      "duration" : 561
    },
    "status" : "passed",
    "steps" : [ ],
    "attachments" : [ ],
    "parameters" : [ ],
    "stepsCount" : 0,
    "attachmentsCount" : 0,
    "shouldDisplayMessage" : false,
    "hasContent" : false
  }, {
    "name" : "setup",
    "time" : {
      "start" : 1729888782075,
      "stop" : 1729888782075,
      "duration" : 0
    },
    "status" : "passed",
    "steps" : [ ],
    "attachments" : [ ],
    "parameters" : [ ],
    "stepsCount" : 0,
    "attachmentsCount" : 0,
    "shouldDisplayMessage" : false,
    "hasContent" : false
  } ],
  "testStage" : {
    "status" : "broken",
    "statusMessage" : "selenium.common.exceptions.TimeoutException: Message: \nStacktrace:\n#0 0x5636f2efb8ae <unknown>\n#1 0x5636f2a30c40 <unknown>\n#2 0x5636f2a7ce12 <unknown>\n#3 0x5636f2a7d011 <unknown>\n#4 0x5636f2ac6bc4 <unknown>\n#5 0x5636f2aa4efd <unknown>\n#6 0x5636f2ac46d2 <unknown>\n#7 0x5636f2aa4c73 <unknown>\n#8 0x5636f2a706e8 <unknown>\n#9 0x5636f2a7169e <unknown>\n#10 0x5636f2ecec66 <unknown>\n#11 0x5636f2ed1f97 <unknown>\n#12 0x5636f2ed1a58 <unknown>\n#13 0x5636f2ed2425 <unknown>\n#14 0x5636f2ebfb6e <unknown>\n#15 0x5636f2ed276f <unknown>\n#16 0x5636f2ea9625 <unknown>\n#17 0x5636f2eead55 <unknown>\n#18 0x5636f2eeaf36 <unknown>\n#19 0x5636f2efa6e5 <unknown>\n#20 0x7f8c9c1d6144 <unknown>",
    "statusTrace" : "self = <tests.ui.test_registration_new_user.TestRegistrationUser object at 0x7f8b5db47550>\nuser = {'email': 'fedoseevavgust@example.com', 'name': 'Валерия Дмитриевна Шашкова', 'phone': '+380631003234'}\ncode = 1111\n\n    @allure.step(\"Registration new user AWDEV-T506\")\n    @pytest.mark.parametrize(\"user, code\", [\n        (RegistrationUserUi.user_name_phone_email, DEFAULT_CODE_REGISTRATION)], ids=str)\n    def test_registration_new_user_awdev_t506(self, user, code):\n        self.registration_page.open_registration_form()\n        self.registration_page.fill_registration_form(user=user)\n>       self.registration_page.confirm_registration_form(code=code)\n\ntests/ui/test_registration_new_user.py:16: \n_ _ _ _ _ _ _ _ _ _ _ _ _ _ _ _ _ _ _ _ _ _ _ _ _ _ _ _ _ _ _ _ _ _ _ _ _ _ _ _ \nsrc/pages/registration_page.py:44: in confirm_registration_form\n    self.fill_field_with_click(self.CODE_FIELD, code)\nsrc/base_classes/base_page.py:46: in fill_field_with_click\n    self.wait.until(EC.element_to_be_clickable(field_name)).click()\n_ _ _ _ _ _ _ _ _ _ _ _ _ _ _ _ _ _ _ _ _ _ _ _ _ _ _ _ _ _ _ _ _ _ _ _ _ _ _ _ \n\nself = <selenium.webdriver.support.wait.WebDriverWait (session=\"9e76094ff0ca75e72e3b4612a47c310c\")>\nmethod = <function element_to_be_clickable.<locals>._predicate at 0x7f8b5d84bbe0>\nmessage = ''\n\n    def until(self, method: Callable[[D], Union[Literal[False], T]], message: str = \"\") -> T:\n        \"\"\"Calls the method provided with the driver as an argument until the \\\n        return value does not evaluate to ``False``.\n    \n        :param method: callable(WebDriver)\n        :param message: optional message for :exc:`TimeoutException`\n        :returns: the result of the last call to `method`\n        :raises: :exc:`selenium.common.exceptions.TimeoutException` if timeout occurs\n        \"\"\"\n        screen = None\n        stacktrace = None\n    \n        end_time = time.monotonic() + self._timeout\n        while True:\n            try:\n                value = method(self._driver)\n                if value:\n                    return value\n            except self._ignored_exceptions as exc:\n                screen = getattr(exc, \"screen\", None)\n                stacktrace = getattr(exc, \"stacktrace\", None)\n            time.sleep(self._poll)\n            if time.monotonic() > end_time:\n                break\n>       raise TimeoutException(message, screen, stacktrace)\nE       selenium.common.exceptions.TimeoutException: Message: \nE       Stacktrace:\nE       #0 0x5636f2efb8ae <unknown>\nE       #1 0x5636f2a30c40 <unknown>\nE       #2 0x5636f2a7ce12 <unknown>\nE       #3 0x5636f2a7d011 <unknown>\nE       #4 0x5636f2ac6bc4 <unknown>\nE       #5 0x5636f2aa4efd <unknown>\nE       #6 0x5636f2ac46d2 <unknown>\nE       #7 0x5636f2aa4c73 <unknown>\nE       #8 0x5636f2a706e8 <unknown>\nE       #9 0x5636f2a7169e <unknown>\nE       #10 0x5636f2ecec66 <unknown>\nE       #11 0x5636f2ed1f97 <unknown>\nE       #12 0x5636f2ed1a58 <unknown>\nE       #13 0x5636f2ed2425 <unknown>\nE       #14 0x5636f2ebfb6e <unknown>\nE       #15 0x5636f2ed276f <unknown>\nE       #16 0x5636f2ea9625 <unknown>\nE       #17 0x5636f2eead55 <unknown>\nE       #18 0x5636f2eeaf36 <unknown>\nE       #19 0x5636f2efa6e5 <unknown>\nE       #20 0x7f8c9c1d6144 <unknown>\n\n../local/lib/python3.10/site-packages/selenium/webdriver/support/wait.py:105: TimeoutException",
    "steps" : [ {
      "name" : "Registration new user AWDEV-T506",
      "time" : {
        "start" : 1729888782076,
        "stop" : 1729888807118,
        "duration" : 25042
      },
      "status" : "broken",
      "statusMessage" : "selenium.common.exceptions.TimeoutException: Message: \nStacktrace:\n#0 0x5636f2efb8ae <unknown>\n#1 0x5636f2a30c40 <unknown>\n#2 0x5636f2a7ce12 <unknown>\n#3 0x5636f2a7d011 <unknown>\n#4 0x5636f2ac6bc4 <unknown>\n#5 0x5636f2aa4efd <unknown>\n#6 0x5636f2ac46d2 <unknown>\n#7 0x5636f2aa4c73 <unknown>\n#8 0x5636f2a706e8 <unknown>\n#9 0x5636f2a7169e <unknown>\n#10 0x5636f2ecec66 <unknown>\n#11 0x5636f2ed1f97 <unknown>\n#12 0x5636f2ed1a58 <unknown>\n#13 0x5636f2ed2425 <unknown>\n#14 0x5636f2ebfb6e <unknown>\n#15 0x5636f2ed276f <unknown>\n#16 0x5636f2ea9625 <unknown>\n#17 0x5636f2eead55 <unknown>\n#18 0x5636f2eeaf36 <unknown>\n#19 0x5636f2efa6e5 <unknown>\n#20 0x7f8c9c1d6144 <unknown>\n\n",
      "statusTrace" : "  File \"/usr/local/lib/python3.10/site-packages/allure_commons/_allure.py\", line 192, in impl\n    return func(*a, **kw)\n  File \"/usr/workspace/tests/ui/test_registration_new_user.py\", line 16, in test_registration_new_user_awdev_t506\n    self.registration_page.confirm_registration_form(code=code)\n  File \"/usr/workspace/src/pages/registration_page.py\", line 44, in confirm_registration_form\n    self.fill_field_with_click(self.CODE_FIELD, code)\n  File \"/usr/workspace/src/base_classes/base_page.py\", line 46, in fill_field_with_click\n    self.wait.until(EC.element_to_be_clickable(field_name)).click()\n  File \"/usr/local/lib/python3.10/site-packages/selenium/webdriver/support/wait.py\", line 105, in until\n    raise TimeoutException(message, screen, stacktrace)\n",
      "steps" : [ {
        "name" : "Open 'https://m2-live-qa-001.antoshka.ua/uk/' page",
        "time" : {
          "start" : 1729888782076,
          "stop" : 1729888785240,
          "duration" : 3164
        },
        "status" : "passed",
        "steps" : [ ],
        "attachments" : [ ],
        "parameters" : [ ],
        "stepsCount" : 0,
        "attachmentsCount" : 0,
        "shouldDisplayMessage" : false,
        "hasContent" : false
      }, {
        "name" : "Page 'https://m2-live-qa-001.antoshka.ua/uk/' is opened",
        "time" : {
          "start" : 1729888785240,
          "stop" : 1729888785244,
          "duration" : 4
        },
        "status" : "passed",
        "steps" : [ ],
        "attachments" : [ ],
        "parameters" : [ ],
        "stepsCount" : 0,
        "attachmentsCount" : 0,
        "shouldDisplayMessage" : false,
        "hasContent" : false
      }, {
        "name" : "Click ('xpath', \"//*[@id='login-enter']\")",
        "time" : {
          "start" : 1729888785244,
          "stop" : 1729888785306,
          "duration" : 62
        },
        "status" : "passed",
        "steps" : [ ],
        "attachments" : [ ],
        "parameters" : [ ],
        "stepsCount" : 0,
        "attachmentsCount" : 0,
        "shouldDisplayMessage" : false,
        "hasContent" : false
      }, {
        "name" : "Click ('xpath', '//form[1]//a')",
        "time" : {
          "start" : 1729888785306,
          "stop" : 1729888786377,
          "duration" : 1071
        },
        "status" : "passed",
        "steps" : [ ],
        "attachments" : [ ],
        "parameters" : [ ],
        "stepsCount" : 0,
        "attachmentsCount" : 0,
        "shouldDisplayMessage" : false,
        "hasContent" : false
      }, {
        "name" : "Fill '('xpath', \"//input[@data-validation='name']\")' with data 'В'",
        "time" : {
          "start" : 1729888786377,
          "stop" : 1729888786500,
          "duration" : 123
        },
        "status" : "passed",
        "steps" : [ ],
        "attachments" : [ ],
        "parameters" : [ ],
        "stepsCount" : 0,
        "attachmentsCount" : 0,
        "shouldDisplayMessage" : false,
        "hasContent" : false
      }, {
        "name" : "Fill '('xpath', \"//*[@id='telephone']\")' with data '631003234'",
        "time" : {
          "start" : 1729888786501,
          "stop" : 1729888786636,
          "duration" : 135
        },
        "status" : "passed",
        "steps" : [ ],
        "attachments" : [ ],
        "parameters" : [ ],
        "stepsCount" : 0,
        "attachmentsCount" : 0,
        "shouldDisplayMessage" : false,
        "hasContent" : false
      }, {
        "name" : "Fill '('xpath', \"//input[@data-validation='email']\")' with data 'fedoseevavgust@example.com'",
        "time" : {
          "start" : 1729888786636,
          "stop" : 1729888786787,
          "duration" : 151
        },
        "status" : "passed",
        "steps" : [ ],
        "attachments" : [ ],
        "parameters" : [ ],
        "stepsCount" : 0,
        "attachmentsCount" : 0,
        "shouldDisplayMessage" : false,
        "hasContent" : false
      }, {
        "name" : "Click ('xpath', \"//button[@class='auth_next']\")",
        "time" : {
          "start" : 1729888786787,
          "stop" : 1729888786842,
          "duration" : 55
        },
        "status" : "passed",
        "steps" : [ ],
        "attachments" : [ ],
        "parameters" : [ ],
        "stepsCount" : 0,
        "attachmentsCount" : 0,
        "shouldDisplayMessage" : false,
        "hasContent" : false
      }, {
        "name" : "Fill '('xpath', \"//input[@id='code-auth']\")' with data '1111'",
        "time" : {
          "start" : 1729888786842,
          "stop" : 1729888807117,
          "duration" : 20275
        },
        "status" : "broken",
        "statusMessage" : "selenium.common.exceptions.TimeoutException: Message: \nStacktrace:\n#0 0x5636f2efb8ae <unknown>\n#1 0x5636f2a30c40 <unknown>\n#2 0x5636f2a7ce12 <unknown>\n#3 0x5636f2a7d011 <unknown>\n#4 0x5636f2ac6bc4 <unknown>\n#5 0x5636f2aa4efd <unknown>\n#6 0x5636f2ac46d2 <unknown>\n#7 0x5636f2aa4c73 <unknown>\n#8 0x5636f2a706e8 <unknown>\n#9 0x5636f2a7169e <unknown>\n#10 0x5636f2ecec66 <unknown>\n#11 0x5636f2ed1f97 <unknown>\n#12 0x5636f2ed1a58 <unknown>\n#13 0x5636f2ed2425 <unknown>\n#14 0x5636f2ebfb6e <unknown>\n#15 0x5636f2ed276f <unknown>\n#16 0x5636f2ea9625 <unknown>\n#17 0x5636f2eead55 <unknown>\n#18 0x5636f2eeaf36 <unknown>\n#19 0x5636f2efa6e5 <unknown>\n#20 0x7f8c9c1d6144 <unknown>\n\n",
        "statusTrace" : "  File \"/usr/workspace/src/base_classes/base_page.py\", line 46, in fill_field_with_click\n    self.wait.until(EC.element_to_be_clickable(field_name)).click()\n  File \"/usr/local/lib/python3.10/site-packages/selenium/webdriver/support/wait.py\", line 105, in until\n    raise TimeoutException(message, screen, stacktrace)\n",
        "steps" : [ ],
        "attachments" : [ ],
        "parameters" : [ ],
        "stepsCount" : 0,
        "attachmentsCount" : 0,
        "shouldDisplayMessage" : true,
        "hasContent" : true
      } ],
      "attachments" : [ ],
      "parameters" : [ {
        "name" : "user",
        "value" : "{'name': 'Валерия Дмитриевна Шашкова', 'email': 'fedoseevavgust@example.com', 'phone': '+380631003234'}"
      }, {
        "name" : "code",
        "value" : "1111"
      } ],
      "stepsCount" : 9,
      "attachmentsCount" : 0,
      "shouldDisplayMessage" : false,
      "hasContent" : true
    } ],
    "attachments" : [ {
      "uid" : "de25f9d5a347c153",
      "name" : "log",
      "source" : "de25f9d5a347c153.txt",
      "type" : "text/plain",
      "size" : 92
    } ],
    "parameters" : [ ],
    "stepsCount" : 10,
    "attachmentsCount" : 1,
    "shouldDisplayMessage" : true,
    "hasContent" : true
  },
  "afterStages" : [ {
    "name" : "set_driver::0",
    "time" : {
      "start" : 1729888807161,
      "stop" : 1729888807229,
      "duration" : 68
    },
    "status" : "passed",
    "steps" : [ ],
    "attachments" : [ ],
    "parameters" : [ ],
    "stepsCount" : 0,
    "attachmentsCount" : 0,
    "shouldDisplayMessage" : false,
    "hasContent" : false
  } ],
  "labels" : [ {
    "name" : "parentSuite",
    "value" : "tests.ui"
  }, {
    "name" : "suite",
    "value" : "test_registration_new_user"
  }, {
    "name" : "subSuite",
    "value" : "TestRegistrationUser"
  }, {
    "name" : "host",
    "value" : "4af2c23ad03f"
  }, {
    "name" : "thread",
    "value" : "7-MainThread"
  }, {
    "name" : "framework",
    "value" : "pytest"
  }, {
    "name" : "language",
    "value" : "cpython3"
  }, {
    "name" : "package",
    "value" : "tests.ui.test_registration_new_user"
  }, {
    "name" : "resultFormat",
    "value" : "allure2"
  } ],
  "parameters" : [ {
    "name" : "code",
    "value" : "1111"
  }, {
    "name" : "user",
    "value" : "{'name': 'Валерия Дмитриевна Шашкова', 'email': 'fedoseevavgust@example.com', 'phone': '+380631003234'}"
  } ],
  "links" : [ ],
  "hidden" : false,
  "retry" : false,
  "extra" : {
    "severity" : "normal",
    "retries" : [ ],
    "categories" : [ {
      "name" : "Test defects",
      "matchedStatuses" : [ ],
      "flaky" : false
    } ],
    "tags" : [ ]
  },
  "source" : "c83d6ef96bcaae67.json",
  "parameterValues" : [ "1111", "{'name': 'Валерия Дмитриевна Шашкова', 'email': 'fedoseevavgust@example.com', 'phone': '+380631003234'}" ]
}