{
  "uid" : "c8929ecd4be2f6c6",
  "name" : "test_registration_user_with_wrong_code_awdev_t506[{'name': '\\u0413\\u043b\\u0430\\u0444\\u0438\\u0440\\u0430 \\u041b\\u044c\\u0432\\u043e\\u0432\\u043d\\u0430 \\u0410\\u043b\\u0435\\u043a\\u0441\\u0435\\u0435\\u0432\\u0430', 'email': 'ermakovanina@example.net', 'phone': '+380639069985'}-8889]",
  "fullName" : "tests.ui.test_registration_new_user.TestRegistrationUser#test_registration_user_with_wrong_code_awdev_t506",
  "historyId" : "1073dd8132c4b97b1903ce743a09beed",
  "time" : {
    "start" : 1729922409811,
    "stop" : 1729922436159,
    "duration" : 26348
  },
  "status" : "broken",
  "statusMessage" : "selenium.common.exceptions.TimeoutException: Message: \nStacktrace:\n#0 0x561d288368ae <unknown>\n#1 0x561d2836bc40 <unknown>\n#2 0x561d283b7e12 <unknown>\n#3 0x561d283b8011 <unknown>\n#4 0x561d28401bc4 <unknown>\n#5 0x561d283dfefd <unknown>\n#6 0x561d283ff6d2 <unknown>\n#7 0x561d283dfc73 <unknown>\n#8 0x561d283ab6e8 <unknown>\n#9 0x561d283ac69e <unknown>\n#10 0x561d28809c66 <unknown>\n#11 0x561d2880cf97 <unknown>\n#12 0x561d2880ca58 <unknown>\n#13 0x561d2880d425 <unknown>\n#14 0x561d287fab6e <unknown>\n#15 0x561d2880d76f <unknown>\n#16 0x561d287e4625 <unknown>\n#17 0x561d28825d55 <unknown>\n#18 0x561d28825f36 <unknown>\n#19 0x561d288356e5 <unknown>\n#20 0x7fee97140144 <unknown>",
  "statusTrace" : "self = <tests.ui.test_registration_new_user.TestRegistrationUser object at 0x7facc19ac910>\nuser = {'email': 'ermakovanina@example.net', 'name': 'Глафира Львовна Алексеева', 'phone': '+380639069985'}\ncode = 8889\n\n    @allure.step(\"Registration new user with wrong code AWDEV-T506\")\n    @pytest.mark.parametrize(\"user, code\",\n                             [(RegistrationUserUi.new_user_name_phone_email, DEFAULT_CODE_AUTHORIZATION)], ids=str)\n    def test_registration_user_with_wrong_code_awdev_t506(self, user, code):\n        self.registration_page.open_registration_form()\n        self.registration_page.fill_registration_form(user=user)\n>       self.registration_page.confirm_registration_form(code=code, correct=False)\n\ntests/ui/test_registration_new_user.py:41: \n_ _ _ _ _ _ _ _ _ _ _ _ _ _ _ _ _ _ _ _ _ _ _ _ _ _ _ _ _ _ _ _ _ _ _ _ _ _ _ _ \nsrc/pages/registration_page.py:44: in confirm_registration_form\n    self.fill_field_with_click(self.CODE_FIELD, code)\nsrc/base_classes/base_page.py:46: in fill_field_with_click\n    self.wait.until(EC.element_to_be_clickable(field_name)).click()\n_ _ _ _ _ _ _ _ _ _ _ _ _ _ _ _ _ _ _ _ _ _ _ _ _ _ _ _ _ _ _ _ _ _ _ _ _ _ _ _ \n\nself = <selenium.webdriver.support.wait.WebDriverWait (session=\"a774b198aeabb09ad7d8ee8d5030a34b\")>\nmethod = <function element_to_be_clickable.<locals>._predicate at 0x7facc1035120>\nmessage = ''\n\n    def until(self, method: Callable[[D], Union[Literal[False], T]], message: str = \"\") -> T:\n        \"\"\"Calls the method provided with the driver as an argument until the \\\n        return value does not evaluate to ``False``.\n    \n        :param method: callable(WebDriver)\n        :param message: optional message for :exc:`TimeoutException`\n        :returns: the result of the last call to `method`\n        :raises: :exc:`selenium.common.exceptions.TimeoutException` if timeout occurs\n        \"\"\"\n        screen = None\n        stacktrace = None\n    \n        end_time = time.monotonic() + self._timeout\n        while True:\n            try:\n                value = method(self._driver)\n                if value:\n                    return value\n            except self._ignored_exceptions as exc:\n                screen = getattr(exc, \"screen\", None)\n                stacktrace = getattr(exc, \"stacktrace\", None)\n            time.sleep(self._poll)\n            if time.monotonic() > end_time:\n                break\n>       raise TimeoutException(message, screen, stacktrace)\nE       selenium.common.exceptions.TimeoutException: Message: \nE       Stacktrace:\nE       #0 0x561d288368ae <unknown>\nE       #1 0x561d2836bc40 <unknown>\nE       #2 0x561d283b7e12 <unknown>\nE       #3 0x561d283b8011 <unknown>\nE       #4 0x561d28401bc4 <unknown>\nE       #5 0x561d283dfefd <unknown>\nE       #6 0x561d283ff6d2 <unknown>\nE       #7 0x561d283dfc73 <unknown>\nE       #8 0x561d283ab6e8 <unknown>\nE       #9 0x561d283ac69e <unknown>\nE       #10 0x561d28809c66 <unknown>\nE       #11 0x561d2880cf97 <unknown>\nE       #12 0x561d2880ca58 <unknown>\nE       #13 0x561d2880d425 <unknown>\nE       #14 0x561d287fab6e <unknown>\nE       #15 0x561d2880d76f <unknown>\nE       #16 0x561d287e4625 <unknown>\nE       #17 0x561d28825d55 <unknown>\nE       #18 0x561d28825f36 <unknown>\nE       #19 0x561d288356e5 <unknown>\nE       #20 0x7fee97140144 <unknown>\n\n../local/lib/python3.10/site-packages/selenium/webdriver/support/wait.py:105: TimeoutException",
  "flaky" : false,
  "newFailed" : false,
  "beforeStages" : [ {
    "name" : "set_env_settings",
    "time" : {
      "start" : 1729922369424,
      "stop" : 1729922369425,
      "duration" : 1
    },
    "status" : "passed",
    "steps" : [ ],
    "attachments" : [ ],
    "parameters" : [ ],
    "stepsCount" : 0,
    "attachmentsCount" : 0,
    "shouldDisplayMessage" : false,
    "hasContent" : false
  }, {
    "name" : "setup",
    "time" : {
      "start" : 1729922409810,
      "stop" : 1729922409810,
      "duration" : 0
    },
    "status" : "passed",
    "steps" : [ ],
    "attachments" : [ ],
    "parameters" : [ ],
    "stepsCount" : 0,
    "attachmentsCount" : 0,
    "shouldDisplayMessage" : false,
    "hasContent" : false
  }, {
    "name" : "_session_faker",
    "time" : {
      "start" : 1729922369352,
      "stop" : 1729922369424,
      "duration" : 72
    },
    "status" : "passed",
    "steps" : [ ],
    "attachments" : [ ],
    "parameters" : [ ],
    "stepsCount" : 0,
    "attachmentsCount" : 0,
    "shouldDisplayMessage" : false,
    "hasContent" : false
  }, {
    "name" : "set_driver",
    "time" : {
      "start" : 1729922409400,
      "stop" : 1729922409809,
      "duration" : 409
    },
    "status" : "passed",
    "steps" : [ ],
    "attachments" : [ ],
    "parameters" : [ ],
    "stepsCount" : 0,
    "attachmentsCount" : 0,
    "shouldDisplayMessage" : false,
    "hasContent" : false
  }, {
    "name" : "pytestconfig",
    "time" : {
      "start" : 1729922369424,
      "stop" : 1729922369424,
      "duration" : 0
    },
    "status" : "passed",
    "steps" : [ ],
    "attachments" : [ ],
    "parameters" : [ ],
    "stepsCount" : 0,
    "attachmentsCount" : 0,
    "shouldDisplayMessage" : false,
    "hasContent" : false
  } ],
  "testStage" : {
    "status" : "broken",
    "statusMessage" : "selenium.common.exceptions.TimeoutException: Message: \nStacktrace:\n#0 0x561d288368ae <unknown>\n#1 0x561d2836bc40 <unknown>\n#2 0x561d283b7e12 <unknown>\n#3 0x561d283b8011 <unknown>\n#4 0x561d28401bc4 <unknown>\n#5 0x561d283dfefd <unknown>\n#6 0x561d283ff6d2 <unknown>\n#7 0x561d283dfc73 <unknown>\n#8 0x561d283ab6e8 <unknown>\n#9 0x561d283ac69e <unknown>\n#10 0x561d28809c66 <unknown>\n#11 0x561d2880cf97 <unknown>\n#12 0x561d2880ca58 <unknown>\n#13 0x561d2880d425 <unknown>\n#14 0x561d287fab6e <unknown>\n#15 0x561d2880d76f <unknown>\n#16 0x561d287e4625 <unknown>\n#17 0x561d28825d55 <unknown>\n#18 0x561d28825f36 <unknown>\n#19 0x561d288356e5 <unknown>\n#20 0x7fee97140144 <unknown>",
    "statusTrace" : "self = <tests.ui.test_registration_new_user.TestRegistrationUser object at 0x7facc19ac910>\nuser = {'email': 'ermakovanina@example.net', 'name': 'Глафира Львовна Алексеева', 'phone': '+380639069985'}\ncode = 8889\n\n    @allure.step(\"Registration new user with wrong code AWDEV-T506\")\n    @pytest.mark.parametrize(\"user, code\",\n                             [(RegistrationUserUi.new_user_name_phone_email, DEFAULT_CODE_AUTHORIZATION)], ids=str)\n    def test_registration_user_with_wrong_code_awdev_t506(self, user, code):\n        self.registration_page.open_registration_form()\n        self.registration_page.fill_registration_form(user=user)\n>       self.registration_page.confirm_registration_form(code=code, correct=False)\n\ntests/ui/test_registration_new_user.py:41: \n_ _ _ _ _ _ _ _ _ _ _ _ _ _ _ _ _ _ _ _ _ _ _ _ _ _ _ _ _ _ _ _ _ _ _ _ _ _ _ _ \nsrc/pages/registration_page.py:44: in confirm_registration_form\n    self.fill_field_with_click(self.CODE_FIELD, code)\nsrc/base_classes/base_page.py:46: in fill_field_with_click\n    self.wait.until(EC.element_to_be_clickable(field_name)).click()\n_ _ _ _ _ _ _ _ _ _ _ _ _ _ _ _ _ _ _ _ _ _ _ _ _ _ _ _ _ _ _ _ _ _ _ _ _ _ _ _ \n\nself = <selenium.webdriver.support.wait.WebDriverWait (session=\"a774b198aeabb09ad7d8ee8d5030a34b\")>\nmethod = <function element_to_be_clickable.<locals>._predicate at 0x7facc1035120>\nmessage = ''\n\n    def until(self, method: Callable[[D], Union[Literal[False], T]], message: str = \"\") -> T:\n        \"\"\"Calls the method provided with the driver as an argument until the \\\n        return value does not evaluate to ``False``.\n    \n        :param method: callable(WebDriver)\n        :param message: optional message for :exc:`TimeoutException`\n        :returns: the result of the last call to `method`\n        :raises: :exc:`selenium.common.exceptions.TimeoutException` if timeout occurs\n        \"\"\"\n        screen = None\n        stacktrace = None\n    \n        end_time = time.monotonic() + self._timeout\n        while True:\n            try:\n                value = method(self._driver)\n                if value:\n                    return value\n            except self._ignored_exceptions as exc:\n                screen = getattr(exc, \"screen\", None)\n                stacktrace = getattr(exc, \"stacktrace\", None)\n            time.sleep(self._poll)\n            if time.monotonic() > end_time:\n                break\n>       raise TimeoutException(message, screen, stacktrace)\nE       selenium.common.exceptions.TimeoutException: Message: \nE       Stacktrace:\nE       #0 0x561d288368ae <unknown>\nE       #1 0x561d2836bc40 <unknown>\nE       #2 0x561d283b7e12 <unknown>\nE       #3 0x561d283b8011 <unknown>\nE       #4 0x561d28401bc4 <unknown>\nE       #5 0x561d283dfefd <unknown>\nE       #6 0x561d283ff6d2 <unknown>\nE       #7 0x561d283dfc73 <unknown>\nE       #8 0x561d283ab6e8 <unknown>\nE       #9 0x561d283ac69e <unknown>\nE       #10 0x561d28809c66 <unknown>\nE       #11 0x561d2880cf97 <unknown>\nE       #12 0x561d2880ca58 <unknown>\nE       #13 0x561d2880d425 <unknown>\nE       #14 0x561d287fab6e <unknown>\nE       #15 0x561d2880d76f <unknown>\nE       #16 0x561d287e4625 <unknown>\nE       #17 0x561d28825d55 <unknown>\nE       #18 0x561d28825f36 <unknown>\nE       #19 0x561d288356e5 <unknown>\nE       #20 0x7fee97140144 <unknown>\n\n../local/lib/python3.10/site-packages/selenium/webdriver/support/wait.py:105: TimeoutException",
    "steps" : [ {
      "name" : "Registration new user with wrong code AWDEV-T506",
      "time" : {
        "start" : 1729922409811,
        "stop" : 1729922436159,
        "duration" : 26348
      },
      "status" : "broken",
      "statusMessage" : "selenium.common.exceptions.TimeoutException: Message: \nStacktrace:\n#0 0x561d288368ae <unknown>\n#1 0x561d2836bc40 <unknown>\n#2 0x561d283b7e12 <unknown>\n#3 0x561d283b8011 <unknown>\n#4 0x561d28401bc4 <unknown>\n#5 0x561d283dfefd <unknown>\n#6 0x561d283ff6d2 <unknown>\n#7 0x561d283dfc73 <unknown>\n#8 0x561d283ab6e8 <unknown>\n#9 0x561d283ac69e <unknown>\n#10 0x561d28809c66 <unknown>\n#11 0x561d2880cf97 <unknown>\n#12 0x561d2880ca58 <unknown>\n#13 0x561d2880d425 <unknown>\n#14 0x561d287fab6e <unknown>\n#15 0x561d2880d76f <unknown>\n#16 0x561d287e4625 <unknown>\n#17 0x561d28825d55 <unknown>\n#18 0x561d28825f36 <unknown>\n#19 0x561d288356e5 <unknown>\n#20 0x7fee97140144 <unknown>\n\n",
      "statusTrace" : "  File \"/usr/local/lib/python3.10/site-packages/allure_commons/_allure.py\", line 192, in impl\n    return func(*a, **kw)\n  File \"/usr/workspace/tests/ui/test_registration_new_user.py\", line 41, in test_registration_user_with_wrong_code_awdev_t506\n    self.registration_page.confirm_registration_form(code=code, correct=False)\n  File \"/usr/workspace/src/pages/registration_page.py\", line 44, in confirm_registration_form\n    self.fill_field_with_click(self.CODE_FIELD, code)\n  File \"/usr/workspace/src/base_classes/base_page.py\", line 46, in fill_field_with_click\n    self.wait.until(EC.element_to_be_clickable(field_name)).click()\n  File \"/usr/local/lib/python3.10/site-packages/selenium/webdriver/support/wait.py\", line 105, in until\n    raise TimeoutException(message, screen, stacktrace)\n",
      "steps" : [ {
        "name" : "Open 'https://m2-live-qa-001.antoshka.ua/uk/' page",
        "time" : {
          "start" : 1729922409811,
          "stop" : 1729922414302,
          "duration" : 4491
        },
        "status" : "passed",
        "steps" : [ ],
        "attachments" : [ ],
        "parameters" : [ ],
        "stepsCount" : 0,
        "attachmentsCount" : 0,
        "shouldDisplayMessage" : false,
        "hasContent" : false
      }, {
        "name" : "Page 'https://m2-live-qa-001.antoshka.ua/uk/' is opened",
        "time" : {
          "start" : 1729922414302,
          "stop" : 1729922414306,
          "duration" : 4
        },
        "status" : "passed",
        "steps" : [ ],
        "attachments" : [ ],
        "parameters" : [ ],
        "stepsCount" : 0,
        "attachmentsCount" : 0,
        "shouldDisplayMessage" : false,
        "hasContent" : false
      }, {
        "name" : "Click ('xpath', \"//*[@id='login-enter']\")",
        "time" : {
          "start" : 1729922414306,
          "stop" : 1729922414375,
          "duration" : 69
        },
        "status" : "passed",
        "steps" : [ ],
        "attachments" : [ ],
        "parameters" : [ ],
        "stepsCount" : 0,
        "attachmentsCount" : 0,
        "shouldDisplayMessage" : false,
        "hasContent" : false
      }, {
        "name" : "Click ('xpath', '//form[1]//a')",
        "time" : {
          "start" : 1729922414375,
          "stop" : 1729922415446,
          "duration" : 1071
        },
        "status" : "passed",
        "steps" : [ ],
        "attachments" : [ ],
        "parameters" : [ ],
        "stepsCount" : 0,
        "attachmentsCount" : 0,
        "shouldDisplayMessage" : false,
        "hasContent" : false
      }, {
        "name" : "Fill '('xpath', \"//input[@data-validation='name']\")' with data 'Г'",
        "time" : {
          "start" : 1729922415446,
          "stop" : 1729922415565,
          "duration" : 119
        },
        "status" : "passed",
        "steps" : [ ],
        "attachments" : [ ],
        "parameters" : [ ],
        "stepsCount" : 0,
        "attachmentsCount" : 0,
        "shouldDisplayMessage" : false,
        "hasContent" : false
      }, {
        "name" : "Fill '('xpath', \"//*[@id='telephone']\")' with data '639069985'",
        "time" : {
          "start" : 1729922415565,
          "stop" : 1729922415709,
          "duration" : 144
        },
        "status" : "passed",
        "steps" : [ ],
        "attachments" : [ ],
        "parameters" : [ ],
        "stepsCount" : 0,
        "attachmentsCount" : 0,
        "shouldDisplayMessage" : false,
        "hasContent" : false
      }, {
        "name" : "Fill '('xpath', \"//input[@data-validation='email']\")' with data 'ermakovanina@example.net'",
        "time" : {
          "start" : 1729922415709,
          "stop" : 1729922415852,
          "duration" : 143
        },
        "status" : "passed",
        "steps" : [ ],
        "attachments" : [ ],
        "parameters" : [ ],
        "stepsCount" : 0,
        "attachmentsCount" : 0,
        "shouldDisplayMessage" : false,
        "hasContent" : false
      }, {
        "name" : "Click ('xpath', \"//button[@class='auth_next']\")",
        "time" : {
          "start" : 1729922415852,
          "stop" : 1729922415905,
          "duration" : 53
        },
        "status" : "passed",
        "steps" : [ ],
        "attachments" : [ ],
        "parameters" : [ ],
        "stepsCount" : 0,
        "attachmentsCount" : 0,
        "shouldDisplayMessage" : false,
        "hasContent" : false
      }, {
        "name" : "Fill '('xpath', \"//input[@id='code-auth']\")' with data '8889'",
        "time" : {
          "start" : 1729922415905,
          "stop" : 1729922436158,
          "duration" : 20253
        },
        "status" : "broken",
        "statusMessage" : "selenium.common.exceptions.TimeoutException: Message: \nStacktrace:\n#0 0x561d288368ae <unknown>\n#1 0x561d2836bc40 <unknown>\n#2 0x561d283b7e12 <unknown>\n#3 0x561d283b8011 <unknown>\n#4 0x561d28401bc4 <unknown>\n#5 0x561d283dfefd <unknown>\n#6 0x561d283ff6d2 <unknown>\n#7 0x561d283dfc73 <unknown>\n#8 0x561d283ab6e8 <unknown>\n#9 0x561d283ac69e <unknown>\n#10 0x561d28809c66 <unknown>\n#11 0x561d2880cf97 <unknown>\n#12 0x561d2880ca58 <unknown>\n#13 0x561d2880d425 <unknown>\n#14 0x561d287fab6e <unknown>\n#15 0x561d2880d76f <unknown>\n#16 0x561d287e4625 <unknown>\n#17 0x561d28825d55 <unknown>\n#18 0x561d28825f36 <unknown>\n#19 0x561d288356e5 <unknown>\n#20 0x7fee97140144 <unknown>\n\n",
        "statusTrace" : "  File \"/usr/workspace/src/base_classes/base_page.py\", line 46, in fill_field_with_click\n    self.wait.until(EC.element_to_be_clickable(field_name)).click()\n  File \"/usr/local/lib/python3.10/site-packages/selenium/webdriver/support/wait.py\", line 105, in until\n    raise TimeoutException(message, screen, stacktrace)\n",
        "steps" : [ ],
        "attachments" : [ ],
        "parameters" : [ ],
        "stepsCount" : 0,
        "attachmentsCount" : 0,
        "shouldDisplayMessage" : true,
        "hasContent" : true
      } ],
      "attachments" : [ ],
      "parameters" : [ {
        "name" : "user",
        "value" : "{'name': 'Глафира Львовна Алексеева', 'email': 'ermakovanina@example.net', 'phone': '+380639069985'}"
      }, {
        "name" : "code",
        "value" : "8889"
      } ],
      "stepsCount" : 9,
      "attachmentsCount" : 0,
      "shouldDisplayMessage" : false,
      "hasContent" : true
    } ],
    "attachments" : [ {
      "uid" : "5bf90c69291232a0",
      "name" : "log",
      "source" : "5bf90c69291232a0.txt",
      "type" : "text/plain",
      "size" : 92
    } ],
    "parameters" : [ ],
    "stepsCount" : 10,
    "attachmentsCount" : 1,
    "shouldDisplayMessage" : true,
    "hasContent" : true
  },
  "afterStages" : [ {
    "name" : "set_driver::0",
    "time" : {
      "start" : 1729922436166,
      "stop" : 1729922436234,
      "duration" : 68
    },
    "status" : "passed",
    "steps" : [ ],
    "attachments" : [ ],
    "parameters" : [ ],
    "stepsCount" : 0,
    "attachmentsCount" : 0,
    "shouldDisplayMessage" : false,
    "hasContent" : false
  } ],
  "labels" : [ {
    "name" : "parentSuite",
    "value" : "tests.ui"
  }, {
    "name" : "suite",
    "value" : "test_registration_new_user"
  }, {
    "name" : "subSuite",
    "value" : "TestRegistrationUser"
  }, {
    "name" : "host",
    "value" : "39257b42f986"
  }, {
    "name" : "thread",
    "value" : "7-MainThread"
  }, {
    "name" : "framework",
    "value" : "pytest"
  }, {
    "name" : "language",
    "value" : "cpython3"
  }, {
    "name" : "package",
    "value" : "tests.ui.test_registration_new_user"
  }, {
    "name" : "resultFormat",
    "value" : "allure2"
  } ],
  "parameters" : [ {
    "name" : "code",
    "value" : "8889"
  }, {
    "name" : "user",
    "value" : "{'name': 'Глафира Львовна Алексеева', 'email': 'ermakovanina@example.net', 'phone': '+380639069985'}"
  } ],
  "links" : [ ],
  "hidden" : false,
  "retry" : false,
  "extra" : {
    "severity" : "normal",
    "retries" : [ ],
    "categories" : [ {
      "name" : "Test defects",
      "matchedStatuses" : [ ],
      "flaky" : false
    } ],
    "tags" : [ ]
  },
  "source" : "c8929ecd4be2f6c6.json",
  "parameterValues" : [ "8889", "{'name': 'Глафира Львовна Алексеева', 'email': 'ermakovanina@example.net', 'phone': '+380639069985'}" ]
}