{
  "uid" : "c91ad7418d86a416",
  "name" : "test_registration_user_with_wrong_code_awdev_t506[{'name': '\\u041b\\u0430\\u0440\\u0438\\u0441\\u0430 \\u0424\\u0438\\u043b\\u0438\\u043f\\u043f\\u043e\\u0432\\u043d\\u0430 \\u0412\\u043e\\u0440\\u043e\\u0431\\u044c\\u0435\\u0432\\u0430', 'email': 'zhukovavasilisa@example.net', 'phone': '+380639344198'}-8889]",
  "fullName" : "tests.ui.test_registration_new_user.TestRegistrationUser#test_registration_user_with_wrong_code_awdev_t506",
  "historyId" : "30d0ee3aac69fc5a7ca7a3da33873239",
  "time" : {
    "start" : 1729885288501,
    "stop" : 1729885314807,
    "duration" : 26306
  },
  "status" : "broken",
  "statusMessage" : "selenium.common.exceptions.TimeoutException: Message: \nStacktrace:\n#0 0x55e96193b8ae <unknown>\n#1 0x55e961470c40 <unknown>\n#2 0x55e9614bce12 <unknown>\n#3 0x55e9614bd011 <unknown>\n#4 0x55e961506bc4 <unknown>\n#5 0x55e9614e4efd <unknown>\n#6 0x55e9615046d2 <unknown>\n#7 0x55e9614e4c73 <unknown>\n#8 0x55e9614b06e8 <unknown>\n#9 0x55e9614b169e <unknown>\n#10 0x55e96190ec66 <unknown>\n#11 0x55e961911f97 <unknown>\n#12 0x55e961911a58 <unknown>\n#13 0x55e961912425 <unknown>\n#14 0x55e9618ffb6e <unknown>\n#15 0x55e96191276f <unknown>\n#16 0x55e9618e9625 <unknown>\n#17 0x55e96192ad55 <unknown>\n#18 0x55e96192af36 <unknown>\n#19 0x55e96193a6e5 <unknown>\n#20 0x7fcac0717144 <unknown>",
  "statusTrace" : "self = <tests.ui.test_registration_new_user.TestRegistrationUser object at 0x7f244729b460>\nuser = {'email': 'zhukovavasilisa@example.net', 'name': 'Лариса Филипповна Воробьева', 'phone': '+380639344198'}\ncode = 8889\n\n    @allure.step(\"Registration new user with wrong code AWDEV-T506\")\n    @pytest.mark.parametrize(\"user, code\",\n                             [(RegistrationUserUi.new_user_name_phone_email, DEFAULT_CODE_AUTHORIZATION)], ids=str)\n    def test_registration_user_with_wrong_code_awdev_t506(self, user, code):\n        self.registration_page.open_registration_form()\n        self.registration_page.fill_registration_form(user=user)\n>       self.registration_page.confirm_registration_form(code=code, correct=False)\n\ntests/ui/test_registration_new_user.py:41: \n_ _ _ _ _ _ _ _ _ _ _ _ _ _ _ _ _ _ _ _ _ _ _ _ _ _ _ _ _ _ _ _ _ _ _ _ _ _ _ _ \nsrc/pages/registration_page.py:44: in confirm_registration_form\n    self.fill_field_with_click(self.CODE_FIELD, code)\nsrc/base_classes/base_page.py:46: in fill_field_with_click\n    self.wait.until(EC.element_to_be_clickable(field_name)).click()\n_ _ _ _ _ _ _ _ _ _ _ _ _ _ _ _ _ _ _ _ _ _ _ _ _ _ _ _ _ _ _ _ _ _ _ _ _ _ _ _ \n\nself = <selenium.webdriver.support.wait.WebDriverWait (session=\"9b2cf1e4fc5768cd094603c5b4c2a1c6\")>\nmethod = <function element_to_be_clickable.<locals>._predicate at 0x7f24478691b0>\nmessage = ''\n\n    def until(self, method: Callable[[D], Union[Literal[False], T]], message: str = \"\") -> T:\n        \"\"\"Calls the method provided with the driver as an argument until the \\\n        return value does not evaluate to ``False``.\n    \n        :param method: callable(WebDriver)\n        :param message: optional message for :exc:`TimeoutException`\n        :returns: the result of the last call to `method`\n        :raises: :exc:`selenium.common.exceptions.TimeoutException` if timeout occurs\n        \"\"\"\n        screen = None\n        stacktrace = None\n    \n        end_time = time.monotonic() + self._timeout\n        while True:\n            try:\n                value = method(self._driver)\n                if value:\n                    return value\n            except self._ignored_exceptions as exc:\n                screen = getattr(exc, \"screen\", None)\n                stacktrace = getattr(exc, \"stacktrace\", None)\n            time.sleep(self._poll)\n            if time.monotonic() > end_time:\n                break\n>       raise TimeoutException(message, screen, stacktrace)\nE       selenium.common.exceptions.TimeoutException: Message: \nE       Stacktrace:\nE       #0 0x55e96193b8ae <unknown>\nE       #1 0x55e961470c40 <unknown>\nE       #2 0x55e9614bce12 <unknown>\nE       #3 0x55e9614bd011 <unknown>\nE       #4 0x55e961506bc4 <unknown>\nE       #5 0x55e9614e4efd <unknown>\nE       #6 0x55e9615046d2 <unknown>\nE       #7 0x55e9614e4c73 <unknown>\nE       #8 0x55e9614b06e8 <unknown>\nE       #9 0x55e9614b169e <unknown>\nE       #10 0x55e96190ec66 <unknown>\nE       #11 0x55e961911f97 <unknown>\nE       #12 0x55e961911a58 <unknown>\nE       #13 0x55e961912425 <unknown>\nE       #14 0x55e9618ffb6e <unknown>\nE       #15 0x55e96191276f <unknown>\nE       #16 0x55e9618e9625 <unknown>\nE       #17 0x55e96192ad55 <unknown>\nE       #18 0x55e96192af36 <unknown>\nE       #19 0x55e96193a6e5 <unknown>\nE       #20 0x7fcac0717144 <unknown>\n\n../local/lib/python3.10/site-packages/selenium/webdriver/support/wait.py:105: TimeoutException",
  "flaky" : false,
  "newFailed" : false,
  "beforeStages" : [ {
    "name" : "set_driver",
    "time" : {
      "start" : 1729885287962,
      "stop" : 1729885288499,
      "duration" : 537
    },
    "status" : "passed",
    "steps" : [ ],
    "attachments" : [ ],
    "parameters" : [ ],
    "stepsCount" : 0,
    "attachmentsCount" : 0,
    "shouldDisplayMessage" : false,
    "hasContent" : false
  }, {
    "name" : "_session_faker",
    "time" : {
      "start" : 1729885248027,
      "stop" : 1729885248101,
      "duration" : 74
    },
    "status" : "passed",
    "steps" : [ ],
    "attachments" : [ ],
    "parameters" : [ ],
    "stepsCount" : 0,
    "attachmentsCount" : 0,
    "shouldDisplayMessage" : false,
    "hasContent" : false
  }, {
    "name" : "pytestconfig",
    "time" : {
      "start" : 1729885248102,
      "stop" : 1729885248102,
      "duration" : 0
    },
    "status" : "passed",
    "steps" : [ ],
    "attachments" : [ ],
    "parameters" : [ ],
    "stepsCount" : 0,
    "attachmentsCount" : 0,
    "shouldDisplayMessage" : false,
    "hasContent" : false
  }, {
    "name" : "setup",
    "time" : {
      "start" : 1729885288499,
      "stop" : 1729885288500,
      "duration" : 1
    },
    "status" : "passed",
    "steps" : [ ],
    "attachments" : [ ],
    "parameters" : [ ],
    "stepsCount" : 0,
    "attachmentsCount" : 0,
    "shouldDisplayMessage" : false,
    "hasContent" : false
  }, {
    "name" : "set_env_settings",
    "time" : {
      "start" : 1729885248102,
      "stop" : 1729885248102,
      "duration" : 0
    },
    "status" : "passed",
    "steps" : [ ],
    "attachments" : [ ],
    "parameters" : [ ],
    "stepsCount" : 0,
    "attachmentsCount" : 0,
    "shouldDisplayMessage" : false,
    "hasContent" : false
  } ],
  "testStage" : {
    "status" : "broken",
    "statusMessage" : "selenium.common.exceptions.TimeoutException: Message: \nStacktrace:\n#0 0x55e96193b8ae <unknown>\n#1 0x55e961470c40 <unknown>\n#2 0x55e9614bce12 <unknown>\n#3 0x55e9614bd011 <unknown>\n#4 0x55e961506bc4 <unknown>\n#5 0x55e9614e4efd <unknown>\n#6 0x55e9615046d2 <unknown>\n#7 0x55e9614e4c73 <unknown>\n#8 0x55e9614b06e8 <unknown>\n#9 0x55e9614b169e <unknown>\n#10 0x55e96190ec66 <unknown>\n#11 0x55e961911f97 <unknown>\n#12 0x55e961911a58 <unknown>\n#13 0x55e961912425 <unknown>\n#14 0x55e9618ffb6e <unknown>\n#15 0x55e96191276f <unknown>\n#16 0x55e9618e9625 <unknown>\n#17 0x55e96192ad55 <unknown>\n#18 0x55e96192af36 <unknown>\n#19 0x55e96193a6e5 <unknown>\n#20 0x7fcac0717144 <unknown>",
    "statusTrace" : "self = <tests.ui.test_registration_new_user.TestRegistrationUser object at 0x7f244729b460>\nuser = {'email': 'zhukovavasilisa@example.net', 'name': 'Лариса Филипповна Воробьева', 'phone': '+380639344198'}\ncode = 8889\n\n    @allure.step(\"Registration new user with wrong code AWDEV-T506\")\n    @pytest.mark.parametrize(\"user, code\",\n                             [(RegistrationUserUi.new_user_name_phone_email, DEFAULT_CODE_AUTHORIZATION)], ids=str)\n    def test_registration_user_with_wrong_code_awdev_t506(self, user, code):\n        self.registration_page.open_registration_form()\n        self.registration_page.fill_registration_form(user=user)\n>       self.registration_page.confirm_registration_form(code=code, correct=False)\n\ntests/ui/test_registration_new_user.py:41: \n_ _ _ _ _ _ _ _ _ _ _ _ _ _ _ _ _ _ _ _ _ _ _ _ _ _ _ _ _ _ _ _ _ _ _ _ _ _ _ _ \nsrc/pages/registration_page.py:44: in confirm_registration_form\n    self.fill_field_with_click(self.CODE_FIELD, code)\nsrc/base_classes/base_page.py:46: in fill_field_with_click\n    self.wait.until(EC.element_to_be_clickable(field_name)).click()\n_ _ _ _ _ _ _ _ _ _ _ _ _ _ _ _ _ _ _ _ _ _ _ _ _ _ _ _ _ _ _ _ _ _ _ _ _ _ _ _ \n\nself = <selenium.webdriver.support.wait.WebDriverWait (session=\"9b2cf1e4fc5768cd094603c5b4c2a1c6\")>\nmethod = <function element_to_be_clickable.<locals>._predicate at 0x7f24478691b0>\nmessage = ''\n\n    def until(self, method: Callable[[D], Union[Literal[False], T]], message: str = \"\") -> T:\n        \"\"\"Calls the method provided with the driver as an argument until the \\\n        return value does not evaluate to ``False``.\n    \n        :param method: callable(WebDriver)\n        :param message: optional message for :exc:`TimeoutException`\n        :returns: the result of the last call to `method`\n        :raises: :exc:`selenium.common.exceptions.TimeoutException` if timeout occurs\n        \"\"\"\n        screen = None\n        stacktrace = None\n    \n        end_time = time.monotonic() + self._timeout\n        while True:\n            try:\n                value = method(self._driver)\n                if value:\n                    return value\n            except self._ignored_exceptions as exc:\n                screen = getattr(exc, \"screen\", None)\n                stacktrace = getattr(exc, \"stacktrace\", None)\n            time.sleep(self._poll)\n            if time.monotonic() > end_time:\n                break\n>       raise TimeoutException(message, screen, stacktrace)\nE       selenium.common.exceptions.TimeoutException: Message: \nE       Stacktrace:\nE       #0 0x55e96193b8ae <unknown>\nE       #1 0x55e961470c40 <unknown>\nE       #2 0x55e9614bce12 <unknown>\nE       #3 0x55e9614bd011 <unknown>\nE       #4 0x55e961506bc4 <unknown>\nE       #5 0x55e9614e4efd <unknown>\nE       #6 0x55e9615046d2 <unknown>\nE       #7 0x55e9614e4c73 <unknown>\nE       #8 0x55e9614b06e8 <unknown>\nE       #9 0x55e9614b169e <unknown>\nE       #10 0x55e96190ec66 <unknown>\nE       #11 0x55e961911f97 <unknown>\nE       #12 0x55e961911a58 <unknown>\nE       #13 0x55e961912425 <unknown>\nE       #14 0x55e9618ffb6e <unknown>\nE       #15 0x55e96191276f <unknown>\nE       #16 0x55e9618e9625 <unknown>\nE       #17 0x55e96192ad55 <unknown>\nE       #18 0x55e96192af36 <unknown>\nE       #19 0x55e96193a6e5 <unknown>\nE       #20 0x7fcac0717144 <unknown>\n\n../local/lib/python3.10/site-packages/selenium/webdriver/support/wait.py:105: TimeoutException",
    "steps" : [ {
      "name" : "Registration new user with wrong code AWDEV-T506",
      "time" : {
        "start" : 1729885288501,
        "stop" : 1729885314807,
        "duration" : 26306
      },
      "status" : "broken",
      "statusMessage" : "selenium.common.exceptions.TimeoutException: Message: \nStacktrace:\n#0 0x55e96193b8ae <unknown>\n#1 0x55e961470c40 <unknown>\n#2 0x55e9614bce12 <unknown>\n#3 0x55e9614bd011 <unknown>\n#4 0x55e961506bc4 <unknown>\n#5 0x55e9614e4efd <unknown>\n#6 0x55e9615046d2 <unknown>\n#7 0x55e9614e4c73 <unknown>\n#8 0x55e9614b06e8 <unknown>\n#9 0x55e9614b169e <unknown>\n#10 0x55e96190ec66 <unknown>\n#11 0x55e961911f97 <unknown>\n#12 0x55e961911a58 <unknown>\n#13 0x55e961912425 <unknown>\n#14 0x55e9618ffb6e <unknown>\n#15 0x55e96191276f <unknown>\n#16 0x55e9618e9625 <unknown>\n#17 0x55e96192ad55 <unknown>\n#18 0x55e96192af36 <unknown>\n#19 0x55e96193a6e5 <unknown>\n#20 0x7fcac0717144 <unknown>\n\n",
      "statusTrace" : "  File \"/usr/local/lib/python3.10/site-packages/allure_commons/_allure.py\", line 192, in impl\n    return func(*a, **kw)\n  File \"/usr/workspace/tests/ui/test_registration_new_user.py\", line 41, in test_registration_user_with_wrong_code_awdev_t506\n    self.registration_page.confirm_registration_form(code=code, correct=False)\n  File \"/usr/workspace/src/pages/registration_page.py\", line 44, in confirm_registration_form\n    self.fill_field_with_click(self.CODE_FIELD, code)\n  File \"/usr/workspace/src/base_classes/base_page.py\", line 46, in fill_field_with_click\n    self.wait.until(EC.element_to_be_clickable(field_name)).click()\n  File \"/usr/local/lib/python3.10/site-packages/selenium/webdriver/support/wait.py\", line 105, in until\n    raise TimeoutException(message, screen, stacktrace)\n",
      "steps" : [ {
        "name" : "Open 'https://m2-live-qa-001.antoshka.ua/uk/' page",
        "time" : {
          "start" : 1729885288501,
          "stop" : 1729885292923,
          "duration" : 4422
        },
        "status" : "passed",
        "steps" : [ ],
        "attachments" : [ ],
        "parameters" : [ ],
        "stepsCount" : 0,
        "attachmentsCount" : 0,
        "shouldDisplayMessage" : false,
        "hasContent" : false
      }, {
        "name" : "Page 'https://m2-live-qa-001.antoshka.ua/uk/' is opened",
        "time" : {
          "start" : 1729885292923,
          "stop" : 1729885292928,
          "duration" : 5
        },
        "status" : "passed",
        "steps" : [ ],
        "attachments" : [ ],
        "parameters" : [ ],
        "stepsCount" : 0,
        "attachmentsCount" : 0,
        "shouldDisplayMessage" : false,
        "hasContent" : false
      }, {
        "name" : "Click ('xpath', \"//*[@id='login-enter']\")",
        "time" : {
          "start" : 1729885292928,
          "stop" : 1729885293001,
          "duration" : 73
        },
        "status" : "passed",
        "steps" : [ ],
        "attachments" : [ ],
        "parameters" : [ ],
        "stepsCount" : 0,
        "attachmentsCount" : 0,
        "shouldDisplayMessage" : false,
        "hasContent" : false
      }, {
        "name" : "Click ('xpath', '//form[1]//a')",
        "time" : {
          "start" : 1729885293001,
          "stop" : 1729885294073,
          "duration" : 1072
        },
        "status" : "passed",
        "steps" : [ ],
        "attachments" : [ ],
        "parameters" : [ ],
        "stepsCount" : 0,
        "attachmentsCount" : 0,
        "shouldDisplayMessage" : false,
        "hasContent" : false
      }, {
        "name" : "Fill '('xpath', \"//input[@data-validation='name']\")' with data 'Л'",
        "time" : {
          "start" : 1729885294073,
          "stop" : 1729885294195,
          "duration" : 122
        },
        "status" : "passed",
        "steps" : [ ],
        "attachments" : [ ],
        "parameters" : [ ],
        "stepsCount" : 0,
        "attachmentsCount" : 0,
        "shouldDisplayMessage" : false,
        "hasContent" : false
      }, {
        "name" : "Fill '('xpath', \"//*[@id='telephone']\")' with data '639344198'",
        "time" : {
          "start" : 1729885294195,
          "stop" : 1729885294332,
          "duration" : 137
        },
        "status" : "passed",
        "steps" : [ ],
        "attachments" : [ ],
        "parameters" : [ ],
        "stepsCount" : 0,
        "attachmentsCount" : 0,
        "shouldDisplayMessage" : false,
        "hasContent" : false
      }, {
        "name" : "Fill '('xpath', \"//input[@data-validation='email']\")' with data 'zhukovavasilisa@example.net'",
        "time" : {
          "start" : 1729885294332,
          "stop" : 1729885294477,
          "duration" : 145
        },
        "status" : "passed",
        "steps" : [ ],
        "attachments" : [ ],
        "parameters" : [ ],
        "stepsCount" : 0,
        "attachmentsCount" : 0,
        "shouldDisplayMessage" : false,
        "hasContent" : false
      }, {
        "name" : "Click ('xpath', \"//button[@class='auth_next']\")",
        "time" : {
          "start" : 1729885294477,
          "stop" : 1729885294533,
          "duration" : 56
        },
        "status" : "passed",
        "steps" : [ ],
        "attachments" : [ ],
        "parameters" : [ ],
        "stepsCount" : 0,
        "attachmentsCount" : 0,
        "shouldDisplayMessage" : false,
        "hasContent" : false
      }, {
        "name" : "Fill '('xpath', \"//input[@id='code-auth']\")' with data '8889'",
        "time" : {
          "start" : 1729885294533,
          "stop" : 1729885314807,
          "duration" : 20274
        },
        "status" : "broken",
        "statusMessage" : "selenium.common.exceptions.TimeoutException: Message: \nStacktrace:\n#0 0x55e96193b8ae <unknown>\n#1 0x55e961470c40 <unknown>\n#2 0x55e9614bce12 <unknown>\n#3 0x55e9614bd011 <unknown>\n#4 0x55e961506bc4 <unknown>\n#5 0x55e9614e4efd <unknown>\n#6 0x55e9615046d2 <unknown>\n#7 0x55e9614e4c73 <unknown>\n#8 0x55e9614b06e8 <unknown>\n#9 0x55e9614b169e <unknown>\n#10 0x55e96190ec66 <unknown>\n#11 0x55e961911f97 <unknown>\n#12 0x55e961911a58 <unknown>\n#13 0x55e961912425 <unknown>\n#14 0x55e9618ffb6e <unknown>\n#15 0x55e96191276f <unknown>\n#16 0x55e9618e9625 <unknown>\n#17 0x55e96192ad55 <unknown>\n#18 0x55e96192af36 <unknown>\n#19 0x55e96193a6e5 <unknown>\n#20 0x7fcac0717144 <unknown>\n\n",
        "statusTrace" : "  File \"/usr/workspace/src/base_classes/base_page.py\", line 46, in fill_field_with_click\n    self.wait.until(EC.element_to_be_clickable(field_name)).click()\n  File \"/usr/local/lib/python3.10/site-packages/selenium/webdriver/support/wait.py\", line 105, in until\n    raise TimeoutException(message, screen, stacktrace)\n",
        "steps" : [ ],
        "attachments" : [ ],
        "parameters" : [ ],
        "stepsCount" : 0,
        "attachmentsCount" : 0,
        "shouldDisplayMessage" : true,
        "hasContent" : true
      } ],
      "attachments" : [ ],
      "parameters" : [ {
        "name" : "user",
        "value" : "{'name': 'Лариса Филипповна Воробьева', 'email': 'zhukovavasilisa@example.net', 'phone': '+380639344198'}"
      }, {
        "name" : "code",
        "value" : "8889"
      } ],
      "stepsCount" : 9,
      "attachmentsCount" : 0,
      "shouldDisplayMessage" : false,
      "hasContent" : true
    } ],
    "attachments" : [ {
      "uid" : "a192c7fcf6479dbb",
      "name" : "log",
      "source" : "a192c7fcf6479dbb.txt",
      "type" : "text/plain",
      "size" : 92
    } ],
    "parameters" : [ ],
    "stepsCount" : 10,
    "attachmentsCount" : 1,
    "shouldDisplayMessage" : true,
    "hasContent" : true
  },
  "afterStages" : [ {
    "name" : "set_driver::0",
    "time" : {
      "start" : 1729885314814,
      "stop" : 1729885314883,
      "duration" : 69
    },
    "status" : "passed",
    "steps" : [ ],
    "attachments" : [ ],
    "parameters" : [ ],
    "stepsCount" : 0,
    "attachmentsCount" : 0,
    "shouldDisplayMessage" : false,
    "hasContent" : false
  } ],
  "labels" : [ {
    "name" : "parentSuite",
    "value" : "tests.ui"
  }, {
    "name" : "suite",
    "value" : "test_registration_new_user"
  }, {
    "name" : "subSuite",
    "value" : "TestRegistrationUser"
  }, {
    "name" : "host",
    "value" : "baa9dd4be7ee"
  }, {
    "name" : "thread",
    "value" : "7-MainThread"
  }, {
    "name" : "framework",
    "value" : "pytest"
  }, {
    "name" : "language",
    "value" : "cpython3"
  }, {
    "name" : "package",
    "value" : "tests.ui.test_registration_new_user"
  }, {
    "name" : "resultFormat",
    "value" : "allure2"
  } ],
  "parameters" : [ {
    "name" : "code",
    "value" : "8889"
  }, {
    "name" : "user",
    "value" : "{'name': 'Лариса Филипповна Воробьева', 'email': 'zhukovavasilisa@example.net', 'phone': '+380639344198'}"
  } ],
  "links" : [ ],
  "hidden" : false,
  "retry" : false,
  "extra" : {
    "severity" : "normal",
    "retries" : [ ],
    "categories" : [ {
      "name" : "Test defects",
      "matchedStatuses" : [ ],
      "flaky" : false
    } ],
    "tags" : [ ]
  },
  "source" : "c91ad7418d86a416.json",
  "parameterValues" : [ "8889", "{'name': 'Лариса Филипповна Воробьева', 'email': 'zhukovavasilisa@example.net', 'phone': '+380639344198'}" ]
}