{
  "uid" : "ca698ee764bc3aea",
  "name" : "test_registration_new_user_awdev_t506[{'name': '\\u041c\\u0438\\u0448\\u0438\\u043d\\u0430 \\u0410\\u043d\\u0436\\u0435\\u043b\\u0438\\u043a\\u0430 \\u041a\\u0443\\u0437\\u044c\\u043c\\u0438\\u043d\\u0438\\u0447\\u043d\\u0430', 'email': 'dorofe2022@example.org', 'phone': '+380636412770'}-1111]",
  "fullName" : "tests.ui.test_registration_new_user.TestRegistrationUser#test_registration_new_user_awdev_t506",
  "historyId" : "36703c96e8d4b53d211b633a410ea2a9",
  "time" : {
    "start" : 1729939815895,
    "stop" : 1729939840820,
    "duration" : 24925
  },
  "status" : "broken",
  "statusMessage" : "selenium.common.exceptions.TimeoutException: Message: \nStacktrace:\n#0 0x5649817578ae <unknown>\n#1 0x56498128cc40 <unknown>\n#2 0x5649812d8e12 <unknown>\n#3 0x5649812d9011 <unknown>\n#4 0x564981322bc4 <unknown>\n#5 0x564981300efd <unknown>\n#6 0x5649813206d2 <unknown>\n#7 0x564981300c73 <unknown>\n#8 0x5649812cc6e8 <unknown>\n#9 0x5649812cd69e <unknown>\n#10 0x56498172ac66 <unknown>\n#11 0x56498172df97 <unknown>\n#12 0x56498172da58 <unknown>\n#13 0x56498172e425 <unknown>\n#14 0x56498171bb6e <unknown>\n#15 0x56498172e76f <unknown>\n#16 0x564981705625 <unknown>\n#17 0x564981746d55 <unknown>\n#18 0x564981746f36 <unknown>\n#19 0x5649817566e5 <unknown>\n#20 0x7f4c58271144 <unknown>",
  "statusTrace" : "self = <tests.ui.test_registration_new_user.TestRegistrationUser object at 0x7f918753f700>\nuser = {'email': 'dorofe2022@example.org', 'name': 'Мишина Анжелика Кузьминична', 'phone': '+380636412770'}\ncode = 1111\n\n    @allure.step(\"Registration new user AWDEV-T506\")\n    @pytest.mark.parametrize(\"user, code\", [\n        (RegistrationUserUi.user_name_phone_email, DEFAULT_CODE_REGISTRATION)], ids=str)\n    def test_registration_new_user_awdev_t506(self, user, code):\n        self.registration_page.open_registration_form()\n        self.registration_page.fill_registration_form(user=user)\n>       self.registration_page.confirm_registration_form(code=code)\n\ntests/ui/test_registration_new_user.py:16: \n_ _ _ _ _ _ _ _ _ _ _ _ _ _ _ _ _ _ _ _ _ _ _ _ _ _ _ _ _ _ _ _ _ _ _ _ _ _ _ _ \nsrc/pages/registration_page.py:44: in confirm_registration_form\n    self.fill_field_with_click(self.CODE_FIELD, code)\nsrc/base_classes/base_page.py:46: in fill_field_with_click\n    self.wait.until(EC.element_to_be_clickable(field_name)).click()\n_ _ _ _ _ _ _ _ _ _ _ _ _ _ _ _ _ _ _ _ _ _ _ _ _ _ _ _ _ _ _ _ _ _ _ _ _ _ _ _ \n\nself = <selenium.webdriver.support.wait.WebDriverWait (session=\"adac0e3027556d2ea6ac9cbefaf56f46\")>\nmethod = <function element_to_be_clickable.<locals>._predicate at 0x7f9187673be0>\nmessage = ''\n\n    def until(self, method: Callable[[D], Union[Literal[False], T]], message: str = \"\") -> T:\n        \"\"\"Calls the method provided with the driver as an argument until the \\\n        return value does not evaluate to ``False``.\n    \n        :param method: callable(WebDriver)\n        :param message: optional message for :exc:`TimeoutException`\n        :returns: the result of the last call to `method`\n        :raises: :exc:`selenium.common.exceptions.TimeoutException` if timeout occurs\n        \"\"\"\n        screen = None\n        stacktrace = None\n    \n        end_time = time.monotonic() + self._timeout\n        while True:\n            try:\n                value = method(self._driver)\n                if value:\n                    return value\n            except self._ignored_exceptions as exc:\n                screen = getattr(exc, \"screen\", None)\n                stacktrace = getattr(exc, \"stacktrace\", None)\n            time.sleep(self._poll)\n            if time.monotonic() > end_time:\n                break\n>       raise TimeoutException(message, screen, stacktrace)\nE       selenium.common.exceptions.TimeoutException: Message: \nE       Stacktrace:\nE       #0 0x5649817578ae <unknown>\nE       #1 0x56498128cc40 <unknown>\nE       #2 0x5649812d8e12 <unknown>\nE       #3 0x5649812d9011 <unknown>\nE       #4 0x564981322bc4 <unknown>\nE       #5 0x564981300efd <unknown>\nE       #6 0x5649813206d2 <unknown>\nE       #7 0x564981300c73 <unknown>\nE       #8 0x5649812cc6e8 <unknown>\nE       #9 0x5649812cd69e <unknown>\nE       #10 0x56498172ac66 <unknown>\nE       #11 0x56498172df97 <unknown>\nE       #12 0x56498172da58 <unknown>\nE       #13 0x56498172e425 <unknown>\nE       #14 0x56498171bb6e <unknown>\nE       #15 0x56498172e76f <unknown>\nE       #16 0x564981705625 <unknown>\nE       #17 0x564981746d55 <unknown>\nE       #18 0x564981746f36 <unknown>\nE       #19 0x5649817566e5 <unknown>\nE       #20 0x7f4c58271144 <unknown>\n\n../local/lib/python3.10/site-packages/selenium/webdriver/support/wait.py:105: TimeoutException",
  "flaky" : false,
  "newFailed" : false,
  "beforeStages" : [ {
    "name" : "setup",
    "time" : {
      "start" : 1729939815894,
      "stop" : 1729939815894,
      "duration" : 0
    },
    "status" : "passed",
    "steps" : [ ],
    "attachments" : [ ],
    "parameters" : [ ],
    "stepsCount" : 0,
    "attachmentsCount" : 0,
    "shouldDisplayMessage" : false,
    "hasContent" : false
  }, {
    "name" : "_session_faker",
    "time" : {
      "start" : 1729939815271,
      "stop" : 1729939815346,
      "duration" : 75
    },
    "status" : "passed",
    "steps" : [ ],
    "attachments" : [ ],
    "parameters" : [ ],
    "stepsCount" : 0,
    "attachmentsCount" : 0,
    "shouldDisplayMessage" : false,
    "hasContent" : false
  }, {
    "name" : "set_env_settings",
    "time" : {
      "start" : 1729939815346,
      "stop" : 1729939815347,
      "duration" : 1
    },
    "status" : "passed",
    "steps" : [ ],
    "attachments" : [ ],
    "parameters" : [ ],
    "stepsCount" : 0,
    "attachmentsCount" : 0,
    "shouldDisplayMessage" : false,
    "hasContent" : false
  }, {
    "name" : "set_driver",
    "time" : {
      "start" : 1729939815347,
      "stop" : 1729939815894,
      "duration" : 547
    },
    "status" : "passed",
    "steps" : [ ],
    "attachments" : [ ],
    "parameters" : [ ],
    "stepsCount" : 0,
    "attachmentsCount" : 0,
    "shouldDisplayMessage" : false,
    "hasContent" : false
  }, {
    "name" : "pytestconfig",
    "time" : {
      "start" : 1729939815346,
      "stop" : 1729939815346,
      "duration" : 0
    },
    "status" : "passed",
    "steps" : [ ],
    "attachments" : [ ],
    "parameters" : [ ],
    "stepsCount" : 0,
    "attachmentsCount" : 0,
    "shouldDisplayMessage" : false,
    "hasContent" : false
  } ],
  "testStage" : {
    "status" : "broken",
    "statusMessage" : "selenium.common.exceptions.TimeoutException: Message: \nStacktrace:\n#0 0x5649817578ae <unknown>\n#1 0x56498128cc40 <unknown>\n#2 0x5649812d8e12 <unknown>\n#3 0x5649812d9011 <unknown>\n#4 0x564981322bc4 <unknown>\n#5 0x564981300efd <unknown>\n#6 0x5649813206d2 <unknown>\n#7 0x564981300c73 <unknown>\n#8 0x5649812cc6e8 <unknown>\n#9 0x5649812cd69e <unknown>\n#10 0x56498172ac66 <unknown>\n#11 0x56498172df97 <unknown>\n#12 0x56498172da58 <unknown>\n#13 0x56498172e425 <unknown>\n#14 0x56498171bb6e <unknown>\n#15 0x56498172e76f <unknown>\n#16 0x564981705625 <unknown>\n#17 0x564981746d55 <unknown>\n#18 0x564981746f36 <unknown>\n#19 0x5649817566e5 <unknown>\n#20 0x7f4c58271144 <unknown>",
    "statusTrace" : "self = <tests.ui.test_registration_new_user.TestRegistrationUser object at 0x7f918753f700>\nuser = {'email': 'dorofe2022@example.org', 'name': 'Мишина Анжелика Кузьминична', 'phone': '+380636412770'}\ncode = 1111\n\n    @allure.step(\"Registration new user AWDEV-T506\")\n    @pytest.mark.parametrize(\"user, code\", [\n        (RegistrationUserUi.user_name_phone_email, DEFAULT_CODE_REGISTRATION)], ids=str)\n    def test_registration_new_user_awdev_t506(self, user, code):\n        self.registration_page.open_registration_form()\n        self.registration_page.fill_registration_form(user=user)\n>       self.registration_page.confirm_registration_form(code=code)\n\ntests/ui/test_registration_new_user.py:16: \n_ _ _ _ _ _ _ _ _ _ _ _ _ _ _ _ _ _ _ _ _ _ _ _ _ _ _ _ _ _ _ _ _ _ _ _ _ _ _ _ \nsrc/pages/registration_page.py:44: in confirm_registration_form\n    self.fill_field_with_click(self.CODE_FIELD, code)\nsrc/base_classes/base_page.py:46: in fill_field_with_click\n    self.wait.until(EC.element_to_be_clickable(field_name)).click()\n_ _ _ _ _ _ _ _ _ _ _ _ _ _ _ _ _ _ _ _ _ _ _ _ _ _ _ _ _ _ _ _ _ _ _ _ _ _ _ _ \n\nself = <selenium.webdriver.support.wait.WebDriverWait (session=\"adac0e3027556d2ea6ac9cbefaf56f46\")>\nmethod = <function element_to_be_clickable.<locals>._predicate at 0x7f9187673be0>\nmessage = ''\n\n    def until(self, method: Callable[[D], Union[Literal[False], T]], message: str = \"\") -> T:\n        \"\"\"Calls the method provided with the driver as an argument until the \\\n        return value does not evaluate to ``False``.\n    \n        :param method: callable(WebDriver)\n        :param message: optional message for :exc:`TimeoutException`\n        :returns: the result of the last call to `method`\n        :raises: :exc:`selenium.common.exceptions.TimeoutException` if timeout occurs\n        \"\"\"\n        screen = None\n        stacktrace = None\n    \n        end_time = time.monotonic() + self._timeout\n        while True:\n            try:\n                value = method(self._driver)\n                if value:\n                    return value\n            except self._ignored_exceptions as exc:\n                screen = getattr(exc, \"screen\", None)\n                stacktrace = getattr(exc, \"stacktrace\", None)\n            time.sleep(self._poll)\n            if time.monotonic() > end_time:\n                break\n>       raise TimeoutException(message, screen, stacktrace)\nE       selenium.common.exceptions.TimeoutException: Message: \nE       Stacktrace:\nE       #0 0x5649817578ae <unknown>\nE       #1 0x56498128cc40 <unknown>\nE       #2 0x5649812d8e12 <unknown>\nE       #3 0x5649812d9011 <unknown>\nE       #4 0x564981322bc4 <unknown>\nE       #5 0x564981300efd <unknown>\nE       #6 0x5649813206d2 <unknown>\nE       #7 0x564981300c73 <unknown>\nE       #8 0x5649812cc6e8 <unknown>\nE       #9 0x5649812cd69e <unknown>\nE       #10 0x56498172ac66 <unknown>\nE       #11 0x56498172df97 <unknown>\nE       #12 0x56498172da58 <unknown>\nE       #13 0x56498172e425 <unknown>\nE       #14 0x56498171bb6e <unknown>\nE       #15 0x56498172e76f <unknown>\nE       #16 0x564981705625 <unknown>\nE       #17 0x564981746d55 <unknown>\nE       #18 0x564981746f36 <unknown>\nE       #19 0x5649817566e5 <unknown>\nE       #20 0x7f4c58271144 <unknown>\n\n../local/lib/python3.10/site-packages/selenium/webdriver/support/wait.py:105: TimeoutException",
    "steps" : [ {
      "name" : "Registration new user AWDEV-T506",
      "time" : {
        "start" : 1729939815896,
        "stop" : 1729939840819,
        "duration" : 24923
      },
      "status" : "broken",
      "statusMessage" : "selenium.common.exceptions.TimeoutException: Message: \nStacktrace:\n#0 0x5649817578ae <unknown>\n#1 0x56498128cc40 <unknown>\n#2 0x5649812d8e12 <unknown>\n#3 0x5649812d9011 <unknown>\n#4 0x564981322bc4 <unknown>\n#5 0x564981300efd <unknown>\n#6 0x5649813206d2 <unknown>\n#7 0x564981300c73 <unknown>\n#8 0x5649812cc6e8 <unknown>\n#9 0x5649812cd69e <unknown>\n#10 0x56498172ac66 <unknown>\n#11 0x56498172df97 <unknown>\n#12 0x56498172da58 <unknown>\n#13 0x56498172e425 <unknown>\n#14 0x56498171bb6e <unknown>\n#15 0x56498172e76f <unknown>\n#16 0x564981705625 <unknown>\n#17 0x564981746d55 <unknown>\n#18 0x564981746f36 <unknown>\n#19 0x5649817566e5 <unknown>\n#20 0x7f4c58271144 <unknown>\n\n",
      "statusTrace" : "  File \"/usr/local/lib/python3.10/site-packages/allure_commons/_allure.py\", line 192, in impl\n    return func(*a, **kw)\n  File \"/usr/workspace/tests/ui/test_registration_new_user.py\", line 16, in test_registration_new_user_awdev_t506\n    self.registration_page.confirm_registration_form(code=code)\n  File \"/usr/workspace/src/pages/registration_page.py\", line 44, in confirm_registration_form\n    self.fill_field_with_click(self.CODE_FIELD, code)\n  File \"/usr/workspace/src/base_classes/base_page.py\", line 46, in fill_field_with_click\n    self.wait.until(EC.element_to_be_clickable(field_name)).click()\n  File \"/usr/local/lib/python3.10/site-packages/selenium/webdriver/support/wait.py\", line 105, in until\n    raise TimeoutException(message, screen, stacktrace)\n",
      "steps" : [ {
        "name" : "Open 'https://m2-live-dev-001.antoshka.ua/uk/' page",
        "time" : {
          "start" : 1729939815896,
          "stop" : 1729939818957,
          "duration" : 3061
        },
        "status" : "passed",
        "steps" : [ ],
        "attachments" : [ ],
        "parameters" : [ ],
        "stepsCount" : 0,
        "attachmentsCount" : 0,
        "shouldDisplayMessage" : false,
        "hasContent" : false
      }, {
        "name" : "Page 'https://m2-live-dev-001.antoshka.ua/uk/' is opened",
        "time" : {
          "start" : 1729939818957,
          "stop" : 1729939818962,
          "duration" : 5
        },
        "status" : "passed",
        "steps" : [ ],
        "attachments" : [ ],
        "parameters" : [ ],
        "stepsCount" : 0,
        "attachmentsCount" : 0,
        "shouldDisplayMessage" : false,
        "hasContent" : false
      }, {
        "name" : "Click ('xpath', \"//*[@id='login-enter']\")",
        "time" : {
          "start" : 1729939818962,
          "stop" : 1729939819032,
          "duration" : 70
        },
        "status" : "passed",
        "steps" : [ ],
        "attachments" : [ ],
        "parameters" : [ ],
        "stepsCount" : 0,
        "attachmentsCount" : 0,
        "shouldDisplayMessage" : false,
        "hasContent" : false
      }, {
        "name" : "Click ('xpath', '//form[1]//a')",
        "time" : {
          "start" : 1729939819032,
          "stop" : 1729939820106,
          "duration" : 1074
        },
        "status" : "passed",
        "steps" : [ ],
        "attachments" : [ ],
        "parameters" : [ ],
        "stepsCount" : 0,
        "attachmentsCount" : 0,
        "shouldDisplayMessage" : false,
        "hasContent" : false
      }, {
        "name" : "Fill '('xpath', \"//input[@data-validation='name']\")' with data 'М'",
        "time" : {
          "start" : 1729939820106,
          "stop" : 1729939820225,
          "duration" : 119
        },
        "status" : "passed",
        "steps" : [ ],
        "attachments" : [ ],
        "parameters" : [ ],
        "stepsCount" : 0,
        "attachmentsCount" : 0,
        "shouldDisplayMessage" : false,
        "hasContent" : false
      }, {
        "name" : "Fill '('xpath', \"//*[@id='telephone']\")' with data '636412770'",
        "time" : {
          "start" : 1729939820225,
          "stop" : 1729939820363,
          "duration" : 138
        },
        "status" : "passed",
        "steps" : [ ],
        "attachments" : [ ],
        "parameters" : [ ],
        "stepsCount" : 0,
        "attachmentsCount" : 0,
        "shouldDisplayMessage" : false,
        "hasContent" : false
      }, {
        "name" : "Fill '('xpath', \"//input[@data-validation='email']\")' with data 'dorofe2022@example.org'",
        "time" : {
          "start" : 1729939820363,
          "stop" : 1729939820504,
          "duration" : 141
        },
        "status" : "passed",
        "steps" : [ ],
        "attachments" : [ ],
        "parameters" : [ ],
        "stepsCount" : 0,
        "attachmentsCount" : 0,
        "shouldDisplayMessage" : false,
        "hasContent" : false
      }, {
        "name" : "Click ('xpath', \"//button[@class='auth_next']\")",
        "time" : {
          "start" : 1729939820504,
          "stop" : 1729939820557,
          "duration" : 53
        },
        "status" : "passed",
        "steps" : [ ],
        "attachments" : [ ],
        "parameters" : [ ],
        "stepsCount" : 0,
        "attachmentsCount" : 0,
        "shouldDisplayMessage" : false,
        "hasContent" : false
      }, {
        "name" : "Fill '('xpath', \"//input[@id='code-auth']\")' with data '1111'",
        "time" : {
          "start" : 1729939820557,
          "stop" : 1729939840819,
          "duration" : 20262
        },
        "status" : "broken",
        "statusMessage" : "selenium.common.exceptions.TimeoutException: Message: \nStacktrace:\n#0 0x5649817578ae <unknown>\n#1 0x56498128cc40 <unknown>\n#2 0x5649812d8e12 <unknown>\n#3 0x5649812d9011 <unknown>\n#4 0x564981322bc4 <unknown>\n#5 0x564981300efd <unknown>\n#6 0x5649813206d2 <unknown>\n#7 0x564981300c73 <unknown>\n#8 0x5649812cc6e8 <unknown>\n#9 0x5649812cd69e <unknown>\n#10 0x56498172ac66 <unknown>\n#11 0x56498172df97 <unknown>\n#12 0x56498172da58 <unknown>\n#13 0x56498172e425 <unknown>\n#14 0x56498171bb6e <unknown>\n#15 0x56498172e76f <unknown>\n#16 0x564981705625 <unknown>\n#17 0x564981746d55 <unknown>\n#18 0x564981746f36 <unknown>\n#19 0x5649817566e5 <unknown>\n#20 0x7f4c58271144 <unknown>\n\n",
        "statusTrace" : "  File \"/usr/workspace/src/base_classes/base_page.py\", line 46, in fill_field_with_click\n    self.wait.until(EC.element_to_be_clickable(field_name)).click()\n  File \"/usr/local/lib/python3.10/site-packages/selenium/webdriver/support/wait.py\", line 105, in until\n    raise TimeoutException(message, screen, stacktrace)\n",
        "steps" : [ ],
        "attachments" : [ ],
        "parameters" : [ ],
        "stepsCount" : 0,
        "attachmentsCount" : 0,
        "shouldDisplayMessage" : true,
        "hasContent" : true
      } ],
      "attachments" : [ ],
      "parameters" : [ {
        "name" : "user",
        "value" : "{'name': 'Мишина Анжелика Кузьминична', 'email': 'dorofe2022@example.org', 'phone': '+380636412770'}"
      }, {
        "name" : "code",
        "value" : "1111"
      } ],
      "stepsCount" : 9,
      "attachmentsCount" : 0,
      "shouldDisplayMessage" : false,
      "hasContent" : true
    } ],
    "attachments" : [ {
      "uid" : "97fe595a79ceccb1",
      "name" : "log",
      "source" : "97fe595a79ceccb1.txt",
      "type" : "text/plain",
      "size" : 92
    } ],
    "parameters" : [ ],
    "stepsCount" : 10,
    "attachmentsCount" : 1,
    "shouldDisplayMessage" : true,
    "hasContent" : true
  },
  "afterStages" : [ {
    "name" : "set_driver::0",
    "time" : {
      "start" : 1729939840863,
      "stop" : 1729939840931,
      "duration" : 68
    },
    "status" : "passed",
    "steps" : [ ],
    "attachments" : [ ],
    "parameters" : [ ],
    "stepsCount" : 0,
    "attachmentsCount" : 0,
    "shouldDisplayMessage" : false,
    "hasContent" : false
  } ],
  "labels" : [ {
    "name" : "parentSuite",
    "value" : "tests.ui"
  }, {
    "name" : "suite",
    "value" : "test_registration_new_user"
  }, {
    "name" : "subSuite",
    "value" : "TestRegistrationUser"
  }, {
    "name" : "host",
    "value" : "590559993d8f"
  }, {
    "name" : "thread",
    "value" : "7-MainThread"
  }, {
    "name" : "framework",
    "value" : "pytest"
  }, {
    "name" : "language",
    "value" : "cpython3"
  }, {
    "name" : "package",
    "value" : "tests.ui.test_registration_new_user"
  }, {
    "name" : "resultFormat",
    "value" : "allure2"
  } ],
  "parameters" : [ {
    "name" : "code",
    "value" : "1111"
  }, {
    "name" : "user",
    "value" : "{'name': 'Мишина Анжелика Кузьминична', 'email': 'dorofe2022@example.org', 'phone': '+380636412770'}"
  } ],
  "links" : [ ],
  "hidden" : false,
  "retry" : false,
  "extra" : {
    "severity" : "normal",
    "retries" : [ ],
    "categories" : [ {
      "name" : "Test defects",
      "matchedStatuses" : [ ],
      "flaky" : false
    } ],
    "tags" : [ ]
  },
  "source" : "ca698ee764bc3aea.json",
  "parameterValues" : [ "1111", "{'name': 'Мишина Анжелика Кузьминична', 'email': 'dorofe2022@example.org', 'phone': '+380636412770'}" ]
}