{
  "uid" : "cca4aab6d0734f3d",
  "name" : "test_registration_user_with_wrong_code_awdev_t506[{'name': '\\u041b\\u0443\\u043a\\u0438\\u043d \\u0424\\u0438\\u043b\\u0430\\u0440\\u0435\\u0442 \\u0425\\u0430\\u0440\\u043b\\u0430\\u043c\\u043f\\u043e\\u0432\\u0438\\u0447', 'email': 'iraida_1989@example.org', 'phone': '+380636236189'}-8889]",
  "fullName" : "tests.ui.test_registration_new_user.TestRegistrationUser#test_registration_user_with_wrong_code_awdev_t506",
  "historyId" : "e48c0564955def9369fc8d5708de9cd0",
  "time" : {
    "start" : 1729879123724,
    "stop" : 1729879148795,
    "duration" : 25071
  },
  "status" : "broken",
  "statusMessage" : "selenium.common.exceptions.TimeoutException: Message: \nStacktrace:\n#0 0x561d2b0c48ae <unknown>\n#1 0x561d2abf9c40 <unknown>\n#2 0x561d2ac45e12 <unknown>\n#3 0x561d2ac46011 <unknown>\n#4 0x561d2ac8fbc4 <unknown>\n#5 0x561d2ac6defd <unknown>\n#6 0x561d2ac8d6d2 <unknown>\n#7 0x561d2ac6dc73 <unknown>\n#8 0x561d2ac396e8 <unknown>\n#9 0x561d2ac3a69e <unknown>\n#10 0x561d2b097c66 <unknown>\n#11 0x561d2b09af97 <unknown>\n#12 0x561d2b09aa58 <unknown>\n#13 0x561d2b09b425 <unknown>\n#14 0x561d2b088b6e <unknown>\n#15 0x561d2b09b76f <unknown>\n#16 0x561d2b072625 <unknown>\n#17 0x561d2b0b3d55 <unknown>\n#18 0x561d2b0b3f36 <unknown>\n#19 0x561d2b0c36e5 <unknown>\n#20 0x7fed05dc8144 <unknown>",
  "statusTrace" : "self = <tests.ui.test_registration_new_user.TestRegistrationUser object at 0x7f031b0a0a90>\nuser = {'email': 'iraida_1989@example.org', 'name': 'Лукин Филарет Харлампович', 'phone': '+380636236189'}\ncode = 8889\n\n    @allure.step(\"Registration new user with wrong code AWDEV-T506\")\n    @pytest.mark.parametrize(\"user, code\",\n                             [(RegistrationUserUi.new_user_name_phone_email, DEFAULT_CODE_AUTHORIZATION)], ids=str)\n    def test_registration_user_with_wrong_code_awdev_t506(self, user, code):\n        self.registration_page.open_registration_form()\n        self.registration_page.fill_registration_form(user=user)\n>       self.registration_page.confirm_registration_form(code=code, correct=False)\n\ntests/ui/test_registration_new_user.py:41: \n_ _ _ _ _ _ _ _ _ _ _ _ _ _ _ _ _ _ _ _ _ _ _ _ _ _ _ _ _ _ _ _ _ _ _ _ _ _ _ _ \nsrc/pages/registration_page.py:44: in confirm_registration_form\n    self.fill_field_with_click(self.CODE_FIELD, code)\nsrc/base_classes/base_page.py:46: in fill_field_with_click\n    self.wait.until(EC.element_to_be_clickable(field_name)).click()\n_ _ _ _ _ _ _ _ _ _ _ _ _ _ _ _ _ _ _ _ _ _ _ _ _ _ _ _ _ _ _ _ _ _ _ _ _ _ _ _ \n\nself = <selenium.webdriver.support.wait.WebDriverWait (session=\"8c9cecc9362b2e14a6d5577533e0013d\")>\nmethod = <function element_to_be_clickable.<locals>._predicate at 0x7f031a7291b0>\nmessage = ''\n\n    def until(self, method: Callable[[D], Union[Literal[False], T]], message: str = \"\") -> T:\n        \"\"\"Calls the method provided with the driver as an argument until the \\\n        return value does not evaluate to ``False``.\n    \n        :param method: callable(WebDriver)\n        :param message: optional message for :exc:`TimeoutException`\n        :returns: the result of the last call to `method`\n        :raises: :exc:`selenium.common.exceptions.TimeoutException` if timeout occurs\n        \"\"\"\n        screen = None\n        stacktrace = None\n    \n        end_time = time.monotonic() + self._timeout\n        while True:\n            try:\n                value = method(self._driver)\n                if value:\n                    return value\n            except self._ignored_exceptions as exc:\n                screen = getattr(exc, \"screen\", None)\n                stacktrace = getattr(exc, \"stacktrace\", None)\n            time.sleep(self._poll)\n            if time.monotonic() > end_time:\n                break\n>       raise TimeoutException(message, screen, stacktrace)\nE       selenium.common.exceptions.TimeoutException: Message: \nE       Stacktrace:\nE       #0 0x561d2b0c48ae <unknown>\nE       #1 0x561d2abf9c40 <unknown>\nE       #2 0x561d2ac45e12 <unknown>\nE       #3 0x561d2ac46011 <unknown>\nE       #4 0x561d2ac8fbc4 <unknown>\nE       #5 0x561d2ac6defd <unknown>\nE       #6 0x561d2ac8d6d2 <unknown>\nE       #7 0x561d2ac6dc73 <unknown>\nE       #8 0x561d2ac396e8 <unknown>\nE       #9 0x561d2ac3a69e <unknown>\nE       #10 0x561d2b097c66 <unknown>\nE       #11 0x561d2b09af97 <unknown>\nE       #12 0x561d2b09aa58 <unknown>\nE       #13 0x561d2b09b425 <unknown>\nE       #14 0x561d2b088b6e <unknown>\nE       #15 0x561d2b09b76f <unknown>\nE       #16 0x561d2b072625 <unknown>\nE       #17 0x561d2b0b3d55 <unknown>\nE       #18 0x561d2b0b3f36 <unknown>\nE       #19 0x561d2b0c36e5 <unknown>\nE       #20 0x7fed05dc8144 <unknown>\n\n../local/lib/python3.10/site-packages/selenium/webdriver/support/wait.py:105: TimeoutException",
  "flaky" : false,
  "newFailed" : false,
  "beforeStages" : [ {
    "name" : "set_env_settings",
    "time" : {
      "start" : 1729879086744,
      "stop" : 1729879086745,
      "duration" : 1
    },
    "status" : "passed",
    "steps" : [ ],
    "attachments" : [ ],
    "parameters" : [ ],
    "stepsCount" : 0,
    "attachmentsCount" : 0,
    "shouldDisplayMessage" : false,
    "hasContent" : false
  }, {
    "name" : "set_driver",
    "time" : {
      "start" : 1729879123201,
      "stop" : 1729879123721,
      "duration" : 520
    },
    "status" : "passed",
    "steps" : [ ],
    "attachments" : [ ],
    "parameters" : [ ],
    "stepsCount" : 0,
    "attachmentsCount" : 0,
    "shouldDisplayMessage" : false,
    "hasContent" : false
  }, {
    "name" : "setup",
    "time" : {
      "start" : 1729879123721,
      "stop" : 1729879123722,
      "duration" : 1
    },
    "status" : "passed",
    "steps" : [ ],
    "attachments" : [ ],
    "parameters" : [ ],
    "stepsCount" : 0,
    "attachmentsCount" : 0,
    "shouldDisplayMessage" : false,
    "hasContent" : false
  }, {
    "name" : "_session_faker",
    "time" : {
      "start" : 1729879086637,
      "stop" : 1729879086743,
      "duration" : 106
    },
    "status" : "passed",
    "steps" : [ ],
    "attachments" : [ ],
    "parameters" : [ ],
    "stepsCount" : 0,
    "attachmentsCount" : 0,
    "shouldDisplayMessage" : false,
    "hasContent" : false
  }, {
    "name" : "pytestconfig",
    "time" : {
      "start" : 1729879086744,
      "stop" : 1729879086744,
      "duration" : 0
    },
    "status" : "passed",
    "steps" : [ ],
    "attachments" : [ ],
    "parameters" : [ ],
    "stepsCount" : 0,
    "attachmentsCount" : 0,
    "shouldDisplayMessage" : false,
    "hasContent" : false
  } ],
  "testStage" : {
    "status" : "broken",
    "statusMessage" : "selenium.common.exceptions.TimeoutException: Message: \nStacktrace:\n#0 0x561d2b0c48ae <unknown>\n#1 0x561d2abf9c40 <unknown>\n#2 0x561d2ac45e12 <unknown>\n#3 0x561d2ac46011 <unknown>\n#4 0x561d2ac8fbc4 <unknown>\n#5 0x561d2ac6defd <unknown>\n#6 0x561d2ac8d6d2 <unknown>\n#7 0x561d2ac6dc73 <unknown>\n#8 0x561d2ac396e8 <unknown>\n#9 0x561d2ac3a69e <unknown>\n#10 0x561d2b097c66 <unknown>\n#11 0x561d2b09af97 <unknown>\n#12 0x561d2b09aa58 <unknown>\n#13 0x561d2b09b425 <unknown>\n#14 0x561d2b088b6e <unknown>\n#15 0x561d2b09b76f <unknown>\n#16 0x561d2b072625 <unknown>\n#17 0x561d2b0b3d55 <unknown>\n#18 0x561d2b0b3f36 <unknown>\n#19 0x561d2b0c36e5 <unknown>\n#20 0x7fed05dc8144 <unknown>",
    "statusTrace" : "self = <tests.ui.test_registration_new_user.TestRegistrationUser object at 0x7f031b0a0a90>\nuser = {'email': 'iraida_1989@example.org', 'name': 'Лукин Филарет Харлампович', 'phone': '+380636236189'}\ncode = 8889\n\n    @allure.step(\"Registration new user with wrong code AWDEV-T506\")\n    @pytest.mark.parametrize(\"user, code\",\n                             [(RegistrationUserUi.new_user_name_phone_email, DEFAULT_CODE_AUTHORIZATION)], ids=str)\n    def test_registration_user_with_wrong_code_awdev_t506(self, user, code):\n        self.registration_page.open_registration_form()\n        self.registration_page.fill_registration_form(user=user)\n>       self.registration_page.confirm_registration_form(code=code, correct=False)\n\ntests/ui/test_registration_new_user.py:41: \n_ _ _ _ _ _ _ _ _ _ _ _ _ _ _ _ _ _ _ _ _ _ _ _ _ _ _ _ _ _ _ _ _ _ _ _ _ _ _ _ \nsrc/pages/registration_page.py:44: in confirm_registration_form\n    self.fill_field_with_click(self.CODE_FIELD, code)\nsrc/base_classes/base_page.py:46: in fill_field_with_click\n    self.wait.until(EC.element_to_be_clickable(field_name)).click()\n_ _ _ _ _ _ _ _ _ _ _ _ _ _ _ _ _ _ _ _ _ _ _ _ _ _ _ _ _ _ _ _ _ _ _ _ _ _ _ _ \n\nself = <selenium.webdriver.support.wait.WebDriverWait (session=\"8c9cecc9362b2e14a6d5577533e0013d\")>\nmethod = <function element_to_be_clickable.<locals>._predicate at 0x7f031a7291b0>\nmessage = ''\n\n    def until(self, method: Callable[[D], Union[Literal[False], T]], message: str = \"\") -> T:\n        \"\"\"Calls the method provided with the driver as an argument until the \\\n        return value does not evaluate to ``False``.\n    \n        :param method: callable(WebDriver)\n        :param message: optional message for :exc:`TimeoutException`\n        :returns: the result of the last call to `method`\n        :raises: :exc:`selenium.common.exceptions.TimeoutException` if timeout occurs\n        \"\"\"\n        screen = None\n        stacktrace = None\n    \n        end_time = time.monotonic() + self._timeout\n        while True:\n            try:\n                value = method(self._driver)\n                if value:\n                    return value\n            except self._ignored_exceptions as exc:\n                screen = getattr(exc, \"screen\", None)\n                stacktrace = getattr(exc, \"stacktrace\", None)\n            time.sleep(self._poll)\n            if time.monotonic() > end_time:\n                break\n>       raise TimeoutException(message, screen, stacktrace)\nE       selenium.common.exceptions.TimeoutException: Message: \nE       Stacktrace:\nE       #0 0x561d2b0c48ae <unknown>\nE       #1 0x561d2abf9c40 <unknown>\nE       #2 0x561d2ac45e12 <unknown>\nE       #3 0x561d2ac46011 <unknown>\nE       #4 0x561d2ac8fbc4 <unknown>\nE       #5 0x561d2ac6defd <unknown>\nE       #6 0x561d2ac8d6d2 <unknown>\nE       #7 0x561d2ac6dc73 <unknown>\nE       #8 0x561d2ac396e8 <unknown>\nE       #9 0x561d2ac3a69e <unknown>\nE       #10 0x561d2b097c66 <unknown>\nE       #11 0x561d2b09af97 <unknown>\nE       #12 0x561d2b09aa58 <unknown>\nE       #13 0x561d2b09b425 <unknown>\nE       #14 0x561d2b088b6e <unknown>\nE       #15 0x561d2b09b76f <unknown>\nE       #16 0x561d2b072625 <unknown>\nE       #17 0x561d2b0b3d55 <unknown>\nE       #18 0x561d2b0b3f36 <unknown>\nE       #19 0x561d2b0c36e5 <unknown>\nE       #20 0x7fed05dc8144 <unknown>\n\n../local/lib/python3.10/site-packages/selenium/webdriver/support/wait.py:105: TimeoutException",
    "steps" : [ {
      "name" : "Registration new user with wrong code AWDEV-T506",
      "time" : {
        "start" : 1729879123724,
        "stop" : 1729879148794,
        "duration" : 25070
      },
      "status" : "broken",
      "statusMessage" : "selenium.common.exceptions.TimeoutException: Message: \nStacktrace:\n#0 0x561d2b0c48ae <unknown>\n#1 0x561d2abf9c40 <unknown>\n#2 0x561d2ac45e12 <unknown>\n#3 0x561d2ac46011 <unknown>\n#4 0x561d2ac8fbc4 <unknown>\n#5 0x561d2ac6defd <unknown>\n#6 0x561d2ac8d6d2 <unknown>\n#7 0x561d2ac6dc73 <unknown>\n#8 0x561d2ac396e8 <unknown>\n#9 0x561d2ac3a69e <unknown>\n#10 0x561d2b097c66 <unknown>\n#11 0x561d2b09af97 <unknown>\n#12 0x561d2b09aa58 <unknown>\n#13 0x561d2b09b425 <unknown>\n#14 0x561d2b088b6e <unknown>\n#15 0x561d2b09b76f <unknown>\n#16 0x561d2b072625 <unknown>\n#17 0x561d2b0b3d55 <unknown>\n#18 0x561d2b0b3f36 <unknown>\n#19 0x561d2b0c36e5 <unknown>\n#20 0x7fed05dc8144 <unknown>\n\n",
      "statusTrace" : "  File \"/usr/local/lib/python3.10/site-packages/allure_commons/_allure.py\", line 192, in impl\n    return func(*a, **kw)\n  File \"/usr/workspace/tests/ui/test_registration_new_user.py\", line 41, in test_registration_user_with_wrong_code_awdev_t506\n    self.registration_page.confirm_registration_form(code=code, correct=False)\n  File \"/usr/workspace/src/pages/registration_page.py\", line 44, in confirm_registration_form\n    self.fill_field_with_click(self.CODE_FIELD, code)\n  File \"/usr/workspace/src/base_classes/base_page.py\", line 46, in fill_field_with_click\n    self.wait.until(EC.element_to_be_clickable(field_name)).click()\n  File \"/usr/local/lib/python3.10/site-packages/selenium/webdriver/support/wait.py\", line 105, in until\n    raise TimeoutException(message, screen, stacktrace)\n",
      "steps" : [ {
        "name" : "Open 'https://m2-live-dev-001.antoshka.ua/uk/' page",
        "time" : {
          "start" : 1729879123724,
          "stop" : 1729879126724,
          "duration" : 3000
        },
        "status" : "passed",
        "steps" : [ ],
        "attachments" : [ ],
        "parameters" : [ ],
        "stepsCount" : 0,
        "attachmentsCount" : 0,
        "shouldDisplayMessage" : false,
        "hasContent" : false
      }, {
        "name" : "Page 'https://m2-live-dev-001.antoshka.ua/uk/' is opened",
        "time" : {
          "start" : 1729879126724,
          "stop" : 1729879126730,
          "duration" : 6
        },
        "status" : "passed",
        "steps" : [ ],
        "attachments" : [ ],
        "parameters" : [ ],
        "stepsCount" : 0,
        "attachmentsCount" : 0,
        "shouldDisplayMessage" : false,
        "hasContent" : false
      }, {
        "name" : "Click ('xpath', \"//*[@id='login-enter']\")",
        "time" : {
          "start" : 1729879126730,
          "stop" : 1729879126815,
          "duration" : 85
        },
        "status" : "passed",
        "steps" : [ ],
        "attachments" : [ ],
        "parameters" : [ ],
        "stepsCount" : 0,
        "attachmentsCount" : 0,
        "shouldDisplayMessage" : false,
        "hasContent" : false
      }, {
        "name" : "Click ('xpath', '//form[1]//a')",
        "time" : {
          "start" : 1729879126816,
          "stop" : 1729879127907,
          "duration" : 1091
        },
        "status" : "passed",
        "steps" : [ ],
        "attachments" : [ ],
        "parameters" : [ ],
        "stepsCount" : 0,
        "attachmentsCount" : 0,
        "shouldDisplayMessage" : false,
        "hasContent" : false
      }, {
        "name" : "Fill '('xpath', \"//input[@data-validation='name']\")' with data 'Л'",
        "time" : {
          "start" : 1729879127907,
          "stop" : 1729879128049,
          "duration" : 142
        },
        "status" : "passed",
        "steps" : [ ],
        "attachments" : [ ],
        "parameters" : [ ],
        "stepsCount" : 0,
        "attachmentsCount" : 0,
        "shouldDisplayMessage" : false,
        "hasContent" : false
      }, {
        "name" : "Fill '('xpath', \"//*[@id='telephone']\")' with data '636236189'",
        "time" : {
          "start" : 1729879128050,
          "stop" : 1729879128224,
          "duration" : 174
        },
        "status" : "passed",
        "steps" : [ ],
        "attachments" : [ ],
        "parameters" : [ ],
        "stepsCount" : 0,
        "attachmentsCount" : 0,
        "shouldDisplayMessage" : false,
        "hasContent" : false
      }, {
        "name" : "Fill '('xpath', \"//input[@data-validation='email']\")' with data 'iraida_1989@example.org'",
        "time" : {
          "start" : 1729879128224,
          "stop" : 1729879128394,
          "duration" : 170
        },
        "status" : "passed",
        "steps" : [ ],
        "attachments" : [ ],
        "parameters" : [ ],
        "stepsCount" : 0,
        "attachmentsCount" : 0,
        "shouldDisplayMessage" : false,
        "hasContent" : false
      }, {
        "name" : "Click ('xpath', \"//button[@class='auth_next']\")",
        "time" : {
          "start" : 1729879128394,
          "stop" : 1729879128458,
          "duration" : 64
        },
        "status" : "passed",
        "steps" : [ ],
        "attachments" : [ ],
        "parameters" : [ ],
        "stepsCount" : 0,
        "attachmentsCount" : 0,
        "shouldDisplayMessage" : false,
        "hasContent" : false
      }, {
        "name" : "Fill '('xpath', \"//input[@id='code-auth']\")' with data '8889'",
        "time" : {
          "start" : 1729879128458,
          "stop" : 1729879148794,
          "duration" : 20336
        },
        "status" : "broken",
        "statusMessage" : "selenium.common.exceptions.TimeoutException: Message: \nStacktrace:\n#0 0x561d2b0c48ae <unknown>\n#1 0x561d2abf9c40 <unknown>\n#2 0x561d2ac45e12 <unknown>\n#3 0x561d2ac46011 <unknown>\n#4 0x561d2ac8fbc4 <unknown>\n#5 0x561d2ac6defd <unknown>\n#6 0x561d2ac8d6d2 <unknown>\n#7 0x561d2ac6dc73 <unknown>\n#8 0x561d2ac396e8 <unknown>\n#9 0x561d2ac3a69e <unknown>\n#10 0x561d2b097c66 <unknown>\n#11 0x561d2b09af97 <unknown>\n#12 0x561d2b09aa58 <unknown>\n#13 0x561d2b09b425 <unknown>\n#14 0x561d2b088b6e <unknown>\n#15 0x561d2b09b76f <unknown>\n#16 0x561d2b072625 <unknown>\n#17 0x561d2b0b3d55 <unknown>\n#18 0x561d2b0b3f36 <unknown>\n#19 0x561d2b0c36e5 <unknown>\n#20 0x7fed05dc8144 <unknown>\n\n",
        "statusTrace" : "  File \"/usr/workspace/src/base_classes/base_page.py\", line 46, in fill_field_with_click\n    self.wait.until(EC.element_to_be_clickable(field_name)).click()\n  File \"/usr/local/lib/python3.10/site-packages/selenium/webdriver/support/wait.py\", line 105, in until\n    raise TimeoutException(message, screen, stacktrace)\n",
        "steps" : [ ],
        "attachments" : [ ],
        "parameters" : [ ],
        "stepsCount" : 0,
        "attachmentsCount" : 0,
        "shouldDisplayMessage" : true,
        "hasContent" : true
      } ],
      "attachments" : [ ],
      "parameters" : [ {
        "name" : "user",
        "value" : "{'name': 'Лукин Филарет Харлампович', 'email': 'iraida_1989@example.org', 'phone': '+380636236189'}"
      }, {
        "name" : "code",
        "value" : "8889"
      } ],
      "stepsCount" : 9,
      "attachmentsCount" : 0,
      "shouldDisplayMessage" : false,
      "hasContent" : true
    } ],
    "attachments" : [ {
      "uid" : "aa933920a38f1ac4",
      "name" : "log",
      "source" : "aa933920a38f1ac4.txt",
      "type" : "text/plain",
      "size" : 92
    } ],
    "parameters" : [ ],
    "stepsCount" : 10,
    "attachmentsCount" : 1,
    "shouldDisplayMessage" : true,
    "hasContent" : true
  },
  "afterStages" : [ {
    "name" : "set_driver::0",
    "time" : {
      "start" : 1729879148805,
      "stop" : 1729879148878,
      "duration" : 73
    },
    "status" : "passed",
    "steps" : [ ],
    "attachments" : [ ],
    "parameters" : [ ],
    "stepsCount" : 0,
    "attachmentsCount" : 0,
    "shouldDisplayMessage" : false,
    "hasContent" : false
  } ],
  "labels" : [ {
    "name" : "parentSuite",
    "value" : "tests.ui"
  }, {
    "name" : "suite",
    "value" : "test_registration_new_user"
  }, {
    "name" : "subSuite",
    "value" : "TestRegistrationUser"
  }, {
    "name" : "host",
    "value" : "ff849c18fa79"
  }, {
    "name" : "thread",
    "value" : "8-MainThread"
  }, {
    "name" : "framework",
    "value" : "pytest"
  }, {
    "name" : "language",
    "value" : "cpython3"
  }, {
    "name" : "package",
    "value" : "tests.ui.test_registration_new_user"
  }, {
    "name" : "resultFormat",
    "value" : "allure2"
  } ],
  "parameters" : [ {
    "name" : "code",
    "value" : "8889"
  }, {
    "name" : "user",
    "value" : "{'name': 'Лукин Филарет Харлампович', 'email': 'iraida_1989@example.org', 'phone': '+380636236189'}"
  } ],
  "links" : [ ],
  "hidden" : false,
  "retry" : false,
  "extra" : {
    "severity" : "normal",
    "retries" : [ ],
    "categories" : [ {
      "name" : "Test defects",
      "matchedStatuses" : [ ],
      "flaky" : false
    } ],
    "tags" : [ ]
  },
  "source" : "cca4aab6d0734f3d.json",
  "parameterValues" : [ "8889", "{'name': 'Лукин Филарет Харлампович', 'email': 'iraida_1989@example.org', 'phone': '+380636236189'}" ]
}