{
  "uid" : "d139b25324c83763",
  "name" : "Test try authorization with invalid code AWDEV-T491",
  "fullName" : "tests.ui.test_authorization_user.TestRegistrationUser#test_authorization_user_with_invalid_code_awdew_t491",
  "historyId" : "3cd9ebb5b840af328be660377b00b42d",
  "time" : {
    "start" : 1718559067358,
    "stop" : 1718559093918,
    "duration" : 26560
  },
  "status" : "broken",
  "statusMessage" : "selenium.common.exceptions.TimeoutException: Message: \nStacktrace:\n#0 0x7fc37f4e8e3a <unknown>\n#1 0x7fc37f1d245c <unknown>\n#2 0x7fc37f21e5b5 <unknown>\n#3 0x7fc37f21e671 <unknown>\n#4 0x7fc37f262f14 <unknown>\n#5 0x7fc37f2414dd <unknown>\n#6 0x7fc37f2602cc <unknown>\n#7 0x7fc37f241253 <unknown>\n#8 0x7fc37f2111c7 <unknown>\n#9 0x7fc37f211b3e <unknown>\n#10 0x7fc37f4af27b <unknown>\n#11 0x7fc37f4b3327 <unknown>\n#12 0x7fc37f49bdae <unknown>\n#13 0x7fc37f4b3df2 <unknown>\n#14 0x7fc37f48074f <unknown>\n#15 0x7fc37f4d8128 <unknown>\n#16 0x7fc37f4d82fb <unknown>\n#17 0x7fc37f4e7f6c <unknown>\n#18 0x7fc37fd56349 <unknown>",
  "statusTrace" : "self = <tests.ui.test_authorization_user.TestRegistrationUser object at 0x7f23a5347190>\nuser = {'name': 'Дима', 'phone': '+380637203664'}, code = 1111\n\n    @allure.title(\"Test try authorization with invalid code AWDEV-T491\")\n    @pytest.mark.parametrize(\"user, code\", [(AuthorizationUserUi.authorized_user, DEFAULT_CODE_REGISTRATION)], ids=str)\n    def test_authorization_user_with_invalid_code_awdew_t491(self, user, code):\n        self.authorization_page.open_authorization_form()\n        self.authorization_page.fill_authorization_form(user=user)\n>       self.authorization_page.confirm_authorization_form(code=code)\n\ntests/ui/test_authorization_user.py:37: \n_ _ _ _ _ _ _ _ _ _ _ _ _ _ _ _ _ _ _ _ _ _ _ _ _ _ _ _ _ _ _ _ _ _ _ _ _ _ _ _ \nsrc/pages/authorization_page.py:35: in confirm_authorization_form\n    self.fill_field_with_click(self.CODE_FIELD, code)\nsrc/base_classes/base_page.py:46: in fill_field_with_click\n    self.wait.until(EC.element_to_be_clickable(field_name)).click()\n_ _ _ _ _ _ _ _ _ _ _ _ _ _ _ _ _ _ _ _ _ _ _ _ _ _ _ _ _ _ _ _ _ _ _ _ _ _ _ _ \n\nself = <selenium.webdriver.support.wait.WebDriverWait (session=\"3fc7827783241fa9584870ccb6d960e8\")>\nmethod = <function element_to_be_clickable.<locals>._predicate at 0x7f23a53f3eb0>\nmessage = ''\n\n    def until(self, method: Callable[[D], Union[Literal[False], T]], message: str = \"\") -> T:\n        \"\"\"Calls the method provided with the driver as an argument until the \\\n        return value does not evaluate to ``False``.\n    \n        :param method: callable(WebDriver)\n        :param message: optional message for :exc:`TimeoutException`\n        :returns: the result of the last call to `method`\n        :raises: :exc:`selenium.common.exceptions.TimeoutException` if timeout occurs\n        \"\"\"\n        screen = None\n        stacktrace = None\n    \n        end_time = time.monotonic() + self._timeout\n        while True:\n            try:\n                value = method(self._driver)\n                if value:\n                    return value\n            except self._ignored_exceptions as exc:\n                screen = getattr(exc, \"screen\", None)\n                stacktrace = getattr(exc, \"stacktrace\", None)\n            time.sleep(self._poll)\n            if time.monotonic() > end_time:\n                break\n>       raise TimeoutException(message, screen, stacktrace)\nE       selenium.common.exceptions.TimeoutException: Message: \nE       Stacktrace:\nE       #0 0x7fc37f4e8e3a <unknown>\nE       #1 0x7fc37f1d245c <unknown>\nE       #2 0x7fc37f21e5b5 <unknown>\nE       #3 0x7fc37f21e671 <unknown>\nE       #4 0x7fc37f262f14 <unknown>\nE       #5 0x7fc37f2414dd <unknown>\nE       #6 0x7fc37f2602cc <unknown>\nE       #7 0x7fc37f241253 <unknown>\nE       #8 0x7fc37f2111c7 <unknown>\nE       #9 0x7fc37f211b3e <unknown>\nE       #10 0x7fc37f4af27b <unknown>\nE       #11 0x7fc37f4b3327 <unknown>\nE       #12 0x7fc37f49bdae <unknown>\nE       #13 0x7fc37f4b3df2 <unknown>\nE       #14 0x7fc37f48074f <unknown>\nE       #15 0x7fc37f4d8128 <unknown>\nE       #16 0x7fc37f4d82fb <unknown>\nE       #17 0x7fc37f4e7f6c <unknown>\nE       #18 0x7fc37fd56349 <unknown>\n\n../local/lib/python3.10/site-packages/selenium/webdriver/support/wait.py:105: TimeoutException",
  "flaky" : false,
  "newFailed" : false,
  "beforeStages" : [ {
    "name" : "set_env_settings",
    "time" : {
      "start" : 1718559014590,
      "stop" : 1718559014591,
      "duration" : 1
    },
    "status" : "passed",
    "steps" : [ ],
    "attachments" : [ ],
    "parameters" : [ ],
    "attachmentsCount" : 0,
    "shouldDisplayMessage" : false,
    "stepsCount" : 0,
    "hasContent" : false
  }, {
    "name" : "setup",
    "time" : {
      "start" : 1718559067357,
      "stop" : 1718559067357,
      "duration" : 0
    },
    "status" : "passed",
    "steps" : [ ],
    "attachments" : [ ],
    "parameters" : [ ],
    "attachmentsCount" : 0,
    "shouldDisplayMessage" : false,
    "stepsCount" : 0,
    "hasContent" : false
  }, {
    "name" : "_session_faker",
    "time" : {
      "start" : 1718559014505,
      "stop" : 1718559014589,
      "duration" : 84
    },
    "status" : "passed",
    "steps" : [ ],
    "attachments" : [ ],
    "parameters" : [ ],
    "attachmentsCount" : 0,
    "shouldDisplayMessage" : false,
    "stepsCount" : 0,
    "hasContent" : false
  }, {
    "name" : "pytestconfig",
    "time" : {
      "start" : 1718559014590,
      "stop" : 1718559014590,
      "duration" : 0
    },
    "status" : "passed",
    "steps" : [ ],
    "attachments" : [ ],
    "parameters" : [ ],
    "attachmentsCount" : 0,
    "shouldDisplayMessage" : false,
    "stepsCount" : 0,
    "hasContent" : false
  }, {
    "name" : "set_driver",
    "time" : {
      "start" : 1718559066958,
      "stop" : 1718559067357,
      "duration" : 399
    },
    "status" : "passed",
    "steps" : [ ],
    "attachments" : [ ],
    "parameters" : [ ],
    "attachmentsCount" : 0,
    "shouldDisplayMessage" : false,
    "stepsCount" : 0,
    "hasContent" : false
  } ],
  "testStage" : {
    "status" : "broken",
    "statusMessage" : "selenium.common.exceptions.TimeoutException: Message: \nStacktrace:\n#0 0x7fc37f4e8e3a <unknown>\n#1 0x7fc37f1d245c <unknown>\n#2 0x7fc37f21e5b5 <unknown>\n#3 0x7fc37f21e671 <unknown>\n#4 0x7fc37f262f14 <unknown>\n#5 0x7fc37f2414dd <unknown>\n#6 0x7fc37f2602cc <unknown>\n#7 0x7fc37f241253 <unknown>\n#8 0x7fc37f2111c7 <unknown>\n#9 0x7fc37f211b3e <unknown>\n#10 0x7fc37f4af27b <unknown>\n#11 0x7fc37f4b3327 <unknown>\n#12 0x7fc37f49bdae <unknown>\n#13 0x7fc37f4b3df2 <unknown>\n#14 0x7fc37f48074f <unknown>\n#15 0x7fc37f4d8128 <unknown>\n#16 0x7fc37f4d82fb <unknown>\n#17 0x7fc37f4e7f6c <unknown>\n#18 0x7fc37fd56349 <unknown>",
    "statusTrace" : "self = <tests.ui.test_authorization_user.TestRegistrationUser object at 0x7f23a5347190>\nuser = {'name': 'Дима', 'phone': '+380637203664'}, code = 1111\n\n    @allure.title(\"Test try authorization with invalid code AWDEV-T491\")\n    @pytest.mark.parametrize(\"user, code\", [(AuthorizationUserUi.authorized_user, DEFAULT_CODE_REGISTRATION)], ids=str)\n    def test_authorization_user_with_invalid_code_awdew_t491(self, user, code):\n        self.authorization_page.open_authorization_form()\n        self.authorization_page.fill_authorization_form(user=user)\n>       self.authorization_page.confirm_authorization_form(code=code)\n\ntests/ui/test_authorization_user.py:37: \n_ _ _ _ _ _ _ _ _ _ _ _ _ _ _ _ _ _ _ _ _ _ _ _ _ _ _ _ _ _ _ _ _ _ _ _ _ _ _ _ \nsrc/pages/authorization_page.py:35: in confirm_authorization_form\n    self.fill_field_with_click(self.CODE_FIELD, code)\nsrc/base_classes/base_page.py:46: in fill_field_with_click\n    self.wait.until(EC.element_to_be_clickable(field_name)).click()\n_ _ _ _ _ _ _ _ _ _ _ _ _ _ _ _ _ _ _ _ _ _ _ _ _ _ _ _ _ _ _ _ _ _ _ _ _ _ _ _ \n\nself = <selenium.webdriver.support.wait.WebDriverWait (session=\"3fc7827783241fa9584870ccb6d960e8\")>\nmethod = <function element_to_be_clickable.<locals>._predicate at 0x7f23a53f3eb0>\nmessage = ''\n\n    def until(self, method: Callable[[D], Union[Literal[False], T]], message: str = \"\") -> T:\n        \"\"\"Calls the method provided with the driver as an argument until the \\\n        return value does not evaluate to ``False``.\n    \n        :param method: callable(WebDriver)\n        :param message: optional message for :exc:`TimeoutException`\n        :returns: the result of the last call to `method`\n        :raises: :exc:`selenium.common.exceptions.TimeoutException` if timeout occurs\n        \"\"\"\n        screen = None\n        stacktrace = None\n    \n        end_time = time.monotonic() + self._timeout\n        while True:\n            try:\n                value = method(self._driver)\n                if value:\n                    return value\n            except self._ignored_exceptions as exc:\n                screen = getattr(exc, \"screen\", None)\n                stacktrace = getattr(exc, \"stacktrace\", None)\n            time.sleep(self._poll)\n            if time.monotonic() > end_time:\n                break\n>       raise TimeoutException(message, screen, stacktrace)\nE       selenium.common.exceptions.TimeoutException: Message: \nE       Stacktrace:\nE       #0 0x7fc37f4e8e3a <unknown>\nE       #1 0x7fc37f1d245c <unknown>\nE       #2 0x7fc37f21e5b5 <unknown>\nE       #3 0x7fc37f21e671 <unknown>\nE       #4 0x7fc37f262f14 <unknown>\nE       #5 0x7fc37f2414dd <unknown>\nE       #6 0x7fc37f2602cc <unknown>\nE       #7 0x7fc37f241253 <unknown>\nE       #8 0x7fc37f2111c7 <unknown>\nE       #9 0x7fc37f211b3e <unknown>\nE       #10 0x7fc37f4af27b <unknown>\nE       #11 0x7fc37f4b3327 <unknown>\nE       #12 0x7fc37f49bdae <unknown>\nE       #13 0x7fc37f4b3df2 <unknown>\nE       #14 0x7fc37f48074f <unknown>\nE       #15 0x7fc37f4d8128 <unknown>\nE       #16 0x7fc37f4d82fb <unknown>\nE       #17 0x7fc37f4e7f6c <unknown>\nE       #18 0x7fc37fd56349 <unknown>\n\n../local/lib/python3.10/site-packages/selenium/webdriver/support/wait.py:105: TimeoutException",
    "steps" : [ {
      "name" : "Open 'https://m2-live-qa-001.antoshka.ua/uk/' page",
      "time" : {
        "start" : 1718559067358,
        "stop" : 1718559072118,
        "duration" : 4760
      },
      "status" : "passed",
      "steps" : [ ],
      "attachments" : [ ],
      "parameters" : [ ],
      "attachmentsCount" : 0,
      "shouldDisplayMessage" : false,
      "stepsCount" : 0,
      "hasContent" : false
    }, {
      "name" : "Page 'https://m2-live-qa-001.antoshka.ua/uk/' is opened",
      "time" : {
        "start" : 1718559072118,
        "stop" : 1718559072122,
        "duration" : 4
      },
      "status" : "passed",
      "steps" : [ ],
      "attachments" : [ ],
      "parameters" : [ ],
      "attachmentsCount" : 0,
      "shouldDisplayMessage" : false,
      "stepsCount" : 0,
      "hasContent" : false
    }, {
      "name" : "Click ('xpath', \"//*[@id='login-enter']\")",
      "time" : {
        "start" : 1718559072122,
        "stop" : 1718559072183,
        "duration" : 61
      },
      "status" : "passed",
      "steps" : [ ],
      "attachments" : [ ],
      "parameters" : [ ],
      "attachmentsCount" : 0,
      "shouldDisplayMessage" : false,
      "stepsCount" : 0,
      "hasContent" : false
    }, {
      "name" : "Fill '('xpath', \"//*[@id='telephone']\")' with data '637203664'",
      "time" : {
        "start" : 1718559072183,
        "stop" : 1718559073354,
        "duration" : 1171
      },
      "status" : "passed",
      "steps" : [ ],
      "attachments" : [ ],
      "parameters" : [ ],
      "attachmentsCount" : 0,
      "shouldDisplayMessage" : false,
      "stepsCount" : 0,
      "hasContent" : false
    }, {
      "name" : "Click ('xpath', \"//button[@class='auth_next']\")",
      "time" : {
        "start" : 1718559073354,
        "stop" : 1718559073409,
        "duration" : 55
      },
      "status" : "passed",
      "steps" : [ ],
      "attachments" : [ ],
      "parameters" : [ ],
      "attachmentsCount" : 0,
      "shouldDisplayMessage" : false,
      "stepsCount" : 0,
      "hasContent" : false
    }, {
      "name" : "Fill '('xpath', \"//input[@id='code-auth']\")' with data '1111'",
      "time" : {
        "start" : 1718559073409,
        "stop" : 1718559093917,
        "duration" : 20508
      },
      "status" : "broken",
      "statusMessage" : "selenium.common.exceptions.TimeoutException: Message: \nStacktrace:\n#0 0x7fc37f4e8e3a <unknown>\n#1 0x7fc37f1d245c <unknown>\n#2 0x7fc37f21e5b5 <unknown>\n#3 0x7fc37f21e671 <unknown>\n#4 0x7fc37f262f14 <unknown>\n#5 0x7fc37f2414dd <unknown>\n#6 0x7fc37f2602cc <unknown>\n#7 0x7fc37f241253 <unknown>\n#8 0x7fc37f2111c7 <unknown>\n#9 0x7fc37f211b3e <unknown>\n#10 0x7fc37f4af27b <unknown>\n#11 0x7fc37f4b3327 <unknown>\n#12 0x7fc37f49bdae <unknown>\n#13 0x7fc37f4b3df2 <unknown>\n#14 0x7fc37f48074f <unknown>\n#15 0x7fc37f4d8128 <unknown>\n#16 0x7fc37f4d82fb <unknown>\n#17 0x7fc37f4e7f6c <unknown>\n#18 0x7fc37fd56349 <unknown>\n\n",
      "statusTrace" : "  File \"/usr/workspace/src/base_classes/base_page.py\", line 46, in fill_field_with_click\n    self.wait.until(EC.element_to_be_clickable(field_name)).click()\n  File \"/usr/local/lib/python3.10/site-packages/selenium/webdriver/support/wait.py\", line 105, in until\n    raise TimeoutException(message, screen, stacktrace)\n",
      "steps" : [ ],
      "attachments" : [ ],
      "parameters" : [ ],
      "attachmentsCount" : 0,
      "shouldDisplayMessage" : true,
      "stepsCount" : 0,
      "hasContent" : true
    } ],
    "attachments" : [ ],
    "parameters" : [ ],
    "attachmentsCount" : 0,
    "shouldDisplayMessage" : true,
    "stepsCount" : 6,
    "hasContent" : true
  },
  "afterStages" : [ {
    "name" : "set_driver::0",
    "time" : {
      "start" : 1718559093925,
      "stop" : 1718559093996,
      "duration" : 71
    },
    "status" : "passed",
    "steps" : [ ],
    "attachments" : [ ],
    "parameters" : [ ],
    "attachmentsCount" : 0,
    "shouldDisplayMessage" : false,
    "stepsCount" : 0,
    "hasContent" : false
  } ],
  "labels" : [ {
    "name" : "parentSuite",
    "value" : "tests.ui"
  }, {
    "name" : "suite",
    "value" : "test_authorization_user"
  }, {
    "name" : "subSuite",
    "value" : "TestRegistrationUser"
  }, {
    "name" : "host",
    "value" : "553f73c93bc8"
  }, {
    "name" : "thread",
    "value" : "1-MainThread"
  }, {
    "name" : "framework",
    "value" : "pytest"
  }, {
    "name" : "language",
    "value" : "cpython3"
  }, {
    "name" : "package",
    "value" : "tests.ui.test_authorization_user"
  }, {
    "name" : "resultFormat",
    "value" : "allure2"
  } ],
  "parameters" : [ {
    "name" : "code",
    "value" : "1111"
  }, {
    "name" : "user",
    "value" : "{'name': 'Дима', 'phone': '+380637203664'}"
  } ],
  "links" : [ ],
  "hidden" : false,
  "retry" : false,
  "extra" : {
    "severity" : "normal",
    "retries" : [ ],
    "categories" : [ {
      "name" : "Test defects",
      "matchedStatuses" : [ ],
      "flaky" : false
    } ],
    "history" : {
      "statistic" : {
        "failed" : 0,
        "broken" : 2,
        "skipped" : 0,
        "passed" : 3,
        "unknown" : 0,
        "total" : 5
      },
      "items" : [ {
        "uid" : "6cd0c0cacdfed1d3",
        "status" : "passed",
        "time" : {
          "start" : 1718551873328,
          "stop" : 1718551880917,
          "duration" : 7589
        }
      }, {
        "uid" : "4b29b197b7df6819",
        "status" : "broken",
        "statusDetails" : "selenium.common.exceptions.TimeoutException: Message: \nStacktrace:\n#0 0x7f139c2aee3a <unknown>\n#1 0x7f139bf9845c <unknown>\n#2 0x7f139bfe45b5 <unknown>\n#3 0x7f139bfe4671 <unknown>\n#4 0x7f139c028f14 <unknown>\n#5 0x7f139c0074dd <unknown>\n#6 0x7f139c0262cc <unknown>\n#7 0x7f139c007253 <unknown>\n#8 0x7f139bfd71c7 <unknown>\n#9 0x7f139bfd7b3e <unknown>\n#10 0x7f139c27527b <unknown>\n#11 0x7f139c279327 <unknown>\n#12 0x7f139c261dae <unknown>\n#13 0x7f139c279df2 <unknown>\n#14 0x7f139c24674f <unknown>\n#15 0x7f139c29e128 <unknown>\n#16 0x7f139c29e2fb <unknown>\n#17 0x7f139c2adf6c <unknown>\n#18 0x7f139cb1c349 <unknown>",
        "time" : {
          "start" : 1718551166821,
          "stop" : 1718551193004,
          "duration" : 26183
        }
      }, {
        "uid" : "75de523fa21969ed",
        "status" : "passed",
        "time" : {
          "start" : 1718549940607,
          "stop" : 1718549948982,
          "duration" : 8375
        }
      }, {
        "uid" : "fb942f64e8332291",
        "status" : "passed",
        "time" : {
          "start" : 1718549515552,
          "stop" : 1718549523827,
          "duration" : 8275
        }
      } ]
    },
    "tags" : [ ]
  },
  "source" : "d139b25324c83763.json",
  "parameterValues" : [ "1111", "{'name': 'Дима', 'phone': '+380637203664'}" ]
}