{
  "uid" : "d2259fcb592064aa",
  "name" : "test_registration_new_user_awdev_t506[{'name': '\\u0415\\u0432\\u043b\\u0430\\u043c\\u043f\\u0438\\u0439 \\u0412\\u0430\\u0441\\u0438\\u043b\\u044c\\u0435\\u0432\\u0438\\u0447 \\u0414\\u043e\\u0440\\u043e\\u043d\\u0438\\u043d', 'email': 'parfen_30@example.com', 'phone': '+380633075681'}-1111]",
  "fullName" : "tests.ui.test_registration_new_user.TestRegistrationUser#test_registration_new_user_awdev_t506",
  "historyId" : "92a8a487bac47a7219ecc009a5721327",
  "time" : {
    "start" : 1729944120902,
    "stop" : 1729944146194,
    "duration" : 25292
  },
  "status" : "broken",
  "statusMessage" : "selenium.common.exceptions.TimeoutException: Message: \nStacktrace:\n#0 0x558976e498ae <unknown>\n#1 0x55897697ec40 <unknown>\n#2 0x5589769cae12 <unknown>\n#3 0x5589769cb011 <unknown>\n#4 0x558976a14bc4 <unknown>\n#5 0x5589769f2efd <unknown>\n#6 0x558976a126d2 <unknown>\n#7 0x5589769f2c73 <unknown>\n#8 0x5589769be6e8 <unknown>\n#9 0x5589769bf69e <unknown>\n#10 0x558976e1cc66 <unknown>\n#11 0x558976e1ff97 <unknown>\n#12 0x558976e1fa58 <unknown>\n#13 0x558976e20425 <unknown>\n#14 0x558976e0db6e <unknown>\n#15 0x558976e2076f <unknown>\n#16 0x558976df7625 <unknown>\n#17 0x558976e38d55 <unknown>\n#18 0x558976e38f36 <unknown>\n#19 0x558976e486e5 <unknown>\n#20 0x7f8446e0d144 <unknown>",
  "statusTrace" : "self = <tests.ui.test_registration_new_user.TestRegistrationUser object at 0x7f91415e89a0>\nuser = {'email': 'parfen_30@example.com', 'name': 'Евлампий Васильевич Доронин', 'phone': '+380633075681'}\ncode = 1111\n\n    @allure.step(\"Registration new user AWDEV-T506\")\n    @pytest.mark.parametrize(\"user, code\", [\n        (RegistrationUserUi.user_name_phone_email, DEFAULT_CODE_REGISTRATION)], ids=str)\n    def test_registration_new_user_awdev_t506(self, user, code):\n        self.registration_page.open_registration_form()\n        self.registration_page.fill_registration_form(user=user)\n>       self.registration_page.confirm_registration_form(code=code)\n\ntests/ui/test_registration_new_user.py:16: \n_ _ _ _ _ _ _ _ _ _ _ _ _ _ _ _ _ _ _ _ _ _ _ _ _ _ _ _ _ _ _ _ _ _ _ _ _ _ _ _ \nsrc/pages/registration_page.py:44: in confirm_registration_form\n    self.fill_field_with_click(self.CODE_FIELD, code)\nsrc/base_classes/base_page.py:46: in fill_field_with_click\n    self.wait.until(EC.element_to_be_clickable(field_name)).click()\n_ _ _ _ _ _ _ _ _ _ _ _ _ _ _ _ _ _ _ _ _ _ _ _ _ _ _ _ _ _ _ _ _ _ _ _ _ _ _ _ \n\nself = <selenium.webdriver.support.wait.WebDriverWait (session=\"6d9a4e0adb69f05c6f4a5e7582c6fd6d\")>\nmethod = <function element_to_be_clickable.<locals>._predicate at 0x7f9141713be0>\nmessage = ''\n\n    def until(self, method: Callable[[D], Union[Literal[False], T]], message: str = \"\") -> T:\n        \"\"\"Calls the method provided with the driver as an argument until the \\\n        return value does not evaluate to ``False``.\n    \n        :param method: callable(WebDriver)\n        :param message: optional message for :exc:`TimeoutException`\n        :returns: the result of the last call to `method`\n        :raises: :exc:`selenium.common.exceptions.TimeoutException` if timeout occurs\n        \"\"\"\n        screen = None\n        stacktrace = None\n    \n        end_time = time.monotonic() + self._timeout\n        while True:\n            try:\n                value = method(self._driver)\n                if value:\n                    return value\n            except self._ignored_exceptions as exc:\n                screen = getattr(exc, \"screen\", None)\n                stacktrace = getattr(exc, \"stacktrace\", None)\n            time.sleep(self._poll)\n            if time.monotonic() > end_time:\n                break\n>       raise TimeoutException(message, screen, stacktrace)\nE       selenium.common.exceptions.TimeoutException: Message: \nE       Stacktrace:\nE       #0 0x558976e498ae <unknown>\nE       #1 0x55897697ec40 <unknown>\nE       #2 0x5589769cae12 <unknown>\nE       #3 0x5589769cb011 <unknown>\nE       #4 0x558976a14bc4 <unknown>\nE       #5 0x5589769f2efd <unknown>\nE       #6 0x558976a126d2 <unknown>\nE       #7 0x5589769f2c73 <unknown>\nE       #8 0x5589769be6e8 <unknown>\nE       #9 0x5589769bf69e <unknown>\nE       #10 0x558976e1cc66 <unknown>\nE       #11 0x558976e1ff97 <unknown>\nE       #12 0x558976e1fa58 <unknown>\nE       #13 0x558976e20425 <unknown>\nE       #14 0x558976e0db6e <unknown>\nE       #15 0x558976e2076f <unknown>\nE       #16 0x558976df7625 <unknown>\nE       #17 0x558976e38d55 <unknown>\nE       #18 0x558976e38f36 <unknown>\nE       #19 0x558976e486e5 <unknown>\nE       #20 0x7f8446e0d144 <unknown>\n\n../local/lib/python3.10/site-packages/selenium/webdriver/support/wait.py:105: TimeoutException",
  "flaky" : false,
  "newFailed" : false,
  "beforeStages" : [ {
    "name" : "setup",
    "time" : {
      "start" : 1729944120901,
      "stop" : 1729944120901,
      "duration" : 0
    },
    "status" : "passed",
    "steps" : [ ],
    "attachments" : [ ],
    "parameters" : [ ],
    "stepsCount" : 0,
    "attachmentsCount" : 0,
    "shouldDisplayMessage" : false,
    "hasContent" : false
  }, {
    "name" : "set_driver",
    "time" : {
      "start" : 1729944120420,
      "stop" : 1729944120901,
      "duration" : 481
    },
    "status" : "passed",
    "steps" : [ ],
    "attachments" : [ ],
    "parameters" : [ ],
    "stepsCount" : 0,
    "attachmentsCount" : 0,
    "shouldDisplayMessage" : false,
    "hasContent" : false
  }, {
    "name" : "pytestconfig",
    "time" : {
      "start" : 1729944120419,
      "stop" : 1729944120419,
      "duration" : 0
    },
    "status" : "passed",
    "steps" : [ ],
    "attachments" : [ ],
    "parameters" : [ ],
    "stepsCount" : 0,
    "attachmentsCount" : 0,
    "shouldDisplayMessage" : false,
    "hasContent" : false
  }, {
    "name" : "set_env_settings",
    "time" : {
      "start" : 1729944120419,
      "stop" : 1729944120420,
      "duration" : 1
    },
    "status" : "passed",
    "steps" : [ ],
    "attachments" : [ ],
    "parameters" : [ ],
    "stepsCount" : 0,
    "attachmentsCount" : 0,
    "shouldDisplayMessage" : false,
    "hasContent" : false
  }, {
    "name" : "_session_faker",
    "time" : {
      "start" : 1729944120347,
      "stop" : 1729944120418,
      "duration" : 71
    },
    "status" : "passed",
    "steps" : [ ],
    "attachments" : [ ],
    "parameters" : [ ],
    "stepsCount" : 0,
    "attachmentsCount" : 0,
    "shouldDisplayMessage" : false,
    "hasContent" : false
  } ],
  "testStage" : {
    "status" : "broken",
    "statusMessage" : "selenium.common.exceptions.TimeoutException: Message: \nStacktrace:\n#0 0x558976e498ae <unknown>\n#1 0x55897697ec40 <unknown>\n#2 0x5589769cae12 <unknown>\n#3 0x5589769cb011 <unknown>\n#4 0x558976a14bc4 <unknown>\n#5 0x5589769f2efd <unknown>\n#6 0x558976a126d2 <unknown>\n#7 0x5589769f2c73 <unknown>\n#8 0x5589769be6e8 <unknown>\n#9 0x5589769bf69e <unknown>\n#10 0x558976e1cc66 <unknown>\n#11 0x558976e1ff97 <unknown>\n#12 0x558976e1fa58 <unknown>\n#13 0x558976e20425 <unknown>\n#14 0x558976e0db6e <unknown>\n#15 0x558976e2076f <unknown>\n#16 0x558976df7625 <unknown>\n#17 0x558976e38d55 <unknown>\n#18 0x558976e38f36 <unknown>\n#19 0x558976e486e5 <unknown>\n#20 0x7f8446e0d144 <unknown>",
    "statusTrace" : "self = <tests.ui.test_registration_new_user.TestRegistrationUser object at 0x7f91415e89a0>\nuser = {'email': 'parfen_30@example.com', 'name': 'Евлампий Васильевич Доронин', 'phone': '+380633075681'}\ncode = 1111\n\n    @allure.step(\"Registration new user AWDEV-T506\")\n    @pytest.mark.parametrize(\"user, code\", [\n        (RegistrationUserUi.user_name_phone_email, DEFAULT_CODE_REGISTRATION)], ids=str)\n    def test_registration_new_user_awdev_t506(self, user, code):\n        self.registration_page.open_registration_form()\n        self.registration_page.fill_registration_form(user=user)\n>       self.registration_page.confirm_registration_form(code=code)\n\ntests/ui/test_registration_new_user.py:16: \n_ _ _ _ _ _ _ _ _ _ _ _ _ _ _ _ _ _ _ _ _ _ _ _ _ _ _ _ _ _ _ _ _ _ _ _ _ _ _ _ \nsrc/pages/registration_page.py:44: in confirm_registration_form\n    self.fill_field_with_click(self.CODE_FIELD, code)\nsrc/base_classes/base_page.py:46: in fill_field_with_click\n    self.wait.until(EC.element_to_be_clickable(field_name)).click()\n_ _ _ _ _ _ _ _ _ _ _ _ _ _ _ _ _ _ _ _ _ _ _ _ _ _ _ _ _ _ _ _ _ _ _ _ _ _ _ _ \n\nself = <selenium.webdriver.support.wait.WebDriverWait (session=\"6d9a4e0adb69f05c6f4a5e7582c6fd6d\")>\nmethod = <function element_to_be_clickable.<locals>._predicate at 0x7f9141713be0>\nmessage = ''\n\n    def until(self, method: Callable[[D], Union[Literal[False], T]], message: str = \"\") -> T:\n        \"\"\"Calls the method provided with the driver as an argument until the \\\n        return value does not evaluate to ``False``.\n    \n        :param method: callable(WebDriver)\n        :param message: optional message for :exc:`TimeoutException`\n        :returns: the result of the last call to `method`\n        :raises: :exc:`selenium.common.exceptions.TimeoutException` if timeout occurs\n        \"\"\"\n        screen = None\n        stacktrace = None\n    \n        end_time = time.monotonic() + self._timeout\n        while True:\n            try:\n                value = method(self._driver)\n                if value:\n                    return value\n            except self._ignored_exceptions as exc:\n                screen = getattr(exc, \"screen\", None)\n                stacktrace = getattr(exc, \"stacktrace\", None)\n            time.sleep(self._poll)\n            if time.monotonic() > end_time:\n                break\n>       raise TimeoutException(message, screen, stacktrace)\nE       selenium.common.exceptions.TimeoutException: Message: \nE       Stacktrace:\nE       #0 0x558976e498ae <unknown>\nE       #1 0x55897697ec40 <unknown>\nE       #2 0x5589769cae12 <unknown>\nE       #3 0x5589769cb011 <unknown>\nE       #4 0x558976a14bc4 <unknown>\nE       #5 0x5589769f2efd <unknown>\nE       #6 0x558976a126d2 <unknown>\nE       #7 0x5589769f2c73 <unknown>\nE       #8 0x5589769be6e8 <unknown>\nE       #9 0x5589769bf69e <unknown>\nE       #10 0x558976e1cc66 <unknown>\nE       #11 0x558976e1ff97 <unknown>\nE       #12 0x558976e1fa58 <unknown>\nE       #13 0x558976e20425 <unknown>\nE       #14 0x558976e0db6e <unknown>\nE       #15 0x558976e2076f <unknown>\nE       #16 0x558976df7625 <unknown>\nE       #17 0x558976e38d55 <unknown>\nE       #18 0x558976e38f36 <unknown>\nE       #19 0x558976e486e5 <unknown>\nE       #20 0x7f8446e0d144 <unknown>\n\n../local/lib/python3.10/site-packages/selenium/webdriver/support/wait.py:105: TimeoutException",
    "steps" : [ {
      "name" : "Registration new user AWDEV-T506",
      "time" : {
        "start" : 1729944120903,
        "stop" : 1729944146194,
        "duration" : 25291
      },
      "status" : "broken",
      "statusMessage" : "selenium.common.exceptions.TimeoutException: Message: \nStacktrace:\n#0 0x558976e498ae <unknown>\n#1 0x55897697ec40 <unknown>\n#2 0x5589769cae12 <unknown>\n#3 0x5589769cb011 <unknown>\n#4 0x558976a14bc4 <unknown>\n#5 0x5589769f2efd <unknown>\n#6 0x558976a126d2 <unknown>\n#7 0x5589769f2c73 <unknown>\n#8 0x5589769be6e8 <unknown>\n#9 0x5589769bf69e <unknown>\n#10 0x558976e1cc66 <unknown>\n#11 0x558976e1ff97 <unknown>\n#12 0x558976e1fa58 <unknown>\n#13 0x558976e20425 <unknown>\n#14 0x558976e0db6e <unknown>\n#15 0x558976e2076f <unknown>\n#16 0x558976df7625 <unknown>\n#17 0x558976e38d55 <unknown>\n#18 0x558976e38f36 <unknown>\n#19 0x558976e486e5 <unknown>\n#20 0x7f8446e0d144 <unknown>\n\n",
      "statusTrace" : "  File \"/usr/local/lib/python3.10/site-packages/allure_commons/_allure.py\", line 192, in impl\n    return func(*a, **kw)\n  File \"/usr/workspace/tests/ui/test_registration_new_user.py\", line 16, in test_registration_new_user_awdev_t506\n    self.registration_page.confirm_registration_form(code=code)\n  File \"/usr/workspace/src/pages/registration_page.py\", line 44, in confirm_registration_form\n    self.fill_field_with_click(self.CODE_FIELD, code)\n  File \"/usr/workspace/src/base_classes/base_page.py\", line 46, in fill_field_with_click\n    self.wait.until(EC.element_to_be_clickable(field_name)).click()\n  File \"/usr/local/lib/python3.10/site-packages/selenium/webdriver/support/wait.py\", line 105, in until\n    raise TimeoutException(message, screen, stacktrace)\n",
      "steps" : [ {
        "name" : "Open 'https://m2-live-qa-001.antoshka.ua/uk/' page",
        "time" : {
          "start" : 1729944120903,
          "stop" : 1729944124342,
          "duration" : 3439
        },
        "status" : "passed",
        "steps" : [ ],
        "attachments" : [ ],
        "parameters" : [ ],
        "stepsCount" : 0,
        "attachmentsCount" : 0,
        "shouldDisplayMessage" : false,
        "hasContent" : false
      }, {
        "name" : "Page 'https://m2-live-qa-001.antoshka.ua/uk/' is opened",
        "time" : {
          "start" : 1729944124342,
          "stop" : 1729944124347,
          "duration" : 5
        },
        "status" : "passed",
        "steps" : [ ],
        "attachments" : [ ],
        "parameters" : [ ],
        "stepsCount" : 0,
        "attachmentsCount" : 0,
        "shouldDisplayMessage" : false,
        "hasContent" : false
      }, {
        "name" : "Click ('xpath', \"//*[@id='login-enter']\")",
        "time" : {
          "start" : 1729944124347,
          "stop" : 1729944124405,
          "duration" : 58
        },
        "status" : "passed",
        "steps" : [ ],
        "attachments" : [ ],
        "parameters" : [ ],
        "stepsCount" : 0,
        "attachmentsCount" : 0,
        "shouldDisplayMessage" : false,
        "hasContent" : false
      }, {
        "name" : "Click ('xpath', '//form[1]//a')",
        "time" : {
          "start" : 1729944124405,
          "stop" : 1729944125480,
          "duration" : 1075
        },
        "status" : "passed",
        "steps" : [ ],
        "attachments" : [ ],
        "parameters" : [ ],
        "stepsCount" : 0,
        "attachmentsCount" : 0,
        "shouldDisplayMessage" : false,
        "hasContent" : false
      }, {
        "name" : "Fill '('xpath', \"//input[@data-validation='name']\")' with data 'Е'",
        "time" : {
          "start" : 1729944125480,
          "stop" : 1729944125597,
          "duration" : 117
        },
        "status" : "passed",
        "steps" : [ ],
        "attachments" : [ ],
        "parameters" : [ ],
        "stepsCount" : 0,
        "attachmentsCount" : 0,
        "shouldDisplayMessage" : false,
        "hasContent" : false
      }, {
        "name" : "Fill '('xpath', \"//*[@id='telephone']\")' with data '633075681'",
        "time" : {
          "start" : 1729944125597,
          "stop" : 1729944125731,
          "duration" : 134
        },
        "status" : "passed",
        "steps" : [ ],
        "attachments" : [ ],
        "parameters" : [ ],
        "stepsCount" : 0,
        "attachmentsCount" : 0,
        "shouldDisplayMessage" : false,
        "hasContent" : false
      }, {
        "name" : "Fill '('xpath', \"//input[@data-validation='email']\")' with data 'parfen_30@example.com'",
        "time" : {
          "start" : 1729944125731,
          "stop" : 1729944125880,
          "duration" : 149
        },
        "status" : "passed",
        "steps" : [ ],
        "attachments" : [ ],
        "parameters" : [ ],
        "stepsCount" : 0,
        "attachmentsCount" : 0,
        "shouldDisplayMessage" : false,
        "hasContent" : false
      }, {
        "name" : "Click ('xpath', \"//button[@class='auth_next']\")",
        "time" : {
          "start" : 1729944125880,
          "stop" : 1729944125936,
          "duration" : 56
        },
        "status" : "passed",
        "steps" : [ ],
        "attachments" : [ ],
        "parameters" : [ ],
        "stepsCount" : 0,
        "attachmentsCount" : 0,
        "shouldDisplayMessage" : false,
        "hasContent" : false
      }, {
        "name" : "Fill '('xpath', \"//input[@id='code-auth']\")' with data '1111'",
        "time" : {
          "start" : 1729944125936,
          "stop" : 1729944146193,
          "duration" : 20257
        },
        "status" : "broken",
        "statusMessage" : "selenium.common.exceptions.TimeoutException: Message: \nStacktrace:\n#0 0x558976e498ae <unknown>\n#1 0x55897697ec40 <unknown>\n#2 0x5589769cae12 <unknown>\n#3 0x5589769cb011 <unknown>\n#4 0x558976a14bc4 <unknown>\n#5 0x5589769f2efd <unknown>\n#6 0x558976a126d2 <unknown>\n#7 0x5589769f2c73 <unknown>\n#8 0x5589769be6e8 <unknown>\n#9 0x5589769bf69e <unknown>\n#10 0x558976e1cc66 <unknown>\n#11 0x558976e1ff97 <unknown>\n#12 0x558976e1fa58 <unknown>\n#13 0x558976e20425 <unknown>\n#14 0x558976e0db6e <unknown>\n#15 0x558976e2076f <unknown>\n#16 0x558976df7625 <unknown>\n#17 0x558976e38d55 <unknown>\n#18 0x558976e38f36 <unknown>\n#19 0x558976e486e5 <unknown>\n#20 0x7f8446e0d144 <unknown>\n\n",
        "statusTrace" : "  File \"/usr/workspace/src/base_classes/base_page.py\", line 46, in fill_field_with_click\n    self.wait.until(EC.element_to_be_clickable(field_name)).click()\n  File \"/usr/local/lib/python3.10/site-packages/selenium/webdriver/support/wait.py\", line 105, in until\n    raise TimeoutException(message, screen, stacktrace)\n",
        "steps" : [ ],
        "attachments" : [ ],
        "parameters" : [ ],
        "stepsCount" : 0,
        "attachmentsCount" : 0,
        "shouldDisplayMessage" : true,
        "hasContent" : true
      } ],
      "attachments" : [ ],
      "parameters" : [ {
        "name" : "user",
        "value" : "{'name': 'Евлампий Васильевич Доронин', 'email': 'parfen_30@example.com', 'phone': '+380633075681'}"
      }, {
        "name" : "code",
        "value" : "1111"
      } ],
      "stepsCount" : 9,
      "attachmentsCount" : 0,
      "shouldDisplayMessage" : false,
      "hasContent" : true
    } ],
    "attachments" : [ {
      "uid" : "e517a078d7832487",
      "name" : "log",
      "source" : "e517a078d7832487.txt",
      "type" : "text/plain",
      "size" : 92
    } ],
    "parameters" : [ ],
    "stepsCount" : 10,
    "attachmentsCount" : 1,
    "shouldDisplayMessage" : true,
    "hasContent" : true
  },
  "afterStages" : [ {
    "name" : "set_driver::0",
    "time" : {
      "start" : 1729944146236,
      "stop" : 1729944146304,
      "duration" : 68
    },
    "status" : "passed",
    "steps" : [ ],
    "attachments" : [ ],
    "parameters" : [ ],
    "stepsCount" : 0,
    "attachmentsCount" : 0,
    "shouldDisplayMessage" : false,
    "hasContent" : false
  } ],
  "labels" : [ {
    "name" : "parentSuite",
    "value" : "tests.ui"
  }, {
    "name" : "suite",
    "value" : "test_registration_new_user"
  }, {
    "name" : "subSuite",
    "value" : "TestRegistrationUser"
  }, {
    "name" : "host",
    "value" : "9f0b33365d87"
  }, {
    "name" : "thread",
    "value" : "7-MainThread"
  }, {
    "name" : "framework",
    "value" : "pytest"
  }, {
    "name" : "language",
    "value" : "cpython3"
  }, {
    "name" : "package",
    "value" : "tests.ui.test_registration_new_user"
  }, {
    "name" : "resultFormat",
    "value" : "allure2"
  } ],
  "parameters" : [ {
    "name" : "code",
    "value" : "1111"
  }, {
    "name" : "user",
    "value" : "{'name': 'Евлампий Васильевич Доронин', 'email': 'parfen_30@example.com', 'phone': '+380633075681'}"
  } ],
  "links" : [ ],
  "hidden" : false,
  "retry" : false,
  "extra" : {
    "severity" : "normal",
    "retries" : [ ],
    "categories" : [ {
      "name" : "Test defects",
      "matchedStatuses" : [ ],
      "flaky" : false
    } ],
    "tags" : [ ]
  },
  "source" : "d2259fcb592064aa.json",
  "parameterValues" : [ "1111", "{'name': 'Евлампий Васильевич Доронин', 'email': 'parfen_30@example.com', 'phone': '+380633075681'}" ]
}