{
  "uid" : "d6e8d9d108ba8fc6",
  "name" : "test_registration_user_with_wrong_code_awdev_t506[{'name': '\\u0411\\u0443\\u0440\\u043e\\u0432 \\u0413\\u0435\\u0440\\u0430\\u0441\\u0438\\u043c \\u0418\\u0437\\u043c\\u0430\\u0438\\u043b\\u043e\\u0432\\u0438\\u0447', 'email': 'ermakovaveronika@example.net', 'phone': '+380632124721'}-8889]",
  "fullName" : "tests.ui.test_registration_new_user.TestRegistrationUser#test_registration_user_with_wrong_code_awdev_t506",
  "historyId" : "12f0556a01ab650a2c41e1a17c9770d7",
  "time" : {
    "start" : 1729940643923,
    "stop" : 1729940668677,
    "duration" : 24754
  },
  "status" : "broken",
  "statusMessage" : "selenium.common.exceptions.TimeoutException: Message: \nStacktrace:\n#0 0x5635d2daa8ae <unknown>\n#1 0x5635d28dfc40 <unknown>\n#2 0x5635d292be12 <unknown>\n#3 0x5635d292c011 <unknown>\n#4 0x5635d2975bc4 <unknown>\n#5 0x5635d2953efd <unknown>\n#6 0x5635d29736d2 <unknown>\n#7 0x5635d2953c73 <unknown>\n#8 0x5635d291f6e8 <unknown>\n#9 0x5635d292069e <unknown>\n#10 0x5635d2d7dc66 <unknown>\n#11 0x5635d2d80f97 <unknown>\n#12 0x5635d2d80a58 <unknown>\n#13 0x5635d2d81425 <unknown>\n#14 0x5635d2d6eb6e <unknown>\n#15 0x5635d2d8176f <unknown>\n#16 0x5635d2d58625 <unknown>\n#17 0x5635d2d99d55 <unknown>\n#18 0x5635d2d99f36 <unknown>\n#19 0x5635d2da96e5 <unknown>\n#20 0x7fa1fd0c0144 <unknown>",
  "statusTrace" : "self = <tests.ui.test_registration_new_user.TestRegistrationUser object at 0x7f40f38b3790>\nuser = {'email': 'ermakovaveronika@example.net', 'name': 'Буров Герасим Измаилович', 'phone': '+380632124721'}\ncode = 8889\n\n    @allure.step(\"Registration new user with wrong code AWDEV-T506\")\n    @pytest.mark.parametrize(\"user, code\",\n                             [(RegistrationUserUi.new_user_name_phone_email, DEFAULT_CODE_AUTHORIZATION)], ids=str)\n    def test_registration_user_with_wrong_code_awdev_t506(self, user, code):\n        self.registration_page.open_registration_form()\n        self.registration_page.fill_registration_form(user=user)\n>       self.registration_page.confirm_registration_form(code=code, correct=False)\n\ntests/ui/test_registration_new_user.py:41: \n_ _ _ _ _ _ _ _ _ _ _ _ _ _ _ _ _ _ _ _ _ _ _ _ _ _ _ _ _ _ _ _ _ _ _ _ _ _ _ _ \nsrc/pages/registration_page.py:44: in confirm_registration_form\n    self.fill_field_with_click(self.CODE_FIELD, code)\nsrc/base_classes/base_page.py:46: in fill_field_with_click\n    self.wait.until(EC.element_to_be_clickable(field_name)).click()\n_ _ _ _ _ _ _ _ _ _ _ _ _ _ _ _ _ _ _ _ _ _ _ _ _ _ _ _ _ _ _ _ _ _ _ _ _ _ _ _ \n\nself = <selenium.webdriver.support.wait.WebDriverWait (session=\"beca64b2866b063731642173dd07c9de\")>\nmethod = <function element_to_be_clickable.<locals>._predicate at 0x7f40f354d120>\nmessage = ''\n\n    def until(self, method: Callable[[D], Union[Literal[False], T]], message: str = \"\") -> T:\n        \"\"\"Calls the method provided with the driver as an argument until the \\\n        return value does not evaluate to ``False``.\n    \n        :param method: callable(WebDriver)\n        :param message: optional message for :exc:`TimeoutException`\n        :returns: the result of the last call to `method`\n        :raises: :exc:`selenium.common.exceptions.TimeoutException` if timeout occurs\n        \"\"\"\n        screen = None\n        stacktrace = None\n    \n        end_time = time.monotonic() + self._timeout\n        while True:\n            try:\n                value = method(self._driver)\n                if value:\n                    return value\n            except self._ignored_exceptions as exc:\n                screen = getattr(exc, \"screen\", None)\n                stacktrace = getattr(exc, \"stacktrace\", None)\n            time.sleep(self._poll)\n            if time.monotonic() > end_time:\n                break\n>       raise TimeoutException(message, screen, stacktrace)\nE       selenium.common.exceptions.TimeoutException: Message: \nE       Stacktrace:\nE       #0 0x5635d2daa8ae <unknown>\nE       #1 0x5635d28dfc40 <unknown>\nE       #2 0x5635d292be12 <unknown>\nE       #3 0x5635d292c011 <unknown>\nE       #4 0x5635d2975bc4 <unknown>\nE       #5 0x5635d2953efd <unknown>\nE       #6 0x5635d29736d2 <unknown>\nE       #7 0x5635d2953c73 <unknown>\nE       #8 0x5635d291f6e8 <unknown>\nE       #9 0x5635d292069e <unknown>\nE       #10 0x5635d2d7dc66 <unknown>\nE       #11 0x5635d2d80f97 <unknown>\nE       #12 0x5635d2d80a58 <unknown>\nE       #13 0x5635d2d81425 <unknown>\nE       #14 0x5635d2d6eb6e <unknown>\nE       #15 0x5635d2d8176f <unknown>\nE       #16 0x5635d2d58625 <unknown>\nE       #17 0x5635d2d99d55 <unknown>\nE       #18 0x5635d2d99f36 <unknown>\nE       #19 0x5635d2da96e5 <unknown>\nE       #20 0x7fa1fd0c0144 <unknown>\n\n../local/lib/python3.10/site-packages/selenium/webdriver/support/wait.py:105: TimeoutException",
  "flaky" : false,
  "newFailed" : false,
  "beforeStages" : [ {
    "name" : "pytestconfig",
    "time" : {
      "start" : 1729940607498,
      "stop" : 1729940607498,
      "duration" : 0
    },
    "status" : "passed",
    "steps" : [ ],
    "attachments" : [ ],
    "parameters" : [ ],
    "stepsCount" : 0,
    "attachmentsCount" : 0,
    "shouldDisplayMessage" : false,
    "hasContent" : false
  }, {
    "name" : "_session_faker",
    "time" : {
      "start" : 1729940607426,
      "stop" : 1729940607498,
      "duration" : 72
    },
    "status" : "passed",
    "steps" : [ ],
    "attachments" : [ ],
    "parameters" : [ ],
    "stepsCount" : 0,
    "attachmentsCount" : 0,
    "shouldDisplayMessage" : false,
    "hasContent" : false
  }, {
    "name" : "set_driver",
    "time" : {
      "start" : 1729940643480,
      "stop" : 1729940643921,
      "duration" : 441
    },
    "status" : "passed",
    "steps" : [ ],
    "attachments" : [ ],
    "parameters" : [ ],
    "stepsCount" : 0,
    "attachmentsCount" : 0,
    "shouldDisplayMessage" : false,
    "hasContent" : false
  }, {
    "name" : "setup",
    "time" : {
      "start" : 1729940643922,
      "stop" : 1729940643922,
      "duration" : 0
    },
    "status" : "passed",
    "steps" : [ ],
    "attachments" : [ ],
    "parameters" : [ ],
    "stepsCount" : 0,
    "attachmentsCount" : 0,
    "shouldDisplayMessage" : false,
    "hasContent" : false
  }, {
    "name" : "set_env_settings",
    "time" : {
      "start" : 1729940607498,
      "stop" : 1729940607499,
      "duration" : 1
    },
    "status" : "passed",
    "steps" : [ ],
    "attachments" : [ ],
    "parameters" : [ ],
    "stepsCount" : 0,
    "attachmentsCount" : 0,
    "shouldDisplayMessage" : false,
    "hasContent" : false
  } ],
  "testStage" : {
    "status" : "broken",
    "statusMessage" : "selenium.common.exceptions.TimeoutException: Message: \nStacktrace:\n#0 0x5635d2daa8ae <unknown>\n#1 0x5635d28dfc40 <unknown>\n#2 0x5635d292be12 <unknown>\n#3 0x5635d292c011 <unknown>\n#4 0x5635d2975bc4 <unknown>\n#5 0x5635d2953efd <unknown>\n#6 0x5635d29736d2 <unknown>\n#7 0x5635d2953c73 <unknown>\n#8 0x5635d291f6e8 <unknown>\n#9 0x5635d292069e <unknown>\n#10 0x5635d2d7dc66 <unknown>\n#11 0x5635d2d80f97 <unknown>\n#12 0x5635d2d80a58 <unknown>\n#13 0x5635d2d81425 <unknown>\n#14 0x5635d2d6eb6e <unknown>\n#15 0x5635d2d8176f <unknown>\n#16 0x5635d2d58625 <unknown>\n#17 0x5635d2d99d55 <unknown>\n#18 0x5635d2d99f36 <unknown>\n#19 0x5635d2da96e5 <unknown>\n#20 0x7fa1fd0c0144 <unknown>",
    "statusTrace" : "self = <tests.ui.test_registration_new_user.TestRegistrationUser object at 0x7f40f38b3790>\nuser = {'email': 'ermakovaveronika@example.net', 'name': 'Буров Герасим Измаилович', 'phone': '+380632124721'}\ncode = 8889\n\n    @allure.step(\"Registration new user with wrong code AWDEV-T506\")\n    @pytest.mark.parametrize(\"user, code\",\n                             [(RegistrationUserUi.new_user_name_phone_email, DEFAULT_CODE_AUTHORIZATION)], ids=str)\n    def test_registration_user_with_wrong_code_awdev_t506(self, user, code):\n        self.registration_page.open_registration_form()\n        self.registration_page.fill_registration_form(user=user)\n>       self.registration_page.confirm_registration_form(code=code, correct=False)\n\ntests/ui/test_registration_new_user.py:41: \n_ _ _ _ _ _ _ _ _ _ _ _ _ _ _ _ _ _ _ _ _ _ _ _ _ _ _ _ _ _ _ _ _ _ _ _ _ _ _ _ \nsrc/pages/registration_page.py:44: in confirm_registration_form\n    self.fill_field_with_click(self.CODE_FIELD, code)\nsrc/base_classes/base_page.py:46: in fill_field_with_click\n    self.wait.until(EC.element_to_be_clickable(field_name)).click()\n_ _ _ _ _ _ _ _ _ _ _ _ _ _ _ _ _ _ _ _ _ _ _ _ _ _ _ _ _ _ _ _ _ _ _ _ _ _ _ _ \n\nself = <selenium.webdriver.support.wait.WebDriverWait (session=\"beca64b2866b063731642173dd07c9de\")>\nmethod = <function element_to_be_clickable.<locals>._predicate at 0x7f40f354d120>\nmessage = ''\n\n    def until(self, method: Callable[[D], Union[Literal[False], T]], message: str = \"\") -> T:\n        \"\"\"Calls the method provided with the driver as an argument until the \\\n        return value does not evaluate to ``False``.\n    \n        :param method: callable(WebDriver)\n        :param message: optional message for :exc:`TimeoutException`\n        :returns: the result of the last call to `method`\n        :raises: :exc:`selenium.common.exceptions.TimeoutException` if timeout occurs\n        \"\"\"\n        screen = None\n        stacktrace = None\n    \n        end_time = time.monotonic() + self._timeout\n        while True:\n            try:\n                value = method(self._driver)\n                if value:\n                    return value\n            except self._ignored_exceptions as exc:\n                screen = getattr(exc, \"screen\", None)\n                stacktrace = getattr(exc, \"stacktrace\", None)\n            time.sleep(self._poll)\n            if time.monotonic() > end_time:\n                break\n>       raise TimeoutException(message, screen, stacktrace)\nE       selenium.common.exceptions.TimeoutException: Message: \nE       Stacktrace:\nE       #0 0x5635d2daa8ae <unknown>\nE       #1 0x5635d28dfc40 <unknown>\nE       #2 0x5635d292be12 <unknown>\nE       #3 0x5635d292c011 <unknown>\nE       #4 0x5635d2975bc4 <unknown>\nE       #5 0x5635d2953efd <unknown>\nE       #6 0x5635d29736d2 <unknown>\nE       #7 0x5635d2953c73 <unknown>\nE       #8 0x5635d291f6e8 <unknown>\nE       #9 0x5635d292069e <unknown>\nE       #10 0x5635d2d7dc66 <unknown>\nE       #11 0x5635d2d80f97 <unknown>\nE       #12 0x5635d2d80a58 <unknown>\nE       #13 0x5635d2d81425 <unknown>\nE       #14 0x5635d2d6eb6e <unknown>\nE       #15 0x5635d2d8176f <unknown>\nE       #16 0x5635d2d58625 <unknown>\nE       #17 0x5635d2d99d55 <unknown>\nE       #18 0x5635d2d99f36 <unknown>\nE       #19 0x5635d2da96e5 <unknown>\nE       #20 0x7fa1fd0c0144 <unknown>\n\n../local/lib/python3.10/site-packages/selenium/webdriver/support/wait.py:105: TimeoutException",
    "steps" : [ {
      "name" : "Registration new user with wrong code AWDEV-T506",
      "time" : {
        "start" : 1729940643923,
        "stop" : 1729940668676,
        "duration" : 24753
      },
      "status" : "broken",
      "statusMessage" : "selenium.common.exceptions.TimeoutException: Message: \nStacktrace:\n#0 0x5635d2daa8ae <unknown>\n#1 0x5635d28dfc40 <unknown>\n#2 0x5635d292be12 <unknown>\n#3 0x5635d292c011 <unknown>\n#4 0x5635d2975bc4 <unknown>\n#5 0x5635d2953efd <unknown>\n#6 0x5635d29736d2 <unknown>\n#7 0x5635d2953c73 <unknown>\n#8 0x5635d291f6e8 <unknown>\n#9 0x5635d292069e <unknown>\n#10 0x5635d2d7dc66 <unknown>\n#11 0x5635d2d80f97 <unknown>\n#12 0x5635d2d80a58 <unknown>\n#13 0x5635d2d81425 <unknown>\n#14 0x5635d2d6eb6e <unknown>\n#15 0x5635d2d8176f <unknown>\n#16 0x5635d2d58625 <unknown>\n#17 0x5635d2d99d55 <unknown>\n#18 0x5635d2d99f36 <unknown>\n#19 0x5635d2da96e5 <unknown>\n#20 0x7fa1fd0c0144 <unknown>\n\n",
      "statusTrace" : "  File \"/usr/local/lib/python3.10/site-packages/allure_commons/_allure.py\", line 192, in impl\n    return func(*a, **kw)\n  File \"/usr/workspace/tests/ui/test_registration_new_user.py\", line 41, in test_registration_user_with_wrong_code_awdev_t506\n    self.registration_page.confirm_registration_form(code=code, correct=False)\n  File \"/usr/workspace/src/pages/registration_page.py\", line 44, in confirm_registration_form\n    self.fill_field_with_click(self.CODE_FIELD, code)\n  File \"/usr/workspace/src/base_classes/base_page.py\", line 46, in fill_field_with_click\n    self.wait.until(EC.element_to_be_clickable(field_name)).click()\n  File \"/usr/local/lib/python3.10/site-packages/selenium/webdriver/support/wait.py\", line 105, in until\n    raise TimeoutException(message, screen, stacktrace)\n",
      "steps" : [ {
        "name" : "Open 'https://m2-live-qa-001.antoshka.ua/uk/' page",
        "time" : {
          "start" : 1729940643923,
          "stop" : 1729940646807,
          "duration" : 2884
        },
        "status" : "passed",
        "steps" : [ ],
        "attachments" : [ ],
        "parameters" : [ ],
        "stepsCount" : 0,
        "attachmentsCount" : 0,
        "shouldDisplayMessage" : false,
        "hasContent" : false
      }, {
        "name" : "Page 'https://m2-live-qa-001.antoshka.ua/uk/' is opened",
        "time" : {
          "start" : 1729940646807,
          "stop" : 1729940646812,
          "duration" : 5
        },
        "status" : "passed",
        "steps" : [ ],
        "attachments" : [ ],
        "parameters" : [ ],
        "stepsCount" : 0,
        "attachmentsCount" : 0,
        "shouldDisplayMessage" : false,
        "hasContent" : false
      }, {
        "name" : "Click ('xpath', \"//*[@id='login-enter']\")",
        "time" : {
          "start" : 1729940646812,
          "stop" : 1729940646873,
          "duration" : 61
        },
        "status" : "passed",
        "steps" : [ ],
        "attachments" : [ ],
        "parameters" : [ ],
        "stepsCount" : 0,
        "attachmentsCount" : 0,
        "shouldDisplayMessage" : false,
        "hasContent" : false
      }, {
        "name" : "Click ('xpath', '//form[1]//a')",
        "time" : {
          "start" : 1729940646873,
          "stop" : 1729940647960,
          "duration" : 1087
        },
        "status" : "passed",
        "steps" : [ ],
        "attachments" : [ ],
        "parameters" : [ ],
        "stepsCount" : 0,
        "attachmentsCount" : 0,
        "shouldDisplayMessage" : false,
        "hasContent" : false
      }, {
        "name" : "Fill '('xpath', \"//input[@data-validation='name']\")' with data 'Б'",
        "time" : {
          "start" : 1729940647960,
          "stop" : 1729940648082,
          "duration" : 122
        },
        "status" : "passed",
        "steps" : [ ],
        "attachments" : [ ],
        "parameters" : [ ],
        "stepsCount" : 0,
        "attachmentsCount" : 0,
        "shouldDisplayMessage" : false,
        "hasContent" : false
      }, {
        "name" : "Fill '('xpath', \"//*[@id='telephone']\")' with data '632124721'",
        "time" : {
          "start" : 1729940648082,
          "stop" : 1729940648217,
          "duration" : 135
        },
        "status" : "passed",
        "steps" : [ ],
        "attachments" : [ ],
        "parameters" : [ ],
        "stepsCount" : 0,
        "attachmentsCount" : 0,
        "shouldDisplayMessage" : false,
        "hasContent" : false
      }, {
        "name" : "Fill '('xpath', \"//input[@data-validation='email']\")' with data 'ermakovaveronika@example.net'",
        "time" : {
          "start" : 1729940648217,
          "stop" : 1729940648363,
          "duration" : 146
        },
        "status" : "passed",
        "steps" : [ ],
        "attachments" : [ ],
        "parameters" : [ ],
        "stepsCount" : 0,
        "attachmentsCount" : 0,
        "shouldDisplayMessage" : false,
        "hasContent" : false
      }, {
        "name" : "Click ('xpath', \"//button[@class='auth_next']\")",
        "time" : {
          "start" : 1729940648363,
          "stop" : 1729940648419,
          "duration" : 56
        },
        "status" : "passed",
        "steps" : [ ],
        "attachments" : [ ],
        "parameters" : [ ],
        "stepsCount" : 0,
        "attachmentsCount" : 0,
        "shouldDisplayMessage" : false,
        "hasContent" : false
      }, {
        "name" : "Fill '('xpath', \"//input[@id='code-auth']\")' with data '8889'",
        "time" : {
          "start" : 1729940648419,
          "stop" : 1729940668676,
          "duration" : 20257
        },
        "status" : "broken",
        "statusMessage" : "selenium.common.exceptions.TimeoutException: Message: \nStacktrace:\n#0 0x5635d2daa8ae <unknown>\n#1 0x5635d28dfc40 <unknown>\n#2 0x5635d292be12 <unknown>\n#3 0x5635d292c011 <unknown>\n#4 0x5635d2975bc4 <unknown>\n#5 0x5635d2953efd <unknown>\n#6 0x5635d29736d2 <unknown>\n#7 0x5635d2953c73 <unknown>\n#8 0x5635d291f6e8 <unknown>\n#9 0x5635d292069e <unknown>\n#10 0x5635d2d7dc66 <unknown>\n#11 0x5635d2d80f97 <unknown>\n#12 0x5635d2d80a58 <unknown>\n#13 0x5635d2d81425 <unknown>\n#14 0x5635d2d6eb6e <unknown>\n#15 0x5635d2d8176f <unknown>\n#16 0x5635d2d58625 <unknown>\n#17 0x5635d2d99d55 <unknown>\n#18 0x5635d2d99f36 <unknown>\n#19 0x5635d2da96e5 <unknown>\n#20 0x7fa1fd0c0144 <unknown>\n\n",
        "statusTrace" : "  File \"/usr/workspace/src/base_classes/base_page.py\", line 46, in fill_field_with_click\n    self.wait.until(EC.element_to_be_clickable(field_name)).click()\n  File \"/usr/local/lib/python3.10/site-packages/selenium/webdriver/support/wait.py\", line 105, in until\n    raise TimeoutException(message, screen, stacktrace)\n",
        "steps" : [ ],
        "attachments" : [ ],
        "parameters" : [ ],
        "stepsCount" : 0,
        "attachmentsCount" : 0,
        "shouldDisplayMessage" : true,
        "hasContent" : true
      } ],
      "attachments" : [ ],
      "parameters" : [ {
        "name" : "user",
        "value" : "{'name': 'Буров Герасим Измаилович', 'email': 'ermakovaveronika@example.net', 'phone': '+380632124721'}"
      }, {
        "name" : "code",
        "value" : "8889"
      } ],
      "stepsCount" : 9,
      "attachmentsCount" : 0,
      "shouldDisplayMessage" : false,
      "hasContent" : true
    } ],
    "attachments" : [ {
      "uid" : "8aaf52740c4a8cbc",
      "name" : "log",
      "source" : "8aaf52740c4a8cbc.txt",
      "type" : "text/plain",
      "size" : 92
    } ],
    "parameters" : [ ],
    "stepsCount" : 10,
    "attachmentsCount" : 1,
    "shouldDisplayMessage" : true,
    "hasContent" : true
  },
  "afterStages" : [ {
    "name" : "set_driver::0",
    "time" : {
      "start" : 1729940668684,
      "stop" : 1729940668753,
      "duration" : 69
    },
    "status" : "passed",
    "steps" : [ ],
    "attachments" : [ ],
    "parameters" : [ ],
    "stepsCount" : 0,
    "attachmentsCount" : 0,
    "shouldDisplayMessage" : false,
    "hasContent" : false
  } ],
  "labels" : [ {
    "name" : "parentSuite",
    "value" : "tests.ui"
  }, {
    "name" : "suite",
    "value" : "test_registration_new_user"
  }, {
    "name" : "subSuite",
    "value" : "TestRegistrationUser"
  }, {
    "name" : "host",
    "value" : "d7b0dc4f4e2d"
  }, {
    "name" : "thread",
    "value" : "7-MainThread"
  }, {
    "name" : "framework",
    "value" : "pytest"
  }, {
    "name" : "language",
    "value" : "cpython3"
  }, {
    "name" : "package",
    "value" : "tests.ui.test_registration_new_user"
  }, {
    "name" : "resultFormat",
    "value" : "allure2"
  } ],
  "parameters" : [ {
    "name" : "code",
    "value" : "8889"
  }, {
    "name" : "user",
    "value" : "{'name': 'Буров Герасим Измаилович', 'email': 'ermakovaveronika@example.net', 'phone': '+380632124721'}"
  } ],
  "links" : [ ],
  "hidden" : false,
  "retry" : false,
  "extra" : {
    "severity" : "normal",
    "retries" : [ ],
    "categories" : [ {
      "name" : "Test defects",
      "matchedStatuses" : [ ],
      "flaky" : false
    } ],
    "tags" : [ ]
  },
  "source" : "d6e8d9d108ba8fc6.json",
  "parameterValues" : [ "8889", "{'name': 'Буров Герасим Измаилович', 'email': 'ermakovaveronika@example.net', 'phone': '+380632124721'}" ]
}