{
  "uid" : "dc646d329050559e",
  "name" : "test_registration_new_user_awdev_t506[{'name': '\\u0410\\u0433\\u0430\\u0442\\u0430 \\u0421\\u0442\\u0430\\u043d\\u0438\\u0441\\u043b\\u0430\\u0432\\u043e\\u0432\\u043d\\u0430 \\u0411\\u0430\\u0440\\u0430\\u043d\\u043e\\u0432\\u0430', 'email': 'tarasovafaina@example.net', 'phone': '+380631811528'}-1111]",
  "fullName" : "tests.ui.test_registration_new_user.TestRegistrationUser#test_registration_new_user_awdev_t506",
  "historyId" : "8ea4a7927f517b66c5f7482b526dcd2b",
  "time" : {
    "start" : 1729884618326,
    "stop" : 1729884644527,
    "duration" : 26201
  },
  "status" : "broken",
  "statusMessage" : "selenium.common.exceptions.TimeoutException: Message: \nStacktrace:\n#0 0x55902e5b18ae <unknown>\n#1 0x55902e0e6c40 <unknown>\n#2 0x55902e132e12 <unknown>\n#3 0x55902e133011 <unknown>\n#4 0x55902e17cbc4 <unknown>\n#5 0x55902e15aefd <unknown>\n#6 0x55902e17a6d2 <unknown>\n#7 0x55902e15ac73 <unknown>\n#8 0x55902e1266e8 <unknown>\n#9 0x55902e12769e <unknown>\n#10 0x55902e584c66 <unknown>\n#11 0x55902e587f97 <unknown>\n#12 0x55902e587a58 <unknown>\n#13 0x55902e588425 <unknown>\n#14 0x55902e575b6e <unknown>\n#15 0x55902e58876f <unknown>\n#16 0x55902e55f625 <unknown>\n#17 0x55902e5a0d55 <unknown>\n#18 0x55902e5a0f36 <unknown>\n#19 0x55902e5b06e5 <unknown>\n#20 0x7f2726471144 <unknown>",
  "statusTrace" : "self = <tests.ui.test_registration_new_user.TestRegistrationUser object at 0x7f897bd5e920>\nuser = {'email': 'tarasovafaina@example.net', 'name': 'Агата Станиславовна Баранова', 'phone': '+380631811528'}\ncode = 1111\n\n    @allure.step(\"Registration new user AWDEV-T506\")\n    @pytest.mark.parametrize(\"user, code\", [\n        (RegistrationUserUi.user_name_phone_email, DEFAULT_CODE_REGISTRATION)], ids=str)\n    def test_registration_new_user_awdev_t506(self, user, code):\n        self.registration_page.open_registration_form()\n        self.registration_page.fill_registration_form(user=user)\n>       self.registration_page.confirm_registration_form(code=code)\n\ntests/ui/test_registration_new_user.py:16: \n_ _ _ _ _ _ _ _ _ _ _ _ _ _ _ _ _ _ _ _ _ _ _ _ _ _ _ _ _ _ _ _ _ _ _ _ _ _ _ _ \nsrc/pages/registration_page.py:44: in confirm_registration_form\n    self.fill_field_with_click(self.CODE_FIELD, code)\nsrc/base_classes/base_page.py:46: in fill_field_with_click\n    self.wait.until(EC.element_to_be_clickable(field_name)).click()\n_ _ _ _ _ _ _ _ _ _ _ _ _ _ _ _ _ _ _ _ _ _ _ _ _ _ _ _ _ _ _ _ _ _ _ _ _ _ _ _ \n\nself = <selenium.webdriver.support.wait.WebDriverWait (session=\"1319f45cc0418e8d86c14dca0312d8cc\")>\nmethod = <function element_to_be_clickable.<locals>._predicate at 0x7f897c53fbe0>\nmessage = ''\n\n    def until(self, method: Callable[[D], Union[Literal[False], T]], message: str = \"\") -> T:\n        \"\"\"Calls the method provided with the driver as an argument until the \\\n        return value does not evaluate to ``False``.\n    \n        :param method: callable(WebDriver)\n        :param message: optional message for :exc:`TimeoutException`\n        :returns: the result of the last call to `method`\n        :raises: :exc:`selenium.common.exceptions.TimeoutException` if timeout occurs\n        \"\"\"\n        screen = None\n        stacktrace = None\n    \n        end_time = time.monotonic() + self._timeout\n        while True:\n            try:\n                value = method(self._driver)\n                if value:\n                    return value\n            except self._ignored_exceptions as exc:\n                screen = getattr(exc, \"screen\", None)\n                stacktrace = getattr(exc, \"stacktrace\", None)\n            time.sleep(self._poll)\n            if time.monotonic() > end_time:\n                break\n>       raise TimeoutException(message, screen, stacktrace)\nE       selenium.common.exceptions.TimeoutException: Message: \nE       Stacktrace:\nE       #0 0x55902e5b18ae <unknown>\nE       #1 0x55902e0e6c40 <unknown>\nE       #2 0x55902e132e12 <unknown>\nE       #3 0x55902e133011 <unknown>\nE       #4 0x55902e17cbc4 <unknown>\nE       #5 0x55902e15aefd <unknown>\nE       #6 0x55902e17a6d2 <unknown>\nE       #7 0x55902e15ac73 <unknown>\nE       #8 0x55902e1266e8 <unknown>\nE       #9 0x55902e12769e <unknown>\nE       #10 0x55902e584c66 <unknown>\nE       #11 0x55902e587f97 <unknown>\nE       #12 0x55902e587a58 <unknown>\nE       #13 0x55902e588425 <unknown>\nE       #14 0x55902e575b6e <unknown>\nE       #15 0x55902e58876f <unknown>\nE       #16 0x55902e55f625 <unknown>\nE       #17 0x55902e5a0d55 <unknown>\nE       #18 0x55902e5a0f36 <unknown>\nE       #19 0x55902e5b06e5 <unknown>\nE       #20 0x7f2726471144 <unknown>\n\n../local/lib/python3.10/site-packages/selenium/webdriver/support/wait.py:105: TimeoutException",
  "flaky" : false,
  "newFailed" : false,
  "beforeStages" : [ {
    "name" : "pytestconfig",
    "time" : {
      "start" : 1729884617753,
      "stop" : 1729884617753,
      "duration" : 0
    },
    "status" : "passed",
    "steps" : [ ],
    "attachments" : [ ],
    "parameters" : [ ],
    "stepsCount" : 0,
    "attachmentsCount" : 0,
    "shouldDisplayMessage" : false,
    "hasContent" : false
  }, {
    "name" : "set_env_settings",
    "time" : {
      "start" : 1729884617753,
      "stop" : 1729884617754,
      "duration" : 1
    },
    "status" : "passed",
    "steps" : [ ],
    "attachments" : [ ],
    "parameters" : [ ],
    "stepsCount" : 0,
    "attachmentsCount" : 0,
    "shouldDisplayMessage" : false,
    "hasContent" : false
  }, {
    "name" : "set_driver",
    "time" : {
      "start" : 1729884617754,
      "stop" : 1729884618325,
      "duration" : 571
    },
    "status" : "passed",
    "steps" : [ ],
    "attachments" : [ ],
    "parameters" : [ ],
    "stepsCount" : 0,
    "attachmentsCount" : 0,
    "shouldDisplayMessage" : false,
    "hasContent" : false
  }, {
    "name" : "_session_faker",
    "time" : {
      "start" : 1729884617678,
      "stop" : 1729884617753,
      "duration" : 75
    },
    "status" : "passed",
    "steps" : [ ],
    "attachments" : [ ],
    "parameters" : [ ],
    "stepsCount" : 0,
    "attachmentsCount" : 0,
    "shouldDisplayMessage" : false,
    "hasContent" : false
  }, {
    "name" : "setup",
    "time" : {
      "start" : 1729884618325,
      "stop" : 1729884618326,
      "duration" : 1
    },
    "status" : "passed",
    "steps" : [ ],
    "attachments" : [ ],
    "parameters" : [ ],
    "stepsCount" : 0,
    "attachmentsCount" : 0,
    "shouldDisplayMessage" : false,
    "hasContent" : false
  } ],
  "testStage" : {
    "status" : "broken",
    "statusMessage" : "selenium.common.exceptions.TimeoutException: Message: \nStacktrace:\n#0 0x55902e5b18ae <unknown>\n#1 0x55902e0e6c40 <unknown>\n#2 0x55902e132e12 <unknown>\n#3 0x55902e133011 <unknown>\n#4 0x55902e17cbc4 <unknown>\n#5 0x55902e15aefd <unknown>\n#6 0x55902e17a6d2 <unknown>\n#7 0x55902e15ac73 <unknown>\n#8 0x55902e1266e8 <unknown>\n#9 0x55902e12769e <unknown>\n#10 0x55902e584c66 <unknown>\n#11 0x55902e587f97 <unknown>\n#12 0x55902e587a58 <unknown>\n#13 0x55902e588425 <unknown>\n#14 0x55902e575b6e <unknown>\n#15 0x55902e58876f <unknown>\n#16 0x55902e55f625 <unknown>\n#17 0x55902e5a0d55 <unknown>\n#18 0x55902e5a0f36 <unknown>\n#19 0x55902e5b06e5 <unknown>\n#20 0x7f2726471144 <unknown>",
    "statusTrace" : "self = <tests.ui.test_registration_new_user.TestRegistrationUser object at 0x7f897bd5e920>\nuser = {'email': 'tarasovafaina@example.net', 'name': 'Агата Станиславовна Баранова', 'phone': '+380631811528'}\ncode = 1111\n\n    @allure.step(\"Registration new user AWDEV-T506\")\n    @pytest.mark.parametrize(\"user, code\", [\n        (RegistrationUserUi.user_name_phone_email, DEFAULT_CODE_REGISTRATION)], ids=str)\n    def test_registration_new_user_awdev_t506(self, user, code):\n        self.registration_page.open_registration_form()\n        self.registration_page.fill_registration_form(user=user)\n>       self.registration_page.confirm_registration_form(code=code)\n\ntests/ui/test_registration_new_user.py:16: \n_ _ _ _ _ _ _ _ _ _ _ _ _ _ _ _ _ _ _ _ _ _ _ _ _ _ _ _ _ _ _ _ _ _ _ _ _ _ _ _ \nsrc/pages/registration_page.py:44: in confirm_registration_form\n    self.fill_field_with_click(self.CODE_FIELD, code)\nsrc/base_classes/base_page.py:46: in fill_field_with_click\n    self.wait.until(EC.element_to_be_clickable(field_name)).click()\n_ _ _ _ _ _ _ _ _ _ _ _ _ _ _ _ _ _ _ _ _ _ _ _ _ _ _ _ _ _ _ _ _ _ _ _ _ _ _ _ \n\nself = <selenium.webdriver.support.wait.WebDriverWait (session=\"1319f45cc0418e8d86c14dca0312d8cc\")>\nmethod = <function element_to_be_clickable.<locals>._predicate at 0x7f897c53fbe0>\nmessage = ''\n\n    def until(self, method: Callable[[D], Union[Literal[False], T]], message: str = \"\") -> T:\n        \"\"\"Calls the method provided with the driver as an argument until the \\\n        return value does not evaluate to ``False``.\n    \n        :param method: callable(WebDriver)\n        :param message: optional message for :exc:`TimeoutException`\n        :returns: the result of the last call to `method`\n        :raises: :exc:`selenium.common.exceptions.TimeoutException` if timeout occurs\n        \"\"\"\n        screen = None\n        stacktrace = None\n    \n        end_time = time.monotonic() + self._timeout\n        while True:\n            try:\n                value = method(self._driver)\n                if value:\n                    return value\n            except self._ignored_exceptions as exc:\n                screen = getattr(exc, \"screen\", None)\n                stacktrace = getattr(exc, \"stacktrace\", None)\n            time.sleep(self._poll)\n            if time.monotonic() > end_time:\n                break\n>       raise TimeoutException(message, screen, stacktrace)\nE       selenium.common.exceptions.TimeoutException: Message: \nE       Stacktrace:\nE       #0 0x55902e5b18ae <unknown>\nE       #1 0x55902e0e6c40 <unknown>\nE       #2 0x55902e132e12 <unknown>\nE       #3 0x55902e133011 <unknown>\nE       #4 0x55902e17cbc4 <unknown>\nE       #5 0x55902e15aefd <unknown>\nE       #6 0x55902e17a6d2 <unknown>\nE       #7 0x55902e15ac73 <unknown>\nE       #8 0x55902e1266e8 <unknown>\nE       #9 0x55902e12769e <unknown>\nE       #10 0x55902e584c66 <unknown>\nE       #11 0x55902e587f97 <unknown>\nE       #12 0x55902e587a58 <unknown>\nE       #13 0x55902e588425 <unknown>\nE       #14 0x55902e575b6e <unknown>\nE       #15 0x55902e58876f <unknown>\nE       #16 0x55902e55f625 <unknown>\nE       #17 0x55902e5a0d55 <unknown>\nE       #18 0x55902e5a0f36 <unknown>\nE       #19 0x55902e5b06e5 <unknown>\nE       #20 0x7f2726471144 <unknown>\n\n../local/lib/python3.10/site-packages/selenium/webdriver/support/wait.py:105: TimeoutException",
    "steps" : [ {
      "name" : "Registration new user AWDEV-T506",
      "time" : {
        "start" : 1729884618326,
        "stop" : 1729884644526,
        "duration" : 26200
      },
      "status" : "broken",
      "statusMessage" : "selenium.common.exceptions.TimeoutException: Message: \nStacktrace:\n#0 0x55902e5b18ae <unknown>\n#1 0x55902e0e6c40 <unknown>\n#2 0x55902e132e12 <unknown>\n#3 0x55902e133011 <unknown>\n#4 0x55902e17cbc4 <unknown>\n#5 0x55902e15aefd <unknown>\n#6 0x55902e17a6d2 <unknown>\n#7 0x55902e15ac73 <unknown>\n#8 0x55902e1266e8 <unknown>\n#9 0x55902e12769e <unknown>\n#10 0x55902e584c66 <unknown>\n#11 0x55902e587f97 <unknown>\n#12 0x55902e587a58 <unknown>\n#13 0x55902e588425 <unknown>\n#14 0x55902e575b6e <unknown>\n#15 0x55902e58876f <unknown>\n#16 0x55902e55f625 <unknown>\n#17 0x55902e5a0d55 <unknown>\n#18 0x55902e5a0f36 <unknown>\n#19 0x55902e5b06e5 <unknown>\n#20 0x7f2726471144 <unknown>\n\n",
      "statusTrace" : "  File \"/usr/local/lib/python3.10/site-packages/allure_commons/_allure.py\", line 192, in impl\n    return func(*a, **kw)\n  File \"/usr/workspace/tests/ui/test_registration_new_user.py\", line 16, in test_registration_new_user_awdev_t506\n    self.registration_page.confirm_registration_form(code=code)\n  File \"/usr/workspace/src/pages/registration_page.py\", line 44, in confirm_registration_form\n    self.fill_field_with_click(self.CODE_FIELD, code)\n  File \"/usr/workspace/src/base_classes/base_page.py\", line 46, in fill_field_with_click\n    self.wait.until(EC.element_to_be_clickable(field_name)).click()\n  File \"/usr/local/lib/python3.10/site-packages/selenium/webdriver/support/wait.py\", line 105, in until\n    raise TimeoutException(message, screen, stacktrace)\n",
      "steps" : [ {
        "name" : "Open 'https://m2-live-dev-001.antoshka.ua/uk/' page",
        "time" : {
          "start" : 1729884618327,
          "stop" : 1729884622674,
          "duration" : 4347
        },
        "status" : "passed",
        "steps" : [ ],
        "attachments" : [ ],
        "parameters" : [ ],
        "stepsCount" : 0,
        "attachmentsCount" : 0,
        "shouldDisplayMessage" : false,
        "hasContent" : false
      }, {
        "name" : "Page 'https://m2-live-dev-001.antoshka.ua/uk/' is opened",
        "time" : {
          "start" : 1729884622674,
          "stop" : 1729884622678,
          "duration" : 4
        },
        "status" : "passed",
        "steps" : [ ],
        "attachments" : [ ],
        "parameters" : [ ],
        "stepsCount" : 0,
        "attachmentsCount" : 0,
        "shouldDisplayMessage" : false,
        "hasContent" : false
      }, {
        "name" : "Click ('xpath', \"//*[@id='login-enter']\")",
        "time" : {
          "start" : 1729884622678,
          "stop" : 1729884622740,
          "duration" : 62
        },
        "status" : "passed",
        "steps" : [ ],
        "attachments" : [ ],
        "parameters" : [ ],
        "stepsCount" : 0,
        "attachmentsCount" : 0,
        "shouldDisplayMessage" : false,
        "hasContent" : false
      }, {
        "name" : "Click ('xpath', '//form[1]//a')",
        "time" : {
          "start" : 1729884622740,
          "stop" : 1729884623811,
          "duration" : 1071
        },
        "status" : "passed",
        "steps" : [ ],
        "attachments" : [ ],
        "parameters" : [ ],
        "stepsCount" : 0,
        "attachmentsCount" : 0,
        "shouldDisplayMessage" : false,
        "hasContent" : false
      }, {
        "name" : "Fill '('xpath', \"//input[@data-validation='name']\")' with data 'А'",
        "time" : {
          "start" : 1729884623811,
          "stop" : 1729884623933,
          "duration" : 122
        },
        "status" : "passed",
        "steps" : [ ],
        "attachments" : [ ],
        "parameters" : [ ],
        "stepsCount" : 0,
        "attachmentsCount" : 0,
        "shouldDisplayMessage" : false,
        "hasContent" : false
      }, {
        "name" : "Fill '('xpath', \"//*[@id='telephone']\")' with data '631811528'",
        "time" : {
          "start" : 1729884623933,
          "stop" : 1729884624062,
          "duration" : 129
        },
        "status" : "passed",
        "steps" : [ ],
        "attachments" : [ ],
        "parameters" : [ ],
        "stepsCount" : 0,
        "attachmentsCount" : 0,
        "shouldDisplayMessage" : false,
        "hasContent" : false
      }, {
        "name" : "Fill '('xpath', \"//input[@data-validation='email']\")' with data 'tarasovafaina@example.net'",
        "time" : {
          "start" : 1729884624062,
          "stop" : 1729884624207,
          "duration" : 145
        },
        "status" : "passed",
        "steps" : [ ],
        "attachments" : [ ],
        "parameters" : [ ],
        "stepsCount" : 0,
        "attachmentsCount" : 0,
        "shouldDisplayMessage" : false,
        "hasContent" : false
      }, {
        "name" : "Click ('xpath', \"//button[@class='auth_next']\")",
        "time" : {
          "start" : 1729884624207,
          "stop" : 1729884624268,
          "duration" : 61
        },
        "status" : "passed",
        "steps" : [ ],
        "attachments" : [ ],
        "parameters" : [ ],
        "stepsCount" : 0,
        "attachmentsCount" : 0,
        "shouldDisplayMessage" : false,
        "hasContent" : false
      }, {
        "name" : "Fill '('xpath', \"//input[@id='code-auth']\")' with data '1111'",
        "time" : {
          "start" : 1729884624268,
          "stop" : 1729884644526,
          "duration" : 20258
        },
        "status" : "broken",
        "statusMessage" : "selenium.common.exceptions.TimeoutException: Message: \nStacktrace:\n#0 0x55902e5b18ae <unknown>\n#1 0x55902e0e6c40 <unknown>\n#2 0x55902e132e12 <unknown>\n#3 0x55902e133011 <unknown>\n#4 0x55902e17cbc4 <unknown>\n#5 0x55902e15aefd <unknown>\n#6 0x55902e17a6d2 <unknown>\n#7 0x55902e15ac73 <unknown>\n#8 0x55902e1266e8 <unknown>\n#9 0x55902e12769e <unknown>\n#10 0x55902e584c66 <unknown>\n#11 0x55902e587f97 <unknown>\n#12 0x55902e587a58 <unknown>\n#13 0x55902e588425 <unknown>\n#14 0x55902e575b6e <unknown>\n#15 0x55902e58876f <unknown>\n#16 0x55902e55f625 <unknown>\n#17 0x55902e5a0d55 <unknown>\n#18 0x55902e5a0f36 <unknown>\n#19 0x55902e5b06e5 <unknown>\n#20 0x7f2726471144 <unknown>\n\n",
        "statusTrace" : "  File \"/usr/workspace/src/base_classes/base_page.py\", line 46, in fill_field_with_click\n    self.wait.until(EC.element_to_be_clickable(field_name)).click()\n  File \"/usr/local/lib/python3.10/site-packages/selenium/webdriver/support/wait.py\", line 105, in until\n    raise TimeoutException(message, screen, stacktrace)\n",
        "steps" : [ ],
        "attachments" : [ ],
        "parameters" : [ ],
        "stepsCount" : 0,
        "attachmentsCount" : 0,
        "shouldDisplayMessage" : true,
        "hasContent" : true
      } ],
      "attachments" : [ ],
      "parameters" : [ {
        "name" : "user",
        "value" : "{'name': 'Агата Станиславовна Баранова', 'email': 'tarasovafaina@example.net', 'phone': '+380631811528'}"
      }, {
        "name" : "code",
        "value" : "1111"
      } ],
      "stepsCount" : 9,
      "attachmentsCount" : 0,
      "shouldDisplayMessage" : false,
      "hasContent" : true
    } ],
    "attachments" : [ {
      "uid" : "86d8fa46684e89ce",
      "name" : "log",
      "source" : "86d8fa46684e89ce.txt",
      "type" : "text/plain",
      "size" : 92
    } ],
    "parameters" : [ ],
    "stepsCount" : 10,
    "attachmentsCount" : 1,
    "shouldDisplayMessage" : true,
    "hasContent" : true
  },
  "afterStages" : [ {
    "name" : "set_driver::0",
    "time" : {
      "start" : 1729884644569,
      "stop" : 1729884644638,
      "duration" : 69
    },
    "status" : "passed",
    "steps" : [ ],
    "attachments" : [ ],
    "parameters" : [ ],
    "stepsCount" : 0,
    "attachmentsCount" : 0,
    "shouldDisplayMessage" : false,
    "hasContent" : false
  } ],
  "labels" : [ {
    "name" : "parentSuite",
    "value" : "tests.ui"
  }, {
    "name" : "suite",
    "value" : "test_registration_new_user"
  }, {
    "name" : "subSuite",
    "value" : "TestRegistrationUser"
  }, {
    "name" : "host",
    "value" : "3c351df43bbf"
  }, {
    "name" : "thread",
    "value" : "9-MainThread"
  }, {
    "name" : "framework",
    "value" : "pytest"
  }, {
    "name" : "language",
    "value" : "cpython3"
  }, {
    "name" : "package",
    "value" : "tests.ui.test_registration_new_user"
  }, {
    "name" : "resultFormat",
    "value" : "allure2"
  } ],
  "parameters" : [ {
    "name" : "code",
    "value" : "1111"
  }, {
    "name" : "user",
    "value" : "{'name': 'Агата Станиславовна Баранова', 'email': 'tarasovafaina@example.net', 'phone': '+380631811528'}"
  } ],
  "links" : [ ],
  "hidden" : false,
  "retry" : false,
  "extra" : {
    "severity" : "normal",
    "retries" : [ ],
    "categories" : [ {
      "name" : "Test defects",
      "matchedStatuses" : [ ],
      "flaky" : false
    } ],
    "tags" : [ ]
  },
  "source" : "dc646d329050559e.json",
  "parameterValues" : [ "1111", "{'name': 'Агата Станиславовна Баранова', 'email': 'tarasovafaina@example.net', 'phone': '+380631811528'}" ]
}