{
  "uid" : "dd2ef69a545683fa",
  "name" : "test_registration_user_with_wrong_code_awdev_t506[{'name': '\\u0410\\u043b\\u0435\\u043a\\u0441\\u0430\\u043d\\u0434\\u0440\\u043e\\u0432 \\u041e\\u043b\\u0438\\u043c\\u043f\\u0438\\u0439 \\u0412\\u0438\\u0442\\u0430\\u043b\\u044c\\u0435\\u0432\\u0438\\u0447', 'email': 'ibogdanov@example.net', 'phone': '+380638665199'}-8889]",
  "fullName" : "tests.ui.test_registration_new_user.TestRegistrationUser#test_registration_user_with_wrong_code_awdev_t506",
  "historyId" : "93c7fe4ad6c6ed97eb1f7de14de3f237",
  "time" : {
    "start" : 1729884650262,
    "stop" : 1729884675310,
    "duration" : 25048
  },
  "status" : "broken",
  "statusMessage" : "selenium.common.exceptions.TimeoutException: Message: \nStacktrace:\n#0 0x557f3ebf88ae <unknown>\n#1 0x557f3e72dc40 <unknown>\n#2 0x557f3e779e12 <unknown>\n#3 0x557f3e77a011 <unknown>\n#4 0x557f3e7c3bc4 <unknown>\n#5 0x557f3e7a1efd <unknown>\n#6 0x557f3e7c16d2 <unknown>\n#7 0x557f3e7a1c73 <unknown>\n#8 0x557f3e76d6e8 <unknown>\n#9 0x557f3e76e69e <unknown>\n#10 0x557f3ebcbc66 <unknown>\n#11 0x557f3ebcef97 <unknown>\n#12 0x557f3ebcea58 <unknown>\n#13 0x557f3ebcf425 <unknown>\n#14 0x557f3ebbcb6e <unknown>\n#15 0x557f3ebcf76f <unknown>\n#16 0x557f3eba6625 <unknown>\n#17 0x557f3ebe7d55 <unknown>\n#18 0x557f3ebe7f36 <unknown>\n#19 0x557f3ebf76e5 <unknown>\n#20 0x7f2de4b88144 <unknown>",
  "statusTrace" : "self = <tests.ui.test_registration_new_user.TestRegistrationUser object at 0x7fc338a7b5e0>\nuser = {'email': 'ibogdanov@example.net', 'name': 'Александров Олимпий Витальевич', 'phone': '+380638665199'}\ncode = 8889\n\n    @allure.step(\"Registration new user with wrong code AWDEV-T506\")\n    @pytest.mark.parametrize(\"user, code\",\n                             [(RegistrationUserUi.new_user_name_phone_email, DEFAULT_CODE_AUTHORIZATION)], ids=str)\n    def test_registration_user_with_wrong_code_awdev_t506(self, user, code):\n        self.registration_page.open_registration_form()\n        self.registration_page.fill_registration_form(user=user)\n>       self.registration_page.confirm_registration_form(code=code, correct=False)\n\ntests/ui/test_registration_new_user.py:41: \n_ _ _ _ _ _ _ _ _ _ _ _ _ _ _ _ _ _ _ _ _ _ _ _ _ _ _ _ _ _ _ _ _ _ _ _ _ _ _ _ \nsrc/pages/registration_page.py:44: in confirm_registration_form\n    self.fill_field_with_click(self.CODE_FIELD, code)\nsrc/base_classes/base_page.py:46: in fill_field_with_click\n    self.wait.until(EC.element_to_be_clickable(field_name)).click()\n_ _ _ _ _ _ _ _ _ _ _ _ _ _ _ _ _ _ _ _ _ _ _ _ _ _ _ _ _ _ _ _ _ _ _ _ _ _ _ _ \n\nself = <selenium.webdriver.support.wait.WebDriverWait (session=\"19a2163b7f8e5704a16e8009c1fc6c70\")>\nmethod = <function element_to_be_clickable.<locals>._predicate at 0x7fc3379b51b0>\nmessage = ''\n\n    def until(self, method: Callable[[D], Union[Literal[False], T]], message: str = \"\") -> T:\n        \"\"\"Calls the method provided with the driver as an argument until the \\\n        return value does not evaluate to ``False``.\n    \n        :param method: callable(WebDriver)\n        :param message: optional message for :exc:`TimeoutException`\n        :returns: the result of the last call to `method`\n        :raises: :exc:`selenium.common.exceptions.TimeoutException` if timeout occurs\n        \"\"\"\n        screen = None\n        stacktrace = None\n    \n        end_time = time.monotonic() + self._timeout\n        while True:\n            try:\n                value = method(self._driver)\n                if value:\n                    return value\n            except self._ignored_exceptions as exc:\n                screen = getattr(exc, \"screen\", None)\n                stacktrace = getattr(exc, \"stacktrace\", None)\n            time.sleep(self._poll)\n            if time.monotonic() > end_time:\n                break\n>       raise TimeoutException(message, screen, stacktrace)\nE       selenium.common.exceptions.TimeoutException: Message: \nE       Stacktrace:\nE       #0 0x557f3ebf88ae <unknown>\nE       #1 0x557f3e72dc40 <unknown>\nE       #2 0x557f3e779e12 <unknown>\nE       #3 0x557f3e77a011 <unknown>\nE       #4 0x557f3e7c3bc4 <unknown>\nE       #5 0x557f3e7a1efd <unknown>\nE       #6 0x557f3e7c16d2 <unknown>\nE       #7 0x557f3e7a1c73 <unknown>\nE       #8 0x557f3e76d6e8 <unknown>\nE       #9 0x557f3e76e69e <unknown>\nE       #10 0x557f3ebcbc66 <unknown>\nE       #11 0x557f3ebcef97 <unknown>\nE       #12 0x557f3ebcea58 <unknown>\nE       #13 0x557f3ebcf425 <unknown>\nE       #14 0x557f3ebbcb6e <unknown>\nE       #15 0x557f3ebcf76f <unknown>\nE       #16 0x557f3eba6625 <unknown>\nE       #17 0x557f3ebe7d55 <unknown>\nE       #18 0x557f3ebe7f36 <unknown>\nE       #19 0x557f3ebf76e5 <unknown>\nE       #20 0x7f2de4b88144 <unknown>\n\n../local/lib/python3.10/site-packages/selenium/webdriver/support/wait.py:105: TimeoutException",
  "flaky" : false,
  "newFailed" : false,
  "beforeStages" : [ {
    "name" : "set_driver",
    "time" : {
      "start" : 1729884649817,
      "stop" : 1729884650260,
      "duration" : 443
    },
    "status" : "passed",
    "steps" : [ ],
    "attachments" : [ ],
    "parameters" : [ ],
    "stepsCount" : 0,
    "attachmentsCount" : 0,
    "shouldDisplayMessage" : false,
    "hasContent" : false
  }, {
    "name" : "_session_faker",
    "time" : {
      "start" : 1729884613370,
      "stop" : 1729884613444,
      "duration" : 74
    },
    "status" : "passed",
    "steps" : [ ],
    "attachments" : [ ],
    "parameters" : [ ],
    "stepsCount" : 0,
    "attachmentsCount" : 0,
    "shouldDisplayMessage" : false,
    "hasContent" : false
  }, {
    "name" : "set_env_settings",
    "time" : {
      "start" : 1729884613445,
      "stop" : 1729884613446,
      "duration" : 1
    },
    "status" : "passed",
    "steps" : [ ],
    "attachments" : [ ],
    "parameters" : [ ],
    "stepsCount" : 0,
    "attachmentsCount" : 0,
    "shouldDisplayMessage" : false,
    "hasContent" : false
  }, {
    "name" : "setup",
    "time" : {
      "start" : 1729884650261,
      "stop" : 1729884650261,
      "duration" : 0
    },
    "status" : "passed",
    "steps" : [ ],
    "attachments" : [ ],
    "parameters" : [ ],
    "stepsCount" : 0,
    "attachmentsCount" : 0,
    "shouldDisplayMessage" : false,
    "hasContent" : false
  }, {
    "name" : "pytestconfig",
    "time" : {
      "start" : 1729884613445,
      "stop" : 1729884613445,
      "duration" : 0
    },
    "status" : "passed",
    "steps" : [ ],
    "attachments" : [ ],
    "parameters" : [ ],
    "stepsCount" : 0,
    "attachmentsCount" : 0,
    "shouldDisplayMessage" : false,
    "hasContent" : false
  } ],
  "testStage" : {
    "status" : "broken",
    "statusMessage" : "selenium.common.exceptions.TimeoutException: Message: \nStacktrace:\n#0 0x557f3ebf88ae <unknown>\n#1 0x557f3e72dc40 <unknown>\n#2 0x557f3e779e12 <unknown>\n#3 0x557f3e77a011 <unknown>\n#4 0x557f3e7c3bc4 <unknown>\n#5 0x557f3e7a1efd <unknown>\n#6 0x557f3e7c16d2 <unknown>\n#7 0x557f3e7a1c73 <unknown>\n#8 0x557f3e76d6e8 <unknown>\n#9 0x557f3e76e69e <unknown>\n#10 0x557f3ebcbc66 <unknown>\n#11 0x557f3ebcef97 <unknown>\n#12 0x557f3ebcea58 <unknown>\n#13 0x557f3ebcf425 <unknown>\n#14 0x557f3ebbcb6e <unknown>\n#15 0x557f3ebcf76f <unknown>\n#16 0x557f3eba6625 <unknown>\n#17 0x557f3ebe7d55 <unknown>\n#18 0x557f3ebe7f36 <unknown>\n#19 0x557f3ebf76e5 <unknown>\n#20 0x7f2de4b88144 <unknown>",
    "statusTrace" : "self = <tests.ui.test_registration_new_user.TestRegistrationUser object at 0x7fc338a7b5e0>\nuser = {'email': 'ibogdanov@example.net', 'name': 'Александров Олимпий Витальевич', 'phone': '+380638665199'}\ncode = 8889\n\n    @allure.step(\"Registration new user with wrong code AWDEV-T506\")\n    @pytest.mark.parametrize(\"user, code\",\n                             [(RegistrationUserUi.new_user_name_phone_email, DEFAULT_CODE_AUTHORIZATION)], ids=str)\n    def test_registration_user_with_wrong_code_awdev_t506(self, user, code):\n        self.registration_page.open_registration_form()\n        self.registration_page.fill_registration_form(user=user)\n>       self.registration_page.confirm_registration_form(code=code, correct=False)\n\ntests/ui/test_registration_new_user.py:41: \n_ _ _ _ _ _ _ _ _ _ _ _ _ _ _ _ _ _ _ _ _ _ _ _ _ _ _ _ _ _ _ _ _ _ _ _ _ _ _ _ \nsrc/pages/registration_page.py:44: in confirm_registration_form\n    self.fill_field_with_click(self.CODE_FIELD, code)\nsrc/base_classes/base_page.py:46: in fill_field_with_click\n    self.wait.until(EC.element_to_be_clickable(field_name)).click()\n_ _ _ _ _ _ _ _ _ _ _ _ _ _ _ _ _ _ _ _ _ _ _ _ _ _ _ _ _ _ _ _ _ _ _ _ _ _ _ _ \n\nself = <selenium.webdriver.support.wait.WebDriverWait (session=\"19a2163b7f8e5704a16e8009c1fc6c70\")>\nmethod = <function element_to_be_clickable.<locals>._predicate at 0x7fc3379b51b0>\nmessage = ''\n\n    def until(self, method: Callable[[D], Union[Literal[False], T]], message: str = \"\") -> T:\n        \"\"\"Calls the method provided with the driver as an argument until the \\\n        return value does not evaluate to ``False``.\n    \n        :param method: callable(WebDriver)\n        :param message: optional message for :exc:`TimeoutException`\n        :returns: the result of the last call to `method`\n        :raises: :exc:`selenium.common.exceptions.TimeoutException` if timeout occurs\n        \"\"\"\n        screen = None\n        stacktrace = None\n    \n        end_time = time.monotonic() + self._timeout\n        while True:\n            try:\n                value = method(self._driver)\n                if value:\n                    return value\n            except self._ignored_exceptions as exc:\n                screen = getattr(exc, \"screen\", None)\n                stacktrace = getattr(exc, \"stacktrace\", None)\n            time.sleep(self._poll)\n            if time.monotonic() > end_time:\n                break\n>       raise TimeoutException(message, screen, stacktrace)\nE       selenium.common.exceptions.TimeoutException: Message: \nE       Stacktrace:\nE       #0 0x557f3ebf88ae <unknown>\nE       #1 0x557f3e72dc40 <unknown>\nE       #2 0x557f3e779e12 <unknown>\nE       #3 0x557f3e77a011 <unknown>\nE       #4 0x557f3e7c3bc4 <unknown>\nE       #5 0x557f3e7a1efd <unknown>\nE       #6 0x557f3e7c16d2 <unknown>\nE       #7 0x557f3e7a1c73 <unknown>\nE       #8 0x557f3e76d6e8 <unknown>\nE       #9 0x557f3e76e69e <unknown>\nE       #10 0x557f3ebcbc66 <unknown>\nE       #11 0x557f3ebcef97 <unknown>\nE       #12 0x557f3ebcea58 <unknown>\nE       #13 0x557f3ebcf425 <unknown>\nE       #14 0x557f3ebbcb6e <unknown>\nE       #15 0x557f3ebcf76f <unknown>\nE       #16 0x557f3eba6625 <unknown>\nE       #17 0x557f3ebe7d55 <unknown>\nE       #18 0x557f3ebe7f36 <unknown>\nE       #19 0x557f3ebf76e5 <unknown>\nE       #20 0x7f2de4b88144 <unknown>\n\n../local/lib/python3.10/site-packages/selenium/webdriver/support/wait.py:105: TimeoutException",
    "steps" : [ {
      "name" : "Registration new user with wrong code AWDEV-T506",
      "time" : {
        "start" : 1729884650262,
        "stop" : 1729884675310,
        "duration" : 25048
      },
      "status" : "broken",
      "statusMessage" : "selenium.common.exceptions.TimeoutException: Message: \nStacktrace:\n#0 0x557f3ebf88ae <unknown>\n#1 0x557f3e72dc40 <unknown>\n#2 0x557f3e779e12 <unknown>\n#3 0x557f3e77a011 <unknown>\n#4 0x557f3e7c3bc4 <unknown>\n#5 0x557f3e7a1efd <unknown>\n#6 0x557f3e7c16d2 <unknown>\n#7 0x557f3e7a1c73 <unknown>\n#8 0x557f3e76d6e8 <unknown>\n#9 0x557f3e76e69e <unknown>\n#10 0x557f3ebcbc66 <unknown>\n#11 0x557f3ebcef97 <unknown>\n#12 0x557f3ebcea58 <unknown>\n#13 0x557f3ebcf425 <unknown>\n#14 0x557f3ebbcb6e <unknown>\n#15 0x557f3ebcf76f <unknown>\n#16 0x557f3eba6625 <unknown>\n#17 0x557f3ebe7d55 <unknown>\n#18 0x557f3ebe7f36 <unknown>\n#19 0x557f3ebf76e5 <unknown>\n#20 0x7f2de4b88144 <unknown>\n\n",
      "statusTrace" : "  File \"/usr/local/lib/python3.10/site-packages/allure_commons/_allure.py\", line 192, in impl\n    return func(*a, **kw)\n  File \"/usr/workspace/tests/ui/test_registration_new_user.py\", line 41, in test_registration_user_with_wrong_code_awdev_t506\n    self.registration_page.confirm_registration_form(code=code, correct=False)\n  File \"/usr/workspace/src/pages/registration_page.py\", line 44, in confirm_registration_form\n    self.fill_field_with_click(self.CODE_FIELD, code)\n  File \"/usr/workspace/src/base_classes/base_page.py\", line 46, in fill_field_with_click\n    self.wait.until(EC.element_to_be_clickable(field_name)).click()\n  File \"/usr/local/lib/python3.10/site-packages/selenium/webdriver/support/wait.py\", line 105, in until\n    raise TimeoutException(message, screen, stacktrace)\n",
      "steps" : [ {
        "name" : "Open 'https://m2-live-dev-001.antoshka.ua/uk/' page",
        "time" : {
          "start" : 1729884650262,
          "stop" : 1729884653432,
          "duration" : 3170
        },
        "status" : "passed",
        "steps" : [ ],
        "attachments" : [ ],
        "parameters" : [ ],
        "stepsCount" : 0,
        "attachmentsCount" : 0,
        "shouldDisplayMessage" : false,
        "hasContent" : false
      }, {
        "name" : "Page 'https://m2-live-dev-001.antoshka.ua/uk/' is opened",
        "time" : {
          "start" : 1729884653432,
          "stop" : 1729884653437,
          "duration" : 5
        },
        "status" : "passed",
        "steps" : [ ],
        "attachments" : [ ],
        "parameters" : [ ],
        "stepsCount" : 0,
        "attachmentsCount" : 0,
        "shouldDisplayMessage" : false,
        "hasContent" : false
      }, {
        "name" : "Click ('xpath', \"//*[@id='login-enter']\")",
        "time" : {
          "start" : 1729884653437,
          "stop" : 1729884653508,
          "duration" : 71
        },
        "status" : "passed",
        "steps" : [ ],
        "attachments" : [ ],
        "parameters" : [ ],
        "stepsCount" : 0,
        "attachmentsCount" : 0,
        "shouldDisplayMessage" : false,
        "hasContent" : false
      }, {
        "name" : "Click ('xpath', '//form[1]//a')",
        "time" : {
          "start" : 1729884653508,
          "stop" : 1729884654580,
          "duration" : 1072
        },
        "status" : "passed",
        "steps" : [ ],
        "attachments" : [ ],
        "parameters" : [ ],
        "stepsCount" : 0,
        "attachmentsCount" : 0,
        "shouldDisplayMessage" : false,
        "hasContent" : false
      }, {
        "name" : "Fill '('xpath', \"//input[@data-validation='name']\")' with data 'А'",
        "time" : {
          "start" : 1729884654580,
          "stop" : 1729884654699,
          "duration" : 119
        },
        "status" : "passed",
        "steps" : [ ],
        "attachments" : [ ],
        "parameters" : [ ],
        "stepsCount" : 0,
        "attachmentsCount" : 0,
        "shouldDisplayMessage" : false,
        "hasContent" : false
      }, {
        "name" : "Fill '('xpath', \"//*[@id='telephone']\")' with data '638665199'",
        "time" : {
          "start" : 1729884654699,
          "stop" : 1729884654849,
          "duration" : 150
        },
        "status" : "passed",
        "steps" : [ ],
        "attachments" : [ ],
        "parameters" : [ ],
        "stepsCount" : 0,
        "attachmentsCount" : 0,
        "shouldDisplayMessage" : false,
        "hasContent" : false
      }, {
        "name" : "Fill '('xpath', \"//input[@data-validation='email']\")' with data 'ibogdanov@example.net'",
        "time" : {
          "start" : 1729884654849,
          "stop" : 1729884654992,
          "duration" : 143
        },
        "status" : "passed",
        "steps" : [ ],
        "attachments" : [ ],
        "parameters" : [ ],
        "stepsCount" : 0,
        "attachmentsCount" : 0,
        "shouldDisplayMessage" : false,
        "hasContent" : false
      }, {
        "name" : "Click ('xpath', \"//button[@class='auth_next']\")",
        "time" : {
          "start" : 1729884654992,
          "stop" : 1729884655048,
          "duration" : 56
        },
        "status" : "passed",
        "steps" : [ ],
        "attachments" : [ ],
        "parameters" : [ ],
        "stepsCount" : 0,
        "attachmentsCount" : 0,
        "shouldDisplayMessage" : false,
        "hasContent" : false
      }, {
        "name" : "Fill '('xpath', \"//input[@id='code-auth']\")' with data '8889'",
        "time" : {
          "start" : 1729884655048,
          "stop" : 1729884675310,
          "duration" : 20262
        },
        "status" : "broken",
        "statusMessage" : "selenium.common.exceptions.TimeoutException: Message: \nStacktrace:\n#0 0x557f3ebf88ae <unknown>\n#1 0x557f3e72dc40 <unknown>\n#2 0x557f3e779e12 <unknown>\n#3 0x557f3e77a011 <unknown>\n#4 0x557f3e7c3bc4 <unknown>\n#5 0x557f3e7a1efd <unknown>\n#6 0x557f3e7c16d2 <unknown>\n#7 0x557f3e7a1c73 <unknown>\n#8 0x557f3e76d6e8 <unknown>\n#9 0x557f3e76e69e <unknown>\n#10 0x557f3ebcbc66 <unknown>\n#11 0x557f3ebcef97 <unknown>\n#12 0x557f3ebcea58 <unknown>\n#13 0x557f3ebcf425 <unknown>\n#14 0x557f3ebbcb6e <unknown>\n#15 0x557f3ebcf76f <unknown>\n#16 0x557f3eba6625 <unknown>\n#17 0x557f3ebe7d55 <unknown>\n#18 0x557f3ebe7f36 <unknown>\n#19 0x557f3ebf76e5 <unknown>\n#20 0x7f2de4b88144 <unknown>\n\n",
        "statusTrace" : "  File \"/usr/workspace/src/base_classes/base_page.py\", line 46, in fill_field_with_click\n    self.wait.until(EC.element_to_be_clickable(field_name)).click()\n  File \"/usr/local/lib/python3.10/site-packages/selenium/webdriver/support/wait.py\", line 105, in until\n    raise TimeoutException(message, screen, stacktrace)\n",
        "steps" : [ ],
        "attachments" : [ ],
        "parameters" : [ ],
        "stepsCount" : 0,
        "attachmentsCount" : 0,
        "shouldDisplayMessage" : true,
        "hasContent" : true
      } ],
      "attachments" : [ ],
      "parameters" : [ {
        "name" : "user",
        "value" : "{'name': 'Александров Олимпий Витальевич', 'email': 'ibogdanov@example.net', 'phone': '+380638665199'}"
      }, {
        "name" : "code",
        "value" : "8889"
      } ],
      "stepsCount" : 9,
      "attachmentsCount" : 0,
      "shouldDisplayMessage" : false,
      "hasContent" : true
    } ],
    "attachments" : [ {
      "uid" : "8ed451eda4b6e134",
      "name" : "log",
      "source" : "8ed451eda4b6e134.txt",
      "type" : "text/plain",
      "size" : 92
    } ],
    "parameters" : [ ],
    "stepsCount" : 10,
    "attachmentsCount" : 1,
    "shouldDisplayMessage" : true,
    "hasContent" : true
  },
  "afterStages" : [ {
    "name" : "set_driver::0",
    "time" : {
      "start" : 1729884675317,
      "stop" : 1729884675386,
      "duration" : 69
    },
    "status" : "passed",
    "steps" : [ ],
    "attachments" : [ ],
    "parameters" : [ ],
    "stepsCount" : 0,
    "attachmentsCount" : 0,
    "shouldDisplayMessage" : false,
    "hasContent" : false
  } ],
  "labels" : [ {
    "name" : "parentSuite",
    "value" : "tests.ui"
  }, {
    "name" : "suite",
    "value" : "test_registration_new_user"
  }, {
    "name" : "subSuite",
    "value" : "TestRegistrationUser"
  }, {
    "name" : "host",
    "value" : "b4a5d708ee77"
  }, {
    "name" : "thread",
    "value" : "8-MainThread"
  }, {
    "name" : "framework",
    "value" : "pytest"
  }, {
    "name" : "language",
    "value" : "cpython3"
  }, {
    "name" : "package",
    "value" : "tests.ui.test_registration_new_user"
  }, {
    "name" : "resultFormat",
    "value" : "allure2"
  } ],
  "parameters" : [ {
    "name" : "code",
    "value" : "8889"
  }, {
    "name" : "user",
    "value" : "{'name': 'Александров Олимпий Витальевич', 'email': 'ibogdanov@example.net', 'phone': '+380638665199'}"
  } ],
  "links" : [ ],
  "hidden" : false,
  "retry" : false,
  "extra" : {
    "severity" : "normal",
    "retries" : [ ],
    "categories" : [ {
      "name" : "Test defects",
      "matchedStatuses" : [ ],
      "flaky" : false
    } ],
    "tags" : [ ]
  },
  "source" : "dd2ef69a545683fa.json",
  "parameterValues" : [ "8889", "{'name': 'Александров Олимпий Витальевич', 'email': 'ibogdanov@example.net', 'phone': '+380638665199'}" ]
}