{
  "uid" : "e3a5a97a96535952",
  "name" : "test_registration_new_user_awdev_t506[{'name': '\\u0413\\u0440\\u0438\\u0448\\u0438\\u043d \\u0411\\u043e\\u0440\\u0438\\u0441 \\u0410\\u0431\\u0440\\u0430\\u043c\\u043e\\u0432\\u0438\\u0447', 'email': 'alla_2018@example.org', 'phone': '+380631352335'}-1111]",
  "fullName" : "tests.ui.test_registration_new_user.TestRegistrationUser#test_registration_new_user_awdev_t506",
  "historyId" : "9d02facea2a66929cc2756f80999e054",
  "time" : {
    "start" : 1729941250906,
    "stop" : 1729941276014,
    "duration" : 25108
  },
  "status" : "broken",
  "statusMessage" : "selenium.common.exceptions.TimeoutException: Message: \nStacktrace:\n#0 0x56236e5da8ae <unknown>\n#1 0x56236e10fc40 <unknown>\n#2 0x56236e15be12 <unknown>\n#3 0x56236e15c011 <unknown>\n#4 0x56236e1a5bc4 <unknown>\n#5 0x56236e183efd <unknown>\n#6 0x56236e1a36d2 <unknown>\n#7 0x56236e183c73 <unknown>\n#8 0x56236e14f6e8 <unknown>\n#9 0x56236e15069e <unknown>\n#10 0x56236e5adc66 <unknown>\n#11 0x56236e5b0f97 <unknown>\n#12 0x56236e5b0a58 <unknown>\n#13 0x56236e5b1425 <unknown>\n#14 0x56236e59eb6e <unknown>\n#15 0x56236e5b176f <unknown>\n#16 0x56236e588625 <unknown>\n#17 0x56236e5c9d55 <unknown>\n#18 0x56236e5c9f36 <unknown>\n#19 0x56236e5d96e5 <unknown>\n#20 0x7efe89ad1144 <unknown>",
  "statusTrace" : "self = <tests.ui.test_registration_new_user.TestRegistrationUser object at 0x7f8a1307cbe0>\nuser = {'email': 'alla_2018@example.org', 'name': 'Гришин Борис Абрамович', 'phone': '+380631352335'}\ncode = 1111\n\n    @allure.step(\"Registration new user AWDEV-T506\")\n    @pytest.mark.parametrize(\"user, code\", [\n        (RegistrationUserUi.user_name_phone_email, DEFAULT_CODE_REGISTRATION)], ids=str)\n    def test_registration_new_user_awdev_t506(self, user, code):\n        self.registration_page.open_registration_form()\n        self.registration_page.fill_registration_form(user=user)\n>       self.registration_page.confirm_registration_form(code=code)\n\ntests/ui/test_registration_new_user.py:16: \n_ _ _ _ _ _ _ _ _ _ _ _ _ _ _ _ _ _ _ _ _ _ _ _ _ _ _ _ _ _ _ _ _ _ _ _ _ _ _ _ \nsrc/pages/registration_page.py:44: in confirm_registration_form\n    self.fill_field_with_click(self.CODE_FIELD, code)\nsrc/base_classes/base_page.py:46: in fill_field_with_click\n    self.wait.until(EC.element_to_be_clickable(field_name)).click()\n_ _ _ _ _ _ _ _ _ _ _ _ _ _ _ _ _ _ _ _ _ _ _ _ _ _ _ _ _ _ _ _ _ _ _ _ _ _ _ _ \n\nself = <selenium.webdriver.support.wait.WebDriverWait (session=\"f338503bb650f92c40534b654e57a6bc\")>\nmethod = <function element_to_be_clickable.<locals>._predicate at 0x7f8a13877be0>\nmessage = ''\n\n    def until(self, method: Callable[[D], Union[Literal[False], T]], message: str = \"\") -> T:\n        \"\"\"Calls the method provided with the driver as an argument until the \\\n        return value does not evaluate to ``False``.\n    \n        :param method: callable(WebDriver)\n        :param message: optional message for :exc:`TimeoutException`\n        :returns: the result of the last call to `method`\n        :raises: :exc:`selenium.common.exceptions.TimeoutException` if timeout occurs\n        \"\"\"\n        screen = None\n        stacktrace = None\n    \n        end_time = time.monotonic() + self._timeout\n        while True:\n            try:\n                value = method(self._driver)\n                if value:\n                    return value\n            except self._ignored_exceptions as exc:\n                screen = getattr(exc, \"screen\", None)\n                stacktrace = getattr(exc, \"stacktrace\", None)\n            time.sleep(self._poll)\n            if time.monotonic() > end_time:\n                break\n>       raise TimeoutException(message, screen, stacktrace)\nE       selenium.common.exceptions.TimeoutException: Message: \nE       Stacktrace:\nE       #0 0x56236e5da8ae <unknown>\nE       #1 0x56236e10fc40 <unknown>\nE       #2 0x56236e15be12 <unknown>\nE       #3 0x56236e15c011 <unknown>\nE       #4 0x56236e1a5bc4 <unknown>\nE       #5 0x56236e183efd <unknown>\nE       #6 0x56236e1a36d2 <unknown>\nE       #7 0x56236e183c73 <unknown>\nE       #8 0x56236e14f6e8 <unknown>\nE       #9 0x56236e15069e <unknown>\nE       #10 0x56236e5adc66 <unknown>\nE       #11 0x56236e5b0f97 <unknown>\nE       #12 0x56236e5b0a58 <unknown>\nE       #13 0x56236e5b1425 <unknown>\nE       #14 0x56236e59eb6e <unknown>\nE       #15 0x56236e5b176f <unknown>\nE       #16 0x56236e588625 <unknown>\nE       #17 0x56236e5c9d55 <unknown>\nE       #18 0x56236e5c9f36 <unknown>\nE       #19 0x56236e5d96e5 <unknown>\nE       #20 0x7efe89ad1144 <unknown>\n\n../local/lib/python3.10/site-packages/selenium/webdriver/support/wait.py:105: TimeoutException",
  "flaky" : false,
  "newFailed" : false,
  "beforeStages" : [ {
    "name" : "_session_faker",
    "time" : {
      "start" : 1729941250283,
      "stop" : 1729941250357,
      "duration" : 74
    },
    "status" : "passed",
    "steps" : [ ],
    "attachments" : [ ],
    "parameters" : [ ],
    "stepsCount" : 0,
    "attachmentsCount" : 0,
    "shouldDisplayMessage" : false,
    "hasContent" : false
  }, {
    "name" : "pytestconfig",
    "time" : {
      "start" : 1729941250357,
      "stop" : 1729941250357,
      "duration" : 0
    },
    "status" : "passed",
    "steps" : [ ],
    "attachments" : [ ],
    "parameters" : [ ],
    "stepsCount" : 0,
    "attachmentsCount" : 0,
    "shouldDisplayMessage" : false,
    "hasContent" : false
  }, {
    "name" : "set_env_settings",
    "time" : {
      "start" : 1729941250358,
      "stop" : 1729941250358,
      "duration" : 0
    },
    "status" : "passed",
    "steps" : [ ],
    "attachments" : [ ],
    "parameters" : [ ],
    "stepsCount" : 0,
    "attachmentsCount" : 0,
    "shouldDisplayMessage" : false,
    "hasContent" : false
  }, {
    "name" : "set_driver",
    "time" : {
      "start" : 1729941250359,
      "stop" : 1729941250905,
      "duration" : 546
    },
    "status" : "passed",
    "steps" : [ ],
    "attachments" : [ ],
    "parameters" : [ ],
    "stepsCount" : 0,
    "attachmentsCount" : 0,
    "shouldDisplayMessage" : false,
    "hasContent" : false
  }, {
    "name" : "setup",
    "time" : {
      "start" : 1729941250905,
      "stop" : 1729941250905,
      "duration" : 0
    },
    "status" : "passed",
    "steps" : [ ],
    "attachments" : [ ],
    "parameters" : [ ],
    "stepsCount" : 0,
    "attachmentsCount" : 0,
    "shouldDisplayMessage" : false,
    "hasContent" : false
  } ],
  "testStage" : {
    "status" : "broken",
    "statusMessage" : "selenium.common.exceptions.TimeoutException: Message: \nStacktrace:\n#0 0x56236e5da8ae <unknown>\n#1 0x56236e10fc40 <unknown>\n#2 0x56236e15be12 <unknown>\n#3 0x56236e15c011 <unknown>\n#4 0x56236e1a5bc4 <unknown>\n#5 0x56236e183efd <unknown>\n#6 0x56236e1a36d2 <unknown>\n#7 0x56236e183c73 <unknown>\n#8 0x56236e14f6e8 <unknown>\n#9 0x56236e15069e <unknown>\n#10 0x56236e5adc66 <unknown>\n#11 0x56236e5b0f97 <unknown>\n#12 0x56236e5b0a58 <unknown>\n#13 0x56236e5b1425 <unknown>\n#14 0x56236e59eb6e <unknown>\n#15 0x56236e5b176f <unknown>\n#16 0x56236e588625 <unknown>\n#17 0x56236e5c9d55 <unknown>\n#18 0x56236e5c9f36 <unknown>\n#19 0x56236e5d96e5 <unknown>\n#20 0x7efe89ad1144 <unknown>",
    "statusTrace" : "self = <tests.ui.test_registration_new_user.TestRegistrationUser object at 0x7f8a1307cbe0>\nuser = {'email': 'alla_2018@example.org', 'name': 'Гришин Борис Абрамович', 'phone': '+380631352335'}\ncode = 1111\n\n    @allure.step(\"Registration new user AWDEV-T506\")\n    @pytest.mark.parametrize(\"user, code\", [\n        (RegistrationUserUi.user_name_phone_email, DEFAULT_CODE_REGISTRATION)], ids=str)\n    def test_registration_new_user_awdev_t506(self, user, code):\n        self.registration_page.open_registration_form()\n        self.registration_page.fill_registration_form(user=user)\n>       self.registration_page.confirm_registration_form(code=code)\n\ntests/ui/test_registration_new_user.py:16: \n_ _ _ _ _ _ _ _ _ _ _ _ _ _ _ _ _ _ _ _ _ _ _ _ _ _ _ _ _ _ _ _ _ _ _ _ _ _ _ _ \nsrc/pages/registration_page.py:44: in confirm_registration_form\n    self.fill_field_with_click(self.CODE_FIELD, code)\nsrc/base_classes/base_page.py:46: in fill_field_with_click\n    self.wait.until(EC.element_to_be_clickable(field_name)).click()\n_ _ _ _ _ _ _ _ _ _ _ _ _ _ _ _ _ _ _ _ _ _ _ _ _ _ _ _ _ _ _ _ _ _ _ _ _ _ _ _ \n\nself = <selenium.webdriver.support.wait.WebDriverWait (session=\"f338503bb650f92c40534b654e57a6bc\")>\nmethod = <function element_to_be_clickable.<locals>._predicate at 0x7f8a13877be0>\nmessage = ''\n\n    def until(self, method: Callable[[D], Union[Literal[False], T]], message: str = \"\") -> T:\n        \"\"\"Calls the method provided with the driver as an argument until the \\\n        return value does not evaluate to ``False``.\n    \n        :param method: callable(WebDriver)\n        :param message: optional message for :exc:`TimeoutException`\n        :returns: the result of the last call to `method`\n        :raises: :exc:`selenium.common.exceptions.TimeoutException` if timeout occurs\n        \"\"\"\n        screen = None\n        stacktrace = None\n    \n        end_time = time.monotonic() + self._timeout\n        while True:\n            try:\n                value = method(self._driver)\n                if value:\n                    return value\n            except self._ignored_exceptions as exc:\n                screen = getattr(exc, \"screen\", None)\n                stacktrace = getattr(exc, \"stacktrace\", None)\n            time.sleep(self._poll)\n            if time.monotonic() > end_time:\n                break\n>       raise TimeoutException(message, screen, stacktrace)\nE       selenium.common.exceptions.TimeoutException: Message: \nE       Stacktrace:\nE       #0 0x56236e5da8ae <unknown>\nE       #1 0x56236e10fc40 <unknown>\nE       #2 0x56236e15be12 <unknown>\nE       #3 0x56236e15c011 <unknown>\nE       #4 0x56236e1a5bc4 <unknown>\nE       #5 0x56236e183efd <unknown>\nE       #6 0x56236e1a36d2 <unknown>\nE       #7 0x56236e183c73 <unknown>\nE       #8 0x56236e14f6e8 <unknown>\nE       #9 0x56236e15069e <unknown>\nE       #10 0x56236e5adc66 <unknown>\nE       #11 0x56236e5b0f97 <unknown>\nE       #12 0x56236e5b0a58 <unknown>\nE       #13 0x56236e5b1425 <unknown>\nE       #14 0x56236e59eb6e <unknown>\nE       #15 0x56236e5b176f <unknown>\nE       #16 0x56236e588625 <unknown>\nE       #17 0x56236e5c9d55 <unknown>\nE       #18 0x56236e5c9f36 <unknown>\nE       #19 0x56236e5d96e5 <unknown>\nE       #20 0x7efe89ad1144 <unknown>\n\n../local/lib/python3.10/site-packages/selenium/webdriver/support/wait.py:105: TimeoutException",
    "steps" : [ {
      "name" : "Registration new user AWDEV-T506",
      "time" : {
        "start" : 1729941250906,
        "stop" : 1729941276013,
        "duration" : 25107
      },
      "status" : "broken",
      "statusMessage" : "selenium.common.exceptions.TimeoutException: Message: \nStacktrace:\n#0 0x56236e5da8ae <unknown>\n#1 0x56236e10fc40 <unknown>\n#2 0x56236e15be12 <unknown>\n#3 0x56236e15c011 <unknown>\n#4 0x56236e1a5bc4 <unknown>\n#5 0x56236e183efd <unknown>\n#6 0x56236e1a36d2 <unknown>\n#7 0x56236e183c73 <unknown>\n#8 0x56236e14f6e8 <unknown>\n#9 0x56236e15069e <unknown>\n#10 0x56236e5adc66 <unknown>\n#11 0x56236e5b0f97 <unknown>\n#12 0x56236e5b0a58 <unknown>\n#13 0x56236e5b1425 <unknown>\n#14 0x56236e59eb6e <unknown>\n#15 0x56236e5b176f <unknown>\n#16 0x56236e588625 <unknown>\n#17 0x56236e5c9d55 <unknown>\n#18 0x56236e5c9f36 <unknown>\n#19 0x56236e5d96e5 <unknown>\n#20 0x7efe89ad1144 <unknown>\n\n",
      "statusTrace" : "  File \"/usr/local/lib/python3.10/site-packages/allure_commons/_allure.py\", line 192, in impl\n    return func(*a, **kw)\n  File \"/usr/workspace/tests/ui/test_registration_new_user.py\", line 16, in test_registration_new_user_awdev_t506\n    self.registration_page.confirm_registration_form(code=code)\n  File \"/usr/workspace/src/pages/registration_page.py\", line 44, in confirm_registration_form\n    self.fill_field_with_click(self.CODE_FIELD, code)\n  File \"/usr/workspace/src/base_classes/base_page.py\", line 46, in fill_field_with_click\n    self.wait.until(EC.element_to_be_clickable(field_name)).click()\n  File \"/usr/local/lib/python3.10/site-packages/selenium/webdriver/support/wait.py\", line 105, in until\n    raise TimeoutException(message, screen, stacktrace)\n",
      "steps" : [ {
        "name" : "Open 'https://m2-live-qa-001.antoshka.ua/uk/' page",
        "time" : {
          "start" : 1729941250906,
          "stop" : 1729941254138,
          "duration" : 3232
        },
        "status" : "passed",
        "steps" : [ ],
        "attachments" : [ ],
        "parameters" : [ ],
        "stepsCount" : 0,
        "attachmentsCount" : 0,
        "shouldDisplayMessage" : false,
        "hasContent" : false
      }, {
        "name" : "Page 'https://m2-live-qa-001.antoshka.ua/uk/' is opened",
        "time" : {
          "start" : 1729941254138,
          "stop" : 1729941254143,
          "duration" : 5
        },
        "status" : "passed",
        "steps" : [ ],
        "attachments" : [ ],
        "parameters" : [ ],
        "stepsCount" : 0,
        "attachmentsCount" : 0,
        "shouldDisplayMessage" : false,
        "hasContent" : false
      }, {
        "name" : "Click ('xpath', \"//*[@id='login-enter']\")",
        "time" : {
          "start" : 1729941254143,
          "stop" : 1729941254206,
          "duration" : 63
        },
        "status" : "passed",
        "steps" : [ ],
        "attachments" : [ ],
        "parameters" : [ ],
        "stepsCount" : 0,
        "attachmentsCount" : 0,
        "shouldDisplayMessage" : false,
        "hasContent" : false
      }, {
        "name" : "Click ('xpath', '//form[1]//a')",
        "time" : {
          "start" : 1729941254206,
          "stop" : 1729941255279,
          "duration" : 1073
        },
        "status" : "passed",
        "steps" : [ ],
        "attachments" : [ ],
        "parameters" : [ ],
        "stepsCount" : 0,
        "attachmentsCount" : 0,
        "shouldDisplayMessage" : false,
        "hasContent" : false
      }, {
        "name" : "Fill '('xpath', \"//input[@data-validation='name']\")' with data 'Г'",
        "time" : {
          "start" : 1729941255279,
          "stop" : 1729941255405,
          "duration" : 126
        },
        "status" : "passed",
        "steps" : [ ],
        "attachments" : [ ],
        "parameters" : [ ],
        "stepsCount" : 0,
        "attachmentsCount" : 0,
        "shouldDisplayMessage" : false,
        "hasContent" : false
      }, {
        "name" : "Fill '('xpath', \"//*[@id='telephone']\")' with data '631352335'",
        "time" : {
          "start" : 1729941255405,
          "stop" : 1729941255546,
          "duration" : 141
        },
        "status" : "passed",
        "steps" : [ ],
        "attachments" : [ ],
        "parameters" : [ ],
        "stepsCount" : 0,
        "attachmentsCount" : 0,
        "shouldDisplayMessage" : false,
        "hasContent" : false
      }, {
        "name" : "Fill '('xpath', \"//input[@data-validation='email']\")' with data 'alla_2018@example.org'",
        "time" : {
          "start" : 1729941255546,
          "stop" : 1729941255688,
          "duration" : 142
        },
        "status" : "passed",
        "steps" : [ ],
        "attachments" : [ ],
        "parameters" : [ ],
        "stepsCount" : 0,
        "attachmentsCount" : 0,
        "shouldDisplayMessage" : false,
        "hasContent" : false
      }, {
        "name" : "Click ('xpath', \"//button[@class='auth_next']\")",
        "time" : {
          "start" : 1729941255688,
          "stop" : 1729941255745,
          "duration" : 57
        },
        "status" : "passed",
        "steps" : [ ],
        "attachments" : [ ],
        "parameters" : [ ],
        "stepsCount" : 0,
        "attachmentsCount" : 0,
        "shouldDisplayMessage" : false,
        "hasContent" : false
      }, {
        "name" : "Fill '('xpath', \"//input[@id='code-auth']\")' with data '1111'",
        "time" : {
          "start" : 1729941255745,
          "stop" : 1729941276013,
          "duration" : 20268
        },
        "status" : "broken",
        "statusMessage" : "selenium.common.exceptions.TimeoutException: Message: \nStacktrace:\n#0 0x56236e5da8ae <unknown>\n#1 0x56236e10fc40 <unknown>\n#2 0x56236e15be12 <unknown>\n#3 0x56236e15c011 <unknown>\n#4 0x56236e1a5bc4 <unknown>\n#5 0x56236e183efd <unknown>\n#6 0x56236e1a36d2 <unknown>\n#7 0x56236e183c73 <unknown>\n#8 0x56236e14f6e8 <unknown>\n#9 0x56236e15069e <unknown>\n#10 0x56236e5adc66 <unknown>\n#11 0x56236e5b0f97 <unknown>\n#12 0x56236e5b0a58 <unknown>\n#13 0x56236e5b1425 <unknown>\n#14 0x56236e59eb6e <unknown>\n#15 0x56236e5b176f <unknown>\n#16 0x56236e588625 <unknown>\n#17 0x56236e5c9d55 <unknown>\n#18 0x56236e5c9f36 <unknown>\n#19 0x56236e5d96e5 <unknown>\n#20 0x7efe89ad1144 <unknown>\n\n",
        "statusTrace" : "  File \"/usr/workspace/src/base_classes/base_page.py\", line 46, in fill_field_with_click\n    self.wait.until(EC.element_to_be_clickable(field_name)).click()\n  File \"/usr/local/lib/python3.10/site-packages/selenium/webdriver/support/wait.py\", line 105, in until\n    raise TimeoutException(message, screen, stacktrace)\n",
        "steps" : [ ],
        "attachments" : [ ],
        "parameters" : [ ],
        "stepsCount" : 0,
        "attachmentsCount" : 0,
        "shouldDisplayMessage" : true,
        "hasContent" : true
      } ],
      "attachments" : [ ],
      "parameters" : [ {
        "name" : "user",
        "value" : "{'name': 'Гришин Борис Абрамович', 'email': 'alla_2018@example.org', 'phone': '+380631352335'}"
      }, {
        "name" : "code",
        "value" : "1111"
      } ],
      "stepsCount" : 9,
      "attachmentsCount" : 0,
      "shouldDisplayMessage" : false,
      "hasContent" : true
    } ],
    "attachments" : [ {
      "uid" : "87a153d72ff59e01",
      "name" : "log",
      "source" : "87a153d72ff59e01.txt",
      "type" : "text/plain",
      "size" : 92
    } ],
    "parameters" : [ ],
    "stepsCount" : 10,
    "attachmentsCount" : 1,
    "shouldDisplayMessage" : true,
    "hasContent" : true
  },
  "afterStages" : [ {
    "name" : "set_driver::0",
    "time" : {
      "start" : 1729941276056,
      "stop" : 1729941276125,
      "duration" : 69
    },
    "status" : "passed",
    "steps" : [ ],
    "attachments" : [ ],
    "parameters" : [ ],
    "stepsCount" : 0,
    "attachmentsCount" : 0,
    "shouldDisplayMessage" : false,
    "hasContent" : false
  } ],
  "labels" : [ {
    "name" : "parentSuite",
    "value" : "tests.ui"
  }, {
    "name" : "suite",
    "value" : "test_registration_new_user"
  }, {
    "name" : "subSuite",
    "value" : "TestRegistrationUser"
  }, {
    "name" : "host",
    "value" : "1acbebf696db"
  }, {
    "name" : "thread",
    "value" : "7-MainThread"
  }, {
    "name" : "framework",
    "value" : "pytest"
  }, {
    "name" : "language",
    "value" : "cpython3"
  }, {
    "name" : "package",
    "value" : "tests.ui.test_registration_new_user"
  }, {
    "name" : "resultFormat",
    "value" : "allure2"
  } ],
  "parameters" : [ {
    "name" : "code",
    "value" : "1111"
  }, {
    "name" : "user",
    "value" : "{'name': 'Гришин Борис Абрамович', 'email': 'alla_2018@example.org', 'phone': '+380631352335'}"
  } ],
  "links" : [ ],
  "hidden" : false,
  "retry" : false,
  "extra" : {
    "severity" : "normal",
    "retries" : [ ],
    "categories" : [ {
      "name" : "Test defects",
      "matchedStatuses" : [ ],
      "flaky" : false
    } ],
    "tags" : [ ]
  },
  "source" : "e3a5a97a96535952.json",
  "parameterValues" : [ "1111", "{'name': 'Гришин Борис Абрамович', 'email': 'alla_2018@example.org', 'phone': '+380631352335'}" ]
}