{
  "uid" : "e4b44f1d8c24704",
  "name" : "test_registration_new_user_awdev_t506[{'name': '\\u041c\\u0438\\u0445\\u0430\\u0439\\u043b\\u043e\\u0432 \\u0414\\u0435\\u043c\\u0438\\u0434 \\u0418\\u0441\\u0438\\u0434\\u043e\\u0440\\u043e\\u0432\\u0438\\u0447', 'email': 'nikodim_1996@example.net', 'phone': '+380634835486'}-1111]",
  "fullName" : "tests.ui.test_registration_new_user.TestRegistrationUser#test_registration_new_user_awdev_t506",
  "historyId" : "d9b23378e39ca550982a09b77a243e19",
  "time" : {
    "start" : 1729922370010,
    "stop" : 1729922396382,
    "duration" : 26372
  },
  "status" : "broken",
  "statusMessage" : "selenium.common.exceptions.TimeoutException: Message: \nStacktrace:\n#0 0x56290df5b8ae <unknown>\n#1 0x56290da90c40 <unknown>\n#2 0x56290dadce12 <unknown>\n#3 0x56290dadd011 <unknown>\n#4 0x56290db26bc4 <unknown>\n#5 0x56290db04efd <unknown>\n#6 0x56290db246d2 <unknown>\n#7 0x56290db04c73 <unknown>\n#8 0x56290dad06e8 <unknown>\n#9 0x56290dad169e <unknown>\n#10 0x56290df2ec66 <unknown>\n#11 0x56290df31f97 <unknown>\n#12 0x56290df31a58 <unknown>\n#13 0x56290df32425 <unknown>\n#14 0x56290df1fb6e <unknown>\n#15 0x56290df3276f <unknown>\n#16 0x56290df09625 <unknown>\n#17 0x56290df4ad55 <unknown>\n#18 0x56290df4af36 <unknown>\n#19 0x56290df5a6e5 <unknown>\n#20 0x7f55d0eb1144 <unknown>",
  "statusTrace" : "self = <tests.ui.test_registration_new_user.TestRegistrationUser object at 0x7facc19ac9a0>\nuser = {'email': 'nikodim_1996@example.net', 'name': 'Михайлов Демид Исидорович', 'phone': '+380634835486'}\ncode = 1111\n\n    @allure.step(\"Registration new user AWDEV-T506\")\n    @pytest.mark.parametrize(\"user, code\", [\n        (RegistrationUserUi.user_name_phone_email, DEFAULT_CODE_REGISTRATION)], ids=str)\n    def test_registration_new_user_awdev_t506(self, user, code):\n        self.registration_page.open_registration_form()\n        self.registration_page.fill_registration_form(user=user)\n>       self.registration_page.confirm_registration_form(code=code)\n\ntests/ui/test_registration_new_user.py:16: \n_ _ _ _ _ _ _ _ _ _ _ _ _ _ _ _ _ _ _ _ _ _ _ _ _ _ _ _ _ _ _ _ _ _ _ _ _ _ _ _ \nsrc/pages/registration_page.py:44: in confirm_registration_form\n    self.fill_field_with_click(self.CODE_FIELD, code)\nsrc/base_classes/base_page.py:46: in fill_field_with_click\n    self.wait.until(EC.element_to_be_clickable(field_name)).click()\n_ _ _ _ _ _ _ _ _ _ _ _ _ _ _ _ _ _ _ _ _ _ _ _ _ _ _ _ _ _ _ _ _ _ _ _ _ _ _ _ \n\nself = <selenium.webdriver.support.wait.WebDriverWait (session=\"2a4d39f5c9f739c25a97a44b6badc046\")>\nmethod = <function element_to_be_clickable.<locals>._predicate at 0x7facc21a7be0>\nmessage = ''\n\n    def until(self, method: Callable[[D], Union[Literal[False], T]], message: str = \"\") -> T:\n        \"\"\"Calls the method provided with the driver as an argument until the \\\n        return value does not evaluate to ``False``.\n    \n        :param method: callable(WebDriver)\n        :param message: optional message for :exc:`TimeoutException`\n        :returns: the result of the last call to `method`\n        :raises: :exc:`selenium.common.exceptions.TimeoutException` if timeout occurs\n        \"\"\"\n        screen = None\n        stacktrace = None\n    \n        end_time = time.monotonic() + self._timeout\n        while True:\n            try:\n                value = method(self._driver)\n                if value:\n                    return value\n            except self._ignored_exceptions as exc:\n                screen = getattr(exc, \"screen\", None)\n                stacktrace = getattr(exc, \"stacktrace\", None)\n            time.sleep(self._poll)\n            if time.monotonic() > end_time:\n                break\n>       raise TimeoutException(message, screen, stacktrace)\nE       selenium.common.exceptions.TimeoutException: Message: \nE       Stacktrace:\nE       #0 0x56290df5b8ae <unknown>\nE       #1 0x56290da90c40 <unknown>\nE       #2 0x56290dadce12 <unknown>\nE       #3 0x56290dadd011 <unknown>\nE       #4 0x56290db26bc4 <unknown>\nE       #5 0x56290db04efd <unknown>\nE       #6 0x56290db246d2 <unknown>\nE       #7 0x56290db04c73 <unknown>\nE       #8 0x56290dad06e8 <unknown>\nE       #9 0x56290dad169e <unknown>\nE       #10 0x56290df2ec66 <unknown>\nE       #11 0x56290df31f97 <unknown>\nE       #12 0x56290df31a58 <unknown>\nE       #13 0x56290df32425 <unknown>\nE       #14 0x56290df1fb6e <unknown>\nE       #15 0x56290df3276f <unknown>\nE       #16 0x56290df09625 <unknown>\nE       #17 0x56290df4ad55 <unknown>\nE       #18 0x56290df4af36 <unknown>\nE       #19 0x56290df5a6e5 <unknown>\nE       #20 0x7f55d0eb1144 <unknown>\n\n../local/lib/python3.10/site-packages/selenium/webdriver/support/wait.py:105: TimeoutException",
  "flaky" : false,
  "newFailed" : false,
  "beforeStages" : [ {
    "name" : "setup",
    "time" : {
      "start" : 1729922370009,
      "stop" : 1729922370009,
      "duration" : 0
    },
    "status" : "passed",
    "steps" : [ ],
    "attachments" : [ ],
    "parameters" : [ ],
    "stepsCount" : 0,
    "attachmentsCount" : 0,
    "shouldDisplayMessage" : false,
    "hasContent" : false
  }, {
    "name" : "set_driver",
    "time" : {
      "start" : 1729922369425,
      "stop" : 1729922370009,
      "duration" : 584
    },
    "status" : "passed",
    "steps" : [ ],
    "attachments" : [ ],
    "parameters" : [ ],
    "stepsCount" : 0,
    "attachmentsCount" : 0,
    "shouldDisplayMessage" : false,
    "hasContent" : false
  }, {
    "name" : "set_env_settings",
    "time" : {
      "start" : 1729922369424,
      "stop" : 1729922369425,
      "duration" : 1
    },
    "status" : "passed",
    "steps" : [ ],
    "attachments" : [ ],
    "parameters" : [ ],
    "stepsCount" : 0,
    "attachmentsCount" : 0,
    "shouldDisplayMessage" : false,
    "hasContent" : false
  }, {
    "name" : "_session_faker",
    "time" : {
      "start" : 1729922369352,
      "stop" : 1729922369424,
      "duration" : 72
    },
    "status" : "passed",
    "steps" : [ ],
    "attachments" : [ ],
    "parameters" : [ ],
    "stepsCount" : 0,
    "attachmentsCount" : 0,
    "shouldDisplayMessage" : false,
    "hasContent" : false
  }, {
    "name" : "pytestconfig",
    "time" : {
      "start" : 1729922369424,
      "stop" : 1729922369424,
      "duration" : 0
    },
    "status" : "passed",
    "steps" : [ ],
    "attachments" : [ ],
    "parameters" : [ ],
    "stepsCount" : 0,
    "attachmentsCount" : 0,
    "shouldDisplayMessage" : false,
    "hasContent" : false
  } ],
  "testStage" : {
    "status" : "broken",
    "statusMessage" : "selenium.common.exceptions.TimeoutException: Message: \nStacktrace:\n#0 0x56290df5b8ae <unknown>\n#1 0x56290da90c40 <unknown>\n#2 0x56290dadce12 <unknown>\n#3 0x56290dadd011 <unknown>\n#4 0x56290db26bc4 <unknown>\n#5 0x56290db04efd <unknown>\n#6 0x56290db246d2 <unknown>\n#7 0x56290db04c73 <unknown>\n#8 0x56290dad06e8 <unknown>\n#9 0x56290dad169e <unknown>\n#10 0x56290df2ec66 <unknown>\n#11 0x56290df31f97 <unknown>\n#12 0x56290df31a58 <unknown>\n#13 0x56290df32425 <unknown>\n#14 0x56290df1fb6e <unknown>\n#15 0x56290df3276f <unknown>\n#16 0x56290df09625 <unknown>\n#17 0x56290df4ad55 <unknown>\n#18 0x56290df4af36 <unknown>\n#19 0x56290df5a6e5 <unknown>\n#20 0x7f55d0eb1144 <unknown>",
    "statusTrace" : "self = <tests.ui.test_registration_new_user.TestRegistrationUser object at 0x7facc19ac9a0>\nuser = {'email': 'nikodim_1996@example.net', 'name': 'Михайлов Демид Исидорович', 'phone': '+380634835486'}\ncode = 1111\n\n    @allure.step(\"Registration new user AWDEV-T506\")\n    @pytest.mark.parametrize(\"user, code\", [\n        (RegistrationUserUi.user_name_phone_email, DEFAULT_CODE_REGISTRATION)], ids=str)\n    def test_registration_new_user_awdev_t506(self, user, code):\n        self.registration_page.open_registration_form()\n        self.registration_page.fill_registration_form(user=user)\n>       self.registration_page.confirm_registration_form(code=code)\n\ntests/ui/test_registration_new_user.py:16: \n_ _ _ _ _ _ _ _ _ _ _ _ _ _ _ _ _ _ _ _ _ _ _ _ _ _ _ _ _ _ _ _ _ _ _ _ _ _ _ _ \nsrc/pages/registration_page.py:44: in confirm_registration_form\n    self.fill_field_with_click(self.CODE_FIELD, code)\nsrc/base_classes/base_page.py:46: in fill_field_with_click\n    self.wait.until(EC.element_to_be_clickable(field_name)).click()\n_ _ _ _ _ _ _ _ _ _ _ _ _ _ _ _ _ _ _ _ _ _ _ _ _ _ _ _ _ _ _ _ _ _ _ _ _ _ _ _ \n\nself = <selenium.webdriver.support.wait.WebDriverWait (session=\"2a4d39f5c9f739c25a97a44b6badc046\")>\nmethod = <function element_to_be_clickable.<locals>._predicate at 0x7facc21a7be0>\nmessage = ''\n\n    def until(self, method: Callable[[D], Union[Literal[False], T]], message: str = \"\") -> T:\n        \"\"\"Calls the method provided with the driver as an argument until the \\\n        return value does not evaluate to ``False``.\n    \n        :param method: callable(WebDriver)\n        :param message: optional message for :exc:`TimeoutException`\n        :returns: the result of the last call to `method`\n        :raises: :exc:`selenium.common.exceptions.TimeoutException` if timeout occurs\n        \"\"\"\n        screen = None\n        stacktrace = None\n    \n        end_time = time.monotonic() + self._timeout\n        while True:\n            try:\n                value = method(self._driver)\n                if value:\n                    return value\n            except self._ignored_exceptions as exc:\n                screen = getattr(exc, \"screen\", None)\n                stacktrace = getattr(exc, \"stacktrace\", None)\n            time.sleep(self._poll)\n            if time.monotonic() > end_time:\n                break\n>       raise TimeoutException(message, screen, stacktrace)\nE       selenium.common.exceptions.TimeoutException: Message: \nE       Stacktrace:\nE       #0 0x56290df5b8ae <unknown>\nE       #1 0x56290da90c40 <unknown>\nE       #2 0x56290dadce12 <unknown>\nE       #3 0x56290dadd011 <unknown>\nE       #4 0x56290db26bc4 <unknown>\nE       #5 0x56290db04efd <unknown>\nE       #6 0x56290db246d2 <unknown>\nE       #7 0x56290db04c73 <unknown>\nE       #8 0x56290dad06e8 <unknown>\nE       #9 0x56290dad169e <unknown>\nE       #10 0x56290df2ec66 <unknown>\nE       #11 0x56290df31f97 <unknown>\nE       #12 0x56290df31a58 <unknown>\nE       #13 0x56290df32425 <unknown>\nE       #14 0x56290df1fb6e <unknown>\nE       #15 0x56290df3276f <unknown>\nE       #16 0x56290df09625 <unknown>\nE       #17 0x56290df4ad55 <unknown>\nE       #18 0x56290df4af36 <unknown>\nE       #19 0x56290df5a6e5 <unknown>\nE       #20 0x7f55d0eb1144 <unknown>\n\n../local/lib/python3.10/site-packages/selenium/webdriver/support/wait.py:105: TimeoutException",
    "steps" : [ {
      "name" : "Registration new user AWDEV-T506",
      "time" : {
        "start" : 1729922370010,
        "stop" : 1729922396381,
        "duration" : 26371
      },
      "status" : "broken",
      "statusMessage" : "selenium.common.exceptions.TimeoutException: Message: \nStacktrace:\n#0 0x56290df5b8ae <unknown>\n#1 0x56290da90c40 <unknown>\n#2 0x56290dadce12 <unknown>\n#3 0x56290dadd011 <unknown>\n#4 0x56290db26bc4 <unknown>\n#5 0x56290db04efd <unknown>\n#6 0x56290db246d2 <unknown>\n#7 0x56290db04c73 <unknown>\n#8 0x56290dad06e8 <unknown>\n#9 0x56290dad169e <unknown>\n#10 0x56290df2ec66 <unknown>\n#11 0x56290df31f97 <unknown>\n#12 0x56290df31a58 <unknown>\n#13 0x56290df32425 <unknown>\n#14 0x56290df1fb6e <unknown>\n#15 0x56290df3276f <unknown>\n#16 0x56290df09625 <unknown>\n#17 0x56290df4ad55 <unknown>\n#18 0x56290df4af36 <unknown>\n#19 0x56290df5a6e5 <unknown>\n#20 0x7f55d0eb1144 <unknown>\n\n",
      "statusTrace" : "  File \"/usr/local/lib/python3.10/site-packages/allure_commons/_allure.py\", line 192, in impl\n    return func(*a, **kw)\n  File \"/usr/workspace/tests/ui/test_registration_new_user.py\", line 16, in test_registration_new_user_awdev_t506\n    self.registration_page.confirm_registration_form(code=code)\n  File \"/usr/workspace/src/pages/registration_page.py\", line 44, in confirm_registration_form\n    self.fill_field_with_click(self.CODE_FIELD, code)\n  File \"/usr/workspace/src/base_classes/base_page.py\", line 46, in fill_field_with_click\n    self.wait.until(EC.element_to_be_clickable(field_name)).click()\n  File \"/usr/local/lib/python3.10/site-packages/selenium/webdriver/support/wait.py\", line 105, in until\n    raise TimeoutException(message, screen, stacktrace)\n",
      "steps" : [ {
        "name" : "Open 'https://m2-live-qa-001.antoshka.ua/uk/' page",
        "time" : {
          "start" : 1729922370010,
          "stop" : 1729922374515,
          "duration" : 4505
        },
        "status" : "passed",
        "steps" : [ ],
        "attachments" : [ ],
        "parameters" : [ ],
        "stepsCount" : 0,
        "attachmentsCount" : 0,
        "shouldDisplayMessage" : false,
        "hasContent" : false
      }, {
        "name" : "Page 'https://m2-live-qa-001.antoshka.ua/uk/' is opened",
        "time" : {
          "start" : 1729922374515,
          "stop" : 1729922374521,
          "duration" : 6
        },
        "status" : "passed",
        "steps" : [ ],
        "attachments" : [ ],
        "parameters" : [ ],
        "stepsCount" : 0,
        "attachmentsCount" : 0,
        "shouldDisplayMessage" : false,
        "hasContent" : false
      }, {
        "name" : "Click ('xpath', \"//*[@id='login-enter']\")",
        "time" : {
          "start" : 1729922374521,
          "stop" : 1729922374583,
          "duration" : 62
        },
        "status" : "passed",
        "steps" : [ ],
        "attachments" : [ ],
        "parameters" : [ ],
        "stepsCount" : 0,
        "attachmentsCount" : 0,
        "shouldDisplayMessage" : false,
        "hasContent" : false
      }, {
        "name" : "Click ('xpath', '//form[1]//a')",
        "time" : {
          "start" : 1729922374584,
          "stop" : 1729922375654,
          "duration" : 1070
        },
        "status" : "passed",
        "steps" : [ ],
        "attachments" : [ ],
        "parameters" : [ ],
        "stepsCount" : 0,
        "attachmentsCount" : 0,
        "shouldDisplayMessage" : false,
        "hasContent" : false
      }, {
        "name" : "Fill '('xpath', \"//input[@data-validation='name']\")' with data 'М'",
        "time" : {
          "start" : 1729922375654,
          "stop" : 1729922375783,
          "duration" : 129
        },
        "status" : "passed",
        "steps" : [ ],
        "attachments" : [ ],
        "parameters" : [ ],
        "stepsCount" : 0,
        "attachmentsCount" : 0,
        "shouldDisplayMessage" : false,
        "hasContent" : false
      }, {
        "name" : "Fill '('xpath', \"//*[@id='telephone']\")' with data '634835486'",
        "time" : {
          "start" : 1729922375783,
          "stop" : 1729922375922,
          "duration" : 139
        },
        "status" : "passed",
        "steps" : [ ],
        "attachments" : [ ],
        "parameters" : [ ],
        "stepsCount" : 0,
        "attachmentsCount" : 0,
        "shouldDisplayMessage" : false,
        "hasContent" : false
      }, {
        "name" : "Fill '('xpath', \"//input[@data-validation='email']\")' with data 'nikodim_1996@example.net'",
        "time" : {
          "start" : 1729922375922,
          "stop" : 1729922376069,
          "duration" : 147
        },
        "status" : "passed",
        "steps" : [ ],
        "attachments" : [ ],
        "parameters" : [ ],
        "stepsCount" : 0,
        "attachmentsCount" : 0,
        "shouldDisplayMessage" : false,
        "hasContent" : false
      }, {
        "name" : "Click ('xpath', \"//button[@class='auth_next']\")",
        "time" : {
          "start" : 1729922376069,
          "stop" : 1729922376126,
          "duration" : 57
        },
        "status" : "passed",
        "steps" : [ ],
        "attachments" : [ ],
        "parameters" : [ ],
        "stepsCount" : 0,
        "attachmentsCount" : 0,
        "shouldDisplayMessage" : false,
        "hasContent" : false
      }, {
        "name" : "Fill '('xpath', \"//input[@id='code-auth']\")' with data '1111'",
        "time" : {
          "start" : 1729922376126,
          "stop" : 1729922396381,
          "duration" : 20255
        },
        "status" : "broken",
        "statusMessage" : "selenium.common.exceptions.TimeoutException: Message: \nStacktrace:\n#0 0x56290df5b8ae <unknown>\n#1 0x56290da90c40 <unknown>\n#2 0x56290dadce12 <unknown>\n#3 0x56290dadd011 <unknown>\n#4 0x56290db26bc4 <unknown>\n#5 0x56290db04efd <unknown>\n#6 0x56290db246d2 <unknown>\n#7 0x56290db04c73 <unknown>\n#8 0x56290dad06e8 <unknown>\n#9 0x56290dad169e <unknown>\n#10 0x56290df2ec66 <unknown>\n#11 0x56290df31f97 <unknown>\n#12 0x56290df31a58 <unknown>\n#13 0x56290df32425 <unknown>\n#14 0x56290df1fb6e <unknown>\n#15 0x56290df3276f <unknown>\n#16 0x56290df09625 <unknown>\n#17 0x56290df4ad55 <unknown>\n#18 0x56290df4af36 <unknown>\n#19 0x56290df5a6e5 <unknown>\n#20 0x7f55d0eb1144 <unknown>\n\n",
        "statusTrace" : "  File \"/usr/workspace/src/base_classes/base_page.py\", line 46, in fill_field_with_click\n    self.wait.until(EC.element_to_be_clickable(field_name)).click()\n  File \"/usr/local/lib/python3.10/site-packages/selenium/webdriver/support/wait.py\", line 105, in until\n    raise TimeoutException(message, screen, stacktrace)\n",
        "steps" : [ ],
        "attachments" : [ ],
        "parameters" : [ ],
        "stepsCount" : 0,
        "attachmentsCount" : 0,
        "shouldDisplayMessage" : true,
        "hasContent" : true
      } ],
      "attachments" : [ ],
      "parameters" : [ {
        "name" : "user",
        "value" : "{'name': 'Михайлов Демид Исидорович', 'email': 'nikodim_1996@example.net', 'phone': '+380634835486'}"
      }, {
        "name" : "code",
        "value" : "1111"
      } ],
      "stepsCount" : 9,
      "attachmentsCount" : 0,
      "shouldDisplayMessage" : false,
      "hasContent" : true
    } ],
    "attachments" : [ {
      "uid" : "4841e32ef4515f81",
      "name" : "log",
      "source" : "4841e32ef4515f81.txt",
      "type" : "text/plain",
      "size" : 92
    } ],
    "parameters" : [ ],
    "stepsCount" : 10,
    "attachmentsCount" : 1,
    "shouldDisplayMessage" : true,
    "hasContent" : true
  },
  "afterStages" : [ {
    "name" : "set_driver::0",
    "time" : {
      "start" : 1729922396424,
      "stop" : 1729922396493,
      "duration" : 69
    },
    "status" : "passed",
    "steps" : [ ],
    "attachments" : [ ],
    "parameters" : [ ],
    "stepsCount" : 0,
    "attachmentsCount" : 0,
    "shouldDisplayMessage" : false,
    "hasContent" : false
  } ],
  "labels" : [ {
    "name" : "parentSuite",
    "value" : "tests.ui"
  }, {
    "name" : "suite",
    "value" : "test_registration_new_user"
  }, {
    "name" : "subSuite",
    "value" : "TestRegistrationUser"
  }, {
    "name" : "host",
    "value" : "39257b42f986"
  }, {
    "name" : "thread",
    "value" : "7-MainThread"
  }, {
    "name" : "framework",
    "value" : "pytest"
  }, {
    "name" : "language",
    "value" : "cpython3"
  }, {
    "name" : "package",
    "value" : "tests.ui.test_registration_new_user"
  }, {
    "name" : "resultFormat",
    "value" : "allure2"
  } ],
  "parameters" : [ {
    "name" : "code",
    "value" : "1111"
  }, {
    "name" : "user",
    "value" : "{'name': 'Михайлов Демид Исидорович', 'email': 'nikodim_1996@example.net', 'phone': '+380634835486'}"
  } ],
  "links" : [ ],
  "hidden" : false,
  "retry" : false,
  "extra" : {
    "severity" : "normal",
    "retries" : [ ],
    "categories" : [ {
      "name" : "Test defects",
      "matchedStatuses" : [ ],
      "flaky" : false
    } ],
    "tags" : [ ]
  },
  "source" : "e4b44f1d8c24704.json",
  "parameterValues" : [ "1111", "{'name': 'Михайлов Демид Исидорович', 'email': 'nikodim_1996@example.net', 'phone': '+380634835486'}" ]
}