{
  "uid" : "febc8ee0ea164204",
  "name" : "test_registration_user_with_wrong_code_awdev_t506[{'name': '\\u0421\\u0430\\u043c\\u043e\\u0439\\u043b\\u043e\\u0432\\u0430 \\u042d\\u043c\\u0438\\u043b\\u0438\\u044f \\u0410\\u043d\\u0442\\u043e\\u043d\\u043e\\u0432\\u043d\\u0430', 'email': 'ipat_1980@example.net', 'phone': '+380633245650'}-8889]",
  "fullName" : "tests.ui.test_registration_new_user.TestRegistrationUser#test_registration_user_with_wrong_code_awdev_t506",
  "historyId" : "0461215f36e333bca0ba8c9213b1b81e",
  "time" : {
    "start" : 1729932701558,
    "stop" : 1729932726162,
    "duration" : 24604
  },
  "status" : "broken",
  "statusMessage" : "selenium.common.exceptions.TimeoutException: Message: \nStacktrace:\n#0 0x563d840948ae <unknown>\n#1 0x563d83bc9c40 <unknown>\n#2 0x563d83c15e12 <unknown>\n#3 0x563d83c16011 <unknown>\n#4 0x563d83c5fbc4 <unknown>\n#5 0x563d83c3defd <unknown>\n#6 0x563d83c5d6d2 <unknown>\n#7 0x563d83c3dc73 <unknown>\n#8 0x563d83c096e8 <unknown>\n#9 0x563d83c0a69e <unknown>\n#10 0x563d84067c66 <unknown>\n#11 0x563d8406af97 <unknown>\n#12 0x563d8406aa58 <unknown>\n#13 0x563d8406b425 <unknown>\n#14 0x563d84058b6e <unknown>\n#15 0x563d8406b76f <unknown>\n#16 0x563d84042625 <unknown>\n#17 0x563d84083d55 <unknown>\n#18 0x563d84083f36 <unknown>\n#19 0x563d840936e5 <unknown>\n#20 0x7f8b97754144 <unknown>",
  "statusTrace" : "self = <tests.ui.test_registration_new_user.TestRegistrationUser object at 0x7fe74df5f5b0>\nuser = {'email': 'ipat_1980@example.net', 'name': 'Самойлова Эмилия Антоновна', 'phone': '+380633245650'}\ncode = 8889\n\n    @allure.step(\"Registration new user with wrong code AWDEV-T506\")\n    @pytest.mark.parametrize(\"user, code\",\n                             [(RegistrationUserUi.new_user_name_phone_email, DEFAULT_CODE_AUTHORIZATION)], ids=str)\n    def test_registration_user_with_wrong_code_awdev_t506(self, user, code):\n        self.registration_page.open_registration_form()\n        self.registration_page.fill_registration_form(user=user)\n>       self.registration_page.confirm_registration_form(code=code, correct=False)\n\ntests/ui/test_registration_new_user.py:41: \n_ _ _ _ _ _ _ _ _ _ _ _ _ _ _ _ _ _ _ _ _ _ _ _ _ _ _ _ _ _ _ _ _ _ _ _ _ _ _ _ \nsrc/pages/registration_page.py:44: in confirm_registration_form\n    self.fill_field_with_click(self.CODE_FIELD, code)\nsrc/base_classes/base_page.py:46: in fill_field_with_click\n    self.wait.until(EC.element_to_be_clickable(field_name)).click()\n_ _ _ _ _ _ _ _ _ _ _ _ _ _ _ _ _ _ _ _ _ _ _ _ _ _ _ _ _ _ _ _ _ _ _ _ _ _ _ _ \n\nself = <selenium.webdriver.support.wait.WebDriverWait (session=\"fbe08ec9f28852c69c952a16123af7a1\")>\nmethod = <function element_to_be_clickable.<locals>._predicate at 0x7fe74e4d5120>\nmessage = ''\n\n    def until(self, method: Callable[[D], Union[Literal[False], T]], message: str = \"\") -> T:\n        \"\"\"Calls the method provided with the driver as an argument until the \\\n        return value does not evaluate to ``False``.\n    \n        :param method: callable(WebDriver)\n        :param message: optional message for :exc:`TimeoutException`\n        :returns: the result of the last call to `method`\n        :raises: :exc:`selenium.common.exceptions.TimeoutException` if timeout occurs\n        \"\"\"\n        screen = None\n        stacktrace = None\n    \n        end_time = time.monotonic() + self._timeout\n        while True:\n            try:\n                value = method(self._driver)\n                if value:\n                    return value\n            except self._ignored_exceptions as exc:\n                screen = getattr(exc, \"screen\", None)\n                stacktrace = getattr(exc, \"stacktrace\", None)\n            time.sleep(self._poll)\n            if time.monotonic() > end_time:\n                break\n>       raise TimeoutException(message, screen, stacktrace)\nE       selenium.common.exceptions.TimeoutException: Message: \nE       Stacktrace:\nE       #0 0x563d840948ae <unknown>\nE       #1 0x563d83bc9c40 <unknown>\nE       #2 0x563d83c15e12 <unknown>\nE       #3 0x563d83c16011 <unknown>\nE       #4 0x563d83c5fbc4 <unknown>\nE       #5 0x563d83c3defd <unknown>\nE       #6 0x563d83c5d6d2 <unknown>\nE       #7 0x563d83c3dc73 <unknown>\nE       #8 0x563d83c096e8 <unknown>\nE       #9 0x563d83c0a69e <unknown>\nE       #10 0x563d84067c66 <unknown>\nE       #11 0x563d8406af97 <unknown>\nE       #12 0x563d8406aa58 <unknown>\nE       #13 0x563d8406b425 <unknown>\nE       #14 0x563d84058b6e <unknown>\nE       #15 0x563d8406b76f <unknown>\nE       #16 0x563d84042625 <unknown>\nE       #17 0x563d84083d55 <unknown>\nE       #18 0x563d84083f36 <unknown>\nE       #19 0x563d840936e5 <unknown>\nE       #20 0x7f8b97754144 <unknown>\n\n../local/lib/python3.10/site-packages/selenium/webdriver/support/wait.py:105: TimeoutException",
  "flaky" : false,
  "newFailed" : false,
  "beforeStages" : [ {
    "name" : "set_driver",
    "time" : {
      "start" : 1729932701115,
      "stop" : 1729932701557,
      "duration" : 442
    },
    "status" : "passed",
    "steps" : [ ],
    "attachments" : [ ],
    "parameters" : [ ],
    "stepsCount" : 0,
    "attachmentsCount" : 0,
    "shouldDisplayMessage" : false,
    "hasContent" : false
  }, {
    "name" : "setup",
    "time" : {
      "start" : 1729932701557,
      "stop" : 1729932701558,
      "duration" : 1
    },
    "status" : "passed",
    "steps" : [ ],
    "attachments" : [ ],
    "parameters" : [ ],
    "stepsCount" : 0,
    "attachmentsCount" : 0,
    "shouldDisplayMessage" : false,
    "hasContent" : false
  }, {
    "name" : "pytestconfig",
    "time" : {
      "start" : 1729932665446,
      "stop" : 1729932665446,
      "duration" : 0
    },
    "status" : "passed",
    "steps" : [ ],
    "attachments" : [ ],
    "parameters" : [ ],
    "stepsCount" : 0,
    "attachmentsCount" : 0,
    "shouldDisplayMessage" : false,
    "hasContent" : false
  }, {
    "name" : "set_env_settings",
    "time" : {
      "start" : 1729932665446,
      "stop" : 1729932665447,
      "duration" : 1
    },
    "status" : "passed",
    "steps" : [ ],
    "attachments" : [ ],
    "parameters" : [ ],
    "stepsCount" : 0,
    "attachmentsCount" : 0,
    "shouldDisplayMessage" : false,
    "hasContent" : false
  }, {
    "name" : "_session_faker",
    "time" : {
      "start" : 1729932665373,
      "stop" : 1729932665446,
      "duration" : 73
    },
    "status" : "passed",
    "steps" : [ ],
    "attachments" : [ ],
    "parameters" : [ ],
    "stepsCount" : 0,
    "attachmentsCount" : 0,
    "shouldDisplayMessage" : false,
    "hasContent" : false
  } ],
  "testStage" : {
    "status" : "broken",
    "statusMessage" : "selenium.common.exceptions.TimeoutException: Message: \nStacktrace:\n#0 0x563d840948ae <unknown>\n#1 0x563d83bc9c40 <unknown>\n#2 0x563d83c15e12 <unknown>\n#3 0x563d83c16011 <unknown>\n#4 0x563d83c5fbc4 <unknown>\n#5 0x563d83c3defd <unknown>\n#6 0x563d83c5d6d2 <unknown>\n#7 0x563d83c3dc73 <unknown>\n#8 0x563d83c096e8 <unknown>\n#9 0x563d83c0a69e <unknown>\n#10 0x563d84067c66 <unknown>\n#11 0x563d8406af97 <unknown>\n#12 0x563d8406aa58 <unknown>\n#13 0x563d8406b425 <unknown>\n#14 0x563d84058b6e <unknown>\n#15 0x563d8406b76f <unknown>\n#16 0x563d84042625 <unknown>\n#17 0x563d84083d55 <unknown>\n#18 0x563d84083f36 <unknown>\n#19 0x563d840936e5 <unknown>\n#20 0x7f8b97754144 <unknown>",
    "statusTrace" : "self = <tests.ui.test_registration_new_user.TestRegistrationUser object at 0x7fe74df5f5b0>\nuser = {'email': 'ipat_1980@example.net', 'name': 'Самойлова Эмилия Антоновна', 'phone': '+380633245650'}\ncode = 8889\n\n    @allure.step(\"Registration new user with wrong code AWDEV-T506\")\n    @pytest.mark.parametrize(\"user, code\",\n                             [(RegistrationUserUi.new_user_name_phone_email, DEFAULT_CODE_AUTHORIZATION)], ids=str)\n    def test_registration_user_with_wrong_code_awdev_t506(self, user, code):\n        self.registration_page.open_registration_form()\n        self.registration_page.fill_registration_form(user=user)\n>       self.registration_page.confirm_registration_form(code=code, correct=False)\n\ntests/ui/test_registration_new_user.py:41: \n_ _ _ _ _ _ _ _ _ _ _ _ _ _ _ _ _ _ _ _ _ _ _ _ _ _ _ _ _ _ _ _ _ _ _ _ _ _ _ _ \nsrc/pages/registration_page.py:44: in confirm_registration_form\n    self.fill_field_with_click(self.CODE_FIELD, code)\nsrc/base_classes/base_page.py:46: in fill_field_with_click\n    self.wait.until(EC.element_to_be_clickable(field_name)).click()\n_ _ _ _ _ _ _ _ _ _ _ _ _ _ _ _ _ _ _ _ _ _ _ _ _ _ _ _ _ _ _ _ _ _ _ _ _ _ _ _ \n\nself = <selenium.webdriver.support.wait.WebDriverWait (session=\"fbe08ec9f28852c69c952a16123af7a1\")>\nmethod = <function element_to_be_clickable.<locals>._predicate at 0x7fe74e4d5120>\nmessage = ''\n\n    def until(self, method: Callable[[D], Union[Literal[False], T]], message: str = \"\") -> T:\n        \"\"\"Calls the method provided with the driver as an argument until the \\\n        return value does not evaluate to ``False``.\n    \n        :param method: callable(WebDriver)\n        :param message: optional message for :exc:`TimeoutException`\n        :returns: the result of the last call to `method`\n        :raises: :exc:`selenium.common.exceptions.TimeoutException` if timeout occurs\n        \"\"\"\n        screen = None\n        stacktrace = None\n    \n        end_time = time.monotonic() + self._timeout\n        while True:\n            try:\n                value = method(self._driver)\n                if value:\n                    return value\n            except self._ignored_exceptions as exc:\n                screen = getattr(exc, \"screen\", None)\n                stacktrace = getattr(exc, \"stacktrace\", None)\n            time.sleep(self._poll)\n            if time.monotonic() > end_time:\n                break\n>       raise TimeoutException(message, screen, stacktrace)\nE       selenium.common.exceptions.TimeoutException: Message: \nE       Stacktrace:\nE       #0 0x563d840948ae <unknown>\nE       #1 0x563d83bc9c40 <unknown>\nE       #2 0x563d83c15e12 <unknown>\nE       #3 0x563d83c16011 <unknown>\nE       #4 0x563d83c5fbc4 <unknown>\nE       #5 0x563d83c3defd <unknown>\nE       #6 0x563d83c5d6d2 <unknown>\nE       #7 0x563d83c3dc73 <unknown>\nE       #8 0x563d83c096e8 <unknown>\nE       #9 0x563d83c0a69e <unknown>\nE       #10 0x563d84067c66 <unknown>\nE       #11 0x563d8406af97 <unknown>\nE       #12 0x563d8406aa58 <unknown>\nE       #13 0x563d8406b425 <unknown>\nE       #14 0x563d84058b6e <unknown>\nE       #15 0x563d8406b76f <unknown>\nE       #16 0x563d84042625 <unknown>\nE       #17 0x563d84083d55 <unknown>\nE       #18 0x563d84083f36 <unknown>\nE       #19 0x563d840936e5 <unknown>\nE       #20 0x7f8b97754144 <unknown>\n\n../local/lib/python3.10/site-packages/selenium/webdriver/support/wait.py:105: TimeoutException",
    "steps" : [ {
      "name" : "Registration new user with wrong code AWDEV-T506",
      "time" : {
        "start" : 1729932701559,
        "stop" : 1729932726161,
        "duration" : 24602
      },
      "status" : "broken",
      "statusMessage" : "selenium.common.exceptions.TimeoutException: Message: \nStacktrace:\n#0 0x563d840948ae <unknown>\n#1 0x563d83bc9c40 <unknown>\n#2 0x563d83c15e12 <unknown>\n#3 0x563d83c16011 <unknown>\n#4 0x563d83c5fbc4 <unknown>\n#5 0x563d83c3defd <unknown>\n#6 0x563d83c5d6d2 <unknown>\n#7 0x563d83c3dc73 <unknown>\n#8 0x563d83c096e8 <unknown>\n#9 0x563d83c0a69e <unknown>\n#10 0x563d84067c66 <unknown>\n#11 0x563d8406af97 <unknown>\n#12 0x563d8406aa58 <unknown>\n#13 0x563d8406b425 <unknown>\n#14 0x563d84058b6e <unknown>\n#15 0x563d8406b76f <unknown>\n#16 0x563d84042625 <unknown>\n#17 0x563d84083d55 <unknown>\n#18 0x563d84083f36 <unknown>\n#19 0x563d840936e5 <unknown>\n#20 0x7f8b97754144 <unknown>\n\n",
      "statusTrace" : "  File \"/usr/local/lib/python3.10/site-packages/allure_commons/_allure.py\", line 192, in impl\n    return func(*a, **kw)\n  File \"/usr/workspace/tests/ui/test_registration_new_user.py\", line 41, in test_registration_user_with_wrong_code_awdev_t506\n    self.registration_page.confirm_registration_form(code=code, correct=False)\n  File \"/usr/workspace/src/pages/registration_page.py\", line 44, in confirm_registration_form\n    self.fill_field_with_click(self.CODE_FIELD, code)\n  File \"/usr/workspace/src/base_classes/base_page.py\", line 46, in fill_field_with_click\n    self.wait.until(EC.element_to_be_clickable(field_name)).click()\n  File \"/usr/local/lib/python3.10/site-packages/selenium/webdriver/support/wait.py\", line 105, in until\n    raise TimeoutException(message, screen, stacktrace)\n",
      "steps" : [ {
        "name" : "Open 'https://m2-live-qa-001.antoshka.ua/uk/' page",
        "time" : {
          "start" : 1729932701559,
          "stop" : 1729932704297,
          "duration" : 2738
        },
        "status" : "passed",
        "steps" : [ ],
        "attachments" : [ ],
        "parameters" : [ ],
        "stepsCount" : 0,
        "attachmentsCount" : 0,
        "shouldDisplayMessage" : false,
        "hasContent" : false
      }, {
        "name" : "Page 'https://m2-live-qa-001.antoshka.ua/uk/' is opened",
        "time" : {
          "start" : 1729932704297,
          "stop" : 1729932704302,
          "duration" : 5
        },
        "status" : "passed",
        "steps" : [ ],
        "attachments" : [ ],
        "parameters" : [ ],
        "stepsCount" : 0,
        "attachmentsCount" : 0,
        "shouldDisplayMessage" : false,
        "hasContent" : false
      }, {
        "name" : "Click ('xpath', \"//*[@id='login-enter']\")",
        "time" : {
          "start" : 1729932704302,
          "stop" : 1729932704365,
          "duration" : 63
        },
        "status" : "passed",
        "steps" : [ ],
        "attachments" : [ ],
        "parameters" : [ ],
        "stepsCount" : 0,
        "attachmentsCount" : 0,
        "shouldDisplayMessage" : false,
        "hasContent" : false
      }, {
        "name" : "Click ('xpath', '//form[1]//a')",
        "time" : {
          "start" : 1729932704365,
          "stop" : 1729932705439,
          "duration" : 1074
        },
        "status" : "passed",
        "steps" : [ ],
        "attachments" : [ ],
        "parameters" : [ ],
        "stepsCount" : 0,
        "attachmentsCount" : 0,
        "shouldDisplayMessage" : false,
        "hasContent" : false
      }, {
        "name" : "Fill '('xpath', \"//input[@data-validation='name']\")' with data 'С'",
        "time" : {
          "start" : 1729932705439,
          "stop" : 1729932705559,
          "duration" : 120
        },
        "status" : "passed",
        "steps" : [ ],
        "attachments" : [ ],
        "parameters" : [ ],
        "stepsCount" : 0,
        "attachmentsCount" : 0,
        "shouldDisplayMessage" : false,
        "hasContent" : false
      }, {
        "name" : "Fill '('xpath', \"//*[@id='telephone']\")' with data '633245650'",
        "time" : {
          "start" : 1729932705559,
          "stop" : 1729932705703,
          "duration" : 144
        },
        "status" : "passed",
        "steps" : [ ],
        "attachments" : [ ],
        "parameters" : [ ],
        "stepsCount" : 0,
        "attachmentsCount" : 0,
        "shouldDisplayMessage" : false,
        "hasContent" : false
      }, {
        "name" : "Fill '('xpath', \"//input[@data-validation='email']\")' with data 'ipat_1980@example.net'",
        "time" : {
          "start" : 1729932705703,
          "stop" : 1729932705840,
          "duration" : 137
        },
        "status" : "passed",
        "steps" : [ ],
        "attachments" : [ ],
        "parameters" : [ ],
        "stepsCount" : 0,
        "attachmentsCount" : 0,
        "shouldDisplayMessage" : false,
        "hasContent" : false
      }, {
        "name" : "Click ('xpath', \"//button[@class='auth_next']\")",
        "time" : {
          "start" : 1729932705840,
          "stop" : 1729932705897,
          "duration" : 57
        },
        "status" : "passed",
        "steps" : [ ],
        "attachments" : [ ],
        "parameters" : [ ],
        "stepsCount" : 0,
        "attachmentsCount" : 0,
        "shouldDisplayMessage" : false,
        "hasContent" : false
      }, {
        "name" : "Fill '('xpath', \"//input[@id='code-auth']\")' with data '8889'",
        "time" : {
          "start" : 1729932705898,
          "stop" : 1729932726161,
          "duration" : 20263
        },
        "status" : "broken",
        "statusMessage" : "selenium.common.exceptions.TimeoutException: Message: \nStacktrace:\n#0 0x563d840948ae <unknown>\n#1 0x563d83bc9c40 <unknown>\n#2 0x563d83c15e12 <unknown>\n#3 0x563d83c16011 <unknown>\n#4 0x563d83c5fbc4 <unknown>\n#5 0x563d83c3defd <unknown>\n#6 0x563d83c5d6d2 <unknown>\n#7 0x563d83c3dc73 <unknown>\n#8 0x563d83c096e8 <unknown>\n#9 0x563d83c0a69e <unknown>\n#10 0x563d84067c66 <unknown>\n#11 0x563d8406af97 <unknown>\n#12 0x563d8406aa58 <unknown>\n#13 0x563d8406b425 <unknown>\n#14 0x563d84058b6e <unknown>\n#15 0x563d8406b76f <unknown>\n#16 0x563d84042625 <unknown>\n#17 0x563d84083d55 <unknown>\n#18 0x563d84083f36 <unknown>\n#19 0x563d840936e5 <unknown>\n#20 0x7f8b97754144 <unknown>\n\n",
        "statusTrace" : "  File \"/usr/workspace/src/base_classes/base_page.py\", line 46, in fill_field_with_click\n    self.wait.until(EC.element_to_be_clickable(field_name)).click()\n  File \"/usr/local/lib/python3.10/site-packages/selenium/webdriver/support/wait.py\", line 105, in until\n    raise TimeoutException(message, screen, stacktrace)\n",
        "steps" : [ ],
        "attachments" : [ ],
        "parameters" : [ ],
        "stepsCount" : 0,
        "attachmentsCount" : 0,
        "shouldDisplayMessage" : true,
        "hasContent" : true
      } ],
      "attachments" : [ ],
      "parameters" : [ {
        "name" : "user",
        "value" : "{'name': 'Самойлова Эмилия Антоновна', 'email': 'ipat_1980@example.net', 'phone': '+380633245650'}"
      }, {
        "name" : "code",
        "value" : "8889"
      } ],
      "stepsCount" : 9,
      "attachmentsCount" : 0,
      "shouldDisplayMessage" : false,
      "hasContent" : true
    } ],
    "attachments" : [ {
      "uid" : "24837660c2713c7c",
      "name" : "log",
      "source" : "24837660c2713c7c.txt",
      "type" : "text/plain",
      "size" : 92
    } ],
    "parameters" : [ ],
    "stepsCount" : 10,
    "attachmentsCount" : 1,
    "shouldDisplayMessage" : true,
    "hasContent" : true
  },
  "afterStages" : [ {
    "name" : "set_driver::0",
    "time" : {
      "start" : 1729932726169,
      "stop" : 1729932726237,
      "duration" : 68
    },
    "status" : "passed",
    "steps" : [ ],
    "attachments" : [ ],
    "parameters" : [ ],
    "stepsCount" : 0,
    "attachmentsCount" : 0,
    "shouldDisplayMessage" : false,
    "hasContent" : false
  } ],
  "labels" : [ {
    "name" : "parentSuite",
    "value" : "tests.ui"
  }, {
    "name" : "suite",
    "value" : "test_registration_new_user"
  }, {
    "name" : "subSuite",
    "value" : "TestRegistrationUser"
  }, {
    "name" : "host",
    "value" : "d1a5de1ad217"
  }, {
    "name" : "thread",
    "value" : "7-MainThread"
  }, {
    "name" : "framework",
    "value" : "pytest"
  }, {
    "name" : "language",
    "value" : "cpython3"
  }, {
    "name" : "package",
    "value" : "tests.ui.test_registration_new_user"
  }, {
    "name" : "resultFormat",
    "value" : "allure2"
  } ],
  "parameters" : [ {
    "name" : "code",
    "value" : "8889"
  }, {
    "name" : "user",
    "value" : "{'name': 'Самойлова Эмилия Антоновна', 'email': 'ipat_1980@example.net', 'phone': '+380633245650'}"
  } ],
  "links" : [ ],
  "hidden" : false,
  "retry" : false,
  "extra" : {
    "severity" : "normal",
    "retries" : [ ],
    "categories" : [ {
      "name" : "Test defects",
      "matchedStatuses" : [ ],
      "flaky" : false
    } ],
    "tags" : [ ]
  },
  "source" : "febc8ee0ea164204.json",
  "parameterValues" : [ "8889", "{'name': 'Самойлова Эмилия Антоновна', 'email': 'ipat_1980@example.net', 'phone': '+380633245650'}" ]
}